{"timestamp":"2022-09-15T03:44:58.795-0700","rule":{"level":12,"description":"Sysmon - Suspicious Process - dllhost.exe","id":"61638","mitre":{"id":["T1055"],"tactic":["Defense Evasion","Privilege Escalation"],"technique":["Process Injection"]},"firedtimes":17,"mail":true,"groups":["windows","sysmon","sysmon_process-anomalies"],"pci_dss":["10.6.1","11.4"],"gdpr":["IV_35.7.d"],"hipaa":["164.312.b"],"nist_800_53":["AU.6","SI.4"],"tsc":["CC7.2","CC7.3","CC6.1","CC6.8"]},"agent":{"id":"002","name":"DESKTOP-D403BQC","ip":"192.168.1.112"},"manager":{"name":"zachary-VirtualBox"},"id":"1663238698.841272","full_log":"{\"win\":{\"system\":{\"providerName\":\"Microsoft-Windows-Sysmon\",\"providerGuid\":\"{5770385f-c22a-43e0-bf4c-06f5698ffbd9}\",\"eventID\":\"1\",\"version\":\"5\",\"level\":\"4\",\"task\":\"1\",\"opcode\":\"0\",\"keywords\":\"0x8000000000000000\",\"systemTime\":\"2022-09-15T10:44:56.5462522Z\",\"eventRecordID\":\"22657\",\"processID\":\"1092\",\"threadID\":\"2988\",\"channel\":\"Microsoft-Windows-Sysmon/Operational\",\"computer\":\"DESKTOP-D403BQC\",\"severityValue\":\"INFORMATION\",\"message\":\"\\\"Process Create:\\r\\nRuleName: -\\r\\nUtcTime: 2022-09-15 10:44:56.164\\r\\nProcessGuid: {1674318e-0228-6323-bd00-000000003a00}\\r\\nProcessId: 4364\\r\\nImage: C:\\\\Windows\\\\System32\\\\dllhost.exe\\r\\nFileVersion: 10.0.19041.546 (WinBuild.160101.0800)\\r\\nDescription: COM Surrogate\\r\\nProduct: Microsoft Windows Operating System\\r\\nCompany: Microsoft Corporation\\r\\nOriginalFileName: dllhost.exe\\r\\nCommandLine: C:\\\\Windows\\\\system32\\\\DllHost.exe /Processid:{AB8902B4-09CA-4BB6-B78D-A8F59079A8D5}\\r\\nCurrentDirectory: C:\\\\Windows\\\\system32\\\\\\r\\nUser: DESKTOP-D403BQC\\\\Sam\\r\\nLogonGuid: {1674318e-005d-6323-7b6b-030000000000}\\r\\nLogonId: 0x36B7B\\r\\nTerminalSessionId: 1\\r\\nIntegrityLevel: Medium\\r\\nHashes: SHA256=E7FC40B41AA8B83841A0B96D169EAF0800AA784733E636935374D56536253F10\\r\\nParentProcessGuid: {00000000-0000-0000-0000-000000000000}\\r\\nParentProcessId: 752\\r\\nParentImage: -\\r\\nParentCommandLine: -\\r\\nParentUser: -\\\"\"},\"eventdata\":{\"utcTime\":\"2022-09-15 10:44:56.164\",\"processGuid\":\"{1674318e-0228-6323-bd00-000000003a00}\",\"processId\":\"4364\",\"image\":\"C:\\\\\\\\Windows\\\\\\\\System32\\\\\\\\dllhost.exe\",\"fileVersion\":\"10.0.19041.546 (WinBuild.160101.0800)\",\"description\":\"COM Surrogate\",\"product\":\"Microsoft Windows Operating System\",\"company\":\"Microsoft Corporation\",\"originalFileName\":\"dllhost.exe\",\"commandLine\":\"C:\\\\\\\\Windows\\\\\\\\system32\\\\\\\\DllHost.exe /Processid:{AB8902B4-09CA-4BB6-B78D-A8F59079A8D5}\",\"currentDirectory\":\"C:\\\\\\\\Windows\\\\\\\\system32\\\\\\\\\",\"user\":\"DESKTOP-D403BQC\\\\\\\\Sam\",\"logonGuid\":\"{1674318e-005d-6323-7b6b-030000000000}\",\"logonId\":\"0x36b7b\",\"terminalSessionId\":\"1\",\"integrityLevel\":\"Medium\",\"hashes\":\"SHA256=E7FC40B41AA8B83841A0B96D169EAF0800AA784733E636935374D56536253F10\",\"parentProcessGuid\":\"{00000000-0000-0000-0000-000000000000}\",\"parentProcessId\":\"752\"}}}","decoder":{"name":"windows_eventchannel"},"data":{"win":{"system":{"providerName":"Microsoft-Windows-Sysmon","providerGuid":"{5770385f-c22a-43e0-bf4c-06f5698ffbd9}","eventID":"1","version":"5","level":"4","task":"1","opcode":"0","keywords":"0x8000000000000000","systemTime":"2022-09-15T10:44:56.5462522Z","eventRecordID":"22657","processID":"1092","threadID":"2988","channel":"Microsoft-Windows-Sysmon/Operational","computer":"DESKTOP-D403BQC","severityValue":"INFORMATION","message":"\"Process Create:\r\nRuleName: -\r\nUtcTime: 2022-09-15 10:44:56.164\r\nProcessGuid: {1674318e-0228-6323-bd00-000000003a00}\r\nProcessId: 4364\r\nImage: C:\\Windows\\System32\\dllhost.exe\r\nFileVersion: 10.0.19041.546 (WinBuild.160101.0800)\r\nDescription: COM Surrogate\r\nProduct: Microsoft Windows Operating System\r\nCompany: Microsoft Corporation\r\nOriginalFileName: dllhost.exe\r\nCommandLine: C:\\Windows\\system32\\DllHost.exe /Processid:{AB8902B4-09CA-4BB6-B78D-A8F59079A8D5}\r\nCurrentDirectory: C:\\Windows\\system32\\\r\nUser: DESKTOP-D403BQC\\Sam\r\nLogonGuid: {1674318e-005d-6323-7b6b-030000000000}\r\nLogonId: 0x36B7B\r\nTerminalSessionId: 1\r\nIntegrityLevel: Medium\r\nHashes: SHA256=E7FC40B41AA8B83841A0B96D169EAF0800AA784733E636935374D56536253F10\r\nParentProcessGuid: {00000000-0000-0000-0000-000000000000}\r\nParentProcessId: 752\r\nParentImage: -\r\nParentCommandLine: -\r\nParentUser: -\""},"eventdata":{"utcTime":"2022-09-15 10:44:56.164","processGuid":"{1674318e-0228-6323-bd00-000000003a00}","processId":"4364","image":"C:\\\\Windows\\\\System32\\\\dllhost.exe","fileVersion":"10.0.19041.546 (WinBuild.160101.0800)","description":"COM Surrogate","product":"Microsoft Windows Operating System","company":"Microsoft Corporation","originalFileName":"dllhost.exe","commandLine":"C:\\\\Windows\\\\system32\\\\DllHost.exe /Processid:{AB8902B4-09CA-4BB6-B78D-A8F59079A8D5}","currentDirectory":"C:\\\\Windows\\\\system32\\\\","user":"DESKTOP-D403BQC\\\\Sam","logonGuid":"{1674318e-005d-6323-7b6b-030000000000}","logonId":"0x36b7b","terminalSessionId":"1","integrityLevel":"Medium","hashes":"SHA256=E7FC40B41AA8B83841A0B96D169EAF0800AA784733E636935374D56536253F10","parentProcessGuid":"{00000000-0000-0000-0000-000000000000}","parentProcessId":"752"}}},"location":"EventChannel"}
{"timestamp":"2022-09-15T03:45:06.134-0700","rule":{"level":12,"description":"Sysmon - Suspicious Process - dllhost.exe","id":"61638","mitre":{"id":["T1055"],"tactic":["Defense Evasion","Privilege Escalation"],"technique":["Process Injection"]},"firedtimes":18,"mail":true,"groups":["windows","sysmon","sysmon_process-anomalies"],"pci_dss":["10.6.1","11.4"],"gdpr":["IV_35.7.d"],"hipaa":["164.312.b"],"nist_800_53":["AU.6","SI.4"],"tsc":["CC7.2","CC7.3","CC6.1","CC6.8"]},"agent":{"id":"002","name":"DESKTOP-D403BQC","ip":"192.168.1.112"},"manager":{"name":"zachary-VirtualBox"},"id":"1663238706.846266","full_log":"{\"win\":{\"system\":{\"providerName\":\"Microsoft-Windows-Sysmon\",\"providerGuid\":\"{5770385f-c22a-43e0-bf4c-06f5698ffbd9}\",\"eventID\":\"1\",\"version\":\"5\",\"level\":\"4\",\"task\":\"1\",\"opcode\":\"0\",\"keywords\":\"0x8000000000000000\",\"systemTime\":\"2022-09-15T10:45:03.8773404Z\",\"eventRecordID\":\"22660\",\"processID\":\"1092\",\"threadID\":\"2988\",\"channel\":\"Microsoft-Windows-Sysmon/Operational\",\"computer\":\"DESKTOP-D403BQC\",\"severityValue\":\"INFORMATION\",\"message\":\"\\\"Process Create:\\r\\nRuleName: -\\r\\nUtcTime: 2022-09-15 10:45:03.530\\r\\nProcessGuid: {1674318e-022f-6323-bf00-000000003a00}\\r\\nProcessId: 4092\\r\\nImage: C:\\\\Windows\\\\SysWOW64\\\\dllhost.exe\\r\\nFileVersion: 10.0.19041.546 (WinBuild.160101.0800)\\r\\nDescription: COM Surrogate\\r\\nProduct: Microsoft Windows Operating System\\r\\nCompany: Microsoft Corporation\\r\\nOriginalFileName: dllhost.exe\\r\\nCommandLine: \\\"C:\\\\Windows\\\\SysWOW64\\\\DllHost.exe\\\" /Processid:{776DBC8D-7347-478C-8D71-791E12EF49D8}\\r\\nCurrentDirectory: C:\\\\Windows\\\\system32\\\\\\r\\nUser: DESKTOP-D403BQC\\\\Sam\\r\\nLogonGuid: {1674318e-005d-6323-7b6b-030000000000}\\r\\nLogonId: 0x36B7B\\r\\nTerminalSessionId: 1\\r\\nIntegrityLevel: Medium\\r\\nHashes: SHA256=3ED69CAAB035258E008EFBCF40DB305891B40BA02CA2737E20DEFA7C2D4AFAF7\\r\\nParentProcessGuid: {00000000-0000-0000-0000-000000000000}\\r\\nParentProcessId: 752\\r\\nParentImage: -\\r\\nParentCommandLine: -\\r\\nParentUser: -\\\"\"},\"eventdata\":{\"utcTime\":\"2022-09-15 10:45:03.530\",\"processGuid\":\"{1674318e-022f-6323-bf00-000000003a00}\",\"processId\":\"4092\",\"image\":\"C:\\\\\\\\Windows\\\\\\\\SysWOW64\\\\\\\\dllhost.exe\",\"fileVersion\":\"10.0.19041.546 (WinBuild.160101.0800)\",\"description\":\"COM Surrogate\",\"product\":\"Microsoft Windows Operating System\",\"company\":\"Microsoft Corporation\",\"originalFileName\":\"dllhost.exe\",\"commandLine\":\"\\\\\\\"C:\\\\\\\\Windows\\\\\\\\SysWOW64\\\\\\\\DllHost.exe\\\\\\\" /Processid:{776DBC8D-7347-478C-8D71-791E12EF49D8}\",\"currentDirectory\":\"C:\\\\\\\\Windows\\\\\\\\system32\\\\\\\\\",\"user\":\"DESKTOP-D403BQC\\\\\\\\Sam\",\"logonGuid\":\"{1674318e-005d-6323-7b6b-030000000000}\",\"logonId\":\"0x36b7b\",\"terminalSessionId\":\"1\",\"integrityLevel\":\"Medium\",\"hashes\":\"SHA256=3ED69CAAB035258E008EFBCF40DB305891B40BA02CA2737E20DEFA7C2D4AFAF7\",\"parentProcessGuid\":\"{00000000-0000-0000-0000-000000000000}\",\"parentProcessId\":\"752\"}}}","decoder":{"name":"windows_eventchannel"},"data":{"win":{"system":{"providerName":"Microsoft-Windows-Sysmon","providerGuid":"{5770385f-c22a-43e0-bf4c-06f5698ffbd9}","eventID":"1","version":"5","level":"4","task":"1","opcode":"0","keywords":"0x8000000000000000","systemTime":"2022-09-15T10:45:03.8773404Z","eventRecordID":"22660","processID":"1092","threadID":"2988","channel":"Microsoft-Windows-Sysmon/Operational","computer":"DESKTOP-D403BQC","severityValue":"INFORMATION","message":"\"Process Create:\r\nRuleName: -\r\nUtcTime: 2022-09-15 10:45:03.530\r\nProcessGuid: {1674318e-022f-6323-bf00-000000003a00}\r\nProcessId: 4092\r\nImage: C:\\Windows\\SysWOW64\\dllhost.exe\r\nFileVersion: 10.0.19041.546 (WinBuild.160101.0800)\r\nDescription: COM Surrogate\r\nProduct: Microsoft Windows Operating System\r\nCompany: Microsoft Corporation\r\nOriginalFileName: dllhost.exe\r\nCommandLine: \"C:\\Windows\\SysWOW64\\DllHost.exe\" /Processid:{776DBC8D-7347-478C-8D71-791E12EF49D8}\r\nCurrentDirectory: C:\\Windows\\system32\\\r\nUser: DESKTOP-D403BQC\\Sam\r\nLogonGuid: {1674318e-005d-6323-7b6b-030000000000}\r\nLogonId: 0x36B7B\r\nTerminalSessionId: 1\r\nIntegrityLevel: Medium\r\nHashes: SHA256=3ED69CAAB035258E008EFBCF40DB305891B40BA02CA2737E20DEFA7C2D4AFAF7\r\nParentProcessGuid: {00000000-0000-0000-0000-000000000000}\r\nParentProcessId: 752\r\nParentImage: -\r\nParentCommandLine: -\r\nParentUser: -\""},"eventdata":{"utcTime":"2022-09-15 10:45:03.530","processGuid":"{1674318e-022f-6323-bf00-000000003a00}","processId":"4092","image":"C:\\\\Windows\\\\SysWOW64\\\\dllhost.exe","fileVersion":"10.0.19041.546 (WinBuild.160101.0800)","description":"COM Surrogate","product":"Microsoft Windows Operating System","company":"Microsoft Corporation","originalFileName":"dllhost.exe","commandLine":"\\\"C:\\\\Windows\\\\SysWOW64\\\\DllHost.exe\\\" /Processid:{776DBC8D-7347-478C-8D71-791E12EF49D8}","currentDirectory":"C:\\\\Windows\\\\system32\\\\","user":"DESKTOP-D403BQC\\\\Sam","logonGuid":"{1674318e-005d-6323-7b6b-030000000000}","logonId":"0x36b7b","terminalSessionId":"1","integrityLevel":"Medium","hashes":"SHA256=3ED69CAAB035258E008EFBCF40DB305891B40BA02CA2737E20DEFA7C2D4AFAF7","parentProcessGuid":"{00000000-0000-0000-0000-000000000000}","parentProcessId":"752"}}},"location":"EventChannel"}
{"timestamp":"2022-09-15T03:45:06.332-0700","rule":{"level":3,"description":"Software protection service scheduled successfully.","id":"60642","firedtimes":6,"mail":false,"groups":["windows","windows_application"]},"agent":{"id":"007","name":"DESKTOP-9LO9B7Q","ip":"192.168.1.115"},"manager":{"name":"zachary-VirtualBox"},"id":"1663238706.851278","decoder":{"name":"windows_eventchannel"},"data":{"win":{"system":{"providerName":"Microsoft-Windows-Security-SPP","providerGuid":"{E23B33B0-C8C9-472C-A5F9-F2BDFEA0F156}","eventSourceName":"Software Protection Platform Service","eventID":"16384","version":"0","level":"4","task":"0","opcode":"0","keywords":"0x80000000000000","systemTime":"2022-09-15T10:45:05.0983647Z","eventRecordID":"793","processID":"0","threadID":"0","channel":"Application","computer":"DESKTOP-9LO9B7Q","severityValue":"INFORMATION","message":"\"Successfully scheduled Software Protection service for re-start at 2122-08-22T10:45:05Z. Reason: RulesEngine.\""},"eventdata":{"data":"2122-08-22T10:45:05Z, RulesEngine"}}},"location":"EventChannel"}
{"timestamp":"2022-09-15T03:45:27.414-0700","rule":{"level":3,"description":"Windows logon success.","id":"60106","mitre":{"id":["T1078"],"tactic":["Defense Evasion","Persistence","Privilege Escalation","Initial Access"],"technique":["Valid Accounts"]},"firedtimes":35,"mail":false,"groups":["windows","windows_security","authentication_success"],"gdpr":["IV_32.2"],"gpg13":["7.1","7.2"],"hipaa":["164.312.b"],"nist_800_53":["AC.7","AU.14"],"pci_dss":["10.2.5"],"tsc":["CC6.8","CC7.2","CC7.3"]},"agent":{"id":"007","name":"DESKTOP-9LO9B7Q","ip":"192.168.1.115"},"manager":{"name":"zachary-VirtualBox"},"id":"1663238727.852870","decoder":{"name":"windows_eventchannel"},"data":{"win":{"system":{"providerName":"Microsoft-Windows-Security-Auditing","providerGuid":"{54849625-5478-4994-a5ba-3e3b0328c30d}","eventID":"4624","version":"2","level":"0","task":"12544","opcode":"0","keywords":"0x8020000000000000","systemTime":"2022-09-15T10:45:25.1647198Z","eventRecordID":"4333","processID":"592","threadID":"896","channel":"Security","computer":"DESKTOP-9LO9B7Q","severityValue":"AUDIT_SUCCESS","message":"\"An account was successfully logged on.\r\n\r\nSubject:\r\n\tSecurity ID:\t\tS-1-5-18\r\n\tAccount Name:\t\tDESKTOP-9LO9B7Q$\r\n\tAccount Domain:\t\tWORKGROUP\r\n\tLogon ID:\t\t0x3E7\r\n\r\nLogon Information:\r\n\tLogon Type:\t\t5\r\n\tRestricted Admin Mode:\t-\r\n\tVirtual Account:\t\tNo\r\n\tElevated Token:\t\tYes\r\n\r\nImpersonation Level:\t\tImpersonation\r\n\r\nNew Logon:\r\n\tSecurity ID:\t\tS-1-5-18\r\n\tAccount Name:\t\tSYSTEM\r\n\tAccount Domain:\t\tNT AUTHORITY\r\n\tLogon ID:\t\t0x3E7\r\n\tLinked Logon ID:\t\t0x0\r\n\tNetwork Account Name:\t-\r\n\tNetwork Account Domain:\t-\r\n\tLogon GUID:\t\t{00000000-0000-0000-0000-000000000000}\r\n\r\nProcess Information:\r\n\tProcess ID:\t\t0x248\r\n\tProcess Name:\t\tC:\\Windows\\System32\\services.exe\r\n\r\nNetwork Information:\r\n\tWorkstation Name:\t-\r\n\tSource Network Address:\t-\r\n\tSource Port:\t\t-\r\n\r\nDetailed Authentication Information:\r\n\tLogon Process:\t\tAdvapi  \r\n\tAuthentication Package:\tNegotiate\r\n\tTransited Services:\t-\r\n\tPackage Name (NTLM only):\t-\r\n\tKey Length:\t\t0\r\n\r\nThis event is generated when a logon session is created. It is generated on the computer that was accessed.\r\n\r\nThe subject fields indicate the account on the local system which requested the logon. This is most commonly a service such as the Server service, or a local process such as Winlogon.exe or Services.exe.\r\n\r\nThe logon type field indicates the kind of logon that occurred. The most common types are 2 (interactive) and 3 (network).\r\n\r\nThe New Logon fields indicate the account for whom the new logon was created, i.e. the account that was logged on.\r\n\r\nThe network fields indicate where a remote logon request originated. Workstation name is not always available and may be left blank in some cases.\r\n\r\nThe impersonation level field indicates the extent to which a process in the logon session can impersonate.\r\n\r\nThe authentication information fields provide detailed information about this specific logon request.\r\n\t- Logon GUID is a unique identifier that can be used to correlate this event with a KDC event.\r\n\t- Transited services indicate which intermediate services have participated in this logon request.\r\n\t- Package name indicates which sub-protocol was used among the NTLM protocols.\r\n\t- Key length indicates the length of the generated session key. This will be 0 if no session key was requested.\""},"eventdata":{"subjectUserSid":"S-1-5-18","subjectUserName":"DESKTOP-9LO9B7Q$","subjectDomainName":"WORKGROUP","subjectLogonId":"0x3e7","targetUserSid":"S-1-5-18","targetUserName":"SYSTEM","targetDomainName":"NT AUTHORITY","targetLogonId":"0x3e7","logonType":"5","logonProcessName":"Advapi","authenticationPackageName":"Negotiate","logonGuid":"{00000000-0000-0000-0000-000000000000}","keyLength":"0","processId":"0x248","processName":"C:\\\\Windows\\\\System32\\\\services.exe","impersonationLevel":"%%1833","virtualAccount":"%%1843","targetLinkedLogonId":"0x0","elevatedToken":"%%1842"}}},"location":"EventChannel"}
{"timestamp":"2022-09-15T03:45:27.462-0700","rule":{"level":12,"description":"Sysmon - Suspicious Process - svchost.exe","id":"61618","mitre":{"id":["T1055"],"tactic":["Defense Evasion","Privilege Escalation"],"technique":["Process Injection"]},"firedtimes":22,"mail":true,"groups":["windows","sysmon","sysmon_process-anomalies"],"pci_dss":["10.6.1","11.4"],"gdpr":["IV_35.7.d"],"hipaa":["164.312.b"],"nist_800_53":["AU.6","SI.4"],"tsc":["CC7.2","CC7.3","CC6.1","CC6.8"]},"agent":{"id":"007","name":"DESKTOP-9LO9B7Q","ip":"192.168.1.115"},"manager":{"name":"zachary-VirtualBox"},"id":"1663238727.860189","full_log":"{\"win\":{\"system\":{\"providerName\":\"Microsoft-Windows-Sysmon\",\"providerGuid\":\"{5770385f-c22a-43e0-bf4c-06f5698ffbd9}\",\"eventID\":\"1\",\"version\":\"5\",\"level\":\"4\",\"task\":\"1\",\"opcode\":\"0\",\"keywords\":\"0x8000000000000000\",\"systemTime\":\"2022-09-15T10:45:25.2525352Z\",\"eventRecordID\":\"5763\",\"processID\":\"1700\",\"threadID\":\"2944\",\"channel\":\"Microsoft-Windows-Sysmon/Operational\",\"computer\":\"DESKTOP-9LO9B7Q\",\"severityValue\":\"INFORMATION\",\"message\":\"\\\"Process Create:\\r\\nRuleName: -\\r\\nUtcTime: 2022-09-15 10:45:25.170\\r\\nProcessGuid: {32fb43f2-0245-6323-e000-000000000f00}\\r\\nProcessId: 2928\\r\\nImage: C:\\\\Windows\\\\System32\\\\svchost.exe\\r\\nFileVersion: 10.0.19041.546 (WinBuild.160101.0800)\\r\\nDescription: Host Process for Windows Services\\r\\nProduct: Microsoft Windows Operating System\\r\\nCompany: Microsoft Corporation\\r\\nOriginalFileName: svchost.exe\\r\\nCommandLine: C:\\\\Windows\\\\system32\\\\svchost.exe -k wsappx -p\\r\\nCurrentDirectory: C:\\\\Windows\\\\system32\\\\\\r\\nUser: NT AUTHORITY\\\\SYSTEM\\r\\nLogonGuid: {32fb43f2-ff73-6322-e703-000000000000}\\r\\nLogonId: 0x3E7\\r\\nTerminalSessionId: 0\\r\\nIntegrityLevel: System\\r\\nHashes: SHA256=643EC58E82E0272C97C2A59F6020970D881AF19C0AD5029DB9C958C13B6558C7\\r\\nParentProcessGuid: {00000000-0000-0000-0000-000000000000}\\r\\nParentProcessId: 584\\r\\nParentImage: -\\r\\nParentCommandLine: -\\r\\nParentUser: -\\\"\"},\"eventdata\":{\"utcTime\":\"2022-09-15 10:45:25.170\",\"processGuid\":\"{32fb43f2-0245-6323-e000-000000000f00}\",\"processId\":\"2928\",\"image\":\"C:\\\\\\\\Windows\\\\\\\\System32\\\\\\\\svchost.exe\",\"fileVersion\":\"10.0.19041.546 (WinBuild.160101.0800)\",\"description\":\"Host Process for Windows Services\",\"product\":\"Microsoft Windows Operating System\",\"company\":\"Microsoft Corporation\",\"originalFileName\":\"svchost.exe\",\"commandLine\":\"C:\\\\\\\\Windows\\\\\\\\system32\\\\\\\\svchost.exe -k wsappx -p\",\"currentDirectory\":\"C:\\\\\\\\Windows\\\\\\\\system32\\\\\\\\\",\"user\":\"NT AUTHORITY\\\\\\\\SYSTEM\",\"logonGuid\":\"{32fb43f2-ff73-6322-e703-000000000000}\",\"logonId\":\"0x3e7\",\"terminalSessionId\":\"0\",\"integrityLevel\":\"System\",\"hashes\":\"SHA256=643EC58E82E0272C97C2A59F6020970D881AF19C0AD5029DB9C958C13B6558C7\",\"parentProcessGuid\":\"{00000000-0000-0000-0000-000000000000}\",\"parentProcessId\":\"584\"}}}","decoder":{"name":"windows_eventchannel"},"data":{"win":{"system":{"providerName":"Microsoft-Windows-Sysmon","providerGuid":"{5770385f-c22a-43e0-bf4c-06f5698ffbd9}","eventID":"1","version":"5","level":"4","task":"1","opcode":"0","keywords":"0x8000000000000000","systemTime":"2022-09-15T10:45:25.2525352Z","eventRecordID":"5763","processID":"1700","threadID":"2944","channel":"Microsoft-Windows-Sysmon/Operational","computer":"DESKTOP-9LO9B7Q","severityValue":"INFORMATION","message":"\"Process Create:\r\nRuleName: -\r\nUtcTime: 2022-09-15 10:45:25.170\r\nProcessGuid: {32fb43f2-0245-6323-e000-000000000f00}\r\nProcessId: 2928\r\nImage: C:\\Windows\\System32\\svchost.exe\r\nFileVersion: 10.0.19041.546 (WinBuild.160101.0800)\r\nDescription: Host Process for Windows Services\r\nProduct: Microsoft Windows Operating System\r\nCompany: Microsoft Corporation\r\nOriginalFileName: svchost.exe\r\nCommandLine: C:\\Windows\\system32\\svchost.exe -k wsappx -p\r\nCurrentDirectory: C:\\Windows\\system32\\\r\nUser: NT AUTHORITY\\SYSTEM\r\nLogonGuid: {32fb43f2-ff73-6322-e703-000000000000}\r\nLogonId: 0x3E7\r\nTerminalSessionId: 0\r\nIntegrityLevel: System\r\nHashes: SHA256=643EC58E82E0272C97C2A59F6020970D881AF19C0AD5029DB9C958C13B6558C7\r\nParentProcessGuid: {00000000-0000-0000-0000-000000000000}\r\nParentProcessId: 584\r\nParentImage: -\r\nParentCommandLine: -\r\nParentUser: -\""},"eventdata":{"utcTime":"2022-09-15 10:45:25.170","processGuid":"{32fb43f2-0245-6323-e000-000000000f00}","processId":"2928","image":"C:\\\\Windows\\\\System32\\\\svchost.exe","fileVersion":"10.0.19041.546 (WinBuild.160101.0800)","description":"Host Process for Windows Services","product":"Microsoft Windows Operating System","company":"Microsoft Corporation","originalFileName":"svchost.exe","commandLine":"C:\\\\Windows\\\\system32\\\\svchost.exe -k wsappx -p","currentDirectory":"C:\\\\Windows\\\\system32\\\\","user":"NT AUTHORITY\\\\SYSTEM","logonGuid":"{32fb43f2-ff73-6322-e703-000000000000}","logonId":"0x3e7","terminalSessionId":"0","integrityLevel":"System","hashes":"SHA256=643EC58E82E0272C97C2A59F6020970D881AF19C0AD5029DB9C958C13B6558C7","parentProcessGuid":"{00000000-0000-0000-0000-000000000000}","parentProcessId":"584"}}},"location":"EventChannel"}
{"timestamp":"2022-09-15T03:45:38.692-0700","rule":{"level":12,"description":"Sysmon - Suspicious Process - taskhost.exe","id":"61634","mitre":{"id":["T1055"],"tactic":["Defense Evasion","Privilege Escalation"],"technique":["Process Injection"]},"firedtimes":35,"mail":true,"groups":["windows","sysmon","sysmon_process-anomalies"],"pci_dss":["10.6.1","11.4"],"gdpr":["IV_35.7.d"],"hipaa":["164.312.b"],"nist_800_53":["AU.6","SI.4"],"tsc":["CC7.2","CC7.3","CC6.1","CC6.8"]},"agent":{"id":"007","name":"DESKTOP-9LO9B7Q","ip":"192.168.1.115"},"manager":{"name":"zachary-VirtualBox"},"id":"1663238738.865105","full_log":"{\"win\":{\"system\":{\"providerName\":\"Microsoft-Windows-Sysmon\",\"providerGuid\":\"{5770385f-c22a-43e0-bf4c-06f5698ffbd9}\",\"eventID\":\"1\",\"version\":\"5\",\"level\":\"4\",\"task\":\"1\",\"opcode\":\"0\",\"keywords\":\"0x8000000000000000\",\"systemTime\":\"2022-09-15T10:45:36.4751335Z\",\"eventRecordID\":\"5764\",\"processID\":\"1700\",\"threadID\":\"2944\",\"channel\":\"Microsoft-Windows-Sysmon/Operational\",\"computer\":\"DESKTOP-9LO9B7Q\",\"severityValue\":\"INFORMATION\",\"message\":\"\\\"Process Create:\\r\\nRuleName: -\\r\\nUtcTime: 2022-09-15 10:45:36.292\\r\\nProcessGuid: {32fb43f2-0250-6323-e100-000000000f00}\\r\\nProcessId: 5432\\r\\nImage: C:\\\\Windows\\\\System32\\\\backgroundTaskHost.exe\\r\\nFileVersion: 10.0.19041.546 (WinBuild.160101.0800)\\r\\nDescription: Background Task Host\\r\\nProduct: Microsoft Windows Operating System\\r\\nCompany: Microsoft Corporation\\r\\nOriginalFileName: backgroundTaskHost.exe\\r\\nCommandLine: \\\"C:\\\\Windows\\\\system32\\\\BackgroundTaskHost.exe\\\" -ServerName:BackgroundTaskHost.WebAccountProvider\\r\\nCurrentDirectory: C:\\\\Windows\\\\SystemApps\\\\Microsoft.AAD.BrokerPlugin_cw5n1h2txyewy\\\\\\r\\nUser: AD\\\\zachary.werle\\r\\nLogonGuid: {32fb43f2-ff83-6322-0d62-040000000000}\\r\\nLogonId: 0x4620D\\r\\nTerminalSessionId: 1\\r\\nIntegrityLevel: AppContainer\\r\\nHashes: SHA256=20330D3CA71D58F4AEB432676CB6A3D5B97005954E45132FB083E90782EFDD50\\r\\nParentProcessGuid: {00000000-0000-0000-0000-000000000000}\\r\\nParentProcessId: 716\\r\\nParentImage: -\\r\\nParentCommandLine: -\\r\\nParentUser: -\\\"\"},\"eventdata\":{\"utcTime\":\"2022-09-15 10:45:36.292\",\"processGuid\":\"{32fb43f2-0250-6323-e100-000000000f00}\",\"processId\":\"5432\",\"image\":\"C:\\\\\\\\Windows\\\\\\\\System32\\\\\\\\backgroundTaskHost.exe\",\"fileVersion\":\"10.0.19041.546 (WinBuild.160101.0800)\",\"description\":\"Background Task Host\",\"product\":\"Microsoft Windows Operating System\",\"company\":\"Microsoft Corporation\",\"originalFileName\":\"backgroundTaskHost.exe\",\"commandLine\":\"\\\\\\\"C:\\\\\\\\Windows\\\\\\\\system32\\\\\\\\BackgroundTaskHost.exe\\\\\\\" -ServerName:BackgroundTaskHost.WebAccountProvider\",\"currentDirectory\":\"C:\\\\\\\\Windows\\\\\\\\SystemApps\\\\\\\\Microsoft.AAD.BrokerPlugin_cw5n1h2txyewy\\\\\\\\\",\"user\":\"AD\\\\\\\\zachary.werle\",\"logonGuid\":\"{32fb43f2-ff83-6322-0d62-040000000000}\",\"logonId\":\"0x4620d\",\"terminalSessionId\":\"1\",\"integrityLevel\":\"AppContainer\",\"hashes\":\"SHA256=20330D3CA71D58F4AEB432676CB6A3D5B97005954E45132FB083E90782EFDD50\",\"parentProcessGuid\":\"{00000000-0000-0000-0000-000000000000}\",\"parentProcessId\":\"716\"}}}","decoder":{"name":"windows_eventchannel"},"data":{"win":{"system":{"providerName":"Microsoft-Windows-Sysmon","providerGuid":"{5770385f-c22a-43e0-bf4c-06f5698ffbd9}","eventID":"1","version":"5","level":"4","task":"1","opcode":"0","keywords":"0x8000000000000000","systemTime":"2022-09-15T10:45:36.4751335Z","eventRecordID":"5764","processID":"1700","threadID":"2944","channel":"Microsoft-Windows-Sysmon/Operational","computer":"DESKTOP-9LO9B7Q","severityValue":"INFORMATION","message":"\"Process Create:\r\nRuleName: -\r\nUtcTime: 2022-09-15 10:45:36.292\r\nProcessGuid: {32fb43f2-0250-6323-e100-000000000f00}\r\nProcessId: 5432\r\nImage: C:\\Windows\\System32\\backgroundTaskHost.exe\r\nFileVersion: 10.0.19041.546 (WinBuild.160101.0800)\r\nDescription: Background Task Host\r\nProduct: Microsoft Windows Operating System\r\nCompany: Microsoft Corporation\r\nOriginalFileName: backgroundTaskHost.exe\r\nCommandLine: \"C:\\Windows\\system32\\BackgroundTaskHost.exe\" -ServerName:BackgroundTaskHost.WebAccountProvider\r\nCurrentDirectory: C:\\Windows\\SystemApps\\Microsoft.AAD.BrokerPlugin_cw5n1h2txyewy\\\r\nUser: AD\\zachary.werle\r\nLogonGuid: {32fb43f2-ff83-6322-0d62-040000000000}\r\nLogonId: 0x4620D\r\nTerminalSessionId: 1\r\nIntegrityLevel: AppContainer\r\nHashes: SHA256=20330D3CA71D58F4AEB432676CB6A3D5B97005954E45132FB083E90782EFDD50\r\nParentProcessGuid: {00000000-0000-0000-0000-000000000000}\r\nParentProcessId: 716\r\nParentImage: -\r\nParentCommandLine: -\r\nParentUser: -\""},"eventdata":{"utcTime":"2022-09-15 10:45:36.292","processGuid":"{32fb43f2-0250-6323-e100-000000000f00}","processId":"5432","image":"C:\\\\Windows\\\\System32\\\\backgroundTaskHost.exe","fileVersion":"10.0.19041.546 (WinBuild.160101.0800)","description":"Background Task Host","product":"Microsoft Windows Operating System","company":"Microsoft Corporation","originalFileName":"backgroundTaskHost.exe","commandLine":"\\\"C:\\\\Windows\\\\system32\\\\BackgroundTaskHost.exe\\\" -ServerName:BackgroundTaskHost.WebAccountProvider","currentDirectory":"C:\\\\Windows\\\\SystemApps\\\\Microsoft.AAD.BrokerPlugin_cw5n1h2txyewy\\\\","user":"AD\\\\zachary.werle","logonGuid":"{32fb43f2-ff83-6322-0d62-040000000000}","logonId":"0x4620d","terminalSessionId":"1","integrityLevel":"AppContainer","hashes":"SHA256=20330D3CA71D58F4AEB432676CB6A3D5B97005954E45132FB083E90782EFDD50","parentProcessGuid":"{00000000-0000-0000-0000-000000000000}","parentProcessId":"716"}}},"location":"EventChannel"}
