{"timestamp":"2022-09-15T03:38:53.346-0700","rule":{"level":12,"description":"Sysmon - Suspicious Process - dllhost.exe","id":"61638","mitre":{"id":["T1055"],"tactic":["Defense Evasion","Privilege Escalation"],"technique":["Process Injection"]},"firedtimes":10,"mail":true,"groups":["windows","sysmon","sysmon_process-anomalies"],"pci_dss":["10.6.1","11.4"],"gdpr":["IV_35.7.d"],"hipaa":["164.312.b"],"nist_800_53":["AU.6","SI.4"],"tsc":["CC7.2","CC7.3","CC6.1","CC6.8"]},"agent":{"id":"002","name":"DESKTOP-D403BQC","ip":"192.168.1.112"},"manager":{"name":"zachary-VirtualBox"},"id":"1663238333.533394","full_log":"{\"win\":{\"system\":{\"providerName\":\"Microsoft-Windows-Sysmon\",\"providerGuid\":\"{5770385f-c22a-43e0-bf4c-06f5698ffbd9}\",\"eventID\":\"1\",\"version\":\"5\",\"level\":\"4\",\"task\":\"1\",\"opcode\":\"0\",\"keywords\":\"0x8000000000000000\",\"systemTime\":\"2022-09-15T10:38:50.9384136Z\",\"eventRecordID\":\"22524\",\"processID\":\"1092\",\"threadID\":\"2988\",\"channel\":\"Microsoft-Windows-Sysmon/Operational\",\"computer\":\"DESKTOP-D403BQC\",\"severityValue\":\"INFORMATION\",\"message\":\"\\\"Process Create:\\r\\nRuleName: -\\r\\nUtcTime: 2022-09-15 10:38:50.672\\r\\nProcessGuid: {1674318e-00ba-6323-7000-000000003a00}\\r\\nProcessId: 4736\\r\\nImage: C:\\\\Windows\\\\System32\\\\dllhost.exe\\r\\nFileVersion: 10.0.19041.546 (WinBuild.160101.0800)\\r\\nDescription: COM Surrogate\\r\\nProduct: Microsoft Windows Operating System\\r\\nCompany: Microsoft Corporation\\r\\nOriginalFileName: dllhost.exe\\r\\nCommandLine: C:\\\\Windows\\\\system32\\\\DllHost.exe /Processid:{338B40F9-9D68-4B53-A793-6B9AA0C5F63B}\\r\\nCurrentDirectory: C:\\\\Windows\\\\system32\\\\\\r\\nUser: DESKTOP-D403BQC\\\\Sam\\r\\nLogonGuid: {1674318e-005d-6323-7b6b-030000000000}\\r\\nLogonId: 0x36B7B\\r\\nTerminalSessionId: 1\\r\\nIntegrityLevel: Medium\\r\\nHashes: SHA256=E7FC40B41AA8B83841A0B96D169EAF0800AA784733E636935374D56536253F10\\r\\nParentProcessGuid: {00000000-0000-0000-0000-000000000000}\\r\\nParentProcessId: 752\\r\\nParentImage: -\\r\\nParentCommandLine: -\\r\\nParentUser: -\\\"\"},\"eventdata\":{\"utcTime\":\"2022-09-15 10:38:50.672\",\"processGuid\":\"{1674318e-00ba-6323-7000-000000003a00}\",\"processId\":\"4736\",\"image\":\"C:\\\\\\\\Windows\\\\\\\\System32\\\\\\\\dllhost.exe\",\"fileVersion\":\"10.0.19041.546 (WinBuild.160101.0800)\",\"description\":\"COM Surrogate\",\"product\":\"Microsoft Windows Operating System\",\"company\":\"Microsoft Corporation\",\"originalFileName\":\"dllhost.exe\",\"commandLine\":\"C:\\\\\\\\Windows\\\\\\\\system32\\\\\\\\DllHost.exe /Processid:{338B40F9-9D68-4B53-A793-6B9AA0C5F63B}\",\"currentDirectory\":\"C:\\\\\\\\Windows\\\\\\\\system32\\\\\\\\\",\"user\":\"DESKTOP-D403BQC\\\\\\\\Sam\",\"logonGuid\":\"{1674318e-005d-6323-7b6b-030000000000}\",\"logonId\":\"0x36b7b\",\"terminalSessionId\":\"1\",\"integrityLevel\":\"Medium\",\"hashes\":\"SHA256=E7FC40B41AA8B83841A0B96D169EAF0800AA784733E636935374D56536253F10\",\"parentProcessGuid\":\"{00000000-0000-0000-0000-000000000000}\",\"parentProcessId\":\"752\"}}}","decoder":{"name":"windows_eventchannel"},"data":{"win":{"system":{"providerName":"Microsoft-Windows-Sysmon","providerGuid":"{5770385f-c22a-43e0-bf4c-06f5698ffbd9}","eventID":"1","version":"5","level":"4","task":"1","opcode":"0","keywords":"0x8000000000000000","systemTime":"2022-09-15T10:38:50.9384136Z","eventRecordID":"22524","processID":"1092","threadID":"2988","channel":"Microsoft-Windows-Sysmon/Operational","computer":"DESKTOP-D403BQC","severityValue":"INFORMATION","message":"\"Process Create:\r\nRuleName: -\r\nUtcTime: 2022-09-15 10:38:50.672\r\nProcessGuid: {1674318e-00ba-6323-7000-000000003a00}\r\nProcessId: 4736\r\nImage: C:\\Windows\\System32\\dllhost.exe\r\nFileVersion: 10.0.19041.546 (WinBuild.160101.0800)\r\nDescription: COM Surrogate\r\nProduct: Microsoft Windows Operating System\r\nCompany: Microsoft Corporation\r\nOriginalFileName: dllhost.exe\r\nCommandLine: C:\\Windows\\system32\\DllHost.exe /Processid:{338B40F9-9D68-4B53-A793-6B9AA0C5F63B}\r\nCurrentDirectory: C:\\Windows\\system32\\\r\nUser: DESKTOP-D403BQC\\Sam\r\nLogonGuid: {1674318e-005d-6323-7b6b-030000000000}\r\nLogonId: 0x36B7B\r\nTerminalSessionId: 1\r\nIntegrityLevel: Medium\r\nHashes: SHA256=E7FC40B41AA8B83841A0B96D169EAF0800AA784733E636935374D56536253F10\r\nParentProcessGuid: {00000000-0000-0000-0000-000000000000}\r\nParentProcessId: 752\r\nParentImage: -\r\nParentCommandLine: -\r\nParentUser: -\""},"eventdata":{"utcTime":"2022-09-15 10:38:50.672","processGuid":"{1674318e-00ba-6323-7000-000000003a00}","processId":"4736","image":"C:\\\\Windows\\\\System32\\\\dllhost.exe","fileVersion":"10.0.19041.546 (WinBuild.160101.0800)","description":"COM Surrogate","product":"Microsoft Windows Operating System","company":"Microsoft Corporation","originalFileName":"dllhost.exe","commandLine":"C:\\\\Windows\\\\system32\\\\DllHost.exe /Processid:{338B40F9-9D68-4B53-A793-6B9AA0C5F63B}","currentDirectory":"C:\\\\Windows\\\\system32\\\\","user":"DESKTOP-D403BQC\\\\Sam","logonGuid":"{1674318e-005d-6323-7b6b-030000000000}","logonId":"0x36b7b","terminalSessionId":"1","integrityLevel":"Medium","hashes":"SHA256=E7FC40B41AA8B83841A0B96D169EAF0800AA784733E636935374D56536253F10","parentProcessGuid":"{00000000-0000-0000-0000-000000000000}","parentProcessId":"752"}}},"location":"EventChannel"}
{"timestamp":"2022-09-15T03:38:53.616-0700","rule":{"level":12,"description":"Sysmon - Suspicious Process - taskhost.exe","id":"61634","mitre":{"id":["T1055"],"tactic":["Defense Evasion","Privilege Escalation"],"technique":["Process Injection"]},"firedtimes":11,"mail":true,"groups":["windows","sysmon","sysmon_process-anomalies"],"pci_dss":["10.6.1","11.4"],"gdpr":["IV_35.7.d"],"hipaa":["164.312.b"],"nist_800_53":["AU.6","SI.4"],"tsc":["CC7.2","CC7.3","CC6.1","CC6.8"]},"agent":{"id":"003","name":"DESKTOP-0H8GJPO","ip":"192.168.1.13"},"manager":{"name":"zachary-VirtualBox"},"id":"1663238333.538388","full_log":"{\"win\":{\"system\":{\"providerName\":\"Microsoft-Windows-Sysmon\",\"providerGuid\":\"{5770385f-c22a-43e0-bf4c-06f5698ffbd9}\",\"eventID\":\"1\",\"version\":\"5\",\"level\":\"4\",\"task\":\"1\",\"opcode\":\"0\",\"keywords\":\"0x8000000000000000\",\"systemTime\":\"2022-09-15T10:38:50.3663560Z\",\"eventRecordID\":\"10741\",\"processID\":\"2256\",\"threadID\":\"2280\",\"channel\":\"Microsoft-Windows-Sysmon/Operational\",\"computer\":\"DESKTOP-0H8GJPO\",\"severityValue\":\"INFORMATION\",\"message\":\"\\\"Process Create:\\r\\nRuleName: -\\r\\nUtcTime: 2022-09-15 10:38:50.212\\r\\nProcessGuid: {1d48d585-00ba-6323-7a00-000000002200}\\r\\nProcessId: 4276\\r\\nImage: C:\\\\Windows\\\\System32\\\\backgroundTaskHost.exe\\r\\nFileVersion: 10.0.19041.546 (WinBuild.160101.0800)\\r\\nDescription: Background Task Host\\r\\nProduct: Microsoft Windows Operating System\\r\\nCompany: Microsoft Corporation\\r\\nOriginalFileName: backgroundTaskHost.exe\\r\\nCommandLine: \\\"C:\\\\Windows\\\\system32\\\\backgroundTaskHost.exe\\\" -ServerName:ShellFeedsUI.AppXnj65k2d1a1rnztt2t2nng5ctmk3e76pn.mca\\r\\nCurrentDirectory: C:\\\\Windows\\\\SystemApps\\\\Microsoft.Windows.Search_cw5n1h2txyewy\\\\\\r\\nUser: DESKTOP-0H8GJPO\\\\mrpol\\r\\nLogonGuid: {1d48d585-003f-6323-9c20-040000000000}\\r\\nLogonId: 0x4209C\\r\\nTerminalSessionId: 1\\r\\nIntegrityLevel: AppContainer\\r\\nHashes: SHA256=20330D3CA71D58F4AEB432676CB6A3D5B97005954E45132FB083E90782EFDD50\\r\\nParentProcessGuid: {00000000-0000-0000-0000-000000000000}\\r\\nParentProcessId: 748\\r\\nParentImage: -\\r\\nParentCommandLine: -\\r\\nParentUser: -\\\"\"},\"eventdata\":{\"utcTime\":\"2022-09-15 10:38:50.212\",\"processGuid\":\"{1d48d585-00ba-6323-7a00-000000002200}\",\"processId\":\"4276\",\"image\":\"C:\\\\\\\\Windows\\\\\\\\System32\\\\\\\\backgroundTaskHost.exe\",\"fileVersion\":\"10.0.19041.546 (WinBuild.160101.0800)\",\"description\":\"Background Task Host\",\"product\":\"Microsoft Windows Operating System\",\"company\":\"Microsoft Corporation\",\"originalFileName\":\"backgroundTaskHost.exe\",\"commandLine\":\"\\\\\\\"C:\\\\\\\\Windows\\\\\\\\system32\\\\\\\\backgroundTaskHost.exe\\\\\\\" -ServerName:ShellFeedsUI.AppXnj65k2d1a1rnztt2t2nng5ctmk3e76pn.mca\",\"currentDirectory\":\"C:\\\\\\\\Windows\\\\\\\\SystemApps\\\\\\\\Microsoft.Windows.Search_cw5n1h2txyewy\\\\\\\\\",\"user\":\"DESKTOP-0H8GJPO\\\\\\\\mrpol\",\"logonGuid\":\"{1d48d585-003f-6323-9c20-040000000000}\",\"logonId\":\"0x4209c\",\"terminalSessionId\":\"1\",\"integrityLevel\":\"AppContainer\",\"hashes\":\"SHA256=20330D3CA71D58F4AEB432676CB6A3D5B97005954E45132FB083E90782EFDD50\",\"parentProcessGuid\":\"{00000000-0000-0000-0000-000000000000}\",\"parentProcessId\":\"748\"}}}","decoder":{"name":"windows_eventchannel"},"data":{"win":{"system":{"providerName":"Microsoft-Windows-Sysmon","providerGuid":"{5770385f-c22a-43e0-bf4c-06f5698ffbd9}","eventID":"1","version":"5","level":"4","task":"1","opcode":"0","keywords":"0x8000000000000000","systemTime":"2022-09-15T10:38:50.3663560Z","eventRecordID":"10741","processID":"2256","threadID":"2280","channel":"Microsoft-Windows-Sysmon/Operational","computer":"DESKTOP-0H8GJPO","severityValue":"INFORMATION","message":"\"Process Create:\r\nRuleName: -\r\nUtcTime: 2022-09-15 10:38:50.212\r\nProcessGuid: {1d48d585-00ba-6323-7a00-000000002200}\r\nProcessId: 4276\r\nImage: C:\\Windows\\System32\\backgroundTaskHost.exe\r\nFileVersion: 10.0.19041.546 (WinBuild.160101.0800)\r\nDescription: Background Task Host\r\nProduct: Microsoft Windows Operating System\r\nCompany: Microsoft Corporation\r\nOriginalFileName: backgroundTaskHost.exe\r\nCommandLine: \"C:\\Windows\\system32\\backgroundTaskHost.exe\" -ServerName:ShellFeedsUI.AppXnj65k2d1a1rnztt2t2nng5ctmk3e76pn.mca\r\nCurrentDirectory: C:\\Windows\\SystemApps\\Microsoft.Windows.Search_cw5n1h2txyewy\\\r\nUser: DESKTOP-0H8GJPO\\mrpol\r\nLogonGuid: {1d48d585-003f-6323-9c20-040000000000}\r\nLogonId: 0x4209C\r\nTerminalSessionId: 1\r\nIntegrityLevel: AppContainer\r\nHashes: SHA256=20330D3CA71D58F4AEB432676CB6A3D5B97005954E45132FB083E90782EFDD50\r\nParentProcessGuid: {00000000-0000-0000-0000-000000000000}\r\nParentProcessId: 748\r\nParentImage: -\r\nParentCommandLine: -\r\nParentUser: -\""},"eventdata":{"utcTime":"2022-09-15 10:38:50.212","processGuid":"{1d48d585-00ba-6323-7a00-000000002200}","processId":"4276","image":"C:\\\\Windows\\\\System32\\\\backgroundTaskHost.exe","fileVersion":"10.0.19041.546 (WinBuild.160101.0800)","description":"Background Task Host","product":"Microsoft Windows Operating System","company":"Microsoft Corporation","originalFileName":"backgroundTaskHost.exe","commandLine":"\\\"C:\\\\Windows\\\\system32\\\\backgroundTaskHost.exe\\\" -ServerName:ShellFeedsUI.AppXnj65k2d1a1rnztt2t2nng5ctmk3e76pn.mca","currentDirectory":"C:\\\\Windows\\\\SystemApps\\\\Microsoft.Windows.Search_cw5n1h2txyewy\\\\","user":"DESKTOP-0H8GJPO\\\\mrpol","logonGuid":"{1d48d585-003f-6323-9c20-040000000000}","logonId":"0x4209c","terminalSessionId":"1","integrityLevel":"AppContainer","hashes":"SHA256=20330D3CA71D58F4AEB432676CB6A3D5B97005954E45132FB083E90782EFDD50","parentProcessGuid":"{00000000-0000-0000-0000-000000000000}","parentProcessId":"748"}}},"location":"EventChannel"}
{"timestamp":"2022-09-15T03:38:54.963-0700","rule":{"level":12,"description":"Sysmon - Suspicious Process - taskhost.exe","id":"61634","mitre":{"id":["T1055"],"tactic":["Defense Evasion","Privilege Escalation"],"technique":["Process Injection"]},"firedtimes":12,"mail":true,"groups":["windows","sysmon","sysmon_process-anomalies"],"pci_dss":["10.6.1","11.4"],"gdpr":["IV_35.7.d"],"hipaa":["164.312.b"],"nist_800_53":["AU.6","SI.4"],"tsc":["CC7.2","CC7.3","CC6.1","CC6.8"]},"agent":{"id":"003","name":"DESKTOP-0H8GJPO","ip":"192.168.1.13"},"manager":{"name":"zachary-VirtualBox"},"id":"1663238334.543826","full_log":"{\"win\":{\"system\":{\"providerName\":\"Microsoft-Windows-Sysmon\",\"providerGuid\":\"{5770385f-c22a-43e0-bf4c-06f5698ffbd9}\",\"eventID\":\"1\",\"version\":\"5\",\"level\":\"4\",\"task\":\"1\",\"opcode\":\"0\",\"keywords\":\"0x8000000000000000\",\"systemTime\":\"2022-09-15T10:38:52.1788379Z\",\"eventRecordID\":\"10742\",\"processID\":\"2256\",\"threadID\":\"2280\",\"channel\":\"Microsoft-Windows-Sysmon/Operational\",\"computer\":\"DESKTOP-0H8GJPO\",\"severityValue\":\"INFORMATION\",\"message\":\"\\\"Process Create:\\r\\nRuleName: -\\r\\nUtcTime: 2022-09-15 10:38:52.018\\r\\nProcessGuid: {1d48d585-00bc-6323-7b00-000000002200}\\r\\nProcessId: 3928\\r\\nImage: C:\\\\Windows\\\\System32\\\\backgroundTaskHost.exe\\r\\nFileVersion: 10.0.19041.546 (WinBuild.160101.0800)\\r\\nDescription: Background Task Host\\r\\nProduct: Microsoft Windows Operating System\\r\\nCompany: Microsoft Corporation\\r\\nOriginalFileName: backgroundTaskHost.exe\\r\\nCommandLine: \\\"C:\\\\Windows\\\\system32\\\\backgroundTaskHost.exe\\\" -ServerName:App.AppXfkd8mejksk4ancwf4vtyhmkvtzn1jcbs.mca\\r\\nCurrentDirectory: C:\\\\Program Files\\\\WindowsApps\\\\Microsoft.YourPhone_1.22062.543.0_x64__8wekyb3d8bbwe\\\\\\r\\nUser: DESKTOP-0H8GJPO\\\\mrpol\\r\\nLogonGuid: {1d48d585-003f-6323-9c20-040000000000}\\r\\nLogonId: 0x4209C\\r\\nTerminalSessionId: 1\\r\\nIntegrityLevel: AppContainer\\r\\nHashes: SHA256=20330D3CA71D58F4AEB432676CB6A3D5B97005954E45132FB083E90782EFDD50\\r\\nParentProcessGuid: {00000000-0000-0000-0000-000000000000}\\r\\nParentProcessId: 748\\r\\nParentImage: -\\r\\nParentCommandLine: -\\r\\nParentUser: -\\\"\"},\"eventdata\":{\"utcTime\":\"2022-09-15 10:38:52.018\",\"processGuid\":\"{1d48d585-00bc-6323-7b00-000000002200}\",\"processId\":\"3928\",\"image\":\"C:\\\\\\\\Windows\\\\\\\\System32\\\\\\\\backgroundTaskHost.exe\",\"fileVersion\":\"10.0.19041.546 (WinBuild.160101.0800)\",\"description\":\"Background Task Host\",\"product\":\"Microsoft Windows Operating System\",\"company\":\"Microsoft Corporation\",\"originalFileName\":\"backgroundTaskHost.exe\",\"commandLine\":\"\\\\\\\"C:\\\\\\\\Windows\\\\\\\\system32\\\\\\\\backgroundTaskHost.exe\\\\\\\" -ServerName:App.AppXfkd8mejksk4ancwf4vtyhmkvtzn1jcbs.mca\",\"currentDirectory\":\"C:\\\\\\\\Program Files\\\\\\\\WindowsApps\\\\\\\\Microsoft.YourPhone_1.22062.543.0_x64__8wekyb3d8bbwe\\\\\\\\\",\"user\":\"DESKTOP-0H8GJPO\\\\\\\\mrpol\",\"logonGuid\":\"{1d48d585-003f-6323-9c20-040000000000}\",\"logonId\":\"0x4209c\",\"terminalSessionId\":\"1\",\"integrityLevel\":\"AppContainer\",\"hashes\":\"SHA256=20330D3CA71D58F4AEB432676CB6A3D5B97005954E45132FB083E90782EFDD50\",\"parentProcessGuid\":\"{00000000-0000-0000-0000-000000000000}\",\"parentProcessId\":\"748\"}}}","decoder":{"name":"windows_eventchannel"},"data":{"win":{"system":{"providerName":"Microsoft-Windows-Sysmon","providerGuid":"{5770385f-c22a-43e0-bf4c-06f5698ffbd9}","eventID":"1","version":"5","level":"4","task":"1","opcode":"0","keywords":"0x8000000000000000","systemTime":"2022-09-15T10:38:52.1788379Z","eventRecordID":"10742","processID":"2256","threadID":"2280","channel":"Microsoft-Windows-Sysmon/Operational","computer":"DESKTOP-0H8GJPO","severityValue":"INFORMATION","message":"\"Process Create:\r\nRuleName: -\r\nUtcTime: 2022-09-15 10:38:52.018\r\nProcessGuid: {1d48d585-00bc-6323-7b00-000000002200}\r\nProcessId: 3928\r\nImage: C:\\Windows\\System32\\backgroundTaskHost.exe\r\nFileVersion: 10.0.19041.546 (WinBuild.160101.0800)\r\nDescription: Background Task Host\r\nProduct: Microsoft Windows Operating System\r\nCompany: Microsoft Corporation\r\nOriginalFileName: backgroundTaskHost.exe\r\nCommandLine: \"C:\\Windows\\system32\\backgroundTaskHost.exe\" -ServerName:App.AppXfkd8mejksk4ancwf4vtyhmkvtzn1jcbs.mca\r\nCurrentDirectory: C:\\Program Files\\WindowsApps\\Microsoft.YourPhone_1.22062.543.0_x64__8wekyb3d8bbwe\\\r\nUser: DESKTOP-0H8GJPO\\mrpol\r\nLogonGuid: {1d48d585-003f-6323-9c20-040000000000}\r\nLogonId: 0x4209C\r\nTerminalSessionId: 1\r\nIntegrityLevel: AppContainer\r\nHashes: SHA256=20330D3CA71D58F4AEB432676CB6A3D5B97005954E45132FB083E90782EFDD50\r\nParentProcessGuid: {00000000-0000-0000-0000-000000000000}\r\nParentProcessId: 748\r\nParentImage: -\r\nParentCommandLine: -\r\nParentUser: -\""},"eventdata":{"utcTime":"2022-09-15 10:38:52.018","processGuid":"{1d48d585-00bc-6323-7b00-000000002200}","processId":"3928","image":"C:\\\\Windows\\\\System32\\\\backgroundTaskHost.exe","fileVersion":"10.0.19041.546 (WinBuild.160101.0800)","description":"Background Task Host","product":"Microsoft Windows Operating System","company":"Microsoft Corporation","originalFileName":"backgroundTaskHost.exe","commandLine":"\\\"C:\\\\Windows\\\\system32\\\\backgroundTaskHost.exe\\\" -ServerName:App.AppXfkd8mejksk4ancwf4vtyhmkvtzn1jcbs.mca","currentDirectory":"C:\\\\Program Files\\\\WindowsApps\\\\Microsoft.YourPhone_1.22062.543.0_x64__8wekyb3d8bbwe\\\\","user":"DESKTOP-0H8GJPO\\\\mrpol","logonGuid":"{1d48d585-003f-6323-9c20-040000000000}","logonId":"0x4209c","terminalSessionId":"1","integrityLevel":"AppContainer","hashes":"SHA256=20330D3CA71D58F4AEB432676CB6A3D5B97005954E45132FB083E90782EFDD50","parentProcessGuid":"{00000000-0000-0000-0000-000000000000}","parentProcessId":"748"}}},"location":"EventChannel"}
{"timestamp":"2022-09-15T03:38:55.540-0700","rule":{"level":12,"description":"Sysmon - Suspicious Process - svchost.exe","id":"61618","mitre":{"id":["T1055"],"tactic":["Defense Evasion","Privilege Escalation"],"technique":["Process Injection"]},"firedtimes":11,"mail":true,"groups":["windows","sysmon","sysmon_process-anomalies"],"pci_dss":["10.6.1","11.4"],"gdpr":["IV_35.7.d"],"hipaa":["164.312.b"],"nist_800_53":["AU.6","SI.4"],"tsc":["CC7.2","CC7.3","CC6.1","CC6.8"]},"agent":{"id":"004","name":"DESKTOP-CKP652S","ip":"192.168.1.27"},"manager":{"name":"zachary-VirtualBox"},"id":"1663238335.549312","full_log":"{\"win\":{\"system\":{\"providerName\":\"Microsoft-Windows-Sysmon\",\"providerGuid\":\"{5770385f-c22a-43e0-bf4c-06f5698ffbd9}\",\"eventID\":\"1\",\"version\":\"5\",\"level\":\"4\",\"task\":\"1\",\"opcode\":\"0\",\"keywords\":\"0x8000000000000000\",\"systemTime\":\"2022-09-15T10:38:52.4531835Z\",\"eventRecordID\":\"16410\",\"processID\":\"2408\",\"threadID\":\"3104\",\"channel\":\"Microsoft-Windows-Sysmon/Operational\",\"computer\":\"DESKTOP-CKP652S\",\"severityValue\":\"INFORMATION\",\"message\":\"\\\"Process Create:\\r\\nRuleName: -\\r\\nUtcTime: 2022-09-15 10:38:52.442\\r\\nProcessGuid: {d4e08d2a-00bc-6323-a100-000000003100}\\r\\nProcessId: 5668\\r\\nImage: C:\\\\Windows\\\\System32\\\\svchost.exe\\r\\nFileVersion: 10.0.19041.1566 (WinBuild.160101.0800)\\r\\nDescription: Host Process for Windows Services\\r\\nProduct: Microsoft Windows Operating System\\r\\nCompany: Microsoft Corporation\\r\\nOriginalFileName: svchost.exe\\r\\nCommandLine: C:\\\\Windows\\\\System32\\\\svchost.exe -k LocalServiceNetworkRestricted -p\\r\\nCurrentDirectory: C:\\\\Windows\\\\system32\\\\\\r\\nUser: NT AUTHORITY\\\\LOCAL SERVICE\\r\\nLogonGuid: {d4e08d2a-ffd3-6322-e503-000000000000}\\r\\nLogonId: 0x3E5\\r\\nTerminalSessionId: 0\\r\\nIntegrityLevel: System\\r\\nHashes: SHA256=F3FEB95E7BCFB0766A694D93FCA29EDA7E2CA977C2395B4BE75242814EB6D881\\r\\nParentProcessGuid: {00000000-0000-0000-0000-000000000000}\\r\\nParentProcessId: 588\\r\\nParentImage: -\\r\\nParentCommandLine: -\\r\\nParentUser: -\\\"\"},\"eventdata\":{\"utcTime\":\"2022-09-15 10:38:52.442\",\"processGuid\":\"{d4e08d2a-00bc-6323-a100-000000003100}\",\"processId\":\"5668\",\"image\":\"C:\\\\\\\\Windows\\\\\\\\System32\\\\\\\\svchost.exe\",\"fileVersion\":\"10.0.19041.1566 (WinBuild.160101.0800)\",\"description\":\"Host Process for Windows Services\",\"product\":\"Microsoft Windows Operating System\",\"company\":\"Microsoft Corporation\",\"originalFileName\":\"svchost.exe\",\"commandLine\":\"C:\\\\\\\\Windows\\\\\\\\System32\\\\\\\\svchost.exe -k LocalServiceNetworkRestricted -p\",\"currentDirectory\":\"C:\\\\\\\\Windows\\\\\\\\system32\\\\\\\\\",\"user\":\"NT AUTHORITY\\\\\\\\LOCAL SERVICE\",\"logonGuid\":\"{d4e08d2a-ffd3-6322-e503-000000000000}\",\"logonId\":\"0x3e5\",\"terminalSessionId\":\"0\",\"integrityLevel\":\"System\",\"hashes\":\"SHA256=F3FEB95E7BCFB0766A694D93FCA29EDA7E2CA977C2395B4BE75242814EB6D881\",\"parentProcessGuid\":\"{00000000-0000-0000-0000-000000000000}\",\"parentProcessId\":\"588\"}}}","decoder":{"name":"windows_eventchannel"},"data":{"win":{"system":{"providerName":"Microsoft-Windows-Sysmon","providerGuid":"{5770385f-c22a-43e0-bf4c-06f5698ffbd9}","eventID":"1","version":"5","level":"4","task":"1","opcode":"0","keywords":"0x8000000000000000","systemTime":"2022-09-15T10:38:52.4531835Z","eventRecordID":"16410","processID":"2408","threadID":"3104","channel":"Microsoft-Windows-Sysmon/Operational","computer":"DESKTOP-CKP652S","severityValue":"INFORMATION","message":"\"Process Create:\r\nRuleName: -\r\nUtcTime: 2022-09-15 10:38:52.442\r\nProcessGuid: {d4e08d2a-00bc-6323-a100-000000003100}\r\nProcessId: 5668\r\nImage: C:\\Windows\\System32\\svchost.exe\r\nFileVersion: 10.0.19041.1566 (WinBuild.160101.0800)\r\nDescription: Host Process for Windows Services\r\nProduct: Microsoft Windows Operating System\r\nCompany: Microsoft Corporation\r\nOriginalFileName: svchost.exe\r\nCommandLine: C:\\Windows\\System32\\svchost.exe -k LocalServiceNetworkRestricted -p\r\nCurrentDirectory: C:\\Windows\\system32\\\r\nUser: NT AUTHORITY\\LOCAL SERVICE\r\nLogonGuid: {d4e08d2a-ffd3-6322-e503-000000000000}\r\nLogonId: 0x3E5\r\nTerminalSessionId: 0\r\nIntegrityLevel: System\r\nHashes: SHA256=F3FEB95E7BCFB0766A694D93FCA29EDA7E2CA977C2395B4BE75242814EB6D881\r\nParentProcessGuid: {00000000-0000-0000-0000-000000000000}\r\nParentProcessId: 588\r\nParentImage: -\r\nParentCommandLine: -\r\nParentUser: -\""},"eventdata":{"utcTime":"2022-09-15 10:38:52.442","processGuid":"{d4e08d2a-00bc-6323-a100-000000003100}","processId":"5668","image":"C:\\\\Windows\\\\System32\\\\svchost.exe","fileVersion":"10.0.19041.1566 (WinBuild.160101.0800)","description":"Host Process for Windows Services","product":"Microsoft Windows Operating System","company":"Microsoft Corporation","originalFileName":"svchost.exe","commandLine":"C:\\\\Windows\\\\System32\\\\svchost.exe -k LocalServiceNetworkRestricted -p","currentDirectory":"C:\\\\Windows\\\\system32\\\\","user":"NT AUTHORITY\\\\LOCAL SERVICE","logonGuid":"{d4e08d2a-ffd3-6322-e503-000000000000}","logonId":"0x3e5","terminalSessionId":"0","integrityLevel":"System","hashes":"SHA256=F3FEB95E7BCFB0766A694D93FCA29EDA7E2CA977C2395B4BE75242814EB6D881","parentProcessGuid":"{00000000-0000-0000-0000-000000000000}","parentProcessId":"588"}}},"location":"EventChannel"}
{"timestamp":"2022-09-15T03:38:55.716-0700","rule":{"level":12,"description":"Sysmon - Suspicious Process - taskhost.exe","id":"61634","mitre":{"id":["T1055"],"tactic":["Defense Evasion","Privilege Escalation"],"technique":["Process Injection"]},"firedtimes":13,"mail":true,"groups":["windows","sysmon","sysmon_process-anomalies"],"pci_dss":["10.6.1","11.4"],"gdpr":["IV_35.7.d"],"hipaa":["164.312.b"],"nist_800_53":["AU.6","SI.4"],"tsc":["CC7.2","CC7.3","CC6.1","CC6.8"]},"agent":{"id":"007","name":"DESKTOP-9LO9B7Q","ip":"192.168.1.115"},"manager":{"name":"zachary-VirtualBox"},"id":"1663238335.554354","full_log":"{\"win\":{\"system\":{\"providerName\":\"Microsoft-Windows-Sysmon\",\"providerGuid\":\"{5770385f-c22a-43e0-bf4c-06f5698ffbd9}\",\"eventID\":\"1\",\"version\":\"5\",\"level\":\"4\",\"task\":\"1\",\"opcode\":\"0\",\"keywords\":\"0x8000000000000000\",\"systemTime\":\"2022-09-15T10:38:53.3202645Z\",\"eventRecordID\":\"5696\",\"processID\":\"1700\",\"threadID\":\"2944\",\"channel\":\"Microsoft-Windows-Sysmon/Operational\",\"computer\":\"DESKTOP-9LO9B7Q\",\"severityValue\":\"INFORMATION\",\"message\":\"\\\"Process Create:\\r\\nRuleName: -\\r\\nUtcTime: 2022-09-15 10:38:53.116\\r\\nProcessGuid: {32fb43f2-00bd-6323-bf00-000000000f00}\\r\\nProcessId: 3856\\r\\nImage: C:\\\\Windows\\\\System32\\\\backgroundTaskHost.exe\\r\\nFileVersion: 10.0.19041.546 (WinBuild.160101.0800)\\r\\nDescription: Background Task Host\\r\\nProduct: Microsoft Windows Operating System\\r\\nCompany: Microsoft Corporation\\r\\nOriginalFileName: backgroundTaskHost.exe\\r\\nCommandLine: \\\"C:\\\\Windows\\\\system32\\\\backgroundTaskHost.exe\\\" -ServerName:App.AppXfkd8mejksk4ancwf4vtyhmkvtzn1jcbs.mca\\r\\nCurrentDirectory: C:\\\\Program Files\\\\WindowsApps\\\\Microsoft.YourPhone_1.22062.543.0_x64__8wekyb3d8bbwe\\\\\\r\\nUser: AD\\\\zachary.werle\\r\\nLogonGuid: {32fb43f2-ff83-6322-0d62-040000000000}\\r\\nLogonId: 0x4620D\\r\\nTerminalSessionId: 1\\r\\nIntegrityLevel: AppContainer\\r\\nHashes: SHA256=20330D3CA71D58F4AEB432676CB6A3D5B97005954E45132FB083E90782EFDD50\\r\\nParentProcessGuid: {00000000-0000-0000-0000-000000000000}\\r\\nParentProcessId: 716\\r\\nParentImage: -\\r\\nParentCommandLine: -\\r\\nParentUser: -\\\"\"},\"eventdata\":{\"utcTime\":\"2022-09-15 10:38:53.116\",\"processGuid\":\"{32fb43f2-00bd-6323-bf00-000000000f00}\",\"processId\":\"3856\",\"image\":\"C:\\\\\\\\Windows\\\\\\\\System32\\\\\\\\backgroundTaskHost.exe\",\"fileVersion\":\"10.0.19041.546 (WinBuild.160101.0800)\",\"description\":\"Background Task Host\",\"product\":\"Microsoft Windows Operating System\",\"company\":\"Microsoft Corporation\",\"originalFileName\":\"backgroundTaskHost.exe\",\"commandLine\":\"\\\\\\\"C:\\\\\\\\Windows\\\\\\\\system32\\\\\\\\backgroundTaskHost.exe\\\\\\\" -ServerName:App.AppXfkd8mejksk4ancwf4vtyhmkvtzn1jcbs.mca\",\"currentDirectory\":\"C:\\\\\\\\Program Files\\\\\\\\WindowsApps\\\\\\\\Microsoft.YourPhone_1.22062.543.0_x64__8wekyb3d8bbwe\\\\\\\\\",\"user\":\"AD\\\\\\\\zachary.werle\",\"logonGuid\":\"{32fb43f2-ff83-6322-0d62-040000000000}\",\"logonId\":\"0x4620d\",\"terminalSessionId\":\"1\",\"integrityLevel\":\"AppContainer\",\"hashes\":\"SHA256=20330D3CA71D58F4AEB432676CB6A3D5B97005954E45132FB083E90782EFDD50\",\"parentProcessGuid\":\"{00000000-0000-0000-0000-000000000000}\",\"parentProcessId\":\"716\"}}}","decoder":{"name":"windows_eventchannel"},"data":{"win":{"system":{"providerName":"Microsoft-Windows-Sysmon","providerGuid":"{5770385f-c22a-43e0-bf4c-06f5698ffbd9}","eventID":"1","version":"5","level":"4","task":"1","opcode":"0","keywords":"0x8000000000000000","systemTime":"2022-09-15T10:38:53.3202645Z","eventRecordID":"5696","processID":"1700","threadID":"2944","channel":"Microsoft-Windows-Sysmon/Operational","computer":"DESKTOP-9LO9B7Q","severityValue":"INFORMATION","message":"\"Process Create:\r\nRuleName: -\r\nUtcTime: 2022-09-15 10:38:53.116\r\nProcessGuid: {32fb43f2-00bd-6323-bf00-000000000f00}\r\nProcessId: 3856\r\nImage: C:\\Windows\\System32\\backgroundTaskHost.exe\r\nFileVersion: 10.0.19041.546 (WinBuild.160101.0800)\r\nDescription: Background Task Host\r\nProduct: Microsoft Windows Operating System\r\nCompany: Microsoft Corporation\r\nOriginalFileName: backgroundTaskHost.exe\r\nCommandLine: \"C:\\Windows\\system32\\backgroundTaskHost.exe\" -ServerName:App.AppXfkd8mejksk4ancwf4vtyhmkvtzn1jcbs.mca\r\nCurrentDirectory: C:\\Program Files\\WindowsApps\\Microsoft.YourPhone_1.22062.543.0_x64__8wekyb3d8bbwe\\\r\nUser: AD\\zachary.werle\r\nLogonGuid: {32fb43f2-ff83-6322-0d62-040000000000}\r\nLogonId: 0x4620D\r\nTerminalSessionId: 1\r\nIntegrityLevel: AppContainer\r\nHashes: SHA256=20330D3CA71D58F4AEB432676CB6A3D5B97005954E45132FB083E90782EFDD50\r\nParentProcessGuid: {00000000-0000-0000-0000-000000000000}\r\nParentProcessId: 716\r\nParentImage: -\r\nParentCommandLine: -\r\nParentUser: -\""},"eventdata":{"utcTime":"2022-09-15 10:38:53.116","processGuid":"{32fb43f2-00bd-6323-bf00-000000000f00}","processId":"3856","image":"C:\\\\Windows\\\\System32\\\\backgroundTaskHost.exe","fileVersion":"10.0.19041.546 (WinBuild.160101.0800)","description":"Background Task Host","product":"Microsoft Windows Operating System","company":"Microsoft Corporation","originalFileName":"backgroundTaskHost.exe","commandLine":"\\\"C:\\\\Windows\\\\system32\\\\backgroundTaskHost.exe\\\" -ServerName:App.AppXfkd8mejksk4ancwf4vtyhmkvtzn1jcbs.mca","currentDirectory":"C:\\\\Program Files\\\\WindowsApps\\\\Microsoft.YourPhone_1.22062.543.0_x64__8wekyb3d8bbwe\\\\","user":"AD\\\\zachary.werle","logonGuid":"{32fb43f2-ff83-6322-0d62-040000000000}","logonId":"0x4620d","terminalSessionId":"1","integrityLevel":"AppContainer","hashes":"SHA256=20330D3CA71D58F4AEB432676CB6A3D5B97005954E45132FB083E90782EFDD50","parentProcessGuid":"{00000000-0000-0000-0000-000000000000}","parentProcessId":"716"}}},"location":"EventChannel"}
{"timestamp":"2022-09-15T03:39:01.079-0700","rule":{"level":3,"description":"Windows logon success.","id":"60106","mitre":{"id":["T1078"],"tactic":["Defense Evasion","Persistence","Privilege Escalation","Initial Access"],"technique":["Valid Accounts"]},"firedtimes":26,"mail":false,"groups":["windows","windows_security","authentication_success"],"gdpr":["IV_32.2"],"gpg13":["7.1","7.2"],"hipaa":["164.312.b"],"nist_800_53":["AC.7","AU.14"],"pci_dss":["10.2.5"],"tsc":["CC6.8","CC7.2","CC7.3"]},"agent":{"id":"002","name":"DESKTOP-D403BQC","ip":"192.168.1.112"},"manager":{"name":"zachary-VirtualBox"},"id":"1663238341.559818","decoder":{"name":"windows_eventchannel"},"data":{"win":{"system":{"providerName":"Microsoft-Windows-Security-Auditing","providerGuid":"{54849625-5478-4994-a5ba-3e3b0328c30d}","eventID":"4624","version":"2","level":"0","task":"12544","opcode":"0","keywords":"0x8020000000000000","systemTime":"2022-09-15T10:38:58.7140091Z","eventRecordID":"39841","processID":"592","threadID":"820","channel":"Security","computer":"DESKTOP-D403BQC","severityValue":"AUDIT_SUCCESS","message":"\"An account was successfully logged on.\r\n\r\nSubject:\r\n\tSecurity ID:\t\tS-1-5-18\r\n\tAccount Name:\t\tDESKTOP-D403BQC$\r\n\tAccount Domain:\t\tWORKGROUP\r\n\tLogon ID:\t\t0x3E7\r\n\r\nLogon Information:\r\n\tLogon Type:\t\t5\r\n\tRestricted Admin Mode:\t-\r\n\tVirtual Account:\t\tNo\r\n\tElevated Token:\t\tYes\r\n\r\nImpersonation Level:\t\tImpersonation\r\n\r\nNew Logon:\r\n\tSecurity ID:\t\tS-1-5-18\r\n\tAccount Name:\t\tSYSTEM\r\n\tAccount Domain:\t\tNT AUTHORITY\r\n\tLogon ID:\t\t0x3E7\r\n\tLinked Logon ID:\t\t0x0\r\n\tNetwork Account Name:\t-\r\n\tNetwork Account Domain:\t-\r\n\tLogon GUID:\t\t{00000000-0000-0000-0000-000000000000}\r\n\r\nProcess Information:\r\n\tProcess ID:\t\t0x248\r\n\tProcess Name:\t\tC:\\Windows\\System32\\services.exe\r\n\r\nNetwork Information:\r\n\tWorkstation Name:\t-\r\n\tSource Network Address:\t-\r\n\tSource Port:\t\t-\r\n\r\nDetailed Authentication Information:\r\n\tLogon Process:\t\tAdvapi  \r\n\tAuthentication Package:\tNegotiate\r\n\tTransited Services:\t-\r\n\tPackage Name (NTLM only):\t-\r\n\tKey Length:\t\t0\r\n\r\nThis event is generated when a logon session is created. It is generated on the computer that was accessed.\r\n\r\nThe subject fields indicate the account on the local system which requested the logon. This is most commonly a service such as the Server service, or a local process such as Winlogon.exe or Services.exe.\r\n\r\nThe logon type field indicates the kind of logon that occurred. The most common types are 2 (interactive) and 3 (network).\r\n\r\nThe New Logon fields indicate the account for whom the new logon was created, i.e. the account that was logged on.\r\n\r\nThe network fields indicate where a remote logon request originated. Workstation name is not always available and may be left blank in some cases.\r\n\r\nThe impersonation level field indicates the extent to which a process in the logon session can impersonate.\r\n\r\nThe authentication information fields provide detailed information about this specific logon request.\r\n\t- Logon GUID is a unique identifier that can be used to correlate this event with a KDC event.\r\n\t- Transited services indicate which intermediate services have participated in this logon request.\r\n\t- Package name indicates which sub-protocol was used among the NTLM protocols.\r\n\t- Key length indicates the length of the generated session key. This will be 0 if no session key was requested.\""},"eventdata":{"subjectUserSid":"S-1-5-18","subjectUserName":"DESKTOP-D403BQC$","subjectDomainName":"WORKGROUP","subjectLogonId":"0x3e7","targetUserSid":"S-1-5-18","targetUserName":"SYSTEM","targetDomainName":"NT AUTHORITY","targetLogonId":"0x3e7","logonType":"5","logonProcessName":"Advapi","authenticationPackageName":"Negotiate","logonGuid":"{00000000-0000-0000-0000-000000000000}","keyLength":"0","processId":"0x248","processName":"C:\\\\Windows\\\\System32\\\\services.exe","impersonationLevel":"%%1833","virtualAccount":"%%1843","targetLinkedLogonId":"0x0","elevatedToken":"%%1842"}}},"location":"EventChannel"}
{"timestamp":"2022-09-15T03:39:01.162-0700","rule":{"level":12,"description":"Sysmon - Suspicious Process - svchost.exe","id":"61618","mitre":{"id":["T1055"],"tactic":["Defense Evasion","Privilege Escalation"],"technique":["Process Injection"]},"firedtimes":12,"mail":true,"groups":["windows","sysmon","sysmon_process-anomalies"],"pci_dss":["10.6.1","11.4"],"gdpr":["IV_35.7.d"],"hipaa":["164.312.b"],"nist_800_53":["AU.6","SI.4"],"tsc":["CC7.2","CC7.3","CC6.1","CC6.8"]},"agent":{"id":"002","name":"DESKTOP-D403BQC","ip":"192.168.1.112"},"manager":{"name":"zachary-VirtualBox"},"id":"1663238341.567139","full_log":"{\"win\":{\"system\":{\"providerName\":\"Microsoft-Windows-Sysmon\",\"providerGuid\":\"{5770385f-c22a-43e0-bf4c-06f5698ffbd9}\",\"eventID\":\"1\",\"version\":\"5\",\"level\":\"4\",\"task\":\"1\",\"opcode\":\"0\",\"keywords\":\"0x8000000000000000\",\"systemTime\":\"2022-09-15T10:38:58.7850765Z\",\"eventRecordID\":\"22526\",\"processID\":\"1092\",\"threadID\":\"2988\",\"channel\":\"Microsoft-Windows-Sysmon/Operational\",\"computer\":\"DESKTOP-D403BQC\",\"severityValue\":\"INFORMATION\",\"message\":\"\\\"Process Create:\\r\\nRuleName: -\\r\\nUtcTime: 2022-09-15 10:38:58.721\\r\\nProcessGuid: {1674318e-00c2-6323-7100-000000003a00}\\r\\nProcessId: 4984\\r\\nImage: C:\\\\Windows\\\\System32\\\\svchost.exe\\r\\nFileVersion: 10.0.19041.1566 (WinBuild.160101.0800)\\r\\nDescription: Host Process for Windows Services\\r\\nProduct: Microsoft Windows Operating System\\r\\nCompany: Microsoft Corporation\\r\\nOriginalFileName: svchost.exe\\r\\nCommandLine: C:\\\\Windows\\\\system32\\\\svchost.exe -k wusvcs -p\\r\\nCurrentDirectory: C:\\\\Windows\\\\system32\\\\\\r\\nUser: NT AUTHORITY\\\\SYSTEM\\r\\nLogonGuid: {1674318e-0041-6323-e703-000000000000}\\r\\nLogonId: 0x3E7\\r\\nTerminalSessionId: 0\\r\\nIntegrityLevel: System\\r\\nHashes: SHA256=F3FEB95E7BCFB0766A694D93FCA29EDA7E2CA977C2395B4BE75242814EB6D881\\r\\nParentProcessGuid: {00000000-0000-0000-0000-000000000000}\\r\\nParentProcessId: 584\\r\\nParentImage: -\\r\\nParentCommandLine: -\\r\\nParentUser: -\\\"\"},\"eventdata\":{\"utcTime\":\"2022-09-15 10:38:58.721\",\"processGuid\":\"{1674318e-00c2-6323-7100-000000003a00}\",\"processId\":\"4984\",\"image\":\"C:\\\\\\\\Windows\\\\\\\\System32\\\\\\\\svchost.exe\",\"fileVersion\":\"10.0.19041.1566 (WinBuild.160101.0800)\",\"description\":\"Host Process for Windows Services\",\"product\":\"Microsoft Windows Operating System\",\"company\":\"Microsoft Corporation\",\"originalFileName\":\"svchost.exe\",\"commandLine\":\"C:\\\\\\\\Windows\\\\\\\\system32\\\\\\\\svchost.exe -k wusvcs -p\",\"currentDirectory\":\"C:\\\\\\\\Windows\\\\\\\\system32\\\\\\\\\",\"user\":\"NT AUTHORITY\\\\\\\\SYSTEM\",\"logonGuid\":\"{1674318e-0041-6323-e703-000000000000}\",\"logonId\":\"0x3e7\",\"terminalSessionId\":\"0\",\"integrityLevel\":\"System\",\"hashes\":\"SHA256=F3FEB95E7BCFB0766A694D93FCA29EDA7E2CA977C2395B4BE75242814EB6D881\",\"parentProcessGuid\":\"{00000000-0000-0000-0000-000000000000}\",\"parentProcessId\":\"584\"}}}","decoder":{"name":"windows_eventchannel"},"data":{"win":{"system":{"providerName":"Microsoft-Windows-Sysmon","providerGuid":"{5770385f-c22a-43e0-bf4c-06f5698ffbd9}","eventID":"1","version":"5","level":"4","task":"1","opcode":"0","keywords":"0x8000000000000000","systemTime":"2022-09-15T10:38:58.7850765Z","eventRecordID":"22526","processID":"1092","threadID":"2988","channel":"Microsoft-Windows-Sysmon/Operational","computer":"DESKTOP-D403BQC","severityValue":"INFORMATION","message":"\"Process Create:\r\nRuleName: -\r\nUtcTime: 2022-09-15 10:38:58.721\r\nProcessGuid: {1674318e-00c2-6323-7100-000000003a00}\r\nProcessId: 4984\r\nImage: C:\\Windows\\System32\\svchost.exe\r\nFileVersion: 10.0.19041.1566 (WinBuild.160101.0800)\r\nDescription: Host Process for Windows Services\r\nProduct: Microsoft Windows Operating System\r\nCompany: Microsoft Corporation\r\nOriginalFileName: svchost.exe\r\nCommandLine: C:\\Windows\\system32\\svchost.exe -k wusvcs -p\r\nCurrentDirectory: C:\\Windows\\system32\\\r\nUser: NT AUTHORITY\\SYSTEM\r\nLogonGuid: {1674318e-0041-6323-e703-000000000000}\r\nLogonId: 0x3E7\r\nTerminalSessionId: 0\r\nIntegrityLevel: System\r\nHashes: SHA256=F3FEB95E7BCFB0766A694D93FCA29EDA7E2CA977C2395B4BE75242814EB6D881\r\nParentProcessGuid: {00000000-0000-0000-0000-000000000000}\r\nParentProcessId: 584\r\nParentImage: -\r\nParentCommandLine: -\r\nParentUser: -\""},"eventdata":{"utcTime":"2022-09-15 10:38:58.721","processGuid":"{1674318e-00c2-6323-7100-000000003a00}","processId":"4984","image":"C:\\\\Windows\\\\System32\\\\svchost.exe","fileVersion":"10.0.19041.1566 (WinBuild.160101.0800)","description":"Host Process for Windows Services","product":"Microsoft Windows Operating System","company":"Microsoft Corporation","originalFileName":"svchost.exe","commandLine":"C:\\\\Windows\\\\system32\\\\svchost.exe -k wusvcs -p","currentDirectory":"C:\\\\Windows\\\\system32\\\\","user":"NT AUTHORITY\\\\SYSTEM","logonGuid":"{1674318e-0041-6323-e703-000000000000}","logonId":"0x3e7","terminalSessionId":"0","integrityLevel":"System","hashes":"SHA256=F3FEB95E7BCFB0766A694D93FCA29EDA7E2CA977C2395B4BE75242814EB6D881","parentProcessGuid":"{00000000-0000-0000-0000-000000000000}","parentProcessId":"584"}}},"location":"EventChannel"}
{"timestamp":"2022-09-15T03:39:03.207-0700","rule":{"level":12,"description":"Sysmon - Suspicious Process - taskhost.exe","id":"61634","mitre":{"id":["T1055"],"tactic":["Defense Evasion","Privilege Escalation"],"technique":["Process Injection"]},"firedtimes":14,"mail":true,"groups":["windows","sysmon","sysmon_process-anomalies"],"pci_dss":["10.6.1","11.4"],"gdpr":["IV_35.7.d"],"hipaa":["164.312.b"],"nist_800_53":["AU.6","SI.4"],"tsc":["CC7.2","CC7.3","CC6.1","CC6.8"]},"agent":{"id":"002","name":"DESKTOP-D403BQC","ip":"192.168.1.112"},"manager":{"name":"zachary-VirtualBox"},"id":"1663238343.572061","full_log":"{\"win\":{\"system\":{\"providerName\":\"Microsoft-Windows-Sysmon\",\"providerGuid\":\"{5770385f-c22a-43e0-bf4c-06f5698ffbd9}\",\"eventID\":\"1\",\"version\":\"5\",\"level\":\"4\",\"task\":\"1\",\"opcode\":\"0\",\"keywords\":\"0x8000000000000000\",\"systemTime\":\"2022-09-15T10:39:01.0588326Z\",\"eventRecordID\":\"22528\",\"processID\":\"1092\",\"threadID\":\"2988\",\"channel\":\"Microsoft-Windows-Sysmon/Operational\",\"computer\":\"DESKTOP-D403BQC\",\"severityValue\":\"INFORMATION\",\"message\":\"\\\"Process Create:\\r\\nRuleName: -\\r\\nUtcTime: 2022-09-15 10:39:00.890\\r\\nProcessGuid: {1674318e-00c4-6323-7300-000000003a00}\\r\\nProcessId: 5088\\r\\nImage: C:\\\\Windows\\\\System32\\\\backgroundTaskHost.exe\\r\\nFileVersion: 10.0.19041.546 (WinBuild.160101.0800)\\r\\nDescription: Background Task Host\\r\\nProduct: Microsoft Windows Operating System\\r\\nCompany: Microsoft Corporation\\r\\nOriginalFileName: backgroundTaskHost.exe\\r\\nCommandLine: \\\"C:\\\\Windows\\\\system32\\\\backgroundTaskHost.exe\\\" -ServerName:ShellFeedsUI.AppXnj65k2d1a1rnztt2t2nng5ctmk3e76pn.mca\\r\\nCurrentDirectory: C:\\\\Windows\\\\SystemApps\\\\Microsoft.Windows.Search_cw5n1h2txyewy\\\\\\r\\nUser: DESKTOP-D403BQC\\\\Sam\\r\\nLogonGuid: {1674318e-005d-6323-7b6b-030000000000}\\r\\nLogonId: 0x36B7B\\r\\nTerminalSessionId: 1\\r\\nIntegrityLevel: AppContainer\\r\\nHashes: SHA256=20330D3CA71D58F4AEB432676CB6A3D5B97005954E45132FB083E90782EFDD50\\r\\nParentProcessGuid: {00000000-0000-0000-0000-000000000000}\\r\\nParentProcessId: 752\\r\\nParentImage: -\\r\\nParentCommandLine: -\\r\\nParentUser: -\\\"\"},\"eventdata\":{\"utcTime\":\"2022-09-15 10:39:00.890\",\"processGuid\":\"{1674318e-00c4-6323-7300-000000003a00}\",\"processId\":\"5088\",\"image\":\"C:\\\\\\\\Windows\\\\\\\\System32\\\\\\\\backgroundTaskHost.exe\",\"fileVersion\":\"10.0.19041.546 (WinBuild.160101.0800)\",\"description\":\"Background Task Host\",\"product\":\"Microsoft Windows Operating System\",\"company\":\"Microsoft Corporation\",\"originalFileName\":\"backgroundTaskHost.exe\",\"commandLine\":\"\\\\\\\"C:\\\\\\\\Windows\\\\\\\\system32\\\\\\\\backgroundTaskHost.exe\\\\\\\" -ServerName:ShellFeedsUI.AppXnj65k2d1a1rnztt2t2nng5ctmk3e76pn.mca\",\"currentDirectory\":\"C:\\\\\\\\Windows\\\\\\\\SystemApps\\\\\\\\Microsoft.Windows.Search_cw5n1h2txyewy\\\\\\\\\",\"user\":\"DESKTOP-D403BQC\\\\\\\\Sam\",\"logonGuid\":\"{1674318e-005d-6323-7b6b-030000000000}\",\"logonId\":\"0x36b7b\",\"terminalSessionId\":\"1\",\"integrityLevel\":\"AppContainer\",\"hashes\":\"SHA256=20330D3CA71D58F4AEB432676CB6A3D5B97005954E45132FB083E90782EFDD50\",\"parentProcessGuid\":\"{00000000-0000-0000-0000-000000000000}\",\"parentProcessId\":\"752\"}}}","decoder":{"name":"windows_eventchannel"},"data":{"win":{"system":{"providerName":"Microsoft-Windows-Sysmon","providerGuid":"{5770385f-c22a-43e0-bf4c-06f5698ffbd9}","eventID":"1","version":"5","level":"4","task":"1","opcode":"0","keywords":"0x8000000000000000","systemTime":"2022-09-15T10:39:01.0588326Z","eventRecordID":"22528","processID":"1092","threadID":"2988","channel":"Microsoft-Windows-Sysmon/Operational","computer":"DESKTOP-D403BQC","severityValue":"INFORMATION","message":"\"Process Create:\r\nRuleName: -\r\nUtcTime: 2022-09-15 10:39:00.890\r\nProcessGuid: {1674318e-00c4-6323-7300-000000003a00}\r\nProcessId: 5088\r\nImage: C:\\Windows\\System32\\backgroundTaskHost.exe\r\nFileVersion: 10.0.19041.546 (WinBuild.160101.0800)\r\nDescription: Background Task Host\r\nProduct: Microsoft Windows Operating System\r\nCompany: Microsoft Corporation\r\nOriginalFileName: backgroundTaskHost.exe\r\nCommandLine: \"C:\\Windows\\system32\\backgroundTaskHost.exe\" -ServerName:ShellFeedsUI.AppXnj65k2d1a1rnztt2t2nng5ctmk3e76pn.mca\r\nCurrentDirectory: C:\\Windows\\SystemApps\\Microsoft.Windows.Search_cw5n1h2txyewy\\\r\nUser: DESKTOP-D403BQC\\Sam\r\nLogonGuid: {1674318e-005d-6323-7b6b-030000000000}\r\nLogonId: 0x36B7B\r\nTerminalSessionId: 1\r\nIntegrityLevel: AppContainer\r\nHashes: SHA256=20330D3CA71D58F4AEB432676CB6A3D5B97005954E45132FB083E90782EFDD50\r\nParentProcessGuid: {00000000-0000-0000-0000-000000000000}\r\nParentProcessId: 752\r\nParentImage: -\r\nParentCommandLine: -\r\nParentUser: -\""},"eventdata":{"utcTime":"2022-09-15 10:39:00.890","processGuid":"{1674318e-00c4-6323-7300-000000003a00}","processId":"5088","image":"C:\\\\Windows\\\\System32\\\\backgroundTaskHost.exe","fileVersion":"10.0.19041.546 (WinBuild.160101.0800)","description":"Background Task Host","product":"Microsoft Windows Operating System","company":"Microsoft Corporation","originalFileName":"backgroundTaskHost.exe","commandLine":"\\\"C:\\\\Windows\\\\system32\\\\backgroundTaskHost.exe\\\" -ServerName:ShellFeedsUI.AppXnj65k2d1a1rnztt2t2nng5ctmk3e76pn.mca","currentDirectory":"C:\\\\Windows\\\\SystemApps\\\\Microsoft.Windows.Search_cw5n1h2txyewy\\\\","user":"DESKTOP-D403BQC\\\\Sam","logonGuid":"{1674318e-005d-6323-7b6b-030000000000}","logonId":"0x36b7b","terminalSessionId":"1","integrityLevel":"AppContainer","hashes":"SHA256=20330D3CA71D58F4AEB432676CB6A3D5B97005954E45132FB083E90782EFDD50","parentProcessGuid":"{00000000-0000-0000-0000-000000000000}","parentProcessId":"752"}}},"location":"EventChannel"}
{"timestamp":"2022-09-15T03:39:04.336-0700","rule":{"level":12,"description":"Sysmon - Suspicious Process - taskhost.exe","id":"61634","mitre":{"id":["T1055"],"tactic":["Defense Evasion","Privilege Escalation"],"technique":["Process Injection"]},"firedtimes":15,"mail":true,"groups":["windows","sysmon","sysmon_process-anomalies"],"pci_dss":["10.6.1","11.4"],"gdpr":["IV_35.7.d"],"hipaa":["164.312.b"],"nist_800_53":["AU.6","SI.4"],"tsc":["CC7.2","CC7.3","CC6.1","CC6.8"]},"agent":{"id":"003","name":"DESKTOP-0H8GJPO","ip":"192.168.1.13"},"manager":{"name":"zachary-VirtualBox"},"id":"1663238344.577491","full_log":"{\"win\":{\"system\":{\"providerName\":\"Microsoft-Windows-Sysmon\",\"providerGuid\":\"{5770385f-c22a-43e0-bf4c-06f5698ffbd9}\",\"eventID\":\"1\",\"version\":\"5\",\"level\":\"4\",\"task\":\"1\",\"opcode\":\"0\",\"keywords\":\"0x8000000000000000\",\"systemTime\":\"2022-09-15T10:39:01.3700173Z\",\"eventRecordID\":\"10751\",\"processID\":\"2256\",\"threadID\":\"2280\",\"channel\":\"Microsoft-Windows-Sysmon/Operational\",\"computer\":\"DESKTOP-0H8GJPO\",\"severityValue\":\"INFORMATION\",\"message\":\"\\\"Process Create:\\r\\nRuleName: -\\r\\nUtcTime: 2022-09-15 10:39:01.305\\r\\nProcessGuid: {1d48d585-00c5-6323-7f00-000000002200}\\r\\nProcessId: 1412\\r\\nImage: C:\\\\Windows\\\\System32\\\\backgroundTaskHost.exe\\r\\nFileVersion: 10.0.19041.546 (WinBuild.160101.0800)\\r\\nDescription: Background Task Host\\r\\nProduct: Microsoft Windows Operating System\\r\\nCompany: Microsoft Corporation\\r\\nOriginalFileName: backgroundTaskHost.exe\\r\\nCommandLine: \\\"C:\\\\Windows\\\\system32\\\\backgroundTaskHost.exe\\\" -ServerName:App.AppXfkd8mejksk4ancwf4vtyhmkvtzn1jcbs.mca\\r\\nCurrentDirectory: C:\\\\Program Files\\\\WindowsApps\\\\Microsoft.YourPhone_1.22062.543.0_x64__8wekyb3d8bbwe\\\\\\r\\nUser: DESKTOP-0H8GJPO\\\\mrpol\\r\\nLogonGuid: {1d48d585-003f-6323-9c20-040000000000}\\r\\nLogonId: 0x4209C\\r\\nTerminalSessionId: 1\\r\\nIntegrityLevel: AppContainer\\r\\nHashes: SHA256=20330D3CA71D58F4AEB432676CB6A3D5B97005954E45132FB083E90782EFDD50\\r\\nParentProcessGuid: {00000000-0000-0000-0000-000000000000}\\r\\nParentProcessId: 748\\r\\nParentImage: -\\r\\nParentCommandLine: -\\r\\nParentUser: -\\\"\"},\"eventdata\":{\"utcTime\":\"2022-09-15 10:39:01.305\",\"processGuid\":\"{1d48d585-00c5-6323-7f00-000000002200}\",\"processId\":\"1412\",\"image\":\"C:\\\\\\\\Windows\\\\\\\\System32\\\\\\\\backgroundTaskHost.exe\",\"fileVersion\":\"10.0.19041.546 (WinBuild.160101.0800)\",\"description\":\"Background Task Host\",\"product\":\"Microsoft Windows Operating System\",\"company\":\"Microsoft Corporation\",\"originalFileName\":\"backgroundTaskHost.exe\",\"commandLine\":\"\\\\\\\"C:\\\\\\\\Windows\\\\\\\\system32\\\\\\\\backgroundTaskHost.exe\\\\\\\" -ServerName:App.AppXfkd8mejksk4ancwf4vtyhmkvtzn1jcbs.mca\",\"currentDirectory\":\"C:\\\\\\\\Program Files\\\\\\\\WindowsApps\\\\\\\\Microsoft.YourPhone_1.22062.543.0_x64__8wekyb3d8bbwe\\\\\\\\\",\"user\":\"DESKTOP-0H8GJPO\\\\\\\\mrpol\",\"logonGuid\":\"{1d48d585-003f-6323-9c20-040000000000}\",\"logonId\":\"0x4209c\",\"terminalSessionId\":\"1\",\"integrityLevel\":\"AppContainer\",\"hashes\":\"SHA256=20330D3CA71D58F4AEB432676CB6A3D5B97005954E45132FB083E90782EFDD50\",\"parentProcessGuid\":\"{00000000-0000-0000-0000-000000000000}\",\"parentProcessId\":\"748\"}}}","decoder":{"name":"windows_eventchannel"},"data":{"win":{"system":{"providerName":"Microsoft-Windows-Sysmon","providerGuid":"{5770385f-c22a-43e0-bf4c-06f5698ffbd9}","eventID":"1","version":"5","level":"4","task":"1","opcode":"0","keywords":"0x8000000000000000","systemTime":"2022-09-15T10:39:01.3700173Z","eventRecordID":"10751","processID":"2256","threadID":"2280","channel":"Microsoft-Windows-Sysmon/Operational","computer":"DESKTOP-0H8GJPO","severityValue":"INFORMATION","message":"\"Process Create:\r\nRuleName: -\r\nUtcTime: 2022-09-15 10:39:01.305\r\nProcessGuid: {1d48d585-00c5-6323-7f00-000000002200}\r\nProcessId: 1412\r\nImage: C:\\Windows\\System32\\backgroundTaskHost.exe\r\nFileVersion: 10.0.19041.546 (WinBuild.160101.0800)\r\nDescription: Background Task Host\r\nProduct: Microsoft Windows Operating System\r\nCompany: Microsoft Corporation\r\nOriginalFileName: backgroundTaskHost.exe\r\nCommandLine: \"C:\\Windows\\system32\\backgroundTaskHost.exe\" -ServerName:App.AppXfkd8mejksk4ancwf4vtyhmkvtzn1jcbs.mca\r\nCurrentDirectory: C:\\Program Files\\WindowsApps\\Microsoft.YourPhone_1.22062.543.0_x64__8wekyb3d8bbwe\\\r\nUser: DESKTOP-0H8GJPO\\mrpol\r\nLogonGuid: {1d48d585-003f-6323-9c20-040000000000}\r\nLogonId: 0x4209C\r\nTerminalSessionId: 1\r\nIntegrityLevel: AppContainer\r\nHashes: SHA256=20330D3CA71D58F4AEB432676CB6A3D5B97005954E45132FB083E90782EFDD50\r\nParentProcessGuid: {00000000-0000-0000-0000-000000000000}\r\nParentProcessId: 748\r\nParentImage: -\r\nParentCommandLine: -\r\nParentUser: -\""},"eventdata":{"utcTime":"2022-09-15 10:39:01.305","processGuid":"{1d48d585-00c5-6323-7f00-000000002200}","processId":"1412","image":"C:\\\\Windows\\\\System32\\\\backgroundTaskHost.exe","fileVersion":"10.0.19041.546 (WinBuild.160101.0800)","description":"Background Task Host","product":"Microsoft Windows Operating System","company":"Microsoft Corporation","originalFileName":"backgroundTaskHost.exe","commandLine":"\\\"C:\\\\Windows\\\\system32\\\\backgroundTaskHost.exe\\\" -ServerName:App.AppXfkd8mejksk4ancwf4vtyhmkvtzn1jcbs.mca","currentDirectory":"C:\\\\Program Files\\\\WindowsApps\\\\Microsoft.YourPhone_1.22062.543.0_x64__8wekyb3d8bbwe\\\\","user":"DESKTOP-0H8GJPO\\\\mrpol","logonGuid":"{1d48d585-003f-6323-9c20-040000000000}","logonId":"0x4209c","terminalSessionId":"1","integrityLevel":"AppContainer","hashes":"SHA256=20330D3CA71D58F4AEB432676CB6A3D5B97005954E45132FB083E90782EFDD50","parentProcessGuid":"{00000000-0000-0000-0000-000000000000}","parentProcessId":"748"}}},"location":"EventChannel"}
