{"timestamp":"2022-09-15T02:42:16.066-0700","rule":{"level":3,"description":"Ossec server started.","id":"502","firedtimes":1,"mail":false,"groups":["ossec"],"pci_dss":["10.6.1"],"gpg13":["10.1"],"gdpr":["IV_35.7.d"],"hipaa":["164.312.b"],"nist_800_53":["AU.6"],"tsc":["CC7.2","CC7.3"]},"agent":{"id":"000","name":"zachary-VirtualBox"},"manager":{"name":"zachary-VirtualBox"},"id":"1663234936.0","full_log":"ossec: Ossec started.","decoder":{"name":"ossec"},"location":"wazuh-monitord"}
{"timestamp":"2022-09-15T02:43:07.191-0700","rule":{"level":3,"description":"PAM: Login session opened.","id":"5501","mitre":{"id":["T1078"],"tactic":["Defense Evasion","Persistence","Privilege Escalation","Initial Access"],"technique":["Valid Accounts"]},"firedtimes":1,"mail":false,"groups":["pam","syslog","authentication_success"],"pci_dss":["10.2.5"],"gpg13":["7.8","7.9"],"gdpr":["IV_32.2"],"hipaa":["164.312.b"],"nist_800_53":["AU.14","AC.7"],"tsc":["CC6.8","CC7.2","CC7.3"]},"agent":{"id":"000","name":"zachary-VirtualBox"},"manager":{"name":"zachary-VirtualBox"},"id":"1663234987.252","full_log":"Sep 15 02:43:06 zachary-VirtualBox pkexec: pam_unix(polkit-1:session): session opened for user root by (uid=1000)","predecoder":{"program_name":"pkexec","timestamp":"Sep 15 02:43:06","hostname":"zachary-VirtualBox"},"decoder":{"parent":"pam","name":"pam"},"data":{"dstuser":"root","uid":"1000"},"location":"/var/log/auth.log"}
{"timestamp":"2022-09-15T02:43:31.219-0700","rule":{"level":8,"description":"Interface entered in promiscuous(sniffing) mode.","id":"5104","mitre":{"id":["T1040"],"tactic":["Credential Access","Discovery"],"technique":["Network Sniffing"]},"firedtimes":1,"mail":false,"groups":["syslog","linuxkernel","promisc"],"pci_dss":["10.6.1","11.4"],"gpg13":["4.13"],"gdpr":["IV_35.7.d"],"hipaa":["164.312.b"],"nist_800_53":["AU.6","SI.4"],"tsc":["CC7.2","CC7.3","CC6.1","CC6.8"]},"agent":{"id":"000","name":"zachary-VirtualBox"},"manager":{"name":"zachary-VirtualBox"},"id":"1663235011.691","full_log":"Sep 15 02:43:29 zachary-VirtualBox kernel: [  125.684490] device enp0s3 entered promiscuous mode","predecoder":{"program_name":"kernel","timestamp":"Sep 15 02:43:29","hostname":"zachary-VirtualBox"},"decoder":{"name":"kernel"},"location":"/var/log/syslog"}
{"timestamp":"2022-09-15T02:43:31.220-0700","rule":{"level":8,"description":"Interface entered in promiscuous(sniffing) mode.","id":"5104","mitre":{"id":["T1040"],"tactic":["Credential Access","Discovery"],"technique":["Network Sniffing"]},"firedtimes":2,"mail":false,"groups":["syslog","linuxkernel","promisc"],"pci_dss":["10.6.1","11.4"],"gpg13":["4.13"],"gdpr":["IV_35.7.d"],"hipaa":["164.312.b"],"nist_800_53":["AU.6","SI.4"],"tsc":["CC7.2","CC7.3","CC6.1","CC6.8"]},"agent":{"id":"000","name":"zachary-VirtualBox"},"manager":{"name":"zachary-VirtualBox"},"id":"1663235011.1120","full_log":"Sep 15 02:43:29 zachary-VirtualBox kernel: [  125.684490] device enp0s3 entered promiscuous mode","predecoder":{"program_name":"kernel","timestamp":"Sep 15 02:43:29","hostname":"zachary-VirtualBox"},"decoder":{"name":"kernel"},"location":"/var/log/kern.log"}
{"timestamp":"2022-09-15T02:45:57.399-0700","rule":{"level":3,"description":"Suricata: Alert - ET INFO Observed Cloudflare DNS over HTTPS Domain (cloudflare-dns .com in TLS SNI)","id":"86601","firedtimes":1,"mail":false,"groups":["ids","suricata"]},"agent":{"id":"000","name":"zachary-VirtualBox"},"manager":{"name":"zachary-VirtualBox"},"id":"1663235157.1552","decoder":{"name":"json"},"data":{"timestamp":"2022-09-15T02:45:56.863389-0700","flow_id":"473833481218704.000000","in_iface":"enp0s3","event_type":"alert","src_ip":"192.168.1.18","src_port":"32976","dest_ip":"104.16.248.249","dest_port":"443","proto":"TCP","tx_id":"0","alert":{"action":"allowed","gid":"1","signature_id":"2027695","rev":"4","signature":"ET INFO Observed Cloudflare DNS over HTTPS Domain (cloudflare-dns .com in TLS SNI)","category":"Misc activity","severity":"3","metadata":{"affected_product":["Any"],"attack_target":["Client_Endpoint"],"created_at":["2019_07_09"],"deployment":["Perimeter"],"former_category":["POLICY"],"performance_impact":["Low"],"signature_severity":["Informational"],"tag":["DoH"],"updated_at":["2020_09_17"]}},"tls":{"sni":"mozilla.cloudflare-dns.com","version":"TLS 1.3","ja3":{"hash":"579ccef312d18482fc42e2b822ca2430","string":"771,4865-4867-4866-49195-49199-52393-52392-49196-49200-49162-49161-49171-49172-156-157-47-53,0-23-65281-10-11-35-16-5-34-51-43-13-45-28-21,29-23-24-25-256-257,0"},"ja3s":{"hash":"eb1d94daa7e0344597e756a1fb6e7054","string":"771,4865,51-43"}},"app_proto":"tls","flow":{"pkts_toserver":"4","pkts_toclient":"3","bytes_toserver":"753","bytes_toclient":"1640","start":"2022-09-15T02:45:56.830096-0700"}},"location":"/var/log/suricata/eve.json"}
{"timestamp":"2022-09-15T02:55:02.718-0700","rule":{"level":3,"description":"Ossec server started.","id":"502","firedtimes":1,"mail":false,"groups":["ossec"],"pci_dss":["10.6.1"],"gpg13":["10.1"],"gdpr":["IV_35.7.d"],"hipaa":["164.312.b"],"nist_800_53":["AU.6"],"tsc":["CC7.2","CC7.3"]},"agent":{"id":"000","name":"zachary-VirtualBox"},"manager":{"name":"zachary-VirtualBox"},"id":"1663235702.4327","full_log":"ossec: Ossec started.","decoder":{"name":"ossec"},"location":"wazuh-monitord"}
{"timestamp":"2022-09-15T02:55:59.977-0700","rule":{"level":3,"description":"PAM: Login session opened.","id":"5501","mitre":{"id":["T1078"],"tactic":["Defense Evasion","Persistence","Privilege Escalation","Initial Access"],"technique":["Valid Accounts"]},"firedtimes":1,"mail":false,"groups":["pam","syslog","authentication_success"],"pci_dss":["10.2.5"],"gpg13":["7.8","7.9"],"gdpr":["IV_32.2"],"hipaa":["164.312.b"],"nist_800_53":["AU.14","AC.7"],"tsc":["CC6.8","CC7.2","CC7.3"]},"agent":{"id":"000","name":"zachary-VirtualBox"},"manager":{"name":"zachary-VirtualBox"},"id":"1663235759.4582","full_log":"Sep 15 02:55:58 zachary-VirtualBox pkexec: pam_unix(polkit-1:session): session opened for user root by (uid=1000)","predecoder":{"program_name":"pkexec","timestamp":"Sep 15 02:55:58","hostname":"zachary-VirtualBox"},"decoder":{"parent":"pam","name":"pam"},"data":{"dstuser":"root","uid":"1000"},"location":"/var/log/auth.log"}
{"timestamp":"2022-09-15T02:56:11.994-0700","rule":{"level":8,"description":"Interface entered in promiscuous(sniffing) mode.","id":"5104","mitre":{"id":["T1040"],"tactic":["Credential Access","Discovery"],"technique":["Network Sniffing"]},"firedtimes":1,"mail":false,"groups":["syslog","linuxkernel","promisc"],"pci_dss":["10.6.1","11.4"],"gpg13":["4.13"],"gdpr":["IV_35.7.d"],"hipaa":["164.312.b"],"nist_800_53":["AU.6","SI.4"],"tsc":["CC7.2","CC7.3","CC6.1","CC6.8"]},"agent":{"id":"000","name":"zachary-VirtualBox"},"manager":{"name":"zachary-VirtualBox"},"id":"1663235771.5022","full_log":"Sep 15 02:56:11 zachary-VirtualBox kernel: [  109.140327] device enp0s3 entered promiscuous mode","predecoder":{"program_name":"kernel","timestamp":"Sep 15 02:56:11","hostname":"zachary-VirtualBox"},"decoder":{"name":"kernel"},"location":"/var/log/syslog"}
{"timestamp":"2022-09-15T02:56:11.994-0700","rule":{"level":8,"description":"Interface entered in promiscuous(sniffing) mode.","id":"5104","mitre":{"id":["T1040"],"tactic":["Credential Access","Discovery"],"technique":["Network Sniffing"]},"firedtimes":2,"mail":false,"groups":["syslog","linuxkernel","promisc"],"pci_dss":["10.6.1","11.4"],"gpg13":["4.13"],"gdpr":["IV_35.7.d"],"hipaa":["164.312.b"],"nist_800_53":["AU.6","SI.4"],"tsc":["CC7.2","CC7.3","CC6.1","CC6.8"]},"agent":{"id":"000","name":"zachary-VirtualBox"},"manager":{"name":"zachary-VirtualBox"},"id":"1663235771.5452","full_log":"Sep 15 02:56:11 zachary-VirtualBox kernel: [  109.140327] device enp0s3 entered promiscuous mode","predecoder":{"program_name":"kernel","timestamp":"Sep 15 02:56:11","hostname":"zachary-VirtualBox"},"decoder":{"name":"kernel"},"location":"/var/log/kern.log"}
{"timestamp":"2022-09-15T02:56:34.048-0700","rule":{"level":3,"description":"Suricata: Alert - ET INFO Observed Cloudflare DNS over HTTPS Domain (cloudflare-dns .com in TLS SNI)","id":"86601","firedtimes":1,"mail":false,"groups":["ids","suricata"]},"agent":{"id":"000","name":"zachary-VirtualBox"},"manager":{"name":"zachary-VirtualBox"},"id":"1663235794.5884","decoder":{"name":"json"},"data":{"timestamp":"2022-09-15T02:56:33.073270-0700","flow_id":"1858032762978053.000000","in_iface":"enp0s3","event_type":"alert","src_ip":"192.168.1.18","src_port":"49794","dest_ip":"104.16.248.249","dest_port":"443","proto":"TCP","tx_id":"0","alert":{"action":"allowed","gid":"1","signature_id":"2027695","rev":"4","signature":"ET INFO Observed Cloudflare DNS over HTTPS Domain (cloudflare-dns .com in TLS SNI)","category":"Misc activity","severity":"3","metadata":{"affected_product":["Any"],"attack_target":["Client_Endpoint"],"created_at":["2019_07_09"],"deployment":["Perimeter"],"former_category":["POLICY"],"performance_impact":["Low"],"signature_severity":["Informational"],"tag":["DoH"],"updated_at":["2020_09_17"]}},"tls":{"sni":"mozilla.cloudflare-dns.com","version":"TLS 1.3","ja3":{"hash":"579ccef312d18482fc42e2b822ca2430","string":"771,4865-4867-4866-49195-49199-52393-52392-49196-49200-49162-49161-49171-49172-156-157-47-53,0-23-65281-10-11-35-16-5-34-51-43-13-45-28-21,29-23-24-25-256-257,0"},"ja3s":{"hash":"eb1d94daa7e0344597e756a1fb6e7054","string":"771,4865,51-43"}},"app_proto":"tls","flow":{"pkts_toserver":"4","pkts_toclient":"3","bytes_toserver":"753","bytes_toclient":"1640","start":"2022-09-15T02:56:33.032517-0700"}},"location":"/var/log/suricata/eve.json"}
{"timestamp":"2022-09-15T02:56:34.048-0700","rule":{"level":3,"description":"Suricata: Alert - ET INFO Observed Cloudflare DNS over HTTPS Domain (cloudflare-dns .com in TLS SNI)","id":"86601","firedtimes":2,"mail":false,"groups":["ids","suricata"]},"agent":{"id":"000","name":"zachary-VirtualBox"},"manager":{"name":"zachary-VirtualBox"},"id":"1663235794.8661","decoder":{"name":"json"},"data":{"timestamp":"2022-09-15T02:56:33.076512-0700","flow_id":"1142920708193981.000000","in_iface":"enp0s3","event_type":"alert","src_ip":"192.168.1.18","src_port":"49792","dest_ip":"104.16.248.249","dest_port":"443","proto":"TCP","tx_id":"0","alert":{"action":"allowed","gid":"1","signature_id":"2027695","rev":"4","signature":"ET INFO Observed Cloudflare DNS over HTTPS Domain (cloudflare-dns .com in TLS SNI)","category":"Misc activity","severity":"3","metadata":{"affected_product":["Any"],"attack_target":["Client_Endpoint"],"created_at":["2019_07_09"],"deployment":["Perimeter"],"former_category":["POLICY"],"performance_impact":["Low"],"signature_severity":["Informational"],"tag":["DoH"],"updated_at":["2020_09_17"]}},"tls":{"sni":"mozilla.cloudflare-dns.com","version":"TLS 1.3","ja3":{"hash":"579ccef312d18482fc42e2b822ca2430","string":"771,4865-4867-4866-49195-49199-52393-52392-49196-49200-49162-49161-49171-49172-156-157-47-53,0-23-65281-10-11-35-16-5-34-51-43-13-45-28-21,29-23-24-25-256-257,0"},"ja3s":{"hash":"eb1d94daa7e0344597e756a1fb6e7054","string":"771,4865,51-43"}},"app_proto":"tls","flow":{"pkts_toserver":"4","pkts_toclient":"3","bytes_toserver":"753","bytes_toclient":"1640","start":"2022-09-15T02:56:33.032445-0700"}},"location":"/var/log/suricata/eve.json"}
{"timestamp":"2022-09-15T03:27:48.703-0700","rule":{"level":3,"description":"Ossec server started.","id":"502","firedtimes":1,"mail":false,"groups":["ossec"],"pci_dss":["10.6.1"],"gpg13":["10.1"],"gdpr":["IV_35.7.d"],"hipaa":["164.312.b"],"nist_800_53":["AU.6"],"tsc":["CC7.2","CC7.3"]},"agent":{"id":"000","name":"zachary-VirtualBox"},"manager":{"name":"zachary-VirtualBox"},"id":"1663237668.11438","full_log":"ossec: Ossec started.","decoder":{"name":"ossec"},"location":"wazuh-monitord"}
{"timestamp":"2022-09-15T03:28:48.306-0700","rule":{"level":3,"description":"PAM: Login session opened.","id":"5501","mitre":{"id":["T1078"],"tactic":["Defense Evasion","Persistence","Privilege Escalation","Initial Access"],"technique":["Valid Accounts"]},"firedtimes":1,"mail":false,"groups":["pam","syslog","authentication_success"],"pci_dss":["10.2.5"],"gpg13":["7.8","7.9"],"gdpr":["IV_32.2"],"hipaa":["164.312.b"],"nist_800_53":["AU.14","AC.7"],"tsc":["CC6.8","CC7.2","CC7.3"]},"agent":{"id":"000","name":"zachary-VirtualBox"},"manager":{"name":"zachary-VirtualBox"},"id":"1663237728.11694","full_log":"Sep 15 03:28:47 zachary-VirtualBox pkexec: pam_unix(polkit-1:session): session opened for user root by (uid=1000)","predecoder":{"program_name":"pkexec","timestamp":"Sep 15 03:28:47","hostname":"zachary-VirtualBox"},"decoder":{"parent":"pam","name":"pam"},"data":{"dstuser":"root","uid":"1000"},"location":"/var/log/auth.log"}
{"timestamp":"2022-09-15T03:29:10.324-0700","rule":{"level":8,"description":"Interface entered in promiscuous(sniffing) mode.","id":"5104","mitre":{"id":["T1040"],"tactic":["Credential Access","Discovery"],"technique":["Network Sniffing"]},"firedtimes":1,"mail":false,"groups":["syslog","linuxkernel","promisc"],"pci_dss":["10.6.1","11.4"],"gpg13":["4.13"],"gdpr":["IV_35.7.d"],"hipaa":["164.312.b"],"nist_800_53":["AU.6","SI.4"],"tsc":["CC7.2","CC7.3","CC6.1","CC6.8"]},"agent":{"id":"000","name":"zachary-VirtualBox"},"manager":{"name":"zachary-VirtualBox"},"id":"1663237750.12135","full_log":"Sep 15 03:29:08 zachary-VirtualBox kernel: [  118.518709] device enp0s3 entered promiscuous mode","predecoder":{"program_name":"kernel","timestamp":"Sep 15 03:29:08","hostname":"zachary-VirtualBox"},"decoder":{"name":"kernel"},"location":"/var/log/syslog"}
{"timestamp":"2022-09-15T03:29:10.325-0700","rule":{"level":8,"description":"Interface entered in promiscuous(sniffing) mode.","id":"5104","mitre":{"id":["T1040"],"tactic":["Credential Access","Discovery"],"technique":["Network Sniffing"]},"firedtimes":2,"mail":false,"groups":["syslog","linuxkernel","promisc"],"pci_dss":["10.6.1","11.4"],"gpg13":["4.13"],"gdpr":["IV_35.7.d"],"hipaa":["164.312.b"],"nist_800_53":["AU.6","SI.4"],"tsc":["CC7.2","CC7.3","CC6.1","CC6.8"]},"agent":{"id":"000","name":"zachary-VirtualBox"},"manager":{"name":"zachary-VirtualBox"},"id":"1663237750.12566","full_log":"Sep 15 03:29:08 zachary-VirtualBox kernel: [  118.518709] device enp0s3 entered promiscuous mode","predecoder":{"program_name":"kernel","timestamp":"Sep 15 03:29:08","hostname":"zachary-VirtualBox"},"decoder":{"name":"kernel"},"location":"/var/log/kern.log"}
{"timestamp":"2022-09-15T03:30:10.395-0700","rule":{"level":3,"description":"Suricata: Alert - ET INFO Observed Cloudflare DNS over HTTPS Domain (cloudflare-dns .com in TLS SNI)","id":"86601","firedtimes":1,"mail":false,"groups":["ids","suricata"]},"agent":{"id":"000","name":"zachary-VirtualBox"},"manager":{"name":"zachary-VirtualBox"},"id":"1663237810.12999","decoder":{"name":"json"},"data":{"timestamp":"2022-09-15T03:30:10.204015-0700","flow_id":"1647214425438969.000000","in_iface":"enp0s3","event_type":"alert","src_ip":"192.168.1.18","src_port":"59268","dest_ip":"104.16.248.249","dest_port":"443","proto":"TCP","tx_id":"0","alert":{"action":"allowed","gid":"1","signature_id":"2027695","rev":"4","signature":"ET INFO Observed Cloudflare DNS over HTTPS Domain (cloudflare-dns .com in TLS SNI)","category":"Misc activity","severity":"3","metadata":{"affected_product":["Any"],"attack_target":["Client_Endpoint"],"created_at":["2019_07_09"],"deployment":["Perimeter"],"former_category":["POLICY"],"performance_impact":["Low"],"signature_severity":["Informational"],"tag":["DoH"],"updated_at":["2020_09_17"]}},"tls":{"sni":"mozilla.cloudflare-dns.com","version":"TLS 1.3","ja3":{"hash":"579ccef312d18482fc42e2b822ca2430","string":"771,4865-4867-4866-49195-49199-52393-52392-49196-49200-49162-49161-49171-49172-156-157-47-53,0-23-65281-10-11-35-16-5-34-51-43-13-45-28-21,29-23-24-25-256-257,0"},"ja3s":{"hash":"eb1d94daa7e0344597e756a1fb6e7054","string":"771,4865,51-43"}},"app_proto":"tls","flow":{"pkts_toserver":"4","pkts_toclient":"3","bytes_toserver":"753","bytes_toclient":"1640","start":"2022-09-15T03:30:10.162553-0700"}},"location":"/var/log/suricata/eve.json"}
{"timestamp":"2022-09-15T03:30:10.395-0700","rule":{"level":3,"description":"Suricata: Alert - ET INFO Observed Cloudflare DNS over HTTPS Domain (cloudflare-dns .com in TLS SNI)","id":"86601","firedtimes":2,"mail":false,"groups":["ids","suricata"]},"agent":{"id":"000","name":"zachary-VirtualBox"},"manager":{"name":"zachary-VirtualBox"},"id":"1663237810.15777","decoder":{"name":"json"},"data":{"timestamp":"2022-09-15T03:30:10.201145-0700","flow_id":"2132601564461717.000000","in_iface":"enp0s3","event_type":"alert","src_ip":"192.168.1.18","src_port":"59266","dest_ip":"104.16.248.249","dest_port":"443","proto":"TCP","tx_id":"0","alert":{"action":"allowed","gid":"1","signature_id":"2027695","rev":"4","signature":"ET INFO Observed Cloudflare DNS over HTTPS Domain (cloudflare-dns .com in TLS SNI)","category":"Misc activity","severity":"3","metadata":{"affected_product":["Any"],"attack_target":["Client_Endpoint"],"created_at":["2019_07_09"],"deployment":["Perimeter"],"former_category":["POLICY"],"performance_impact":["Low"],"signature_severity":["Informational"],"tag":["DoH"],"updated_at":["2020_09_17"]}},"tls":{"sni":"mozilla.cloudflare-dns.com","version":"TLS 1.3","ja3":{"hash":"579ccef312d18482fc42e2b822ca2430","string":"771,4865-4867-4866-49195-49199-52393-52392-49196-49200-49162-49161-49171-49172-156-157-47-53,0-23-65281-10-11-35-16-5-34-51-43-13-45-28-21,29-23-24-25-256-257,0"},"ja3s":{"hash":"eb1d94daa7e0344597e756a1fb6e7054","string":"771,4865,51-43"}},"app_proto":"tls","flow":{"pkts_toserver":"4","pkts_toclient":"3","bytes_toserver":"753","bytes_toclient":"1640","start":"2022-09-15T03:30:10.162453-0700"}},"location":"/var/log/suricata/eve.json"}
{"timestamp":"2022-09-15T03:33:30.042-0700","rule":{"level":3,"description":"Ossec agent started.","id":"503","firedtimes":1,"mail":false,"groups":["ossec"],"pci_dss":["10.6.1","10.2.6"],"gpg13":["10.1"],"gdpr":["IV_35.7.d"],"hipaa":["164.312.b"],"nist_800_53":["AU.6","AU.14","AU.5"],"tsc":["CC7.2","CC7.3","CC6.8"]},"agent":{"id":"007","name":"DESKTOP-9LO9B7Q","ip":"192.168.1.115"},"manager":{"name":"zachary-VirtualBox"},"id":"1663238010.18555","full_log":"ossec: Agent started: 'DESKTOP-9LO9B7Q->any'.","decoder":{"parent":"ossec","name":"ossec"},"data":{"extra_data":"DESKTOP-9LO9B7Q->any"},"location":"ossec"}
{"timestamp":"2022-09-15T03:33:30.925-0700","rule":{"level":3,"description":"Windows logon success.","id":"60106","mitre":{"id":["T1078"],"tactic":["Defense Evasion","Persistence","Privilege Escalation","Initial Access"],"technique":["Valid Accounts"]},"firedtimes":1,"mail":false,"groups":["windows","windows_security","authentication_success"],"gdpr":["IV_32.2"],"gpg13":["7.1","7.2"],"hipaa":["164.312.b"],"nist_800_53":["AC.7","AU.14"],"pci_dss":["10.2.5"],"tsc":["CC6.8","CC7.2","CC7.3"]},"agent":{"id":"007","name":"DESKTOP-9LO9B7Q","ip":"192.168.1.115"},"manager":{"name":"zachary-VirtualBox"},"id":"1663238010.18888","decoder":{"name":"windows_eventchannel"},"data":{"win":{"system":{"providerName":"Microsoft-Windows-Security-Auditing","providerGuid":"{54849625-5478-4994-a5ba-3e3b0328c30d}","eventID":"4624","version":"2","level":"0","task":"12544","opcode":"0","keywords":"0x8020000000000000","systemTime":"2022-09-15T10:33:28.2809589Z","eventRecordID":"4251","processID":"592","threadID":"668","channel":"Security","computer":"DESKTOP-9LO9B7Q","severityValue":"AUDIT_SUCCESS","message":"\"An account was successfully logged on.\r\n\r\nSubject:\r\n\tSecurity ID:\t\tS-1-5-18\r\n\tAccount Name:\t\tDESKTOP-9LO9B7Q$\r\n\tAccount Domain:\t\tWORKGROUP\r\n\tLogon ID:\t\t0x3E7\r\n\r\nLogon Information:\r\n\tLogon Type:\t\t5\r\n\tRestricted Admin Mode:\t-\r\n\tVirtual Account:\t\tNo\r\n\tElevated Token:\t\tYes\r\n\r\nImpersonation Level:\t\tImpersonation\r\n\r\nNew Logon:\r\n\tSecurity ID:\t\tS-1-5-18\r\n\tAccount Name:\t\tSYSTEM\r\n\tAccount Domain:\t\tNT AUTHORITY\r\n\tLogon ID:\t\t0x3E7\r\n\tLinked Logon ID:\t\t0x0\r\n\tNetwork Account Name:\t-\r\n\tNetwork Account Domain:\t-\r\n\tLogon GUID:\t\t{00000000-0000-0000-0000-000000000000}\r\n\r\nProcess Information:\r\n\tProcess ID:\t\t0x248\r\n\tProcess Name:\t\tC:\\Windows\\System32\\services.exe\r\n\r\nNetwork Information:\r\n\tWorkstation Name:\t-\r\n\tSource Network Address:\t-\r\n\tSource Port:\t\t-\r\n\r\nDetailed Authentication Information:\r\n\tLogon Process:\t\tAdvapi  \r\n\tAuthentication Package:\tNegotiate\r\n\tTransited Services:\t-\r\n\tPackage Name (NTLM only):\t-\r\n\tKey Length:\t\t0\r\n\r\nThis event is generated when a logon session is created. It is generated on the computer that was accessed.\r\n\r\nThe subject fields indicate the account on the local system which requested the logon. This is most commonly a service such as the Server service, or a local process such as Winlogon.exe or Services.exe.\r\n\r\nThe logon type field indicates the kind of logon that occurred. The most common types are 2 (interactive) and 3 (network).\r\n\r\nThe New Logon fields indicate the account for whom the new logon was created, i.e. the account that was logged on.\r\n\r\nThe network fields indicate where a remote logon request originated. Workstation name is not always available and may be left blank in some cases.\r\n\r\nThe impersonation level field indicates the extent to which a process in the logon session can impersonate.\r\n\r\nThe authentication information fields provide detailed information about this specific logon request.\r\n\t- Logon GUID is a unique identifier that can be used to correlate this event with a KDC event.\r\n\t- Transited services indicate which intermediate services have participated in this logon request.\r\n\t- Package name indicates which sub-protocol was used among the NTLM protocols.\r\n\t- Key length indicates the length of the generated session key. This will be 0 if no session key was requested.\""},"eventdata":{"subjectUserSid":"S-1-5-18","subjectUserName":"DESKTOP-9LO9B7Q$","subjectDomainName":"WORKGROUP","subjectLogonId":"0x3e7","targetUserSid":"S-1-5-18","targetUserName":"SYSTEM","targetDomainName":"NT AUTHORITY","targetLogonId":"0x3e7","logonType":"5","logonProcessName":"Advapi","authenticationPackageName":"Negotiate","logonGuid":"{00000000-0000-0000-0000-000000000000}","keyLength":"0","processId":"0x248","processName":"C:\\\\Windows\\\\System32\\\\services.exe","impersonationLevel":"%%1833","virtualAccount":"%%1843","targetLinkedLogonId":"0x0","elevatedToken":"%%1842"}}},"location":"EventChannel"}
{"timestamp":"2022-09-15T03:33:41.215-0700","rule":{"level":3,"description":"Windows logon success.","id":"60106","mitre":{"id":["T1078"],"tactic":["Defense Evasion","Persistence","Privilege Escalation","Initial Access"],"technique":["Valid Accounts"]},"firedtimes":2,"mail":false,"groups":["windows","windows_security","authentication_success"],"gdpr":["IV_32.2"],"gpg13":["7.1","7.2"],"hipaa":["164.312.b"],"nist_800_53":["AC.7","AU.14"],"pci_dss":["10.2.5"],"tsc":["CC6.8","CC7.2","CC7.3"]},"agent":{"id":"007","name":"DESKTOP-9LO9B7Q","ip":"192.168.1.115"},"manager":{"name":"zachary-VirtualBox"},"id":"1663238021.26206","decoder":{"name":"windows_eventchannel"},"data":{"win":{"system":{"providerName":"Microsoft-Windows-Security-Auditing","providerGuid":"{54849625-5478-4994-a5ba-3e3b0328c30d}","eventID":"4624","version":"2","level":"0","task":"12544","opcode":"0","keywords":"0x8020000000000000","systemTime":"2022-09-15T10:33:34.1990346Z","eventRecordID":"4258","processID":"592","threadID":"896","channel":"Security","computer":"DESKTOP-9LO9B7Q","severityValue":"AUDIT_SUCCESS","message":"\"An account was successfully logged on.\r\n\r\nSubject:\r\n\tSecurity ID:\t\tS-1-5-18\r\n\tAccount Name:\t\tDESKTOP-9LO9B7Q$\r\n\tAccount Domain:\t\tWORKGROUP\r\n\tLogon ID:\t\t0x3E7\r\n\r\nLogon Information:\r\n\tLogon Type:\t\t5\r\n\tRestricted Admin Mode:\t-\r\n\tVirtual Account:\t\tNo\r\n\tElevated Token:\t\tYes\r\n\r\nImpersonation Level:\t\tImpersonation\r\n\r\nNew Logon:\r\n\tSecurity ID:\t\tS-1-5-18\r\n\tAccount Name:\t\tSYSTEM\r\n\tAccount Domain:\t\tNT AUTHORITY\r\n\tLogon ID:\t\t0x3E7\r\n\tLinked Logon ID:\t\t0x0\r\n\tNetwork Account Name:\t-\r\n\tNetwork Account Domain:\t-\r\n\tLogon GUID:\t\t{00000000-0000-0000-0000-000000000000}\r\n\r\nProcess Information:\r\n\tProcess ID:\t\t0x248\r\n\tProcess Name:\t\tC:\\Windows\\System32\\services.exe\r\n\r\nNetwork Information:\r\n\tWorkstation Name:\t-\r\n\tSource Network Address:\t-\r\n\tSource Port:\t\t-\r\n\r\nDetailed Authentication Information:\r\n\tLogon Process:\t\tAdvapi  \r\n\tAuthentication Package:\tNegotiate\r\n\tTransited Services:\t-\r\n\tPackage Name (NTLM only):\t-\r\n\tKey Length:\t\t0\r\n\r\nThis event is generated when a logon session is created. It is generated on the computer that was accessed.\r\n\r\nThe subject fields indicate the account on the local system which requested the logon. This is most commonly a service such as the Server service, or a local process such as Winlogon.exe or Services.exe.\r\n\r\nThe logon type field indicates the kind of logon that occurred. The most common types are 2 (interactive) and 3 (network).\r\n\r\nThe New Logon fields indicate the account for whom the new logon was created, i.e. the account that was logged on.\r\n\r\nThe network fields indicate where a remote logon request originated. Workstation name is not always available and may be left blank in some cases.\r\n\r\nThe impersonation level field indicates the extent to which a process in the logon session can impersonate.\r\n\r\nThe authentication information fields provide detailed information about this specific logon request.\r\n\t- Logon GUID is a unique identifier that can be used to correlate this event with a KDC event.\r\n\t- Transited services indicate which intermediate services have participated in this logon request.\r\n\t- Package name indicates which sub-protocol was used among the NTLM protocols.\r\n\t- Key length indicates the length of the generated session key. This will be 0 if no session key was requested.\""},"eventdata":{"subjectUserSid":"S-1-5-18","subjectUserName":"DESKTOP-9LO9B7Q$","subjectDomainName":"WORKGROUP","subjectLogonId":"0x3e7","targetUserSid":"S-1-5-18","targetUserName":"SYSTEM","targetDomainName":"NT AUTHORITY","targetLogonId":"0x3e7","logonType":"5","logonProcessName":"Advapi","authenticationPackageName":"Negotiate","logonGuid":"{00000000-0000-0000-0000-000000000000}","keyLength":"0","processId":"0x248","processName":"C:\\\\Windows\\\\System32\\\\services.exe","impersonationLevel":"%%1833","virtualAccount":"%%1843","targetLinkedLogonId":"0x0","elevatedToken":"%%1842"}}},"location":"EventChannel"}
{"timestamp":"2022-09-15T03:33:43.095-0700","rule":{"level":7,"description":"SessionEnv was unavailable to handle a critical notification event.","id":"60776","firedtimes":1,"mail":false,"groups":["windows","windows_application"]},"agent":{"id":"007","name":"DESKTOP-9LO9B7Q","ip":"192.168.1.115"},"manager":{"name":"zachary-VirtualBox"},"id":"1663238023.33524","decoder":{"name":"windows_eventchannel"},"data":{"win":{"system":{"providerName":"Microsoft-Windows-Winlogon","providerGuid":"{DBE9B383-7CF3-4331-91CC-A3CB16A3B538}","eventSourceName":"Wlclntfy","eventID":"6003","version":"0","level":"4","task":"0","opcode":"0","keywords":"0x80000000000000","systemTime":"2022-09-15T10:33:40.2640495Z","eventRecordID":"770","processID":"0","threadID":"0","channel":"Application","computer":"DESKTOP-9LO9B7Q","severityValue":"INFORMATION","message":"\"The winlogon notification subscriber <SessionEnv> was unavailable to handle a critical notification event.\""},"eventdata":{"binary":"D9060000","data":"SessionEnv"}}},"location":"EventChannel"}
{"timestamp":"2022-09-15T03:33:44.102-0700","rule":{"level":15,"description":"User: WORKGROUP\\zachary.werle@wsu.edu logged using Remote Desktop Connection (RDP) from loopback address, possible exploit over reverse tunneling using stolen credentials.","id":"92656","mitre":{"id":["T1021.001","T1078.002"],"tactic":["Lateral Movement","Defense Evasion","Persistence","Privilege Escalation","Initial Access"],"technique":["Remote Desktop Protocol","Domain Accounts"]},"firedtimes":1,"mail":true,"groups":["win_evt_channel"]},"agent":{"id":"007","name":"DESKTOP-9LO9B7Q","ip":"192.168.1.115"},"manager":{"name":"zachary-VirtualBox"},"id":"1663238024.35064","full_log":"{\"win\":{\"system\":{\"providerName\":\"Microsoft-Windows-Security-Auditing\",\"providerGuid\":\"{54849625-5478-4994-a5ba-3e3b0328c30d}\",\"eventID\":\"4624\",\"version\":\"2\",\"level\":\"0\",\"task\":\"12544\",\"opcode\":\"0\",\"keywords\":\"0x8020000000000000\",\"systemTime\":\"2022-09-15T10:33:40.1028490Z\",\"eventRecordID\":\"4272\",\"processID\":\"592\",\"threadID\":\"668\",\"channel\":\"Security\",\"computer\":\"DESKTOP-9LO9B7Q\",\"severityValue\":\"AUDIT_SUCCESS\",\"message\":\"\\\"An account was successfully logged on.\\r\\n\\r\\nSubject:\\r\\n\\tSecurity ID:\\t\\tS-1-5-18\\r\\n\\tAccount Name:\\t\\tDESKTOP-9LO9B7Q$\\r\\n\\tAccount Domain:\\t\\tWORKGROUP\\r\\n\\tLogon ID:\\t\\t0x3E7\\r\\n\\r\\nLogon Information:\\r\\n\\tLogon Type:\\t\\t11\\r\\n\\tRestricted Admin Mode:\\t-\\r\\n\\tVirtual Account:\\t\\tNo\\r\\n\\tElevated Token:\\t\\tYes\\r\\n\\r\\nImpersonation Level:\\t\\tImpersonation\\r\\n\\r\\nNew Logon:\\r\\n\\tSecurity ID:\\t\\tS-1-12-1-2843909600-1114490195-4126024599-3101303110\\r\\n\\tAccount Name:\\t\\tzachary.werle@wsu.edu\\r\\n\\tAccount Domain:\\t\\tAD\\r\\n\\tLogon ID:\\t\\t0x461F6\\r\\n\\tLinked Logon ID:\\t\\t0x4620D\\r\\n\\tNetwork Account Name:\\t-\\r\\n\\tNetwork Account Domain:\\t-\\r\\n\\tLogon GUID:\\t\\t{00000000-0000-0000-0000-000000000000}\\r\\n\\r\\nProcess Information:\\r\\n\\tProcess ID:\\t\\t0x3d4\\r\\n\\tProcess Name:\\t\\tC:\\\\Windows\\\\System32\\\\svchost.exe\\r\\n\\r\\nNetwork Information:\\r\\n\\tWorkstation Name:\\tDESKTOP-9LO9B7Q\\r\\n\\tSource Network Address:\\t127.0.0.1\\r\\n\\tSource Port:\\t\\t0\\r\\n\\r\\nDetailed Authentication Information:\\r\\n\\tLogon Process:\\t\\tUser32 \\r\\n\\tAuthentication Package:\\tNegotiate\\r\\n\\tTransited Services:\\t-\\r\\n\\tPackage Name (NTLM only):\\t-\\r\\n\\tKey Length:\\t\\t0\\r\\n\\r\\nThis event is generated when a logon session is created. It is generated on the computer that was accessed.\\r\\n\\r\\nThe subject fields indicate the account on the local system which requested the logon. This is most commonly a service such as the Server service, or a local process such as Winlogon.exe or Services.exe.\\r\\n\\r\\nThe logon type field indicates the kind of logon that occurred. The most common types are 2 (interactive) and 3 (network).\\r\\n\\r\\nThe New Logon fields indicate the account for whom the new logon was created, i.e. the account that was logged on.\\r\\n\\r\\nThe network fields indicate where a remote logon request originated. Workstation name is not always available and may be left blank in some cases.\\r\\n\\r\\nThe impersonation level field indicates the extent to which a process in the logon session can impersonate.\\r\\n\\r\\nThe authentication information fields provide detailed information about this specific logon request.\\r\\n\\t- Logon GUID is a unique identifier that can be used to correlate this event with a KDC event.\\r\\n\\t- Transited services indicate which intermediate services have participated in this logon request.\\r\\n\\t- Package name indicates which sub-protocol was used among the NTLM protocols.\\r\\n\\t- Key length indicates the length of the generated session key. This will be 0 if no session key was requested.\\\"\"},\"eventdata\":{\"subjectUserSid\":\"S-1-5-18\",\"subjectUserName\":\"DESKTOP-9LO9B7Q$\",\"subjectDomainName\":\"WORKGROUP\",\"subjectLogonId\":\"0x3e7\",\"targetUserSid\":\"S-1-12-1-2843909600-1114490195-4126024599-3101303110\",\"targetUserName\":\"zachary.werle@wsu.edu\",\"targetDomainName\":\"AD\",\"targetLogonId\":\"0x461f6\",\"logonType\":\"11\",\"logonProcessName\":\"User32\",\"authenticationPackageName\":\"Negotiate\",\"workstationName\":\"DESKTOP-9LO9B7Q\",\"logonGuid\":\"{00000000-0000-0000-0000-000000000000}\",\"keyLength\":\"0\",\"processId\":\"0x3d4\",\"processName\":\"C:\\\\\\\\Windows\\\\\\\\System32\\\\\\\\svchost.exe\",\"ipAddress\":\"127.0.0.1\",\"ipPort\":\"0\",\"impersonationLevel\":\"%%1833\",\"virtualAccount\":\"%%1843\",\"targetLinkedLogonId\":\"0x4620d\",\"elevatedToken\":\"%%1842\"}}}","decoder":{"name":"windows_eventchannel"},"data":{"win":{"system":{"providerName":"Microsoft-Windows-Security-Auditing","providerGuid":"{54849625-5478-4994-a5ba-3e3b0328c30d}","eventID":"4624","version":"2","level":"0","task":"12544","opcode":"0","keywords":"0x8020000000000000","systemTime":"2022-09-15T10:33:40.1028490Z","eventRecordID":"4272","processID":"592","threadID":"668","channel":"Security","computer":"DESKTOP-9LO9B7Q","severityValue":"AUDIT_SUCCESS","message":"\"An account was successfully logged on.\r\n\r\nSubject:\r\n\tSecurity ID:\t\tS-1-5-18\r\n\tAccount Name:\t\tDESKTOP-9LO9B7Q$\r\n\tAccount Domain:\t\tWORKGROUP\r\n\tLogon ID:\t\t0x3E7\r\n\r\nLogon Information:\r\n\tLogon Type:\t\t11\r\n\tRestricted Admin Mode:\t-\r\n\tVirtual Account:\t\tNo\r\n\tElevated Token:\t\tYes\r\n\r\nImpersonation Level:\t\tImpersonation\r\n\r\nNew Logon:\r\n\tSecurity ID:\t\tS-1-12-1-2843909600-1114490195-4126024599-3101303110\r\n\tAccount Name:\t\tzachary.werle@wsu.edu\r\n\tAccount Domain:\t\tAD\r\n\tLogon ID:\t\t0x461F6\r\n\tLinked Logon ID:\t\t0x4620D\r\n\tNetwork Account Name:\t-\r\n\tNetwork Account Domain:\t-\r\n\tLogon GUID:\t\t{00000000-0000-0000-0000-000000000000}\r\n\r\nProcess Information:\r\n\tProcess ID:\t\t0x3d4\r\n\tProcess Name:\t\tC:\\Windows\\System32\\svchost.exe\r\n\r\nNetwork Information:\r\n\tWorkstation Name:\tDESKTOP-9LO9B7Q\r\n\tSource Network Address:\t127.0.0.1\r\n\tSource Port:\t\t0\r\n\r\nDetailed Authentication Information:\r\n\tLogon Process:\t\tUser32 \r\n\tAuthentication Package:\tNegotiate\r\n\tTransited Services:\t-\r\n\tPackage Name (NTLM only):\t-\r\n\tKey Length:\t\t0\r\n\r\nThis event is generated when a logon session is created. It is generated on the computer that was accessed.\r\n\r\nThe subject fields indicate the account on the local system which requested the logon. This is most commonly a service such as the Server service, or a local process such as Winlogon.exe or Services.exe.\r\n\r\nThe logon type field indicates the kind of logon that occurred. The most common types are 2 (interactive) and 3 (network).\r\n\r\nThe New Logon fields indicate the account for whom the new logon was created, i.e. the account that was logged on.\r\n\r\nThe network fields indicate where a remote logon request originated. Workstation name is not always available and may be left blank in some cases.\r\n\r\nThe impersonation level field indicates the extent to which a process in the logon session can impersonate.\r\n\r\nThe authentication information fields provide detailed information about this specific logon request.\r\n\t- Logon GUID is a unique identifier that can be used to correlate this event with a KDC event.\r\n\t- Transited services indicate which intermediate services have participated in this logon request.\r\n\t- Package name indicates which sub-protocol was used among the NTLM protocols.\r\n\t- Key length indicates the length of the generated session key. This will be 0 if no session key was requested.\""},"eventdata":{"subjectUserSid":"S-1-5-18","subjectUserName":"DESKTOP-9LO9B7Q$","subjectDomainName":"WORKGROUP","subjectLogonId":"0x3e7","targetUserSid":"S-1-12-1-2843909600-1114490195-4126024599-3101303110","targetUserName":"zachary.werle@wsu.edu","targetDomainName":"AD","targetLogonId":"0x461f6","logonType":"11","logonProcessName":"User32","authenticationPackageName":"Negotiate","workstationName":"DESKTOP-9LO9B7Q","logonGuid":"{00000000-0000-0000-0000-000000000000}","keyLength":"0","processId":"0x3d4","processName":"C:\\\\Windows\\\\System32\\\\svchost.exe","ipAddress":"127.0.0.1","ipPort":"0","impersonationLevel":"%%1833","virtualAccount":"%%1843","targetLinkedLogonId":"0x4620d","elevatedToken":"%%1842"}}},"location":"EventChannel"}
{"timestamp":"2022-09-15T03:33:44.149-0700","rule":{"level":15,"description":"User: WORKGROUP\\zachary.werle@wsu.edu logged using Remote Desktop Connection (RDP) from loopback address, possible exploit over reverse tunneling using stolen credentials.","id":"92656","mitre":{"id":["T1021.001","T1078.002"],"tactic":["Lateral Movement","Defense Evasion","Persistence","Privilege Escalation","Initial Access"],"technique":["Remote Desktop Protocol","Domain Accounts"]},"firedtimes":2,"mail":true,"groups":["win_evt_channel"]},"agent":{"id":"007","name":"DESKTOP-9LO9B7Q","ip":"192.168.1.115"},"manager":{"name":"zachary-VirtualBox"},"id":"1663238024.42818","full_log":"{\"win\":{\"system\":{\"providerName\":\"Microsoft-Windows-Security-Auditing\",\"providerGuid\":\"{54849625-5478-4994-a5ba-3e3b0328c30d}\",\"eventID\":\"4624\",\"version\":\"2\",\"level\":\"0\",\"task\":\"12544\",\"opcode\":\"0\",\"keywords\":\"0x8020000000000000\",\"systemTime\":\"2022-09-15T10:33:40.1028651Z\",\"eventRecordID\":\"4273\",\"processID\":\"592\",\"threadID\":\"668\",\"channel\":\"Security\",\"computer\":\"DESKTOP-9LO9B7Q\",\"severityValue\":\"AUDIT_SUCCESS\",\"message\":\"\\\"An account was successfully logged on.\\r\\n\\r\\nSubject:\\r\\n\\tSecurity ID:\\t\\tS-1-5-18\\r\\n\\tAccount Name:\\t\\tDESKTOP-9LO9B7Q$\\r\\n\\tAccount Domain:\\t\\tWORKGROUP\\r\\n\\tLogon ID:\\t\\t0x3E7\\r\\n\\r\\nLogon Information:\\r\\n\\tLogon Type:\\t\\t11\\r\\n\\tRestricted Admin Mode:\\t-\\r\\n\\tVirtual Account:\\t\\tNo\\r\\n\\tElevated Token:\\t\\tNo\\r\\n\\r\\nImpersonation Level:\\t\\tImpersonation\\r\\n\\r\\nNew Logon:\\r\\n\\tSecurity ID:\\t\\tS-1-12-1-2843909600-1114490195-4126024599-3101303110\\r\\n\\tAccount Name:\\t\\tzachary.werle@wsu.edu\\r\\n\\tAccount Domain:\\t\\tAD\\r\\n\\tLogon ID:\\t\\t0x4620D\\r\\n\\tLinked Logon ID:\\t\\t0x461F6\\r\\n\\tNetwork Account Name:\\t-\\r\\n\\tNetwork Account Domain:\\t-\\r\\n\\tLogon GUID:\\t\\t{00000000-0000-0000-0000-000000000000}\\r\\n\\r\\nProcess Information:\\r\\n\\tProcess ID:\\t\\t0x3d4\\r\\n\\tProcess Name:\\t\\tC:\\\\Windows\\\\System32\\\\svchost.exe\\r\\n\\r\\nNetwork Information:\\r\\n\\tWorkstation Name:\\tDESKTOP-9LO9B7Q\\r\\n\\tSource Network Address:\\t127.0.0.1\\r\\n\\tSource Port:\\t\\t0\\r\\n\\r\\nDetailed Authentication Information:\\r\\n\\tLogon Process:\\t\\tUser32 \\r\\n\\tAuthentication Package:\\tNegotiate\\r\\n\\tTransited Services:\\t-\\r\\n\\tPackage Name (NTLM only):\\t-\\r\\n\\tKey Length:\\t\\t0\\r\\n\\r\\nThis event is generated when a logon session is created. It is generated on the computer that was accessed.\\r\\n\\r\\nThe subject fields indicate the account on the local system which requested the logon. This is most commonly a service such as the Server service, or a local process such as Winlogon.exe or Services.exe.\\r\\n\\r\\nThe logon type field indicates the kind of logon that occurred. The most common types are 2 (interactive) and 3 (network).\\r\\n\\r\\nThe New Logon fields indicate the account for whom the new logon was created, i.e. the account that was logged on.\\r\\n\\r\\nThe network fields indicate where a remote logon request originated. Workstation name is not always available and may be left blank in some cases.\\r\\n\\r\\nThe impersonation level field indicates the extent to which a process in the logon session can impersonate.\\r\\n\\r\\nThe authentication information fields provide detailed information about this specific logon request.\\r\\n\\t- Logon GUID is a unique identifier that can be used to correlate this event with a KDC event.\\r\\n\\t- Transited services indicate which intermediate services have participated in this logon request.\\r\\n\\t- Package name indicates which sub-protocol was used among the NTLM protocols.\\r\\n\\t- Key length indicates the length of the generated session key. This will be 0 if no session key was requested.\\\"\"},\"eventdata\":{\"subjectUserSid\":\"S-1-5-18\",\"subjectUserName\":\"DESKTOP-9LO9B7Q$\",\"subjectDomainName\":\"WORKGROUP\",\"subjectLogonId\":\"0x3e7\",\"targetUserSid\":\"S-1-12-1-2843909600-1114490195-4126024599-3101303110\",\"targetUserName\":\"zachary.werle@wsu.edu\",\"targetDomainName\":\"AD\",\"targetLogonId\":\"0x4620d\",\"logonType\":\"11\",\"logonProcessName\":\"User32\",\"authenticationPackageName\":\"Negotiate\",\"workstationName\":\"DESKTOP-9LO9B7Q\",\"logonGuid\":\"{00000000-0000-0000-0000-000000000000}\",\"keyLength\":\"0\",\"processId\":\"0x3d4\",\"processName\":\"C:\\\\\\\\Windows\\\\\\\\System32\\\\\\\\svchost.exe\",\"ipAddress\":\"127.0.0.1\",\"ipPort\":\"0\",\"impersonationLevel\":\"%%1833\",\"virtualAccount\":\"%%1843\",\"targetLinkedLogonId\":\"0x461f6\",\"elevatedToken\":\"%%1843\"}}}","decoder":{"name":"windows_eventchannel"},"data":{"win":{"system":{"providerName":"Microsoft-Windows-Security-Auditing","providerGuid":"{54849625-5478-4994-a5ba-3e3b0328c30d}","eventID":"4624","version":"2","level":"0","task":"12544","opcode":"0","keywords":"0x8020000000000000","systemTime":"2022-09-15T10:33:40.1028651Z","eventRecordID":"4273","processID":"592","threadID":"668","channel":"Security","computer":"DESKTOP-9LO9B7Q","severityValue":"AUDIT_SUCCESS","message":"\"An account was successfully logged on.\r\n\r\nSubject:\r\n\tSecurity ID:\t\tS-1-5-18\r\n\tAccount Name:\t\tDESKTOP-9LO9B7Q$\r\n\tAccount Domain:\t\tWORKGROUP\r\n\tLogon ID:\t\t0x3E7\r\n\r\nLogon Information:\r\n\tLogon Type:\t\t11\r\n\tRestricted Admin Mode:\t-\r\n\tVirtual Account:\t\tNo\r\n\tElevated Token:\t\tNo\r\n\r\nImpersonation Level:\t\tImpersonation\r\n\r\nNew Logon:\r\n\tSecurity ID:\t\tS-1-12-1-2843909600-1114490195-4126024599-3101303110\r\n\tAccount Name:\t\tzachary.werle@wsu.edu\r\n\tAccount Domain:\t\tAD\r\n\tLogon ID:\t\t0x4620D\r\n\tLinked Logon ID:\t\t0x461F6\r\n\tNetwork Account Name:\t-\r\n\tNetwork Account Domain:\t-\r\n\tLogon GUID:\t\t{00000000-0000-0000-0000-000000000000}\r\n\r\nProcess Information:\r\n\tProcess ID:\t\t0x3d4\r\n\tProcess Name:\t\tC:\\Windows\\System32\\svchost.exe\r\n\r\nNetwork Information:\r\n\tWorkstation Name:\tDESKTOP-9LO9B7Q\r\n\tSource Network Address:\t127.0.0.1\r\n\tSource Port:\t\t0\r\n\r\nDetailed Authentication Information:\r\n\tLogon Process:\t\tUser32 \r\n\tAuthentication Package:\tNegotiate\r\n\tTransited Services:\t-\r\n\tPackage Name (NTLM only):\t-\r\n\tKey Length:\t\t0\r\n\r\nThis event is generated when a logon session is created. It is generated on the computer that was accessed.\r\n\r\nThe subject fields indicate the account on the local system which requested the logon. This is most commonly a service such as the Server service, or a local process such as Winlogon.exe or Services.exe.\r\n\r\nThe logon type field indicates the kind of logon that occurred. The most common types are 2 (interactive) and 3 (network).\r\n\r\nThe New Logon fields indicate the account for whom the new logon was created, i.e. the account that was logged on.\r\n\r\nThe network fields indicate where a remote logon request originated. Workstation name is not always available and may be left blank in some cases.\r\n\r\nThe impersonation level field indicates the extent to which a process in the logon session can impersonate.\r\n\r\nThe authentication information fields provide detailed information about this specific logon request.\r\n\t- Logon GUID is a unique identifier that can be used to correlate this event with a KDC event.\r\n\t- Transited services indicate which intermediate services have participated in this logon request.\r\n\t- Package name indicates which sub-protocol was used among the NTLM protocols.\r\n\t- Key length indicates the length of the generated session key. This will be 0 if no session key was requested.\""},"eventdata":{"subjectUserSid":"S-1-5-18","subjectUserName":"DESKTOP-9LO9B7Q$","subjectDomainName":"WORKGROUP","subjectLogonId":"0x3e7","targetUserSid":"S-1-12-1-2843909600-1114490195-4126024599-3101303110","targetUserName":"zachary.werle@wsu.edu","targetDomainName":"AD","targetLogonId":"0x4620d","logonType":"11","logonProcessName":"User32","authenticationPackageName":"Negotiate","workstationName":"DESKTOP-9LO9B7Q","logonGuid":"{00000000-0000-0000-0000-000000000000}","keyLength":"0","processId":"0x3d4","processName":"C:\\\\Windows\\\\System32\\\\svchost.exe","ipAddress":"127.0.0.1","ipPort":"0","impersonationLevel":"%%1833","virtualAccount":"%%1843","targetLinkedLogonId":"0x461f6","elevatedToken":"%%1843"}}},"location":"EventChannel"}
{"timestamp":"2022-09-15T03:33:44.784-0700","rule":{"level":5,"description":"SessionEnv was unavailable to handle a notification event.","id":"60775","firedtimes":1,"mail":false,"groups":["windows","windows_application"]},"agent":{"id":"007","name":"DESKTOP-9LO9B7Q","ip":"192.168.1.115"},"manager":{"name":"zachary-VirtualBox"},"id":"1663238024.50570","decoder":{"name":"windows_eventchannel"},"data":{"win":{"system":{"providerName":"Microsoft-Windows-Winlogon","providerGuid":"{DBE9B383-7CF3-4331-91CC-A3CB16A3B538}","eventSourceName":"Wlclntfy","eventID":"6000","version":"0","level":"4","task":"0","opcode":"0","keywords":"0x80000000000000","systemTime":"2022-09-15T10:33:41.7000338Z","eventRecordID":"771","processID":"0","threadID":"0","channel":"Application","computer":"DESKTOP-9LO9B7Q","severityValue":"INFORMATION","message":"\"The winlogon notification subscriber <SessionEnv> was unavailable to handle a notification event.\""},"eventdata":{"binary":"D9060000","data":"SessionEnv"}}},"location":"EventChannel"}
{"timestamp":"2022-09-15T03:33:50.507-0700","rule":{"level":3,"description":"Windows logon success.","id":"60106","mitre":{"id":["T1078"],"tactic":["Defense Evasion","Persistence","Privilege Escalation","Initial Access"],"technique":["Valid Accounts"]},"firedtimes":3,"mail":false,"groups":["windows","windows_security","authentication_success"],"gdpr":["IV_32.2"],"gpg13":["7.1","7.2"],"hipaa":["164.312.b"],"nist_800_53":["AC.7","AU.14"],"pci_dss":["10.2.5"],"tsc":["CC6.8","CC7.2","CC7.3"]},"agent":{"id":"007","name":"DESKTOP-9LO9B7Q","ip":"192.168.1.115"},"manager":{"name":"zachary-VirtualBox"},"id":"1663238030.52083","decoder":{"name":"windows_eventchannel"},"data":{"win":{"system":{"providerName":"Microsoft-Windows-Security-Auditing","providerGuid":"{54849625-5478-4994-a5ba-3e3b0328c30d}","eventID":"4624","version":"2","level":"0","task":"12544","opcode":"0","keywords":"0x8020000000000000","systemTime":"2022-09-15T10:33:47.1483842Z","eventRecordID":"4279","processID":"592","threadID":"668","channel":"Security","computer":"DESKTOP-9LO9B7Q","severityValue":"AUDIT_SUCCESS","message":"\"An account was successfully logged on.\r\n\r\nSubject:\r\n\tSecurity ID:\t\tS-1-5-18\r\n\tAccount Name:\t\tDESKTOP-9LO9B7Q$\r\n\tAccount Domain:\t\tWORKGROUP\r\n\tLogon ID:\t\t0x3E7\r\n\r\nLogon Information:\r\n\tLogon Type:\t\t5\r\n\tRestricted Admin Mode:\t-\r\n\tVirtual Account:\t\tNo\r\n\tElevated Token:\t\tYes\r\n\r\nImpersonation Level:\t\tImpersonation\r\n\r\nNew Logon:\r\n\tSecurity ID:\t\tS-1-5-18\r\n\tAccount Name:\t\tSYSTEM\r\n\tAccount Domain:\t\tNT AUTHORITY\r\n\tLogon ID:\t\t0x3E7\r\n\tLinked Logon ID:\t\t0x0\r\n\tNetwork Account Name:\t-\r\n\tNetwork Account Domain:\t-\r\n\tLogon GUID:\t\t{00000000-0000-0000-0000-000000000000}\r\n\r\nProcess Information:\r\n\tProcess ID:\t\t0x248\r\n\tProcess Name:\t\tC:\\Windows\\System32\\services.exe\r\n\r\nNetwork Information:\r\n\tWorkstation Name:\t-\r\n\tSource Network Address:\t-\r\n\tSource Port:\t\t-\r\n\r\nDetailed Authentication Information:\r\n\tLogon Process:\t\tAdvapi  \r\n\tAuthentication Package:\tNegotiate\r\n\tTransited Services:\t-\r\n\tPackage Name (NTLM only):\t-\r\n\tKey Length:\t\t0\r\n\r\nThis event is generated when a logon session is created. It is generated on the computer that was accessed.\r\n\r\nThe subject fields indicate the account on the local system which requested the logon. This is most commonly a service such as the Server service, or a local process such as Winlogon.exe or Services.exe.\r\n\r\nThe logon type field indicates the kind of logon that occurred. The most common types are 2 (interactive) and 3 (network).\r\n\r\nThe New Logon fields indicate the account for whom the new logon was created, i.e. the account that was logged on.\r\n\r\nThe network fields indicate where a remote logon request originated. Workstation name is not always available and may be left blank in some cases.\r\n\r\nThe impersonation level field indicates the extent to which a process in the logon session can impersonate.\r\n\r\nThe authentication information fields provide detailed information about this specific logon request.\r\n\t- Logon GUID is a unique identifier that can be used to correlate this event with a KDC event.\r\n\t- Transited services indicate which intermediate services have participated in this logon request.\r\n\t- Package name indicates which sub-protocol was used among the NTLM protocols.\r\n\t- Key length indicates the length of the generated session key. This will be 0 if no session key was requested.\""},"eventdata":{"subjectUserSid":"S-1-5-18","subjectUserName":"DESKTOP-9LO9B7Q$","subjectDomainName":"WORKGROUP","subjectLogonId":"0x3e7","targetUserSid":"S-1-5-18","targetUserName":"SYSTEM","targetDomainName":"NT AUTHORITY","targetLogonId":"0x3e7","logonType":"5","logonProcessName":"Advapi","authenticationPackageName":"Negotiate","logonGuid":"{00000000-0000-0000-0000-000000000000}","keyLength":"0","processId":"0x248","processName":"C:\\\\Windows\\\\System32\\\\services.exe","impersonationLevel":"%%1833","virtualAccount":"%%1843","targetLinkedLogonId":"0x0","elevatedToken":"%%1842"}}},"location":"EventChannel"}
