{"timestamp":"2022-09-15T03:37:00.073-0700","rule":{"level":3,"description":"Service startup type was changed","id":"61104","info":"This does not appear to be logged on Windows 2000","firedtimes":2,"mail":false,"groups":["windows","windows_system","policy_changed"],"pci_dss":["10.6"],"gdpr":["IV_35.7.d"],"hipaa":["164.312.b"],"nist_800_53":["AU.6"],"tsc":["CC6.1","CC6.8","CC7.2","CC7.3"]},"agent":{"id":"007","name":"DESKTOP-9LO9B7Q","ip":"192.168.1.115"},"manager":{"name":"zachary-VirtualBox"},"id":"1663238220.311657","decoder":{"name":"windows_eventchannel"},"data":{"win":{"system":{"providerName":"Service Control Manager","providerGuid":"{555908d1-a6d7-4695-8e1e-26931d2012f4}","eventSourceName":"Service Control Manager","eventID":"7040","version":"0","level":"4","task":"0","opcode":"0","keywords":"0x8080000000000000","systemTime":"2022-09-15T10:36:57.8308360Z","eventRecordID":"1281","processID":"584","threadID":"688","channel":"System","computer":"DESKTOP-9LO9B7Q","severityValue":"INFORMATION","message":"\"The start type of the Background Intelligent Transfer Service service was changed from auto start to demand start.\""},"eventdata":{"param1":"Background Intelligent Transfer Service","param2":"auto start","param3":"demand start","param4":"BITS"}}},"location":"EventChannel"}
{"timestamp":"2022-09-15T03:37:00.179-0700","rule":{"level":3,"description":"Windows logon success.","id":"60106","mitre":{"id":["T1078"],"tactic":["Defense Evasion","Persistence","Privilege Escalation","Initial Access"],"technique":["Valid Accounts"]},"firedtimes":18,"mail":false,"groups":["windows","windows_security","authentication_success"],"gdpr":["IV_32.2"],"gpg13":["7.1","7.2"],"hipaa":["164.312.b"],"nist_800_53":["AC.7","AU.14"],"pci_dss":["10.2.5"],"tsc":["CC6.8","CC7.2","CC7.3"]},"agent":{"id":"003","name":"DESKTOP-0H8GJPO","ip":"192.168.1.13"},"manager":{"name":"zachary-VirtualBox"},"id":"1663238220.313486","decoder":{"name":"windows_eventchannel"},"data":{"win":{"system":{"providerName":"Microsoft-Windows-Security-Auditing","providerGuid":"{54849625-5478-4994-a5ba-3e3b0328c30d}","eventID":"4624","version":"2","level":"0","task":"12544","opcode":"0","keywords":"0x8020000000000000","systemTime":"2022-09-15T10:36:51.4060273Z","eventRecordID":"26981","processID":"588","threadID":"3052","channel":"Security","computer":"DESKTOP-0H8GJPO","severityValue":"AUDIT_SUCCESS","message":"\"An account was successfully logged on.\r\n\r\nSubject:\r\n\tSecurity ID:\t\tS-1-5-18\r\n\tAccount Name:\t\tDESKTOP-0H8GJPO$\r\n\tAccount Domain:\t\tWORKGROUP\r\n\tLogon ID:\t\t0x3E7\r\n\r\nLogon Information:\r\n\tLogon Type:\t\t7\r\n\tRestricted Admin Mode:\t-\r\n\tVirtual Account:\t\tNo\r\n\tElevated Token:\t\tNo\r\n\r\nImpersonation Level:\t\tImpersonation\r\n\r\nNew Logon:\r\n\tSecurity ID:\t\tS-1-5-21-2036545464-3745563106-115390229-1002\r\n\tAccount Name:\t\tmr.polite101@gmail.com\r\n\tAccount Domain:\t\tMicrosoftAccount\r\n\tLogon ID:\t\t0x46C70\r\n\tLinked Logon ID:\t\t0x46C19\r\n\tNetwork Account Name:\t-\r\n\tNetwork Account Domain:\t-\r\n\tLogon GUID:\t\t{00000000-0000-0000-0000-000000000000}\r\n\r\nProcess Information:\r\n\tProcess ID:\t\t0x24c\r\n\tProcess Name:\t\tC:\\Windows\\System32\\lsass.exe\r\n\r\nNetwork Information:\r\n\tWorkstation Name:\tDESKTOP-0H8GJPO\r\n\tSource Network Address:\t-\r\n\tSource Port:\t\t-\r\n\r\nDetailed Authentication Information:\r\n\tLogon Process:\t\tNegotiat\r\n\tAuthentication Package:\tNegotiate\r\n\tTransited Services:\t-\r\n\tPackage Name (NTLM only):\t-\r\n\tKey Length:\t\t0\r\n\r\nThis event is generated when a logon session is created. It is generated on the computer that was accessed.\r\n\r\nThe subject fields indicate the account on the local system which requested the logon. This is most commonly a service such as the Server service, or a local process such as Winlogon.exe or Services.exe.\r\n\r\nThe logon type field indicates the kind of logon that occurred. The most common types are 2 (interactive) and 3 (network).\r\n\r\nThe New Logon fields indicate the account for whom the new logon was created, i.e. the account that was logged on.\r\n\r\nThe network fields indicate where a remote logon request originated. Workstation name is not always available and may be left blank in some cases.\r\n\r\nThe impersonation level field indicates the extent to which a process in the logon session can impersonate.\r\n\r\nThe authentication information fields provide detailed information about this specific logon request.\r\n\t- Logon GUID is a unique identifier that can be used to correlate this event with a KDC event.\r\n\t- Transited services indicate which intermediate services have participated in this logon request.\r\n\t- Package name indicates which sub-protocol was used among the NTLM protocols.\r\n\t- Key length indicates the length of the generated session key. This will be 0 if no session key was requested.\""},"eventdata":{"subjectUserSid":"S-1-5-18","subjectUserName":"DESKTOP-0H8GJPO$","subjectDomainName":"WORKGROUP","subjectLogonId":"0x3e7","targetUserSid":"S-1-5-21-2036545464-3745563106-115390229-1002","targetUserName":"mr.polite101@gmail.com","targetDomainName":"MicrosoftAccount","targetLogonId":"0x46c70","logonType":"7","logonProcessName":"Negotiat","authenticationPackageName":"Negotiate","workstationName":"DESKTOP-0H8GJPO","logonGuid":"{00000000-0000-0000-0000-000000000000}","keyLength":"0","processId":"0x24c","processName":"C:\\\\Windows\\\\System32\\\\lsass.exe","impersonationLevel":"%%1833","virtualAccount":"%%1843","targetLinkedLogonId":"0x46c19","elevatedToken":"%%1843"}}},"location":"EventChannel"}
{"timestamp":"2022-09-15T03:37:00.714-0700","rule":{"level":3,"description":"Windows User Logoff.","id":"60137","firedtimes":5,"mail":false,"groups":["windows","windows_security"],"gdpr":["IV_32.2"],"hipaa":["164.312.b"],"nist_800_53":["AC.7","AU.14"],"pci_dss":["10.2.5"],"tsc":["CC6.8","CC7.2","CC7.3"]},"agent":{"id":"003","name":"DESKTOP-0H8GJPO","ip":"192.168.1.13"},"manager":{"name":"zachary-VirtualBox"},"id":"1663238220.321162","decoder":{"name":"windows_eventchannel"},"data":{"win":{"system":{"providerName":"Microsoft-Windows-Security-Auditing","providerGuid":"{54849625-5478-4994-a5ba-3e3b0328c30d}","eventID":"4634","version":"0","level":"0","task":"12545","opcode":"0","keywords":"0x8020000000000000","systemTime":"2022-09-15T10:36:51.4066673Z","eventRecordID":"26983","processID":"588","threadID":"860","channel":"Security","computer":"DESKTOP-0H8GJPO","severityValue":"AUDIT_SUCCESS","message":"\"An account was logged off.\r\n\r\nSubject:\r\n\tSecurity ID:\t\tS-1-5-21-2036545464-3745563106-115390229-1002\r\n\tAccount Name:\t\tmrpol\r\n\tAccount Domain:\t\tDESKTOP-0H8GJPO\r\n\tLogon ID:\t\t0x46C70\r\n\r\nLogon Type:\t\t\t7\r\n\r\nThis event is generated when a logon session is destroyed. It may be positively correlated with a logon event using the Logon ID value. Logon IDs are only unique between reboots on the same computer.\""},"eventdata":{"targetUserSid":"S-1-5-21-2036545464-3745563106-115390229-1002","targetUserName":"mrpol","targetDomainName":"DESKTOP-0H8GJPO","targetLogonId":"0x46c70","logonType":"7"}}},"location":"EventChannel"}
{"timestamp":"2022-09-15T03:37:00.902-0700","rule":{"level":3,"description":"Windows User Logoff.","id":"60137","firedtimes":6,"mail":false,"groups":["windows","windows_security"],"gdpr":["IV_32.2"],"hipaa":["164.312.b"],"nist_800_53":["AC.7","AU.14"],"pci_dss":["10.2.5"],"tsc":["CC6.8","CC7.2","CC7.3"]},"agent":{"id":"003","name":"DESKTOP-0H8GJPO","ip":"192.168.1.13"},"manager":{"name":"zachary-VirtualBox"},"id":"1663238220.323650","decoder":{"name":"windows_eventchannel"},"data":{"win":{"system":{"providerName":"Microsoft-Windows-Security-Auditing","providerGuid":"{54849625-5478-4994-a5ba-3e3b0328c30d}","eventID":"4634","version":"0","level":"0","task":"12545","opcode":"0","keywords":"0x8020000000000000","systemTime":"2022-09-15T10:36:51.4285680Z","eventRecordID":"26984","processID":"588","threadID":"660","channel":"Security","computer":"DESKTOP-0H8GJPO","severityValue":"AUDIT_SUCCESS","message":"\"An account was logged off.\r\n\r\nSubject:\r\n\tSecurity ID:\t\tS-1-5-21-2036545464-3745563106-115390229-1002\r\n\tAccount Name:\t\tmrpol\r\n\tAccount Domain:\t\tDESKTOP-0H8GJPO\r\n\tLogon ID:\t\t0x46C19\r\n\r\nLogon Type:\t\t\t7\r\n\r\nThis event is generated when a logon session is destroyed. It may be positively correlated with a logon event using the Logon ID value. Logon IDs are only unique between reboots on the same computer.\""},"eventdata":{"targetUserSid":"S-1-5-21-2036545464-3745563106-115390229-1002","targetUserName":"mrpol","targetDomainName":"DESKTOP-0H8GJPO","targetLogonId":"0x46c19","logonType":"7"}}},"location":"EventChannel"}
{"timestamp":"2022-09-15T03:37:02.674-0700","rule":{"level":3,"description":"Ossec agent started.","id":"503","firedtimes":4,"mail":false,"groups":["ossec"],"pci_dss":["10.6.1","10.2.6"],"gpg13":["10.1"],"gdpr":["IV_35.7.d"],"hipaa":["164.312.b"],"nist_800_53":["AU.6","AU.14","AU.5"],"tsc":["CC7.2","CC7.3","CC6.8"]},"agent":{"id":"002","name":"DESKTOP-D403BQC","ip":"192.168.1.112"},"manager":{"name":"zachary-VirtualBox"},"id":"1663238222.326138","full_log":"ossec: Agent started: 'DESKTOP-D403BQC->any'.","decoder":{"parent":"ossec","name":"ossec"},"data":{"extra_data":"DESKTOP-D403BQC->any"},"location":"ossec"}
{"timestamp":"2022-09-15T03:37:06.801-0700","rule":{"level":3,"description":"Windows logon success.","id":"60106","mitre":{"id":["T1078"],"tactic":["Defense Evasion","Persistence","Privilege Escalation","Initial Access"],"technique":["Valid Accounts"]},"firedtimes":19,"mail":false,"groups":["windows","windows_security","authentication_success"],"gdpr":["IV_32.2"],"gpg13":["7.1","7.2"],"hipaa":["164.312.b"],"nist_800_53":["AC.7","AU.14"],"pci_dss":["10.2.5"],"tsc":["CC6.8","CC7.2","CC7.3"]},"agent":{"id":"002","name":"DESKTOP-D403BQC","ip":"192.168.1.112"},"manager":{"name":"zachary-VirtualBox"},"id":"1663238226.326472","decoder":{"name":"windows_eventchannel"},"data":{"win":{"system":{"providerName":"Microsoft-Windows-Security-Auditing","providerGuid":"{54849625-5478-4994-a5ba-3e3b0328c30d}","eventID":"4624","version":"2","level":"0","task":"12544","opcode":"0","keywords":"0x8020000000000000","systemTime":"2022-09-15T10:37:04.3189922Z","eventRecordID":"39803","processID":"592","threadID":"820","channel":"Security","computer":"DESKTOP-D403BQC","severityValue":"AUDIT_SUCCESS","message":"\"An account was successfully logged on.\r\n\r\nSubject:\r\n\tSecurity ID:\t\tS-1-5-18\r\n\tAccount Name:\t\tDESKTOP-D403BQC$\r\n\tAccount Domain:\t\tWORKGROUP\r\n\tLogon ID:\t\t0x3E7\r\n\r\nLogon Information:\r\n\tLogon Type:\t\t5\r\n\tRestricted Admin Mode:\t-\r\n\tVirtual Account:\t\tNo\r\n\tElevated Token:\t\tYes\r\n\r\nImpersonation Level:\t\tImpersonation\r\n\r\nNew Logon:\r\n\tSecurity ID:\t\tS-1-5-18\r\n\tAccount Name:\t\tSYSTEM\r\n\tAccount Domain:\t\tNT AUTHORITY\r\n\tLogon ID:\t\t0x3E7\r\n\tLinked Logon ID:\t\t0x0\r\n\tNetwork Account Name:\t-\r\n\tNetwork Account Domain:\t-\r\n\tLogon GUID:\t\t{00000000-0000-0000-0000-000000000000}\r\n\r\nProcess Information:\r\n\tProcess ID:\t\t0x248\r\n\tProcess Name:\t\tC:\\Windows\\System32\\services.exe\r\n\r\nNetwork Information:\r\n\tWorkstation Name:\t-\r\n\tSource Network Address:\t-\r\n\tSource Port:\t\t-\r\n\r\nDetailed Authentication Information:\r\n\tLogon Process:\t\tAdvapi  \r\n\tAuthentication Package:\tNegotiate\r\n\tTransited Services:\t-\r\n\tPackage Name (NTLM only):\t-\r\n\tKey Length:\t\t0\r\n\r\nThis event is generated when a logon session is created. It is generated on the computer that was accessed.\r\n\r\nThe subject fields indicate the account on the local system which requested the logon. This is most commonly a service such as the Server service, or a local process such as Winlogon.exe or Services.exe.\r\n\r\nThe logon type field indicates the kind of logon that occurred. The most common types are 2 (interactive) and 3 (network).\r\n\r\nThe New Logon fields indicate the account for whom the new logon was created, i.e. the account that was logged on.\r\n\r\nThe network fields indicate where a remote logon request originated. Workstation name is not always available and may be left blank in some cases.\r\n\r\nThe impersonation level field indicates the extent to which a process in the logon session can impersonate.\r\n\r\nThe authentication information fields provide detailed information about this specific logon request.\r\n\t- Logon GUID is a unique identifier that can be used to correlate this event with a KDC event.\r\n\t- Transited services indicate which intermediate services have participated in this logon request.\r\n\t- Package name indicates which sub-protocol was used among the NTLM protocols.\r\n\t- Key length indicates the length of the generated session key. This will be 0 if no session key was requested.\""},"eventdata":{"subjectUserSid":"S-1-5-18","subjectUserName":"DESKTOP-D403BQC$","subjectDomainName":"WORKGROUP","subjectLogonId":"0x3e7","targetUserSid":"S-1-5-18","targetUserName":"SYSTEM","targetDomainName":"NT AUTHORITY","targetLogonId":"0x3e7","logonType":"5","logonProcessName":"Advapi","authenticationPackageName":"Negotiate","logonGuid":"{00000000-0000-0000-0000-000000000000}","keyLength":"0","processId":"0x248","processName":"C:\\\\Windows\\\\System32\\\\services.exe","impersonationLevel":"%%1833","virtualAccount":"%%1843","targetLinkedLogonId":"0x0","elevatedToken":"%%1842"}}},"location":"EventChannel"}
{"timestamp":"2022-09-15T03:37:07.284-0700","rule":{"level":5,"description":"SessionEnv was unavailable to handle a notification event.","id":"60775","firedtimes":3,"mail":false,"groups":["windows","windows_application"]},"agent":{"id":"003","name":"DESKTOP-0H8GJPO","ip":"192.168.1.13"},"manager":{"name":"zachary-VirtualBox"},"id":"1663238227.333793","decoder":{"name":"windows_eventchannel"},"data":{"win":{"system":{"providerName":"Microsoft-Windows-Winlogon","providerGuid":"{DBE9B383-7CF3-4331-91CC-A3CB16A3B538}","eventSourceName":"Wlclntfy","eventID":"6000","version":"0","level":"4","task":"0","opcode":"0","keywords":"0x80000000000000","systemTime":"2022-09-15T10:37:01.5548816Z","eventRecordID":"2018","processID":"0","threadID":"0","channel":"Application","computer":"DESKTOP-0H8GJPO","severityValue":"INFORMATION","message":"\"The winlogon notification subscriber <SessionEnv> was unavailable to handle a notification event.\""},"eventdata":{"binary":"D9060000","data":"SessionEnv"}}},"location":"EventChannel"}
{"timestamp":"2022-09-15T03:37:10.217-0700","rule":{"level":5,"description":"Inconsistent system shutdown detected.","id":"60730","mitre":{"id":["T1529","T1047"],"tactic":["Impact","Execution"],"technique":["System Shutdown/Reboot","Windows Management Instrumentation"]},"firedtimes":1,"mail":false,"groups":["windows","windows_application"]},"agent":{"id":"002","name":"DESKTOP-D403BQC","ip":"192.168.1.112"},"manager":{"name":"zachary-VirtualBox"},"id":"1663238230.335309","decoder":{"name":"windows_eventchannel"},"data":{"win":{"system":{"providerName":"Microsoft-Windows-WMI","providerGuid":"{1edeee53-0afe-4609-b846-d8c0b2075b1f}","eventID":"5611","version":"2","level":"4","task":"0","opcode":"0","keywords":"0x8000000000000000","systemTime":"2022-09-15T10:37:08.0750949Z","eventRecordID":"2951","processID":"984","threadID":"2164","channel":"Application","computer":"DESKTOP-D403BQC","severityValue":"INFORMATION","message":"\"The Windows Management Instrumentation service has detected an inconsistent system shutdown.\""}}},"location":"EventChannel"}
{"timestamp":"2022-09-15T03:37:17.279-0700","rule":{"level":12,"description":"Sysmon - Suspicious Process - svchost.exe","id":"61618","mitre":{"id":["T1055"],"tactic":["Defense Evasion","Privilege Escalation"],"technique":["Process Injection"]},"firedtimes":5,"mail":true,"groups":["windows","sysmon","sysmon_process-anomalies"],"pci_dss":["10.6.1","11.4"],"gdpr":["IV_35.7.d"],"hipaa":["164.312.b"],"nist_800_53":["AU.6","SI.4"],"tsc":["CC7.2","CC7.3","CC6.1","CC6.8"]},"agent":{"id":"004","name":"DESKTOP-CKP652S","ip":"192.168.1.27"},"manager":{"name":"zachary-VirtualBox"},"id":"1663238237.336617","full_log":"{\"win\":{\"system\":{\"providerName\":\"Microsoft-Windows-Sysmon\",\"providerGuid\":\"{5770385f-c22a-43e0-bf4c-06f5698ffbd9}\",\"eventID\":\"1\",\"version\":\"5\",\"level\":\"4\",\"task\":\"1\",\"opcode\":\"0\",\"keywords\":\"0x8000000000000000\",\"systemTime\":\"2022-09-15T10:37:14.3004235Z\",\"eventRecordID\":\"16361\",\"processID\":\"2408\",\"threadID\":\"3104\",\"channel\":\"Microsoft-Windows-Sysmon/Operational\",\"computer\":\"DESKTOP-CKP652S\",\"severityValue\":\"INFORMATION\",\"message\":\"\\\"Process Create:\\r\\nRuleName: -\\r\\nUtcTime: 2022-09-15 10:37:13.809\\r\\nProcessGuid: {d4e08d2a-0059-6323-8a00-000000003100}\\r\\nProcessId: 4872\\r\\nImage: C:\\\\Windows\\\\System32\\\\svchost.exe\\r\\nFileVersion: 10.0.19041.1566 (WinBuild.160101.0800)\\r\\nDescription: Host Process for Windows Services\\r\\nProduct: Microsoft Windows Operating System\\r\\nCompany: Microsoft Corporation\\r\\nOriginalFileName: svchost.exe\\r\\nCommandLine: C:\\\\Windows\\\\System32\\\\svchost.exe -k NetworkService -p\\r\\nCurrentDirectory: C:\\\\Windows\\\\system32\\\\\\r\\nUser: NT AUTHORITY\\\\NETWORK SERVICE\\r\\nLogonGuid: {d4e08d2a-ffd2-6322-e403-000000000000}\\r\\nLogonId: 0x3E4\\r\\nTerminalSessionId: 0\\r\\nIntegrityLevel: System\\r\\nHashes: SHA256=F3FEB95E7BCFB0766A694D93FCA29EDA7E2CA977C2395B4BE75242814EB6D881\\r\\nParentProcessGuid: {00000000-0000-0000-0000-000000000000}\\r\\nParentProcessId: 588\\r\\nParentImage: -\\r\\nParentCommandLine: -\\r\\nParentUser: -\\\"\"},\"eventdata\":{\"utcTime\":\"2022-09-15 10:37:13.809\",\"processGuid\":\"{d4e08d2a-0059-6323-8a00-000000003100}\",\"processId\":\"4872\",\"image\":\"C:\\\\\\\\Windows\\\\\\\\System32\\\\\\\\svchost.exe\",\"fileVersion\":\"10.0.19041.1566 (WinBuild.160101.0800)\",\"description\":\"Host Process for Windows Services\",\"product\":\"Microsoft Windows Operating System\",\"company\":\"Microsoft Corporation\",\"originalFileName\":\"svchost.exe\",\"commandLine\":\"C:\\\\\\\\Windows\\\\\\\\System32\\\\\\\\svchost.exe -k NetworkService -p\",\"currentDirectory\":\"C:\\\\\\\\Windows\\\\\\\\system32\\\\\\\\\",\"user\":\"NT AUTHORITY\\\\\\\\NETWORK SERVICE\",\"logonGuid\":\"{d4e08d2a-ffd2-6322-e403-000000000000}\",\"logonId\":\"0x3e4\",\"terminalSessionId\":\"0\",\"integrityLevel\":\"System\",\"hashes\":\"SHA256=F3FEB95E7BCFB0766A694D93FCA29EDA7E2CA977C2395B4BE75242814EB6D881\",\"parentProcessGuid\":\"{00000000-0000-0000-0000-000000000000}\",\"parentProcessId\":\"588\"}}}","decoder":{"name":"windows_eventchannel"},"data":{"win":{"system":{"providerName":"Microsoft-Windows-Sysmon","providerGuid":"{5770385f-c22a-43e0-bf4c-06f5698ffbd9}","eventID":"1","version":"5","level":"4","task":"1","opcode":"0","keywords":"0x8000000000000000","systemTime":"2022-09-15T10:37:14.3004235Z","eventRecordID":"16361","processID":"2408","threadID":"3104","channel":"Microsoft-Windows-Sysmon/Operational","computer":"DESKTOP-CKP652S","severityValue":"INFORMATION","message":"\"Process Create:\r\nRuleName: -\r\nUtcTime: 2022-09-15 10:37:13.809\r\nProcessGuid: {d4e08d2a-0059-6323-8a00-000000003100}\r\nProcessId: 4872\r\nImage: C:\\Windows\\System32\\svchost.exe\r\nFileVersion: 10.0.19041.1566 (WinBuild.160101.0800)\r\nDescription: Host Process for Windows Services\r\nProduct: Microsoft Windows Operating System\r\nCompany: Microsoft Corporation\r\nOriginalFileName: svchost.exe\r\nCommandLine: C:\\Windows\\System32\\svchost.exe -k NetworkService -p\r\nCurrentDirectory: C:\\Windows\\system32\\\r\nUser: NT AUTHORITY\\NETWORK SERVICE\r\nLogonGuid: {d4e08d2a-ffd2-6322-e403-000000000000}\r\nLogonId: 0x3E4\r\nTerminalSessionId: 0\r\nIntegrityLevel: System\r\nHashes: SHA256=F3FEB95E7BCFB0766A694D93FCA29EDA7E2CA977C2395B4BE75242814EB6D881\r\nParentProcessGuid: {00000000-0000-0000-0000-000000000000}\r\nParentProcessId: 588\r\nParentImage: -\r\nParentCommandLine: -\r\nParentUser: -\""},"eventdata":{"utcTime":"2022-09-15 10:37:13.809","processGuid":"{d4e08d2a-0059-6323-8a00-000000003100}","processId":"4872","image":"C:\\\\Windows\\\\System32\\\\svchost.exe","fileVersion":"10.0.19041.1566 (WinBuild.160101.0800)","description":"Host Process for Windows Services","product":"Microsoft Windows Operating System","company":"Microsoft Corporation","originalFileName":"svchost.exe","commandLine":"C:\\\\Windows\\\\System32\\\\svchost.exe -k NetworkService -p","currentDirectory":"C:\\\\Windows\\\\system32\\\\","user":"NT AUTHORITY\\\\NETWORK SERVICE","logonGuid":"{d4e08d2a-ffd2-6322-e403-000000000000}","logonId":"0x3e4","terminalSessionId":"0","integrityLevel":"System","hashes":"SHA256=F3FEB95E7BCFB0766A694D93FCA29EDA7E2CA977C2395B4BE75242814EB6D881","parentProcessGuid":"{00000000-0000-0000-0000-000000000000}","parentProcessId":"588"}}},"location":"EventChannel"}
{"timestamp":"2022-09-15T03:37:27.954-0700","rule":{"level":7,"description":"SessionEnv was unavailable to handle a critical notification event.","id":"60776","firedtimes":4,"mail":false,"groups":["windows","windows_application"]},"agent":{"id":"002","name":"DESKTOP-D403BQC","ip":"192.168.1.112"},"manager":{"name":"zachary-VirtualBox"},"id":"1663238247.341607","decoder":{"name":"windows_eventchannel"},"data":{"win":{"system":{"providerName":"Microsoft-Windows-Winlogon","providerGuid":"{DBE9B383-7CF3-4331-91CC-A3CB16A3B538}","eventSourceName":"Wlclntfy","eventID":"6003","version":"0","level":"4","task":"0","opcode":"0","keywords":"0x80000000000000","systemTime":"2022-09-15T10:37:17.3080710Z","eventRecordID":"2953","processID":"0","threadID":"0","channel":"Application","computer":"DESKTOP-D403BQC","severityValue":"INFORMATION","message":"\"The winlogon notification subscriber <SessionEnv> was unavailable to handle a critical notification event.\""},"eventdata":{"binary":"D9060000","data":"SessionEnv"}}},"location":"EventChannel"}
{"timestamp":"2022-09-15T03:37:28.660-0700","rule":{"level":15,"description":"User: WORKGROUP\\Sam logged using Remote Desktop Connection (RDP) from loopback address, possible exploit over reverse tunneling using stolen credentials.","id":"92656","mitre":{"id":["T1021.001","T1078.002"],"tactic":["Lateral Movement","Defense Evasion","Persistence","Privilege Escalation","Initial Access"],"technique":["Remote Desktop Protocol","Domain Accounts"]},"firedtimes":7,"mail":true,"groups":["win_evt_channel"]},"agent":{"id":"002","name":"DESKTOP-D403BQC","ip":"192.168.1.112"},"manager":{"name":"zachary-VirtualBox"},"id":"1663238248.343150","full_log":"{\"win\":{\"system\":{\"providerName\":\"Microsoft-Windows-Security-Auditing\",\"providerGuid\":\"{54849625-5478-4994-a5ba-3e3b0328c30d}\",\"eventID\":\"4624\",\"version\":\"2\",\"level\":\"0\",\"task\":\"12544\",\"opcode\":\"0\",\"keywords\":\"0x8020000000000000\",\"systemTime\":\"2022-09-15T10:37:17.1647952Z\",\"eventRecordID\":\"39807\",\"processID\":\"592\",\"threadID\":\"820\",\"channel\":\"Security\",\"computer\":\"DESKTOP-D403BQC\",\"severityValue\":\"AUDIT_SUCCESS\",\"message\":\"\\\"An account was successfully logged on.\\r\\n\\r\\nSubject:\\r\\n\\tSecurity ID:\\t\\tS-1-5-18\\r\\n\\tAccount Name:\\t\\tDESKTOP-D403BQC$\\r\\n\\tAccount Domain:\\t\\tWORKGROUP\\r\\n\\tLogon ID:\\t\\t0x3E7\\r\\n\\r\\nLogon Information:\\r\\n\\tLogon Type:\\t\\t2\\r\\n\\tRestricted Admin Mode:\\t-\\r\\n\\tVirtual Account:\\t\\tNo\\r\\n\\tElevated Token:\\t\\tYes\\r\\n\\r\\nImpersonation Level:\\t\\tImpersonation\\r\\n\\r\\nNew Logon:\\r\\n\\tSecurity ID:\\t\\tS-1-5-21-3425578423-2148497727-1753414623-1001\\r\\n\\tAccount Name:\\t\\tSam\\r\\n\\tAccount Domain:\\t\\tDESKTOP-D403BQC\\r\\n\\tLogon ID:\\t\\t0x36B44\\r\\n\\tLinked Logon ID:\\t\\t0x36B7B\\r\\n\\tNetwork Account Name:\\t-\\r\\n\\tNetwork Account Domain:\\t-\\r\\n\\tLogon GUID:\\t\\t{00000000-0000-0000-0000-000000000000}\\r\\n\\r\\nProcess Information:\\r\\n\\tProcess ID:\\t\\t0x3d8\\r\\n\\tProcess Name:\\t\\tC:\\\\Windows\\\\System32\\\\svchost.exe\\r\\n\\r\\nNetwork Information:\\r\\n\\tWorkstation Name:\\tDESKTOP-D403BQC\\r\\n\\tSource Network Address:\\t127.0.0.1\\r\\n\\tSource Port:\\t\\t0\\r\\n\\r\\nDetailed Authentication Information:\\r\\n\\tLogon Process:\\t\\tUser32 \\r\\n\\tAuthentication Package:\\tNegotiate\\r\\n\\tTransited Services:\\t-\\r\\n\\tPackage Name (NTLM only):\\t-\\r\\n\\tKey Length:\\t\\t0\\r\\n\\r\\nThis event is generated when a logon session is created. It is generated on the computer that was accessed.\\r\\n\\r\\nThe subject fields indicate the account on the local system which requested the logon. This is most commonly a service such as the Server service, or a local process such as Winlogon.exe or Services.exe.\\r\\n\\r\\nThe logon type field indicates the kind of logon that occurred. The most common types are 2 (interactive) and 3 (network).\\r\\n\\r\\nThe New Logon fields indicate the account for whom the new logon was created, i.e. the account that was logged on.\\r\\n\\r\\nThe network fields indicate where a remote logon request originated. Workstation name is not always available and may be left blank in some cases.\\r\\n\\r\\nThe impersonation level field indicates the extent to which a process in the logon session can impersonate.\\r\\n\\r\\nThe authentication information fields provide detailed information about this specific logon request.\\r\\n\\t- Logon GUID is a unique identifier that can be used to correlate this event with a KDC event.\\r\\n\\t- Transited services indicate which intermediate services have participated in this logon request.\\r\\n\\t- Package name indicates which sub-protocol was used among the NTLM protocols.\\r\\n\\t- Key length indicates the length of the generated session key. This will be 0 if no session key was requested.\\\"\"},\"eventdata\":{\"subjectUserSid\":\"S-1-5-18\",\"subjectUserName\":\"DESKTOP-D403BQC$\",\"subjectDomainName\":\"WORKGROUP\",\"subjectLogonId\":\"0x3e7\",\"targetUserSid\":\"S-1-5-21-3425578423-2148497727-1753414623-1001\",\"targetUserName\":\"Sam\",\"targetDomainName\":\"DESKTOP-D403BQC\",\"targetLogonId\":\"0x36b44\",\"logonType\":\"2\",\"logonProcessName\":\"User32\",\"authenticationPackageName\":\"Negotiate\",\"workstationName\":\"DESKTOP-D403BQC\",\"logonGuid\":\"{00000000-0000-0000-0000-000000000000}\",\"keyLength\":\"0\",\"processId\":\"0x3d8\",\"processName\":\"C:\\\\\\\\Windows\\\\\\\\System32\\\\\\\\svchost.exe\",\"ipAddress\":\"127.0.0.1\",\"ipPort\":\"0\",\"impersonationLevel\":\"%%1833\",\"virtualAccount\":\"%%1843\",\"targetLinkedLogonId\":\"0x36b7b\",\"elevatedToken\":\"%%1842\"}}}","decoder":{"name":"windows_eventchannel"},"data":{"win":{"system":{"providerName":"Microsoft-Windows-Security-Auditing","providerGuid":"{54849625-5478-4994-a5ba-3e3b0328c30d}","eventID":"4624","version":"2","level":"0","task":"12544","opcode":"0","keywords":"0x8020000000000000","systemTime":"2022-09-15T10:37:17.1647952Z","eventRecordID":"39807","processID":"592","threadID":"820","channel":"Security","computer":"DESKTOP-D403BQC","severityValue":"AUDIT_SUCCESS","message":"\"An account was successfully logged on.\r\n\r\nSubject:\r\n\tSecurity ID:\t\tS-1-5-18\r\n\tAccount Name:\t\tDESKTOP-D403BQC$\r\n\tAccount Domain:\t\tWORKGROUP\r\n\tLogon ID:\t\t0x3E7\r\n\r\nLogon Information:\r\n\tLogon Type:\t\t2\r\n\tRestricted Admin Mode:\t-\r\n\tVirtual Account:\t\tNo\r\n\tElevated Token:\t\tYes\r\n\r\nImpersonation Level:\t\tImpersonation\r\n\r\nNew Logon:\r\n\tSecurity ID:\t\tS-1-5-21-3425578423-2148497727-1753414623-1001\r\n\tAccount Name:\t\tSam\r\n\tAccount Domain:\t\tDESKTOP-D403BQC\r\n\tLogon ID:\t\t0x36B44\r\n\tLinked Logon ID:\t\t0x36B7B\r\n\tNetwork Account Name:\t-\r\n\tNetwork Account Domain:\t-\r\n\tLogon GUID:\t\t{00000000-0000-0000-0000-000000000000}\r\n\r\nProcess Information:\r\n\tProcess ID:\t\t0x3d8\r\n\tProcess Name:\t\tC:\\Windows\\System32\\svchost.exe\r\n\r\nNetwork Information:\r\n\tWorkstation Name:\tDESKTOP-D403BQC\r\n\tSource Network Address:\t127.0.0.1\r\n\tSource Port:\t\t0\r\n\r\nDetailed Authentication Information:\r\n\tLogon Process:\t\tUser32 \r\n\tAuthentication Package:\tNegotiate\r\n\tTransited Services:\t-\r\n\tPackage Name (NTLM only):\t-\r\n\tKey Length:\t\t0\r\n\r\nThis event is generated when a logon session is created. It is generated on the computer that was accessed.\r\n\r\nThe subject fields indicate the account on the local system which requested the logon. This is most commonly a service such as the Server service, or a local process such as Winlogon.exe or Services.exe.\r\n\r\nThe logon type field indicates the kind of logon that occurred. The most common types are 2 (interactive) and 3 (network).\r\n\r\nThe New Logon fields indicate the account for whom the new logon was created, i.e. the account that was logged on.\r\n\r\nThe network fields indicate where a remote logon request originated. Workstation name is not always available and may be left blank in some cases.\r\n\r\nThe impersonation level field indicates the extent to which a process in the logon session can impersonate.\r\n\r\nThe authentication information fields provide detailed information about this specific logon request.\r\n\t- Logon GUID is a unique identifier that can be used to correlate this event with a KDC event.\r\n\t- Transited services indicate which intermediate services have participated in this logon request.\r\n\t- Package name indicates which sub-protocol was used among the NTLM protocols.\r\n\t- Key length indicates the length of the generated session key. This will be 0 if no session key was requested.\""},"eventdata":{"subjectUserSid":"S-1-5-18","subjectUserName":"DESKTOP-D403BQC$","subjectDomainName":"WORKGROUP","subjectLogonId":"0x3e7","targetUserSid":"S-1-5-21-3425578423-2148497727-1753414623-1001","targetUserName":"Sam","targetDomainName":"DESKTOP-D403BQC","targetLogonId":"0x36b44","logonType":"2","logonProcessName":"User32","authenticationPackageName":"Negotiate","workstationName":"DESKTOP-D403BQC","logonGuid":"{00000000-0000-0000-0000-000000000000}","keyLength":"0","processId":"0x3d8","processName":"C:\\\\Windows\\\\System32\\\\svchost.exe","ipAddress":"127.0.0.1","ipPort":"0","impersonationLevel":"%%1833","virtualAccount":"%%1843","targetLinkedLogonId":"0x36b7b","elevatedToken":"%%1842"}}},"location":"EventChannel"}
{"timestamp":"2022-09-15T03:37:28.714-0700","rule":{"level":15,"description":"User: WORKGROUP\\Sam logged using Remote Desktop Connection (RDP) from loopback address, possible exploit over reverse tunneling using stolen credentials.","id":"92656","mitre":{"id":["T1021.001","T1078.002"],"tactic":["Lateral Movement","Defense Evasion","Persistence","Privilege Escalation","Initial Access"],"technique":["Remote Desktop Protocol","Domain Accounts"]},"firedtimes":8,"mail":true,"groups":["win_evt_channel"]},"agent":{"id":"002","name":"DESKTOP-D403BQC","ip":"192.168.1.112"},"manager":{"name":"zachary-VirtualBox"},"id":"1663238248.350841","full_log":"{\"win\":{\"system\":{\"providerName\":\"Microsoft-Windows-Security-Auditing\",\"providerGuid\":\"{54849625-5478-4994-a5ba-3e3b0328c30d}\",\"eventID\":\"4624\",\"version\":\"2\",\"level\":\"0\",\"task\":\"12544\",\"opcode\":\"0\",\"keywords\":\"0x8020000000000000\",\"systemTime\":\"2022-09-15T10:37:17.1648149Z\",\"eventRecordID\":\"39808\",\"processID\":\"592\",\"threadID\":\"820\",\"channel\":\"Security\",\"computer\":\"DESKTOP-D403BQC\",\"severityValue\":\"AUDIT_SUCCESS\",\"message\":\"\\\"An account was successfully logged on.\\r\\n\\r\\nSubject:\\r\\n\\tSecurity ID:\\t\\tS-1-5-18\\r\\n\\tAccount Name:\\t\\tDESKTOP-D403BQC$\\r\\n\\tAccount Domain:\\t\\tWORKGROUP\\r\\n\\tLogon ID:\\t\\t0x3E7\\r\\n\\r\\nLogon Information:\\r\\n\\tLogon Type:\\t\\t2\\r\\n\\tRestricted Admin Mode:\\t-\\r\\n\\tVirtual Account:\\t\\tNo\\r\\n\\tElevated Token:\\t\\tNo\\r\\n\\r\\nImpersonation Level:\\t\\tImpersonation\\r\\n\\r\\nNew Logon:\\r\\n\\tSecurity ID:\\t\\tS-1-5-21-3425578423-2148497727-1753414623-1001\\r\\n\\tAccount Name:\\t\\tSam\\r\\n\\tAccount Domain:\\t\\tDESKTOP-D403BQC\\r\\n\\tLogon ID:\\t\\t0x36B7B\\r\\n\\tLinked Logon ID:\\t\\t0x36B44\\r\\n\\tNetwork Account Name:\\t-\\r\\n\\tNetwork Account Domain:\\t-\\r\\n\\tLogon GUID:\\t\\t{00000000-0000-0000-0000-000000000000}\\r\\n\\r\\nProcess Information:\\r\\n\\tProcess ID:\\t\\t0x3d8\\r\\n\\tProcess Name:\\t\\tC:\\\\Windows\\\\System32\\\\svchost.exe\\r\\n\\r\\nNetwork Information:\\r\\n\\tWorkstation Name:\\tDESKTOP-D403BQC\\r\\n\\tSource Network Address:\\t127.0.0.1\\r\\n\\tSource Port:\\t\\t0\\r\\n\\r\\nDetailed Authentication Information:\\r\\n\\tLogon Process:\\t\\tUser32 \\r\\n\\tAuthentication Package:\\tNegotiate\\r\\n\\tTransited Services:\\t-\\r\\n\\tPackage Name (NTLM only):\\t-\\r\\n\\tKey Length:\\t\\t0\\r\\n\\r\\nThis event is generated when a logon session is created. It is generated on the computer that was accessed.\\r\\n\\r\\nThe subject fields indicate the account on the local system which requested the logon. This is most commonly a service such as the Server service, or a local process such as Winlogon.exe or Services.exe.\\r\\n\\r\\nThe logon type field indicates the kind of logon that occurred. The most common types are 2 (interactive) and 3 (network).\\r\\n\\r\\nThe New Logon fields indicate the account for whom the new logon was created, i.e. the account that was logged on.\\r\\n\\r\\nThe network fields indicate where a remote logon request originated. Workstation name is not always available and may be left blank in some cases.\\r\\n\\r\\nThe impersonation level field indicates the extent to which a process in the logon session can impersonate.\\r\\n\\r\\nThe authentication information fields provide detailed information about this specific logon request.\\r\\n\\t- Logon GUID is a unique identifier that can be used to correlate this event with a KDC event.\\r\\n\\t- Transited services indicate which intermediate services have participated in this logon request.\\r\\n\\t- Package name indicates which sub-protocol was used among the NTLM protocols.\\r\\n\\t- Key length indicates the length of the generated session key. This will be 0 if no session key was requested.\\\"\"},\"eventdata\":{\"subjectUserSid\":\"S-1-5-18\",\"subjectUserName\":\"DESKTOP-D403BQC$\",\"subjectDomainName\":\"WORKGROUP\",\"subjectLogonId\":\"0x3e7\",\"targetUserSid\":\"S-1-5-21-3425578423-2148497727-1753414623-1001\",\"targetUserName\":\"Sam\",\"targetDomainName\":\"DESKTOP-D403BQC\",\"targetLogonId\":\"0x36b7b\",\"logonType\":\"2\",\"logonProcessName\":\"User32\",\"authenticationPackageName\":\"Negotiate\",\"workstationName\":\"DESKTOP-D403BQC\",\"logonGuid\":\"{00000000-0000-0000-0000-000000000000}\",\"keyLength\":\"0\",\"processId\":\"0x3d8\",\"processName\":\"C:\\\\\\\\Windows\\\\\\\\System32\\\\\\\\svchost.exe\",\"ipAddress\":\"127.0.0.1\",\"ipPort\":\"0\",\"impersonationLevel\":\"%%1833\",\"virtualAccount\":\"%%1843\",\"targetLinkedLogonId\":\"0x36b44\",\"elevatedToken\":\"%%1843\"}}}","decoder":{"name":"windows_eventchannel"},"data":{"win":{"system":{"providerName":"Microsoft-Windows-Security-Auditing","providerGuid":"{54849625-5478-4994-a5ba-3e3b0328c30d}","eventID":"4624","version":"2","level":"0","task":"12544","opcode":"0","keywords":"0x8020000000000000","systemTime":"2022-09-15T10:37:17.1648149Z","eventRecordID":"39808","processID":"592","threadID":"820","channel":"Security","computer":"DESKTOP-D403BQC","severityValue":"AUDIT_SUCCESS","message":"\"An account was successfully logged on.\r\n\r\nSubject:\r\n\tSecurity ID:\t\tS-1-5-18\r\n\tAccount Name:\t\tDESKTOP-D403BQC$\r\n\tAccount Domain:\t\tWORKGROUP\r\n\tLogon ID:\t\t0x3E7\r\n\r\nLogon Information:\r\n\tLogon Type:\t\t2\r\n\tRestricted Admin Mode:\t-\r\n\tVirtual Account:\t\tNo\r\n\tElevated Token:\t\tNo\r\n\r\nImpersonation Level:\t\tImpersonation\r\n\r\nNew Logon:\r\n\tSecurity ID:\t\tS-1-5-21-3425578423-2148497727-1753414623-1001\r\n\tAccount Name:\t\tSam\r\n\tAccount Domain:\t\tDESKTOP-D403BQC\r\n\tLogon ID:\t\t0x36B7B\r\n\tLinked Logon ID:\t\t0x36B44\r\n\tNetwork Account Name:\t-\r\n\tNetwork Account Domain:\t-\r\n\tLogon GUID:\t\t{00000000-0000-0000-0000-000000000000}\r\n\r\nProcess Information:\r\n\tProcess ID:\t\t0x3d8\r\n\tProcess Name:\t\tC:\\Windows\\System32\\svchost.exe\r\n\r\nNetwork Information:\r\n\tWorkstation Name:\tDESKTOP-D403BQC\r\n\tSource Network Address:\t127.0.0.1\r\n\tSource Port:\t\t0\r\n\r\nDetailed Authentication Information:\r\n\tLogon Process:\t\tUser32 \r\n\tAuthentication Package:\tNegotiate\r\n\tTransited Services:\t-\r\n\tPackage Name (NTLM only):\t-\r\n\tKey Length:\t\t0\r\n\r\nThis event is generated when a logon session is created. It is generated on the computer that was accessed.\r\n\r\nThe subject fields indicate the account on the local system which requested the logon. This is most commonly a service such as the Server service, or a local process such as Winlogon.exe or Services.exe.\r\n\r\nThe logon type field indicates the kind of logon that occurred. The most common types are 2 (interactive) and 3 (network).\r\n\r\nThe New Logon fields indicate the account for whom the new logon was created, i.e. the account that was logged on.\r\n\r\nThe network fields indicate where a remote logon request originated. Workstation name is not always available and may be left blank in some cases.\r\n\r\nThe impersonation level field indicates the extent to which a process in the logon session can impersonate.\r\n\r\nThe authentication information fields provide detailed information about this specific logon request.\r\n\t- Logon GUID is a unique identifier that can be used to correlate this event with a KDC event.\r\n\t- Transited services indicate which intermediate services have participated in this logon request.\r\n\t- Package name indicates which sub-protocol was used among the NTLM protocols.\r\n\t- Key length indicates the length of the generated session key. This will be 0 if no session key was requested.\""},"eventdata":{"subjectUserSid":"S-1-5-18","subjectUserName":"DESKTOP-D403BQC$","subjectDomainName":"WORKGROUP","subjectLogonId":"0x3e7","targetUserSid":"S-1-5-21-3425578423-2148497727-1753414623-1001","targetUserName":"Sam","targetDomainName":"DESKTOP-D403BQC","targetLogonId":"0x36b7b","logonType":"2","logonProcessName":"User32","authenticationPackageName":"Negotiate","workstationName":"DESKTOP-D403BQC","logonGuid":"{00000000-0000-0000-0000-000000000000}","keyLength":"0","processId":"0x3d8","processName":"C:\\\\Windows\\\\System32\\\\svchost.exe","ipAddress":"127.0.0.1","ipPort":"0","impersonationLevel":"%%1833","virtualAccount":"%%1843","targetLinkedLogonId":"0x36b44","elevatedToken":"%%1843"}}},"location":"EventChannel"}
{"timestamp":"2022-09-15T03:37:32.715-0700","rule":{"level":5,"description":"SessionEnv was unavailable to handle a notification event.","id":"60775","firedtimes":4,"mail":false,"groups":["windows","windows_application"]},"agent":{"id":"002","name":"DESKTOP-D403BQC","ip":"192.168.1.112"},"manager":{"name":"zachary-VirtualBox"},"id":"1663238252.358530","decoder":{"name":"windows_eventchannel"},"data":{"win":{"system":{"providerName":"Microsoft-Windows-Winlogon","providerGuid":"{DBE9B383-7CF3-4331-91CC-A3CB16A3B538}","eventSourceName":"Wlclntfy","eventID":"6000","version":"0","level":"4","task":"0","opcode":"0","keywords":"0x80000000000000","systemTime":"2022-09-15T10:37:29.8864750Z","eventRecordID":"2954","processID":"0","threadID":"0","channel":"Application","computer":"DESKTOP-D403BQC","severityValue":"INFORMATION","message":"\"The winlogon notification subscriber <SessionEnv> was unavailable to handle a notification event.\""},"eventdata":{"binary":"D9060000","data":"SessionEnv"}}},"location":"EventChannel"}
{"timestamp":"2022-09-15T03:37:36.071-0700","rule":{"level":12,"description":"Sysmon - Suspicious Process - dllhost.exe","id":"61638","mitre":{"id":["T1055"],"tactic":["Defense Evasion","Privilege Escalation"],"technique":["Process Injection"]},"firedtimes":2,"mail":true,"groups":["windows","sysmon","sysmon_process-anomalies"],"pci_dss":["10.6.1","11.4"],"gdpr":["IV_35.7.d"],"hipaa":["164.312.b"],"nist_800_53":["AU.6","SI.4"],"tsc":["CC7.2","CC7.3","CC6.1","CC6.8"]},"agent":{"id":"004","name":"DESKTOP-CKP652S","ip":"192.168.1.27"},"manager":{"name":"zachary-VirtualBox"},"id":"1663238256.360046","full_log":"{\"win\":{\"system\":{\"providerName\":\"Microsoft-Windows-Sysmon\",\"providerGuid\":\"{5770385f-c22a-43e0-bf4c-06f5698ffbd9}\",\"eventID\":\"1\",\"version\":\"5\",\"level\":\"4\",\"task\":\"1\",\"opcode\":\"0\",\"keywords\":\"0x8000000000000000\",\"systemTime\":\"2022-09-15T10:37:33.0627192Z\",\"eventRecordID\":\"16369\",\"processID\":\"2408\",\"threadID\":\"3104\",\"channel\":\"Microsoft-Windows-Sysmon/Operational\",\"computer\":\"DESKTOP-CKP652S\",\"severityValue\":\"INFORMATION\",\"message\":\"\\\"Process Create:\\r\\nRuleName: -\\r\\nUtcTime: 2022-09-15 10:37:32.755\\r\\nProcessGuid: {d4e08d2a-006c-6323-8e00-000000003100}\\r\\nProcessId: 4336\\r\\nImage: C:\\\\Windows\\\\System32\\\\dllhost.exe\\r\\nFileVersion: 10.0.19041.546 (WinBuild.160101.0800)\\r\\nDescription: COM Surrogate\\r\\nProduct: Microsoft Windows Operating System\\r\\nCompany: Microsoft Corporation\\r\\nOriginalFileName: dllhost.exe\\r\\nCommandLine: C:\\\\Windows\\\\system32\\\\DllHost.exe /Processid:{338B40F9-9D68-4B53-A793-6B9AA0C5F63B}\\r\\nCurrentDirectory: C:\\\\Windows\\\\system32\\\\\\r\\nUser: DESKTOP-CKP652S\\\\mrpol\\r\\nLogonGuid: {d4e08d2a-fff3-6322-284e-040000000000}\\r\\nLogonId: 0x44E28\\r\\nTerminalSessionId: 1\\r\\nIntegrityLevel: Medium\\r\\nHashes: SHA256=E7FC40B41AA8B83841A0B96D169EAF0800AA784733E636935374D56536253F10\\r\\nParentProcessGuid: {00000000-0000-0000-0000-000000000000}\\r\\nParentProcessId: 760\\r\\nParentImage: -\\r\\nParentCommandLine: -\\r\\nParentUser: -\\\"\"},\"eventdata\":{\"utcTime\":\"2022-09-15 10:37:32.755\",\"processGuid\":\"{d4e08d2a-006c-6323-8e00-000000003100}\",\"processId\":\"4336\",\"image\":\"C:\\\\\\\\Windows\\\\\\\\System32\\\\\\\\dllhost.exe\",\"fileVersion\":\"10.0.19041.546 (WinBuild.160101.0800)\",\"description\":\"COM Surrogate\",\"product\":\"Microsoft Windows Operating System\",\"company\":\"Microsoft Corporation\",\"originalFileName\":\"dllhost.exe\",\"commandLine\":\"C:\\\\\\\\Windows\\\\\\\\system32\\\\\\\\DllHost.exe /Processid:{338B40F9-9D68-4B53-A793-6B9AA0C5F63B}\",\"currentDirectory\":\"C:\\\\\\\\Windows\\\\\\\\system32\\\\\\\\\",\"user\":\"DESKTOP-CKP652S\\\\\\\\mrpol\",\"logonGuid\":\"{d4e08d2a-fff3-6322-284e-040000000000}\",\"logonId\":\"0x44e28\",\"terminalSessionId\":\"1\",\"integrityLevel\":\"Medium\",\"hashes\":\"SHA256=E7FC40B41AA8B83841A0B96D169EAF0800AA784733E636935374D56536253F10\",\"parentProcessGuid\":\"{00000000-0000-0000-0000-000000000000}\",\"parentProcessId\":\"760\"}}}","decoder":{"name":"windows_eventchannel"},"data":{"win":{"system":{"providerName":"Microsoft-Windows-Sysmon","providerGuid":"{5770385f-c22a-43e0-bf4c-06f5698ffbd9}","eventID":"1","version":"5","level":"4","task":"1","opcode":"0","keywords":"0x8000000000000000","systemTime":"2022-09-15T10:37:33.0627192Z","eventRecordID":"16369","processID":"2408","threadID":"3104","channel":"Microsoft-Windows-Sysmon/Operational","computer":"DESKTOP-CKP652S","severityValue":"INFORMATION","message":"\"Process Create:\r\nRuleName: -\r\nUtcTime: 2022-09-15 10:37:32.755\r\nProcessGuid: {d4e08d2a-006c-6323-8e00-000000003100}\r\nProcessId: 4336\r\nImage: C:\\Windows\\System32\\dllhost.exe\r\nFileVersion: 10.0.19041.546 (WinBuild.160101.0800)\r\nDescription: COM Surrogate\r\nProduct: Microsoft Windows Operating System\r\nCompany: Microsoft Corporation\r\nOriginalFileName: dllhost.exe\r\nCommandLine: C:\\Windows\\system32\\DllHost.exe /Processid:{338B40F9-9D68-4B53-A793-6B9AA0C5F63B}\r\nCurrentDirectory: C:\\Windows\\system32\\\r\nUser: DESKTOP-CKP652S\\mrpol\r\nLogonGuid: {d4e08d2a-fff3-6322-284e-040000000000}\r\nLogonId: 0x44E28\r\nTerminalSessionId: 1\r\nIntegrityLevel: Medium\r\nHashes: SHA256=E7FC40B41AA8B83841A0B96D169EAF0800AA784733E636935374D56536253F10\r\nParentProcessGuid: {00000000-0000-0000-0000-000000000000}\r\nParentProcessId: 760\r\nParentImage: -\r\nParentCommandLine: -\r\nParentUser: -\""},"eventdata":{"utcTime":"2022-09-15 10:37:32.755","processGuid":"{d4e08d2a-006c-6323-8e00-000000003100}","processId":"4336","image":"C:\\\\Windows\\\\System32\\\\dllhost.exe","fileVersion":"10.0.19041.546 (WinBuild.160101.0800)","description":"COM Surrogate","product":"Microsoft Windows Operating System","company":"Microsoft Corporation","originalFileName":"dllhost.exe","commandLine":"C:\\\\Windows\\\\system32\\\\DllHost.exe /Processid:{338B40F9-9D68-4B53-A793-6B9AA0C5F63B}","currentDirectory":"C:\\\\Windows\\\\system32\\\\","user":"DESKTOP-CKP652S\\\\mrpol","logonGuid":"{d4e08d2a-fff3-6322-284e-040000000000}","logonId":"0x44e28","terminalSessionId":"1","integrityLevel":"Medium","hashes":"SHA256=E7FC40B41AA8B83841A0B96D169EAF0800AA784733E636935374D56536253F10","parentProcessGuid":"{00000000-0000-0000-0000-000000000000}","parentProcessId":"760"}}},"location":"EventChannel"}
