{"timestamp":"2022-09-15T03:38:21.275-0700","rule":{"level":3,"description":"Windows logon success.","id":"60106","mitre":{"id":["T1078"],"tactic":["Defense Evasion","Persistence","Privilege Escalation","Initial Access"],"technique":["Valid Accounts"]},"firedtimes":22,"mail":false,"groups":["windows","windows_security","authentication_success"],"gdpr":["IV_32.2"],"gpg13":["7.1","7.2"],"hipaa":["164.312.b"],"nist_800_53":["AC.7","AU.14"],"pci_dss":["10.2.5"],"tsc":["CC6.8","CC7.2","CC7.3"]},"agent":{"id":"004","name":"DESKTOP-CKP652S","ip":"192.168.1.27"},"manager":{"name":"zachary-VirtualBox"},"id":"1663238301.423121","decoder":{"name":"windows_eventchannel"},"data":{"win":{"system":{"providerName":"Microsoft-Windows-Security-Auditing","providerGuid":"{54849625-5478-4994-a5ba-3e3b0328c30d}","eventID":"4624","version":"2","level":"0","task":"12544","opcode":"0","keywords":"0x8020000000000000","systemTime":"2022-09-15T10:38:17.1114057Z","eventRecordID":"29405","processID":"596","threadID":"652","channel":"Security","computer":"DESKTOP-CKP652S","severityValue":"AUDIT_SUCCESS","message":"\"An account was successfully logged on.\r\n\r\nSubject:\r\n\tSecurity ID:\t\tS-1-5-18\r\n\tAccount Name:\t\tDESKTOP-CKP652S$\r\n\tAccount Domain:\t\tWORKGROUP\r\n\tLogon ID:\t\t0x3E7\r\n\r\nLogon Information:\r\n\tLogon Type:\t\t5\r\n\tRestricted Admin Mode:\t-\r\n\tVirtual Account:\t\tNo\r\n\tElevated Token:\t\tYes\r\n\r\nImpersonation Level:\t\tImpersonation\r\n\r\nNew Logon:\r\n\tSecurity ID:\t\tS-1-5-18\r\n\tAccount Name:\t\tSYSTEM\r\n\tAccount Domain:\t\tNT AUTHORITY\r\n\tLogon ID:\t\t0x3E7\r\n\tLinked Logon ID:\t\t0x0\r\n\tNetwork Account Name:\t-\r\n\tNetwork Account Domain:\t-\r\n\tLogon GUID:\t\t{00000000-0000-0000-0000-000000000000}\r\n\r\nProcess Information:\r\n\tProcess ID:\t\t0x24c\r\n\tProcess Name:\t\tC:\\Windows\\System32\\services.exe\r\n\r\nNetwork Information:\r\n\tWorkstation Name:\t-\r\n\tSource Network Address:\t-\r\n\tSource Port:\t\t-\r\n\r\nDetailed Authentication Information:\r\n\tLogon Process:\t\tAdvapi  \r\n\tAuthentication Package:\tNegotiate\r\n\tTransited Services:\t-\r\n\tPackage Name (NTLM only):\t-\r\n\tKey Length:\t\t0\r\n\r\nThis event is generated when a logon session is created. It is generated on the computer that was accessed.\r\n\r\nThe subject fields indicate the account on the local system which requested the logon. This is most commonly a service such as the Server service, or a local process such as Winlogon.exe or Services.exe.\r\n\r\nThe logon type field indicates the kind of logon that occurred. The most common types are 2 (interactive) and 3 (network).\r\n\r\nThe New Logon fields indicate the account for whom the new logon was created, i.e. the account that was logged on.\r\n\r\nThe network fields indicate where a remote logon request originated. Workstation name is not always available and may be left blank in some cases.\r\n\r\nThe impersonation level field indicates the extent to which a process in the logon session can impersonate.\r\n\r\nThe authentication information fields provide detailed information about this specific logon request.\r\n\t- Logon GUID is a unique identifier that can be used to correlate this event with a KDC event.\r\n\t- Transited services indicate which intermediate services have participated in this logon request.\r\n\t- Package name indicates which sub-protocol was used among the NTLM protocols.\r\n\t- Key length indicates the length of the generated session key. This will be 0 if no session key was requested.\""},"eventdata":{"subjectUserSid":"S-1-5-18","subjectUserName":"DESKTOP-CKP652S$","subjectDomainName":"WORKGROUP","subjectLogonId":"0x3e7","targetUserSid":"S-1-5-18","targetUserName":"SYSTEM","targetDomainName":"NT AUTHORITY","targetLogonId":"0x3e7","logonType":"5","logonProcessName":"Advapi","authenticationPackageName":"Negotiate","logonGuid":"{00000000-0000-0000-0000-000000000000}","keyLength":"0","processId":"0x24c","processName":"C:\\\\Windows\\\\System32\\\\services.exe","impersonationLevel":"%%1833","virtualAccount":"%%1843","targetLinkedLogonId":"0x0","elevatedToken":"%%1842"}}},"location":"EventChannel"}
{"timestamp":"2022-09-15T03:38:27.637-0700","rule":{"level":3,"description":"Windows logon success.","id":"60106","mitre":{"id":["T1078"],"tactic":["Defense Evasion","Persistence","Privilege Escalation","Initial Access"],"technique":["Valid Accounts"]},"firedtimes":23,"mail":false,"groups":["windows","windows_security","authentication_success"],"gdpr":["IV_32.2"],"gpg13":["7.1","7.2"],"hipaa":["164.312.b"],"nist_800_53":["AC.7","AU.14"],"pci_dss":["10.2.5"],"tsc":["CC6.8","CC7.2","CC7.3"]},"agent":{"id":"002","name":"DESKTOP-D403BQC","ip":"192.168.1.112"},"manager":{"name":"zachary-VirtualBox"},"id":"1663238307.430442","decoder":{"name":"windows_eventchannel"},"data":{"win":{"system":{"providerName":"Microsoft-Windows-Security-Auditing","providerGuid":"{54849625-5478-4994-a5ba-3e3b0328c30d}","eventID":"4624","version":"2","level":"0","task":"12544","opcode":"0","keywords":"0x8020000000000000","systemTime":"2022-09-15T10:38:24.5427625Z","eventRecordID":"39821","processID":"592","threadID":"656","channel":"Security","computer":"DESKTOP-D403BQC","severityValue":"AUDIT_SUCCESS","message":"\"An account was successfully logged on.\r\n\r\nSubject:\r\n\tSecurity ID:\t\tS-1-5-18\r\n\tAccount Name:\t\tDESKTOP-D403BQC$\r\n\tAccount Domain:\t\tWORKGROUP\r\n\tLogon ID:\t\t0x3E7\r\n\r\nLogon Information:\r\n\tLogon Type:\t\t5\r\n\tRestricted Admin Mode:\t-\r\n\tVirtual Account:\t\tNo\r\n\tElevated Token:\t\tYes\r\n\r\nImpersonation Level:\t\tImpersonation\r\n\r\nNew Logon:\r\n\tSecurity ID:\t\tS-1-5-18\r\n\tAccount Name:\t\tSYSTEM\r\n\tAccount Domain:\t\tNT AUTHORITY\r\n\tLogon ID:\t\t0x3E7\r\n\tLinked Logon ID:\t\t0x0\r\n\tNetwork Account Name:\t-\r\n\tNetwork Account Domain:\t-\r\n\tLogon GUID:\t\t{00000000-0000-0000-0000-000000000000}\r\n\r\nProcess Information:\r\n\tProcess ID:\t\t0x248\r\n\tProcess Name:\t\tC:\\Windows\\System32\\services.exe\r\n\r\nNetwork Information:\r\n\tWorkstation Name:\t-\r\n\tSource Network Address:\t-\r\n\tSource Port:\t\t-\r\n\r\nDetailed Authentication Information:\r\n\tLogon Process:\t\tAdvapi  \r\n\tAuthentication Package:\tNegotiate\r\n\tTransited Services:\t-\r\n\tPackage Name (NTLM only):\t-\r\n\tKey Length:\t\t0\r\n\r\nThis event is generated when a logon session is created. It is generated on the computer that was accessed.\r\n\r\nThe subject fields indicate the account on the local system which requested the logon. This is most commonly a service such as the Server service, or a local process such as Winlogon.exe or Services.exe.\r\n\r\nThe logon type field indicates the kind of logon that occurred. The most common types are 2 (interactive) and 3 (network).\r\n\r\nThe New Logon fields indicate the account for whom the new logon was created, i.e. the account that was logged on.\r\n\r\nThe network fields indicate where a remote logon request originated. Workstation name is not always available and may be left blank in some cases.\r\n\r\nThe impersonation level field indicates the extent to which a process in the logon session can impersonate.\r\n\r\nThe authentication information fields provide detailed information about this specific logon request.\r\n\t- Logon GUID is a unique identifier that can be used to correlate this event with a KDC event.\r\n\t- Transited services indicate which intermediate services have participated in this logon request.\r\n\t- Package name indicates which sub-protocol was used among the NTLM protocols.\r\n\t- Key length indicates the length of the generated session key. This will be 0 if no session key was requested.\""},"eventdata":{"subjectUserSid":"S-1-5-18","subjectUserName":"DESKTOP-D403BQC$","subjectDomainName":"WORKGROUP","subjectLogonId":"0x3e7","targetUserSid":"S-1-5-18","targetUserName":"SYSTEM","targetDomainName":"NT AUTHORITY","targetLogonId":"0x3e7","logonType":"5","logonProcessName":"Advapi","authenticationPackageName":"Negotiate","logonGuid":"{00000000-0000-0000-0000-000000000000}","keyLength":"0","processId":"0x248","processName":"C:\\\\Windows\\\\System32\\\\services.exe","impersonationLevel":"%%1833","virtualAccount":"%%1843","targetLinkedLogonId":"0x0","elevatedToken":"%%1842"}}},"location":"EventChannel"}
{"timestamp":"2022-09-15T03:38:32.486-0700","rule":{"level":12,"description":"Sysmon - Suspicious Process - dllhost.exe","id":"61638","mitre":{"id":["T1055"],"tactic":["Defense Evasion","Privilege Escalation"],"technique":["Process Injection"]},"firedtimes":6,"mail":true,"groups":["windows","sysmon","sysmon_process-anomalies"],"pci_dss":["10.6.1","11.4"],"gdpr":["IV_35.7.d"],"hipaa":["164.312.b"],"nist_800_53":["AU.6","SI.4"],"tsc":["CC7.2","CC7.3","CC6.1","CC6.8"]},"agent":{"id":"003","name":"DESKTOP-0H8GJPO","ip":"192.168.1.13"},"manager":{"name":"zachary-VirtualBox"},"id":"1663238312.437763","full_log":"{\"win\":{\"system\":{\"providerName\":\"Microsoft-Windows-Sysmon\",\"providerGuid\":\"{5770385f-c22a-43e0-bf4c-06f5698ffbd9}\",\"eventID\":\"1\",\"version\":\"5\",\"level\":\"4\",\"task\":\"1\",\"opcode\":\"0\",\"keywords\":\"0x8000000000000000\",\"systemTime\":\"2022-09-15T10:38:27.5748594Z\",\"eventRecordID\":\"10726\",\"processID\":\"2256\",\"threadID\":\"2280\",\"channel\":\"Microsoft-Windows-Sysmon/Operational\",\"computer\":\"DESKTOP-0H8GJPO\",\"severityValue\":\"INFORMATION\",\"message\":\"\\\"Process Create:\\r\\nRuleName: -\\r\\nUtcTime: 2022-09-15 10:38:27.339\\r\\nProcessGuid: {1d48d585-00a3-6323-7100-000000002200}\\r\\nProcessId: 2172\\r\\nImage: C:\\\\Windows\\\\System32\\\\dllhost.exe\\r\\nFileVersion: 10.0.19041.546 (WinBuild.160101.0800)\\r\\nDescription: COM Surrogate\\r\\nProduct: Microsoft Windows Operating System\\r\\nCompany: Microsoft Corporation\\r\\nOriginalFileName: dllhost.exe\\r\\nCommandLine: C:\\\\Windows\\\\system32\\\\DllHost.exe /Processid:{7966B4D8-4FDC-4126-A10B-39A3209AD251}\\r\\nCurrentDirectory: C:\\\\Windows\\\\system32\\\\\\r\\nUser: DESKTOP-0H8GJPO\\\\mrpol\\r\\nLogonGuid: {1d48d585-003f-6323-9c20-040000000000}\\r\\nLogonId: 0x4209C\\r\\nTerminalSessionId: 1\\r\\nIntegrityLevel: Medium\\r\\nHashes: SHA256=E7FC40B41AA8B83841A0B96D169EAF0800AA784733E636935374D56536253F10\\r\\nParentProcessGuid: {00000000-0000-0000-0000-000000000000}\\r\\nParentProcessId: 748\\r\\nParentImage: -\\r\\nParentCommandLine: -\\r\\nParentUser: -\\\"\"},\"eventdata\":{\"utcTime\":\"2022-09-15 10:38:27.339\",\"processGuid\":\"{1d48d585-00a3-6323-7100-000000002200}\",\"processId\":\"2172\",\"image\":\"C:\\\\\\\\Windows\\\\\\\\System32\\\\\\\\dllhost.exe\",\"fileVersion\":\"10.0.19041.546 (WinBuild.160101.0800)\",\"description\":\"COM Surrogate\",\"product\":\"Microsoft Windows Operating System\",\"company\":\"Microsoft Corporation\",\"originalFileName\":\"dllhost.exe\",\"commandLine\":\"C:\\\\\\\\Windows\\\\\\\\system32\\\\\\\\DllHost.exe /Processid:{7966B4D8-4FDC-4126-A10B-39A3209AD251}\",\"currentDirectory\":\"C:\\\\\\\\Windows\\\\\\\\system32\\\\\\\\\",\"user\":\"DESKTOP-0H8GJPO\\\\\\\\mrpol\",\"logonGuid\":\"{1d48d585-003f-6323-9c20-040000000000}\",\"logonId\":\"0x4209c\",\"terminalSessionId\":\"1\",\"integrityLevel\":\"Medium\",\"hashes\":\"SHA256=E7FC40B41AA8B83841A0B96D169EAF0800AA784733E636935374D56536253F10\",\"parentProcessGuid\":\"{00000000-0000-0000-0000-000000000000}\",\"parentProcessId\":\"748\"}}}","decoder":{"name":"windows_eventchannel"},"data":{"win":{"system":{"providerName":"Microsoft-Windows-Sysmon","providerGuid":"{5770385f-c22a-43e0-bf4c-06f5698ffbd9}","eventID":"1","version":"5","level":"4","task":"1","opcode":"0","keywords":"0x8000000000000000","systemTime":"2022-09-15T10:38:27.5748594Z","eventRecordID":"10726","processID":"2256","threadID":"2280","channel":"Microsoft-Windows-Sysmon/Operational","computer":"DESKTOP-0H8GJPO","severityValue":"INFORMATION","message":"\"Process Create:\r\nRuleName: -\r\nUtcTime: 2022-09-15 10:38:27.339\r\nProcessGuid: {1d48d585-00a3-6323-7100-000000002200}\r\nProcessId: 2172\r\nImage: C:\\Windows\\System32\\dllhost.exe\r\nFileVersion: 10.0.19041.546 (WinBuild.160101.0800)\r\nDescription: COM Surrogate\r\nProduct: Microsoft Windows Operating System\r\nCompany: Microsoft Corporation\r\nOriginalFileName: dllhost.exe\r\nCommandLine: C:\\Windows\\system32\\DllHost.exe /Processid:{7966B4D8-4FDC-4126-A10B-39A3209AD251}\r\nCurrentDirectory: C:\\Windows\\system32\\\r\nUser: DESKTOP-0H8GJPO\\mrpol\r\nLogonGuid: {1d48d585-003f-6323-9c20-040000000000}\r\nLogonId: 0x4209C\r\nTerminalSessionId: 1\r\nIntegrityLevel: Medium\r\nHashes: SHA256=E7FC40B41AA8B83841A0B96D169EAF0800AA784733E636935374D56536253F10\r\nParentProcessGuid: {00000000-0000-0000-0000-000000000000}\r\nParentProcessId: 748\r\nParentImage: -\r\nParentCommandLine: -\r\nParentUser: -\""},"eventdata":{"utcTime":"2022-09-15 10:38:27.339","processGuid":"{1d48d585-00a3-6323-7100-000000002200}","processId":"2172","image":"C:\\\\Windows\\\\System32\\\\dllhost.exe","fileVersion":"10.0.19041.546 (WinBuild.160101.0800)","description":"COM Surrogate","product":"Microsoft Windows Operating System","company":"Microsoft Corporation","originalFileName":"dllhost.exe","commandLine":"C:\\\\Windows\\\\system32\\\\DllHost.exe /Processid:{7966B4D8-4FDC-4126-A10B-39A3209AD251}","currentDirectory":"C:\\\\Windows\\\\system32\\\\","user":"DESKTOP-0H8GJPO\\\\mrpol","logonGuid":"{1d48d585-003f-6323-9c20-040000000000}","logonId":"0x4209c","terminalSessionId":"1","integrityLevel":"Medium","hashes":"SHA256=E7FC40B41AA8B83841A0B96D169EAF0800AA784733E636935374D56536253F10","parentProcessGuid":"{00000000-0000-0000-0000-000000000000}","parentProcessId":"748"}}},"location":"EventChannel"}
{"timestamp":"2022-09-15T03:38:33.170-0700","rule":{"level":3,"description":"Windows logon success.","id":"60106","mitre":{"id":["T1078"],"tactic":["Defense Evasion","Persistence","Privilege Escalation","Initial Access"],"technique":["Valid Accounts"]},"firedtimes":24,"mail":false,"groups":["windows","windows_security","authentication_success"],"gdpr":["IV_32.2"],"gpg13":["7.1","7.2"],"hipaa":["164.312.b"],"nist_800_53":["AC.7","AU.14"],"pci_dss":["10.2.5"],"tsc":["CC6.8","CC7.2","CC7.3"]},"agent":{"id":"003","name":"DESKTOP-0H8GJPO","ip":"192.168.1.13"},"manager":{"name":"zachary-VirtualBox"},"id":"1663238313.442765","decoder":{"name":"windows_eventchannel"},"data":{"win":{"system":{"providerName":"Microsoft-Windows-Security-Auditing","providerGuid":"{54849625-5478-4994-a5ba-3e3b0328c30d}","eventID":"4624","version":"2","level":"0","task":"12544","opcode":"0","keywords":"0x8020000000000000","systemTime":"2022-09-15T10:38:30.3035340Z","eventRecordID":"27064","processID":"588","threadID":"912","channel":"Security","computer":"DESKTOP-0H8GJPO","severityValue":"AUDIT_SUCCESS","message":"\"An account was successfully logged on.\r\n\r\nSubject:\r\n\tSecurity ID:\t\tS-1-5-18\r\n\tAccount Name:\t\tDESKTOP-0H8GJPO$\r\n\tAccount Domain:\t\tWORKGROUP\r\n\tLogon ID:\t\t0x3E7\r\n\r\nLogon Information:\r\n\tLogon Type:\t\t5\r\n\tRestricted Admin Mode:\t-\r\n\tVirtual Account:\t\tNo\r\n\tElevated Token:\t\tYes\r\n\r\nImpersonation Level:\t\tImpersonation\r\n\r\nNew Logon:\r\n\tSecurity ID:\t\tS-1-5-18\r\n\tAccount Name:\t\tSYSTEM\r\n\tAccount Domain:\t\tNT AUTHORITY\r\n\tLogon ID:\t\t0x3E7\r\n\tLinked Logon ID:\t\t0x0\r\n\tNetwork Account Name:\t-\r\n\tNetwork Account Domain:\t-\r\n\tLogon GUID:\t\t{00000000-0000-0000-0000-000000000000}\r\n\r\nProcess Information:\r\n\tProcess ID:\t\t0x244\r\n\tProcess Name:\t\tC:\\Windows\\System32\\services.exe\r\n\r\nNetwork Information:\r\n\tWorkstation Name:\t-\r\n\tSource Network Address:\t-\r\n\tSource Port:\t\t-\r\n\r\nDetailed Authentication Information:\r\n\tLogon Process:\t\tAdvapi  \r\n\tAuthentication Package:\tNegotiate\r\n\tTransited Services:\t-\r\n\tPackage Name (NTLM only):\t-\r\n\tKey Length:\t\t0\r\n\r\nThis event is generated when a logon session is created. It is generated on the computer that was accessed.\r\n\r\nThe subject fields indicate the account on the local system which requested the logon. This is most commonly a service such as the Server service, or a local process such as Winlogon.exe or Services.exe.\r\n\r\nThe logon type field indicates the kind of logon that occurred. The most common types are 2 (interactive) and 3 (network).\r\n\r\nThe New Logon fields indicate the account for whom the new logon was created, i.e. the account that was logged on.\r\n\r\nThe network fields indicate where a remote logon request originated. Workstation name is not always available and may be left blank in some cases.\r\n\r\nThe impersonation level field indicates the extent to which a process in the logon session can impersonate.\r\n\r\nThe authentication information fields provide detailed information about this specific logon request.\r\n\t- Logon GUID is a unique identifier that can be used to correlate this event with a KDC event.\r\n\t- Transited services indicate which intermediate services have participated in this logon request.\r\n\t- Package name indicates which sub-protocol was used among the NTLM protocols.\r\n\t- Key length indicates the length of the generated session key. This will be 0 if no session key was requested.\""},"eventdata":{"subjectUserSid":"S-1-5-18","subjectUserName":"DESKTOP-0H8GJPO$","subjectDomainName":"WORKGROUP","subjectLogonId":"0x3e7","targetUserSid":"S-1-5-18","targetUserName":"SYSTEM","targetDomainName":"NT AUTHORITY","targetLogonId":"0x3e7","logonType":"5","logonProcessName":"Advapi","authenticationPackageName":"Negotiate","logonGuid":"{00000000-0000-0000-0000-000000000000}","keyLength":"0","processId":"0x244","processName":"C:\\\\Windows\\\\System32\\\\services.exe","impersonationLevel":"%%1833","virtualAccount":"%%1843","targetLinkedLogonId":"0x0","elevatedToken":"%%1842"}}},"location":"EventChannel"}
{"timestamp":"2022-09-15T03:38:34.712-0700","rule":{"level":3,"description":"The database engine is starting a new instance.","id":"60805","firedtimes":4,"mail":false,"groups":["windows","windows_application"]},"agent":{"id":"003","name":"DESKTOP-0H8GJPO","ip":"192.168.1.13"},"manager":{"name":"zachary-VirtualBox"},"id":"1663238314.450086","decoder":{"name":"windows_eventchannel"},"data":{"win":{"system":{"providerName":"ESENT","eventID":"102","version":"0","level":"4","task":"1","opcode":"0","keywords":"0x80000000000000","systemTime":"2022-09-15T10:38:32.3854617Z","eventRecordID":"2019","processID":"0","threadID":"0","channel":"Application","computer":"DESKTOP-0H8GJPO","severityValue":"INFORMATION","message":"\"SearchIndexer (2264,P,98) Windows: The database engine (10.00.19044.0000) is starting a new instance (0).\""},"eventdata":{"data":"SearchIndexer, 2264,P,98, Windows:, 0, 10, 00, 19044, 0000"}}},"location":"EventChannel"}
{"timestamp":"2022-09-15T03:38:34.833-0700","rule":{"level":3,"description":"The database engine is initiating recovery steps.","id":"60807","firedtimes":4,"mail":false,"groups":["windows","windows_application"]},"agent":{"id":"003","name":"DESKTOP-0H8GJPO","ip":"192.168.1.13"},"manager":{"name":"zachary-VirtualBox"},"id":"1663238314.451422","decoder":{"name":"windows_eventchannel"},"data":{"win":{"system":{"providerName":"ESENT","eventID":"300","version":"0","level":"4","task":"3","opcode":"0","keywords":"0x80000000000000","systemTime":"2022-09-15T10:38:32.4942645Z","eventRecordID":"2020","processID":"0","threadID":"0","channel":"Application","computer":"DESKTOP-0H8GJPO","severityValue":"INFORMATION","message":"\"SearchIndexer (2264,R,98) Windows: The database engine is initiating recovery steps.\""},"eventdata":{"data":"SearchIndexer, 2264,R,98, Windows:"}}},"location":"EventChannel"}
{"timestamp":"2022-09-15T03:38:34.843-0700","rule":{"level":3,"description":"The database engine is replaying log file C:\\Winnt\\system32\\wins\\j50.log.","id":"60808","firedtimes":7,"mail":false,"groups":["windows","windows_application"]},"agent":{"id":"003","name":"DESKTOP-0H8GJPO","ip":"192.168.1.13"},"manager":{"name":"zachary-VirtualBox"},"id":"1663238314.452670","decoder":{"name":"windows_eventchannel"},"data":{"win":{"system":{"providerName":"ESENT","eventID":"301","version":"0","level":"4","task":"3","opcode":"0","keywords":"0x80000000000000","systemTime":"2022-09-15T10:38:33.0895917Z","eventRecordID":"2021","processID":"0","threadID":"0","channel":"Application","computer":"DESKTOP-0H8GJPO","severityValue":"INFORMATION","message":"\"SearchIndexer (2264,R,98) Windows: The database engine has finished replaying logfile C:\\ProgramData\\Microsoft\\Search\\Data\\Applications\\Windows\\edb.jtx. \r\n \r\nProcessing Stats: \n[1] 0.506143 -0.007742 (10) CM -0.226372 (7) WT +J(CM:10, PgRf:88, Rd:0/10, Dy:10/166, Lg:493476/13156) +M(C:0K, Fs:243, WS:840K # 760K, PF:708K # 612K, P:708K). \r\nLog record of type 'Commit   ' was seen most frequently (3272 times)\""},"eventdata":{"data":"SearchIndexer, 2264,R,98, Windows:, C:\\\\ProgramData\\\\Microsoft\\\\Search\\\\Data\\\\Applications\\\\Windows\\\\edb.jtx,  [1] 0.506143 -0.007742 (10) CM -0.226372 (7) WT +J(CM:10, PgRf:88, Rd:0/10, Dy:10/166, Lg:493476/13156) +M(C:0K, Fs:243, WS:840K # 760K, PF:708K # 612K, P:708K)., Commit, 3272"}}},"location":"EventChannel"}
{"timestamp":"2022-09-15T03:38:35.325-0700","rule":{"level":12,"description":"Sysmon - Suspicious Process - dllhost.exe","id":"61638","mitre":{"id":["T1055"],"tactic":["Defense Evasion","Privilege Escalation"],"technique":["Process Injection"]},"firedtimes":7,"mail":true,"groups":["windows","sysmon","sysmon_process-anomalies"],"pci_dss":["10.6.1","11.4"],"gdpr":["IV_35.7.d"],"hipaa":["164.312.b"],"nist_800_53":["AU.6","SI.4"],"tsc":["CC7.2","CC7.3","CC6.1","CC6.8"]},"agent":{"id":"003","name":"DESKTOP-0H8GJPO","ip":"192.168.1.13"},"manager":{"name":"zachary-VirtualBox"},"id":"1663238315.455124","full_log":"{\"win\":{\"system\":{\"providerName\":\"Microsoft-Windows-Sysmon\",\"providerGuid\":\"{5770385f-c22a-43e0-bf4c-06f5698ffbd9}\",\"eventID\":\"1\",\"version\":\"5\",\"level\":\"4\",\"task\":\"1\",\"opcode\":\"0\",\"keywords\":\"0x8000000000000000\",\"systemTime\":\"2022-09-15T10:38:32.4536321Z\",\"eventRecordID\":\"10728\",\"processID\":\"2256\",\"threadID\":\"2280\",\"channel\":\"Microsoft-Windows-Sysmon/Operational\",\"computer\":\"DESKTOP-0H8GJPO\",\"severityValue\":\"INFORMATION\",\"message\":\"\\\"Process Create:\\r\\nRuleName: -\\r\\nUtcTime: 2022-09-15 10:38:32.357\\r\\nProcessGuid: {1d48d585-00a8-6323-7300-000000002200}\\r\\nProcessId: 4184\\r\\nImage: C:\\\\Windows\\\\System32\\\\dllhost.exe\\r\\nFileVersion: 10.0.19041.546 (WinBuild.160101.0800)\\r\\nDescription: COM Surrogate\\r\\nProduct: Microsoft Windows Operating System\\r\\nCompany: Microsoft Corporation\\r\\nOriginalFileName: dllhost.exe\\r\\nCommandLine: C:\\\\Windows\\\\system32\\\\DllHost.exe /Processid:{973D20D7-562D-44B9-B70B-5A0F49CCDF3F}\\r\\nCurrentDirectory: C:\\\\Windows\\\\system32\\\\\\r\\nUser: DESKTOP-0H8GJPO\\\\mrpol\\r\\nLogonGuid: {1d48d585-003f-6323-9c20-040000000000}\\r\\nLogonId: 0x4209C\\r\\nTerminalSessionId: 1\\r\\nIntegrityLevel: Medium\\r\\nHashes: SHA256=E7FC40B41AA8B83841A0B96D169EAF0800AA784733E636935374D56536253F10\\r\\nParentProcessGuid: {00000000-0000-0000-0000-000000000000}\\r\\nParentProcessId: 748\\r\\nParentImage: -\\r\\nParentCommandLine: -\\r\\nParentUser: -\\\"\"},\"eventdata\":{\"utcTime\":\"2022-09-15 10:38:32.357\",\"processGuid\":\"{1d48d585-00a8-6323-7300-000000002200}\",\"processId\":\"4184\",\"image\":\"C:\\\\\\\\Windows\\\\\\\\System32\\\\\\\\dllhost.exe\",\"fileVersion\":\"10.0.19041.546 (WinBuild.160101.0800)\",\"description\":\"COM Surrogate\",\"product\":\"Microsoft Windows Operating System\",\"company\":\"Microsoft Corporation\",\"originalFileName\":\"dllhost.exe\",\"commandLine\":\"C:\\\\\\\\Windows\\\\\\\\system32\\\\\\\\DllHost.exe /Processid:{973D20D7-562D-44B9-B70B-5A0F49CCDF3F}\",\"currentDirectory\":\"C:\\\\\\\\Windows\\\\\\\\system32\\\\\\\\\",\"user\":\"DESKTOP-0H8GJPO\\\\\\\\mrpol\",\"logonGuid\":\"{1d48d585-003f-6323-9c20-040000000000}\",\"logonId\":\"0x4209c\",\"terminalSessionId\":\"1\",\"integrityLevel\":\"Medium\",\"hashes\":\"SHA256=E7FC40B41AA8B83841A0B96D169EAF0800AA784733E636935374D56536253F10\",\"parentProcessGuid\":\"{00000000-0000-0000-0000-000000000000}\",\"parentProcessId\":\"748\"}}}","decoder":{"name":"windows_eventchannel"},"data":{"win":{"system":{"providerName":"Microsoft-Windows-Sysmon","providerGuid":"{5770385f-c22a-43e0-bf4c-06f5698ffbd9}","eventID":"1","version":"5","level":"4","task":"1","opcode":"0","keywords":"0x8000000000000000","systemTime":"2022-09-15T10:38:32.4536321Z","eventRecordID":"10728","processID":"2256","threadID":"2280","channel":"Microsoft-Windows-Sysmon/Operational","computer":"DESKTOP-0H8GJPO","severityValue":"INFORMATION","message":"\"Process Create:\r\nRuleName: -\r\nUtcTime: 2022-09-15 10:38:32.357\r\nProcessGuid: {1d48d585-00a8-6323-7300-000000002200}\r\nProcessId: 4184\r\nImage: C:\\Windows\\System32\\dllhost.exe\r\nFileVersion: 10.0.19041.546 (WinBuild.160101.0800)\r\nDescription: COM Surrogate\r\nProduct: Microsoft Windows Operating System\r\nCompany: Microsoft Corporation\r\nOriginalFileName: dllhost.exe\r\nCommandLine: C:\\Windows\\system32\\DllHost.exe /Processid:{973D20D7-562D-44B9-B70B-5A0F49CCDF3F}\r\nCurrentDirectory: C:\\Windows\\system32\\\r\nUser: DESKTOP-0H8GJPO\\mrpol\r\nLogonGuid: {1d48d585-003f-6323-9c20-040000000000}\r\nLogonId: 0x4209C\r\nTerminalSessionId: 1\r\nIntegrityLevel: Medium\r\nHashes: SHA256=E7FC40B41AA8B83841A0B96D169EAF0800AA784733E636935374D56536253F10\r\nParentProcessGuid: {00000000-0000-0000-0000-000000000000}\r\nParentProcessId: 748\r\nParentImage: -\r\nParentCommandLine: -\r\nParentUser: -\""},"eventdata":{"utcTime":"2022-09-15 10:38:32.357","processGuid":"{1d48d585-00a8-6323-7300-000000002200}","processId":"4184","image":"C:\\\\Windows\\\\System32\\\\dllhost.exe","fileVersion":"10.0.19041.546 (WinBuild.160101.0800)","description":"COM Surrogate","product":"Microsoft Windows Operating System","company":"Microsoft Corporation","originalFileName":"dllhost.exe","commandLine":"C:\\\\Windows\\\\system32\\\\DllHost.exe /Processid:{973D20D7-562D-44B9-B70B-5A0F49CCDF3F}","currentDirectory":"C:\\\\Windows\\\\system32\\\\","user":"DESKTOP-0H8GJPO\\\\mrpol","logonGuid":"{1d48d585-003f-6323-9c20-040000000000}","logonId":"0x4209c","terminalSessionId":"1","integrityLevel":"Medium","hashes":"SHA256=E7FC40B41AA8B83841A0B96D169EAF0800AA784733E636935374D56536253F10","parentProcessGuid":"{00000000-0000-0000-0000-000000000000}","parentProcessId":"748"}}},"location":"EventChannel"}
{"timestamp":"2022-09-15T03:38:36.456-0700","rule":{"level":3,"description":"The database engine has completed recovery steps.","id":"60809","firedtimes":4,"mail":false,"groups":["windows","windows_application"]},"agent":{"id":"003","name":"DESKTOP-0H8GJPO","ip":"192.168.1.13"},"manager":{"name":"zachary-VirtualBox"},"id":"1663238316.460126","decoder":{"name":"windows_eventchannel"},"data":{"win":{"system":{"providerName":"ESENT","eventID":"302","version":"0","level":"4","task":"3","opcode":"0","keywords":"0x80000000000000","systemTime":"2022-09-15T10:38:34.5098525Z","eventRecordID":"2022","processID":"0","threadID":"0","channel":"Application","computer":"DESKTOP-0H8GJPO","severityValue":"INFORMATION","message":"\"SearchIndexer (2264,U,98) Windows: The database engine has successfully completed recovery steps.\""},"eventdata":{"data":"SearchIndexer, 2264,U,98, Windows:"}}},"location":"EventChannel"}
{"timestamp":"2022-09-15T03:38:38.103-0700","rule":{"level":3,"description":"The database engine attached a database.","id":"60798","firedtimes":4,"mail":false,"groups":["windows","windows_application"]},"agent":{"id":"003","name":"DESKTOP-0H8GJPO","ip":"192.168.1.13"},"manager":{"name":"zachary-VirtualBox"},"id":"1663238318.461400","decoder":{"name":"windows_eventchannel"},"data":{"win":{"system":{"providerName":"ESENT","eventID":"326","version":"0","level":"4","task":"1","opcode":"0","keywords":"0x80000000000000","systemTime":"2022-09-15T10:38:36.1641374Z","eventRecordID":"2024","processID":"0","threadID":"0","channel":"Application","computer":"DESKTOP-0H8GJPO","severityValue":"INFORMATION","message":"\"SearchIndexer (2264,D,50) Windows: The database engine attached a database (1, C:\\ProgramData\\Microsoft\\Search\\Data\\Applications\\Windows\\Windows.edb). (Time=0 seconds) \r\n \r\nSaved Cache: 0 0 \r\nAdditional Data: lgposAttach = 00000027:007D:0268,\ndbv = 1568.110.240 \r\n \r\nInternal Timing Sequence: \n[1] 0.000006 +J(0)\n[2] 0.000913 -0.000001 (1) WT +J(0) +M(C:0K, Fs:24, WS:32K # 0K, PF:32K # 0K, P:32K)\n[3] 0.099344 -0.079846 (6) WT +J(CM:0, PgRf:0, Rd:0/0, Dy:0/0, Lg:3480/2) +M(C:0K, Fs:19, WS:44K # 0K, PF:20K # 0K, P:20K)\n[4] 0.000356 +J(0)\n[5] -\n[6] -\n[7] -\n[8] 0.004881 -0.004226 (2) CM +J(CM:2, PgRf:2, Rd:14/2, Dy:0/0, Lg:54/1) +M(C:0K, Fs:20, WS:80K # 0K, PF:532K # 0K, P:532K)\n[9] 0.676200 -0.001214 (5) CM -0.674437 (3) WT +J(CM:5, PgRf:23, Rd:0/5, Dy:0/0, Lg:0/0) +M(C:0K, Fs:64, WS:256K # 0K, PF:224K # 0K, P:224K)\n[10] 0.001093 -0.000740 (1) CM +J(CM:1, PgRf:40, Rd:0/1, Dy:0/0, Lg:0/0) +M(C:0K, Fs:10, WS:40K # 0K, PF:96K # 0K, P:96K)\n[11] 0.000036 +J(CM:0, PgRf:1, Rd:0/0, Dy:0/0, Lg:0/0) +M(C:0K, Fs:2, WS:8K # 0K, PF:0K # 0K, P:0K)\n[12] 0.000159 +J(CM:0, PgRf:42, Rd:0/0, Dy:0/0, Lg:0/0) +M(C:0K, Fs:3, WS:12K # 0K, PF:0K # 0K, P:0K)\n[13] 0.000004 +J(0)\n[14] 0.0 +J(0)\n[15] 0.000015 +J(CM:0, PgRf:1, Rd:0/0, Dy:0/0, Lg:0/0).\""},"eventdata":{"data":"SearchIndexer, 2264,D,50, Windows:, 1, C:\\\\ProgramData\\\\Microsoft\\\\Search\\\\Data\\\\Applications\\\\Windows\\\\Windows.edb, 0,  [1] 0.000006 +J(0) [2] 0.000913 -0.000001 (1) WT +J(0) +M(C:0K, Fs:24, WS:32K # 0K, PF:32K # 0K, P:32K) [3] 0.099344 -0.079846 (6) WT +J(CM:0, PgRf:0, Rd:0/0, Dy:0/0, Lg:3480/2) +M(C:0K, Fs:19, WS:44K # 0K, PF:20K # 0K, P:20K) [4] 0.000356 +J(0) [5] - [6] - [7] - [8] 0.004881 -0.004226 (2) CM +J(CM:2, PgRf:2, Rd:14/2, Dy:0/0, Lg:54/1) +M(C:0K, Fs:20, WS:80K # 0K, PF:532K # 0K, P:532K) [9] 0.676200 -0.001214 (5) CM -0.674437 (3) WT +J(CM:5, PgRf:23, Rd:0/5, Dy:0/0, Lg:0/0) +M(C:0K, Fs:64, WS:256K # 0K, PF:224K # 0K, P:224K) [10] 0.001093 -0.000740 (1) CM +J(CM:1, PgRf:40, Rd:0/1, Dy:0/0, Lg:0/0) +M(C:0K, Fs:10, WS:40K # 0K, PF:96K # 0K, P:96K) [11] 0.000036 +J(CM:0, PgRf:1, Rd:0/0, Dy:0/0, Lg:0/0) +M(C:0K, Fs:2, WS:8K # 0K, PF:0K # 0K, P:0K) [12] 0.000159 +J(CM:0, PgRf:42, Rd:0/0, Dy:0/0, Lg:0/0) +M(C:0K, Fs:3, WS:12K # 0K, PF:0K # 0K, P:0K) [13] 0.000004 +J(0) [14] 0.0 +J(0) [15] 0.000015 +J(CM:0, PgRf:1, Rd:0/0, Dy:0/0, Lg:0/0)., 0 0, lgposAttach = 00000027:007D:0268, dbv = 1568.110.240"}}},"location":"EventChannel"}
{"timestamp":"2022-09-15T03:38:41.747-0700","rule":{"level":3,"description":"The Windows search service started.","id":"60668","firedtimes":4,"mail":false,"groups":["windows","windows_application"]},"agent":{"id":"003","name":"DESKTOP-0H8GJPO","ip":"192.168.1.13"},"manager":{"name":"zachary-VirtualBox"},"id":"1663238321.467170","decoder":{"name":"windows_eventchannel"},"data":{"win":{"system":{"providerName":"Microsoft-Windows-Search","providerGuid":"{CA4E628D-8567-4896-AB6B-835B221F373F}","eventSourceName":"Windows Search Service","eventID":"1003","version":"0","level":"4","task":"1","opcode":"0","keywords":"0x80000000000000","systemTime":"2022-09-15T10:38:39.3199881Z","eventRecordID":"2025","processID":"0","threadID":"0","channel":"Application","computer":"DESKTOP-0H8GJPO","severityValue":"INFORMATION","message":"\"The Windows Search Service started.\n\""},"eventdata":{"extraInfo":" "}}},"location":"EventChannel"}
{"timestamp":"2022-09-15T03:38:45.351-0700","rule":{"level":12,"description":"Sysmon - Suspicious Process - dllhost.exe","id":"61638","mitre":{"id":["T1055"],"tactic":["Defense Evasion","Privilege Escalation"],"technique":["Process Injection"]},"firedtimes":8,"mail":true,"groups":["windows","sysmon","sysmon_process-anomalies"],"pci_dss":["10.6.1","11.4"],"gdpr":["IV_35.7.d"],"hipaa":["164.312.b"],"nist_800_53":["AU.6","SI.4"],"tsc":["CC7.2","CC7.3","CC6.1","CC6.8"]},"agent":{"id":"003","name":"DESKTOP-0H8GJPO","ip":"192.168.1.13"},"manager":{"name":"zachary-VirtualBox"},"id":"1663238325.468507","full_log":"{\"win\":{\"system\":{\"providerName\":\"Microsoft-Windows-Sysmon\",\"providerGuid\":\"{5770385f-c22a-43e0-bf4c-06f5698ffbd9}\",\"eventID\":\"1\",\"version\":\"5\",\"level\":\"4\",\"task\":\"1\",\"opcode\":\"0\",\"keywords\":\"0x8000000000000000\",\"systemTime\":\"2022-09-15T10:38:41.8723102Z\",\"eventRecordID\":\"10731\",\"processID\":\"2256\",\"threadID\":\"2280\",\"channel\":\"Microsoft-Windows-Sysmon/Operational\",\"computer\":\"DESKTOP-0H8GJPO\",\"severityValue\":\"INFORMATION\",\"message\":\"\\\"Process Create:\\r\\nRuleName: -\\r\\nUtcTime: 2022-09-15 10:38:41.690\\r\\nProcessGuid: {1d48d585-00b1-6323-7500-000000002200}\\r\\nProcessId: 2780\\r\\nImage: C:\\\\Windows\\\\System32\\\\dllhost.exe\\r\\nFileVersion: 10.0.19041.546 (WinBuild.160101.0800)\\r\\nDescription: COM Surrogate\\r\\nProduct: Microsoft Windows Operating System\\r\\nCompany: Microsoft Corporation\\r\\nOriginalFileName: dllhost.exe\\r\\nCommandLine: C:\\\\Windows\\\\system32\\\\DllHost.exe /Processid:{AB8902B4-09CA-4BB6-B78D-A8F59079A8D5}\\r\\nCurrentDirectory: C:\\\\Windows\\\\system32\\\\\\r\\nUser: DESKTOP-0H8GJPO\\\\mrpol\\r\\nLogonGuid: {1d48d585-003f-6323-9c20-040000000000}\\r\\nLogonId: 0x4209C\\r\\nTerminalSessionId: 1\\r\\nIntegrityLevel: Medium\\r\\nHashes: SHA256=E7FC40B41AA8B83841A0B96D169EAF0800AA784733E636935374D56536253F10\\r\\nParentProcessGuid: {00000000-0000-0000-0000-000000000000}\\r\\nParentProcessId: 748\\r\\nParentImage: -\\r\\nParentCommandLine: -\\r\\nParentUser: -\\\"\"},\"eventdata\":{\"utcTime\":\"2022-09-15 10:38:41.690\",\"processGuid\":\"{1d48d585-00b1-6323-7500-000000002200}\",\"processId\":\"2780\",\"image\":\"C:\\\\\\\\Windows\\\\\\\\System32\\\\\\\\dllhost.exe\",\"fileVersion\":\"10.0.19041.546 (WinBuild.160101.0800)\",\"description\":\"COM Surrogate\",\"product\":\"Microsoft Windows Operating System\",\"company\":\"Microsoft Corporation\",\"originalFileName\":\"dllhost.exe\",\"commandLine\":\"C:\\\\\\\\Windows\\\\\\\\system32\\\\\\\\DllHost.exe /Processid:{AB8902B4-09CA-4BB6-B78D-A8F59079A8D5}\",\"currentDirectory\":\"C:\\\\\\\\Windows\\\\\\\\system32\\\\\\\\\",\"user\":\"DESKTOP-0H8GJPO\\\\\\\\mrpol\",\"logonGuid\":\"{1d48d585-003f-6323-9c20-040000000000}\",\"logonId\":\"0x4209c\",\"terminalSessionId\":\"1\",\"integrityLevel\":\"Medium\",\"hashes\":\"SHA256=E7FC40B41AA8B83841A0B96D169EAF0800AA784733E636935374D56536253F10\",\"parentProcessGuid\":\"{00000000-0000-0000-0000-000000000000}\",\"parentProcessId\":\"748\"}}}","decoder":{"name":"windows_eventchannel"},"data":{"win":{"system":{"providerName":"Microsoft-Windows-Sysmon","providerGuid":"{5770385f-c22a-43e0-bf4c-06f5698ffbd9}","eventID":"1","version":"5","level":"4","task":"1","opcode":"0","keywords":"0x8000000000000000","systemTime":"2022-09-15T10:38:41.8723102Z","eventRecordID":"10731","processID":"2256","threadID":"2280","channel":"Microsoft-Windows-Sysmon/Operational","computer":"DESKTOP-0H8GJPO","severityValue":"INFORMATION","message":"\"Process Create:\r\nRuleName: -\r\nUtcTime: 2022-09-15 10:38:41.690\r\nProcessGuid: {1d48d585-00b1-6323-7500-000000002200}\r\nProcessId: 2780\r\nImage: C:\\Windows\\System32\\dllhost.exe\r\nFileVersion: 10.0.19041.546 (WinBuild.160101.0800)\r\nDescription: COM Surrogate\r\nProduct: Microsoft Windows Operating System\r\nCompany: Microsoft Corporation\r\nOriginalFileName: dllhost.exe\r\nCommandLine: C:\\Windows\\system32\\DllHost.exe /Processid:{AB8902B4-09CA-4BB6-B78D-A8F59079A8D5}\r\nCurrentDirectory: C:\\Windows\\system32\\\r\nUser: DESKTOP-0H8GJPO\\mrpol\r\nLogonGuid: {1d48d585-003f-6323-9c20-040000000000}\r\nLogonId: 0x4209C\r\nTerminalSessionId: 1\r\nIntegrityLevel: Medium\r\nHashes: SHA256=E7FC40B41AA8B83841A0B96D169EAF0800AA784733E636935374D56536253F10\r\nParentProcessGuid: {00000000-0000-0000-0000-000000000000}\r\nParentProcessId: 748\r\nParentImage: -\r\nParentCommandLine: -\r\nParentUser: -\""},"eventdata":{"utcTime":"2022-09-15 10:38:41.690","processGuid":"{1d48d585-00b1-6323-7500-000000002200}","processId":"2780","image":"C:\\\\Windows\\\\System32\\\\dllhost.exe","fileVersion":"10.0.19041.546 (WinBuild.160101.0800)","description":"COM Surrogate","product":"Microsoft Windows Operating System","company":"Microsoft Corporation","originalFileName":"dllhost.exe","commandLine":"C:\\\\Windows\\\\system32\\\\DllHost.exe /Processid:{AB8902B4-09CA-4BB6-B78D-A8F59079A8D5}","currentDirectory":"C:\\\\Windows\\\\system32\\\\","user":"DESKTOP-0H8GJPO\\\\mrpol","logonGuid":"{1d48d585-003f-6323-9c20-040000000000}","logonId":"0x4209c","terminalSessionId":"1","integrityLevel":"Medium","hashes":"SHA256=E7FC40B41AA8B83841A0B96D169EAF0800AA784733E636935374D56536253F10","parentProcessGuid":"{00000000-0000-0000-0000-000000000000}","parentProcessId":"748"}}},"location":"EventChannel"}
{"timestamp":"2022-09-15T03:38:45.512-0700","rule":{"level":12,"description":"Sysmon - Suspicious Process - taskhost.exe","id":"61634","mitre":{"id":["T1055"],"tactic":["Defense Evasion","Privilege Escalation"],"technique":["Process Injection"]},"firedtimes":5,"mail":true,"groups":["windows","sysmon","sysmon_process-anomalies"],"pci_dss":["10.6.1","11.4"],"gdpr":["IV_35.7.d"],"hipaa":["164.312.b"],"nist_800_53":["AU.6","SI.4"],"tsc":["CC7.2","CC7.3","CC6.1","CC6.8"]},"agent":{"id":"007","name":"DESKTOP-9LO9B7Q","ip":"192.168.1.115"},"manager":{"name":"zachary-VirtualBox"},"id":"1663238325.473509","full_log":"{\"win\":{\"system\":{\"providerName\":\"Microsoft-Windows-Sysmon\",\"providerGuid\":\"{5770385f-c22a-43e0-bf4c-06f5698ffbd9}\",\"eventID\":\"1\",\"version\":\"5\",\"level\":\"4\",\"task\":\"1\",\"opcode\":\"0\",\"keywords\":\"0x8000000000000000\",\"systemTime\":\"2022-09-15T10:38:43.1710636Z\",\"eventRecordID\":\"5687\",\"processID\":\"1700\",\"threadID\":\"2944\",\"channel\":\"Microsoft-Windows-Sysmon/Operational\",\"computer\":\"DESKTOP-9LO9B7Q\",\"severityValue\":\"INFORMATION\",\"message\":\"\\\"Process Create:\\r\\nRuleName: -\\r\\nUtcTime: 2022-09-15 10:38:43.116\\r\\nProcessGuid: {32fb43f2-00b3-6323-b800-000000000f00}\\r\\nProcessId: 1960\\r\\nImage: C:\\\\Windows\\\\System32\\\\backgroundTaskHost.exe\\r\\nFileVersion: 10.0.19041.546 (WinBuild.160101.0800)\\r\\nDescription: Background Task Host\\r\\nProduct: Microsoft Windows Operating System\\r\\nCompany: Microsoft Corporation\\r\\nOriginalFileName: backgroundTaskHost.exe\\r\\nCommandLine: \\\"C:\\\\Windows\\\\system32\\\\backgroundTaskHost.exe\\\" -ServerName:App.AppXfkd8mejksk4ancwf4vtyhmkvtzn1jcbs.mca\\r\\nCurrentDirectory: C:\\\\Program Files\\\\WindowsApps\\\\Microsoft.YourPhone_1.22062.543.0_x64__8wekyb3d8bbwe\\\\\\r\\nUser: AD\\\\zachary.werle\\r\\nLogonGuid: {32fb43f2-ff83-6322-0d62-040000000000}\\r\\nLogonId: 0x4620D\\r\\nTerminalSessionId: 1\\r\\nIntegrityLevel: AppContainer\\r\\nHashes: SHA256=20330D3CA71D58F4AEB432676CB6A3D5B97005954E45132FB083E90782EFDD50\\r\\nParentProcessGuid: {00000000-0000-0000-0000-000000000000}\\r\\nParentProcessId: 716\\r\\nParentImage: -\\r\\nParentCommandLine: -\\r\\nParentUser: -\\\"\"},\"eventdata\":{\"utcTime\":\"2022-09-15 10:38:43.116\",\"processGuid\":\"{32fb43f2-00b3-6323-b800-000000000f00}\",\"processId\":\"1960\",\"image\":\"C:\\\\\\\\Windows\\\\\\\\System32\\\\\\\\backgroundTaskHost.exe\",\"fileVersion\":\"10.0.19041.546 (WinBuild.160101.0800)\",\"description\":\"Background Task Host\",\"product\":\"Microsoft Windows Operating System\",\"company\":\"Microsoft Corporation\",\"originalFileName\":\"backgroundTaskHost.exe\",\"commandLine\":\"\\\\\\\"C:\\\\\\\\Windows\\\\\\\\system32\\\\\\\\backgroundTaskHost.exe\\\\\\\" -ServerName:App.AppXfkd8mejksk4ancwf4vtyhmkvtzn1jcbs.mca\",\"currentDirectory\":\"C:\\\\\\\\Program Files\\\\\\\\WindowsApps\\\\\\\\Microsoft.YourPhone_1.22062.543.0_x64__8wekyb3d8bbwe\\\\\\\\\",\"user\":\"AD\\\\\\\\zachary.werle\",\"logonGuid\":\"{32fb43f2-ff83-6322-0d62-040000000000}\",\"logonId\":\"0x4620d\",\"terminalSessionId\":\"1\",\"integrityLevel\":\"AppContainer\",\"hashes\":\"SHA256=20330D3CA71D58F4AEB432676CB6A3D5B97005954E45132FB083E90782EFDD50\",\"parentProcessGuid\":\"{00000000-0000-0000-0000-000000000000}\",\"parentProcessId\":\"716\"}}}","decoder":{"name":"windows_eventchannel"},"data":{"win":{"system":{"providerName":"Microsoft-Windows-Sysmon","providerGuid":"{5770385f-c22a-43e0-bf4c-06f5698ffbd9}","eventID":"1","version":"5","level":"4","task":"1","opcode":"0","keywords":"0x8000000000000000","systemTime":"2022-09-15T10:38:43.1710636Z","eventRecordID":"5687","processID":"1700","threadID":"2944","channel":"Microsoft-Windows-Sysmon/Operational","computer":"DESKTOP-9LO9B7Q","severityValue":"INFORMATION","message":"\"Process Create:\r\nRuleName: -\r\nUtcTime: 2022-09-15 10:38:43.116\r\nProcessGuid: {32fb43f2-00b3-6323-b800-000000000f00}\r\nProcessId: 1960\r\nImage: C:\\Windows\\System32\\backgroundTaskHost.exe\r\nFileVersion: 10.0.19041.546 (WinBuild.160101.0800)\r\nDescription: Background Task Host\r\nProduct: Microsoft Windows Operating System\r\nCompany: Microsoft Corporation\r\nOriginalFileName: backgroundTaskHost.exe\r\nCommandLine: \"C:\\Windows\\system32\\backgroundTaskHost.exe\" -ServerName:App.AppXfkd8mejksk4ancwf4vtyhmkvtzn1jcbs.mca\r\nCurrentDirectory: C:\\Program Files\\WindowsApps\\Microsoft.YourPhone_1.22062.543.0_x64__8wekyb3d8bbwe\\\r\nUser: AD\\zachary.werle\r\nLogonGuid: {32fb43f2-ff83-6322-0d62-040000000000}\r\nLogonId: 0x4620D\r\nTerminalSessionId: 1\r\nIntegrityLevel: AppContainer\r\nHashes: SHA256=20330D3CA71D58F4AEB432676CB6A3D5B97005954E45132FB083E90782EFDD50\r\nParentProcessGuid: {00000000-0000-0000-0000-000000000000}\r\nParentProcessId: 716\r\nParentImage: -\r\nParentCommandLine: -\r\nParentUser: -\""},"eventdata":{"utcTime":"2022-09-15 10:38:43.116","processGuid":"{32fb43f2-00b3-6323-b800-000000000f00}","processId":"1960","image":"C:\\\\Windows\\\\System32\\\\backgroundTaskHost.exe","fileVersion":"10.0.19041.546 (WinBuild.160101.0800)","description":"Background Task Host","product":"Microsoft Windows Operating System","company":"Microsoft Corporation","originalFileName":"backgroundTaskHost.exe","commandLine":"\\\"C:\\\\Windows\\\\system32\\\\backgroundTaskHost.exe\\\" -ServerName:App.AppXfkd8mejksk4ancwf4vtyhmkvtzn1jcbs.mca","currentDirectory":"C:\\\\Program Files\\\\WindowsApps\\\\Microsoft.YourPhone_1.22062.543.0_x64__8wekyb3d8bbwe\\\\","user":"AD\\\\zachary.werle","logonGuid":"{32fb43f2-ff83-6322-0d62-040000000000}","logonId":"0x4620d","terminalSessionId":"1","integrityLevel":"AppContainer","hashes":"SHA256=20330D3CA71D58F4AEB432676CB6A3D5B97005954E45132FB083E90782EFDD50","parentProcessGuid":"{00000000-0000-0000-0000-000000000000}","parentProcessId":"716"}}},"location":"EventChannel"}
{"timestamp":"2022-09-15T03:38:45.526-0700","rule":{"level":12,"description":"Sysmon - Suspicious Process - taskhost.exe","id":"61634","mitre":{"id":["T1055"],"tactic":["Defense Evasion","Privilege Escalation"],"technique":["Process Injection"]},"firedtimes":6,"mail":true,"groups":["windows","sysmon","sysmon_process-anomalies"],"pci_dss":["10.6.1","11.4"],"gdpr":["IV_35.7.d"],"hipaa":["164.312.b"],"nist_800_53":["AU.6","SI.4"],"tsc":["CC7.2","CC7.3","CC6.1","CC6.8"]},"agent":{"id":"007","name":"DESKTOP-9LO9B7Q","ip":"192.168.1.115"},"manager":{"name":"zachary-VirtualBox"},"id":"1663238325.478973","full_log":"{\"win\":{\"system\":{\"providerName\":\"Microsoft-Windows-Sysmon\",\"providerGuid\":\"{5770385f-c22a-43e0-bf4c-06f5698ffbd9}\",\"eventID\":\"1\",\"version\":\"5\",\"level\":\"4\",\"task\":\"1\",\"opcode\":\"0\",\"keywords\":\"0x8000000000000000\",\"systemTime\":\"2022-09-15T10:38:43.4352021Z\",\"eventRecordID\":\"5689\",\"processID\":\"1700\",\"threadID\":\"2944\",\"channel\":\"Microsoft-Windows-Sysmon/Operational\",\"computer\":\"DESKTOP-9LO9B7Q\",\"severityValue\":\"INFORMATION\",\"message\":\"\\\"Process Create:\\r\\nRuleName: -\\r\\nUtcTime: 2022-09-15 10:38:43.332\\r\\nProcessGuid: {32fb43f2-00b3-6323-b900-000000000f00}\\r\\nProcessId: 5024\\r\\nImage: C:\\\\Windows\\\\System32\\\\backgroundTaskHost.exe\\r\\nFileVersion: 10.0.19041.546 (WinBuild.160101.0800)\\r\\nDescription: Background Task Host\\r\\nProduct: Microsoft Windows Operating System\\r\\nCompany: Microsoft Corporation\\r\\nOriginalFileName: backgroundTaskHost.exe\\r\\nCommandLine: \\\"C:\\\\Windows\\\\system32\\\\backgroundTaskHost.exe\\\" -ServerName:ShellFeedsUI.AppXnj65k2d1a1rnztt2t2nng5ctmk3e76pn.mca\\r\\nCurrentDirectory: C:\\\\Windows\\\\SystemApps\\\\Microsoft.Windows.Search_cw5n1h2txyewy\\\\\\r\\nUser: AD\\\\zachary.werle\\r\\nLogonGuid: {32fb43f2-ff83-6322-0d62-040000000000}\\r\\nLogonId: 0x4620D\\r\\nTerminalSessionId: 1\\r\\nIntegrityLevel: AppContainer\\r\\nHashes: SHA256=20330D3CA71D58F4AEB432676CB6A3D5B97005954E45132FB083E90782EFDD50\\r\\nParentProcessGuid: {00000000-0000-0000-0000-000000000000}\\r\\nParentProcessId: 716\\r\\nParentImage: -\\r\\nParentCommandLine: -\\r\\nParentUser: -\\\"\"},\"eventdata\":{\"utcTime\":\"2022-09-15 10:38:43.332\",\"processGuid\":\"{32fb43f2-00b3-6323-b900-000000000f00}\",\"processId\":\"5024\",\"image\":\"C:\\\\\\\\Windows\\\\\\\\System32\\\\\\\\backgroundTaskHost.exe\",\"fileVersion\":\"10.0.19041.546 (WinBuild.160101.0800)\",\"description\":\"Background Task Host\",\"product\":\"Microsoft Windows Operating System\",\"company\":\"Microsoft Corporation\",\"originalFileName\":\"backgroundTaskHost.exe\",\"commandLine\":\"\\\\\\\"C:\\\\\\\\Windows\\\\\\\\system32\\\\\\\\backgroundTaskHost.exe\\\\\\\" -ServerName:ShellFeedsUI.AppXnj65k2d1a1rnztt2t2nng5ctmk3e76pn.mca\",\"currentDirectory\":\"C:\\\\\\\\Windows\\\\\\\\SystemApps\\\\\\\\Microsoft.Windows.Search_cw5n1h2txyewy\\\\\\\\\",\"user\":\"AD\\\\\\\\zachary.werle\",\"logonGuid\":\"{32fb43f2-ff83-6322-0d62-040000000000}\",\"logonId\":\"0x4620d\",\"terminalSessionId\":\"1\",\"integrityLevel\":\"AppContainer\",\"hashes\":\"SHA256=20330D3CA71D58F4AEB432676CB6A3D5B97005954E45132FB083E90782EFDD50\",\"parentProcessGuid\":\"{00000000-0000-0000-0000-000000000000}\",\"parentProcessId\":\"716\"}}}","decoder":{"name":"windows_eventchannel"},"data":{"win":{"system":{"providerName":"Microsoft-Windows-Sysmon","providerGuid":"{5770385f-c22a-43e0-bf4c-06f5698ffbd9}","eventID":"1","version":"5","level":"4","task":"1","opcode":"0","keywords":"0x8000000000000000","systemTime":"2022-09-15T10:38:43.4352021Z","eventRecordID":"5689","processID":"1700","threadID":"2944","channel":"Microsoft-Windows-Sysmon/Operational","computer":"DESKTOP-9LO9B7Q","severityValue":"INFORMATION","message":"\"Process Create:\r\nRuleName: -\r\nUtcTime: 2022-09-15 10:38:43.332\r\nProcessGuid: {32fb43f2-00b3-6323-b900-000000000f00}\r\nProcessId: 5024\r\nImage: C:\\Windows\\System32\\backgroundTaskHost.exe\r\nFileVersion: 10.0.19041.546 (WinBuild.160101.0800)\r\nDescription: Background Task Host\r\nProduct: Microsoft Windows Operating System\r\nCompany: Microsoft Corporation\r\nOriginalFileName: backgroundTaskHost.exe\r\nCommandLine: \"C:\\Windows\\system32\\backgroundTaskHost.exe\" -ServerName:ShellFeedsUI.AppXnj65k2d1a1rnztt2t2nng5ctmk3e76pn.mca\r\nCurrentDirectory: C:\\Windows\\SystemApps\\Microsoft.Windows.Search_cw5n1h2txyewy\\\r\nUser: AD\\zachary.werle\r\nLogonGuid: {32fb43f2-ff83-6322-0d62-040000000000}\r\nLogonId: 0x4620D\r\nTerminalSessionId: 1\r\nIntegrityLevel: AppContainer\r\nHashes: SHA256=20330D3CA71D58F4AEB432676CB6A3D5B97005954E45132FB083E90782EFDD50\r\nParentProcessGuid: {00000000-0000-0000-0000-000000000000}\r\nParentProcessId: 716\r\nParentImage: -\r\nParentCommandLine: -\r\nParentUser: -\""},"eventdata":{"utcTime":"2022-09-15 10:38:43.332","processGuid":"{32fb43f2-00b3-6323-b900-000000000f00}","processId":"5024","image":"C:\\\\Windows\\\\System32\\\\backgroundTaskHost.exe","fileVersion":"10.0.19041.546 (WinBuild.160101.0800)","description":"Background Task Host","product":"Microsoft Windows Operating System","company":"Microsoft Corporation","originalFileName":"backgroundTaskHost.exe","commandLine":"\\\"C:\\\\Windows\\\\system32\\\\backgroundTaskHost.exe\\\" -ServerName:ShellFeedsUI.AppXnj65k2d1a1rnztt2t2nng5ctmk3e76pn.mca","currentDirectory":"C:\\\\Windows\\\\SystemApps\\\\Microsoft.Windows.Search_cw5n1h2txyewy\\\\","user":"AD\\\\zachary.werle","logonGuid":"{32fb43f2-ff83-6322-0d62-040000000000}","logonId":"0x4620d","terminalSessionId":"1","integrityLevel":"AppContainer","hashes":"SHA256=20330D3CA71D58F4AEB432676CB6A3D5B97005954E45132FB083E90782EFDD50","parentProcessGuid":"{00000000-0000-0000-0000-000000000000}","parentProcessId":"716"}}},"location":"EventChannel"}
