{"timestamp":"2022-09-15T03:40:45.307-0700","rule":{"level":12,"description":"Sysmon - Suspicious Process - taskhost.exe","id":"61634","mitre":{"id":["T1055"],"tactic":["Defense Evasion","Privilege Escalation"],"technique":["Process Injection"]},"firedtimes":20,"mail":true,"groups":["windows","sysmon","sysmon_process-anomalies"],"pci_dss":["10.6.1","11.4"],"gdpr":["IV_35.7.d"],"hipaa":["164.312.b"],"nist_800_53":["AU.6","SI.4"],"tsc":["CC7.2","CC7.3","CC6.1","CC6.8"]},"agent":{"id":"004","name":"DESKTOP-CKP652S","ip":"192.168.1.27"},"manager":{"name":"zachary-VirtualBox"},"id":"1663238445.698468","full_log":"{\"win\":{\"system\":{\"providerName\":\"Microsoft-Windows-Sysmon\",\"providerGuid\":\"{5770385f-c22a-43e0-bf4c-06f5698ffbd9}\",\"eventID\":\"1\",\"version\":\"5\",\"level\":\"4\",\"task\":\"1\",\"opcode\":\"0\",\"keywords\":\"0x8000000000000000\",\"systemTime\":\"2022-09-15T10:40:44.2220535Z\",\"eventRecordID\":\"16429\",\"processID\":\"2408\",\"threadID\":\"3104\",\"channel\":\"Microsoft-Windows-Sysmon/Operational\",\"computer\":\"DESKTOP-CKP652S\",\"severityValue\":\"INFORMATION\",\"message\":\"\\\"Process Create:\\r\\nRuleName: -\\r\\nUtcTime: 2022-09-15 10:40:44.028\\r\\nProcessGuid: {d4e08d2a-012c-6323-ad00-000000003100}\\r\\nProcessId: 1220\\r\\nImage: C:\\\\Windows\\\\System32\\\\backgroundTaskHost.exe\\r\\nFileVersion: 10.0.19041.546 (WinBuild.160101.0800)\\r\\nDescription: Background Task Host\\r\\nProduct: Microsoft Windows Operating System\\r\\nCompany: Microsoft Corporation\\r\\nOriginalFileName: backgroundTaskHost.exe\\r\\nCommandLine: \\\"C:\\\\Windows\\\\system32\\\\backgroundTaskHost.exe\\\" -ServerName:CortanaUI.AppX3bn25b6f886wmg6twh46972vprk9tnbf.mca\\r\\nCurrentDirectory: C:\\\\Windows\\\\SystemApps\\\\Microsoft.Windows.Search_cw5n1h2txyewy\\\\\\r\\nUser: DESKTOP-CKP652S\\\\mrpol\\r\\nLogonGuid: {d4e08d2a-fff3-6322-284e-040000000000}\\r\\nLogonId: 0x44E28\\r\\nTerminalSessionId: 1\\r\\nIntegrityLevel: AppContainer\\r\\nHashes: SHA256=20330D3CA71D58F4AEB432676CB6A3D5B97005954E45132FB083E90782EFDD50\\r\\nParentProcessGuid: {00000000-0000-0000-0000-000000000000}\\r\\nParentProcessId: 760\\r\\nParentImage: -\\r\\nParentCommandLine: -\\r\\nParentUser: -\\\"\"},\"eventdata\":{\"utcTime\":\"2022-09-15 10:40:44.028\",\"processGuid\":\"{d4e08d2a-012c-6323-ad00-000000003100}\",\"processId\":\"1220\",\"image\":\"C:\\\\\\\\Windows\\\\\\\\System32\\\\\\\\backgroundTaskHost.exe\",\"fileVersion\":\"10.0.19041.546 (WinBuild.160101.0800)\",\"description\":\"Background Task Host\",\"product\":\"Microsoft Windows Operating System\",\"company\":\"Microsoft Corporation\",\"originalFileName\":\"backgroundTaskHost.exe\",\"commandLine\":\"\\\\\\\"C:\\\\\\\\Windows\\\\\\\\system32\\\\\\\\backgroundTaskHost.exe\\\\\\\" -ServerName:CortanaUI.AppX3bn25b6f886wmg6twh46972vprk9tnbf.mca\",\"currentDirectory\":\"C:\\\\\\\\Windows\\\\\\\\SystemApps\\\\\\\\Microsoft.Windows.Search_cw5n1h2txyewy\\\\\\\\\",\"user\":\"DESKTOP-CKP652S\\\\\\\\mrpol\",\"logonGuid\":\"{d4e08d2a-fff3-6322-284e-040000000000}\",\"logonId\":\"0x44e28\",\"terminalSessionId\":\"1\",\"integrityLevel\":\"AppContainer\",\"hashes\":\"SHA256=20330D3CA71D58F4AEB432676CB6A3D5B97005954E45132FB083E90782EFDD50\",\"parentProcessGuid\":\"{00000000-0000-0000-0000-000000000000}\",\"parentProcessId\":\"760\"}}}","decoder":{"name":"windows_eventchannel"},"data":{"win":{"system":{"providerName":"Microsoft-Windows-Sysmon","providerGuid":"{5770385f-c22a-43e0-bf4c-06f5698ffbd9}","eventID":"1","version":"5","level":"4","task":"1","opcode":"0","keywords":"0x8000000000000000","systemTime":"2022-09-15T10:40:44.2220535Z","eventRecordID":"16429","processID":"2408","threadID":"3104","channel":"Microsoft-Windows-Sysmon/Operational","computer":"DESKTOP-CKP652S","severityValue":"INFORMATION","message":"\"Process Create:\r\nRuleName: -\r\nUtcTime: 2022-09-15 10:40:44.028\r\nProcessGuid: {d4e08d2a-012c-6323-ad00-000000003100}\r\nProcessId: 1220\r\nImage: C:\\Windows\\System32\\backgroundTaskHost.exe\r\nFileVersion: 10.0.19041.546 (WinBuild.160101.0800)\r\nDescription: Background Task Host\r\nProduct: Microsoft Windows Operating System\r\nCompany: Microsoft Corporation\r\nOriginalFileName: backgroundTaskHost.exe\r\nCommandLine: \"C:\\Windows\\system32\\backgroundTaskHost.exe\" -ServerName:CortanaUI.AppX3bn25b6f886wmg6twh46972vprk9tnbf.mca\r\nCurrentDirectory: C:\\Windows\\SystemApps\\Microsoft.Windows.Search_cw5n1h2txyewy\\\r\nUser: DESKTOP-CKP652S\\mrpol\r\nLogonGuid: {d4e08d2a-fff3-6322-284e-040000000000}\r\nLogonId: 0x44E28\r\nTerminalSessionId: 1\r\nIntegrityLevel: AppContainer\r\nHashes: SHA256=20330D3CA71D58F4AEB432676CB6A3D5B97005954E45132FB083E90782EFDD50\r\nParentProcessGuid: {00000000-0000-0000-0000-000000000000}\r\nParentProcessId: 760\r\nParentImage: -\r\nParentCommandLine: -\r\nParentUser: -\""},"eventdata":{"utcTime":"2022-09-15 10:40:44.028","processGuid":"{d4e08d2a-012c-6323-ad00-000000003100}","processId":"1220","image":"C:\\\\Windows\\\\System32\\\\backgroundTaskHost.exe","fileVersion":"10.0.19041.546 (WinBuild.160101.0800)","description":"Background Task Host","product":"Microsoft Windows Operating System","company":"Microsoft Corporation","originalFileName":"backgroundTaskHost.exe","commandLine":"\\\"C:\\\\Windows\\\\system32\\\\backgroundTaskHost.exe\\\" -ServerName:CortanaUI.AppX3bn25b6f886wmg6twh46972vprk9tnbf.mca","currentDirectory":"C:\\\\Windows\\\\SystemApps\\\\Microsoft.Windows.Search_cw5n1h2txyewy\\\\","user":"DESKTOP-CKP652S\\\\mrpol","logonGuid":"{d4e08d2a-fff3-6322-284e-040000000000}","logonId":"0x44e28","terminalSessionId":"1","integrityLevel":"AppContainer","hashes":"SHA256=20330D3CA71D58F4AEB432676CB6A3D5B97005954E45132FB083E90782EFDD50","parentProcessGuid":"{00000000-0000-0000-0000-000000000000}","parentProcessId":"760"}}},"location":"EventChannel"}
{"timestamp":"2022-09-15T03:40:54.986-0700","rule":{"level":12,"description":"Sysmon - Suspicious Process - svchost.exe","id":"61618","mitre":{"id":["T1055"],"tactic":["Defense Evasion","Privilege Escalation"],"technique":["Process Injection"]},"firedtimes":19,"mail":true,"groups":["windows","sysmon","sysmon_process-anomalies"],"pci_dss":["10.6.1","11.4"],"gdpr":["IV_35.7.d"],"hipaa":["164.312.b"],"nist_800_53":["AU.6","SI.4"],"tsc":["CC7.2","CC7.3","CC6.1","CC6.8"]},"agent":{"id":"003","name":"DESKTOP-0H8GJPO","ip":"192.168.1.13"},"manager":{"name":"zachary-VirtualBox"},"id":"1663238454.703894","full_log":"{\"win\":{\"system\":{\"providerName\":\"Microsoft-Windows-Sysmon\",\"providerGuid\":\"{5770385f-c22a-43e0-bf4c-06f5698ffbd9}\",\"eventID\":\"1\",\"version\":\"5\",\"level\":\"4\",\"task\":\"1\",\"opcode\":\"0\",\"keywords\":\"0x8000000000000000\",\"systemTime\":\"2022-09-15T10:40:52.6591447Z\",\"eventRecordID\":\"10815\",\"processID\":\"2256\",\"threadID\":\"2280\",\"channel\":\"Microsoft-Windows-Sysmon/Operational\",\"computer\":\"DESKTOP-0H8GJPO\",\"severityValue\":\"INFORMATION\",\"message\":\"\\\"Process Create:\\r\\nRuleName: -\\r\\nUtcTime: 2022-09-15 10:40:52.570\\r\\nProcessGuid: {1d48d585-0134-6323-a800-000000002200}\\r\\nProcessId: 3492\\r\\nImage: C:\\\\Windows\\\\System32\\\\svchost.exe\\r\\nFileVersion: 10.0.19041.1566 (WinBuild.160101.0800)\\r\\nDescription: Host Process for Windows Services\\r\\nProduct: Microsoft Windows Operating System\\r\\nCompany: Microsoft Corporation\\r\\nOriginalFileName: svchost.exe\\r\\nCommandLine: C:\\\\Windows\\\\system32\\\\svchost.exe -k wusvcs -p\\r\\nCurrentDirectory: C:\\\\Windows\\\\system32\\\\\\r\\nUser: NT AUTHORITY\\\\SYSTEM\\r\\nLogonGuid: {1d48d585-001c-6323-e703-000000000000}\\r\\nLogonId: 0x3E7\\r\\nTerminalSessionId: 0\\r\\nIntegrityLevel: System\\r\\nHashes: SHA256=F3FEB95E7BCFB0766A694D93FCA29EDA7E2CA977C2395B4BE75242814EB6D881\\r\\nParentProcessGuid: {00000000-0000-0000-0000-000000000000}\\r\\nParentProcessId: 580\\r\\nParentImage: -\\r\\nParentCommandLine: -\\r\\nParentUser: -\\\"\"},\"eventdata\":{\"utcTime\":\"2022-09-15 10:40:52.570\",\"processGuid\":\"{1d48d585-0134-6323-a800-000000002200}\",\"processId\":\"3492\",\"image\":\"C:\\\\\\\\Windows\\\\\\\\System32\\\\\\\\svchost.exe\",\"fileVersion\":\"10.0.19041.1566 (WinBuild.160101.0800)\",\"description\":\"Host Process for Windows Services\",\"product\":\"Microsoft Windows Operating System\",\"company\":\"Microsoft Corporation\",\"originalFileName\":\"svchost.exe\",\"commandLine\":\"C:\\\\\\\\Windows\\\\\\\\system32\\\\\\\\svchost.exe -k wusvcs -p\",\"currentDirectory\":\"C:\\\\\\\\Windows\\\\\\\\system32\\\\\\\\\",\"user\":\"NT AUTHORITY\\\\\\\\SYSTEM\",\"logonGuid\":\"{1d48d585-001c-6323-e703-000000000000}\",\"logonId\":\"0x3e7\",\"terminalSessionId\":\"0\",\"integrityLevel\":\"System\",\"hashes\":\"SHA256=F3FEB95E7BCFB0766A694D93FCA29EDA7E2CA977C2395B4BE75242814EB6D881\",\"parentProcessGuid\":\"{00000000-0000-0000-0000-000000000000}\",\"parentProcessId\":\"580\"}}}","decoder":{"name":"windows_eventchannel"},"data":{"win":{"system":{"providerName":"Microsoft-Windows-Sysmon","providerGuid":"{5770385f-c22a-43e0-bf4c-06f5698ffbd9}","eventID":"1","version":"5","level":"4","task":"1","opcode":"0","keywords":"0x8000000000000000","systemTime":"2022-09-15T10:40:52.6591447Z","eventRecordID":"10815","processID":"2256","threadID":"2280","channel":"Microsoft-Windows-Sysmon/Operational","computer":"DESKTOP-0H8GJPO","severityValue":"INFORMATION","message":"\"Process Create:\r\nRuleName: -\r\nUtcTime: 2022-09-15 10:40:52.570\r\nProcessGuid: {1d48d585-0134-6323-a800-000000002200}\r\nProcessId: 3492\r\nImage: C:\\Windows\\System32\\svchost.exe\r\nFileVersion: 10.0.19041.1566 (WinBuild.160101.0800)\r\nDescription: Host Process for Windows Services\r\nProduct: Microsoft Windows Operating System\r\nCompany: Microsoft Corporation\r\nOriginalFileName: svchost.exe\r\nCommandLine: C:\\Windows\\system32\\svchost.exe -k wusvcs -p\r\nCurrentDirectory: C:\\Windows\\system32\\\r\nUser: NT AUTHORITY\\SYSTEM\r\nLogonGuid: {1d48d585-001c-6323-e703-000000000000}\r\nLogonId: 0x3E7\r\nTerminalSessionId: 0\r\nIntegrityLevel: System\r\nHashes: SHA256=F3FEB95E7BCFB0766A694D93FCA29EDA7E2CA977C2395B4BE75242814EB6D881\r\nParentProcessGuid: {00000000-0000-0000-0000-000000000000}\r\nParentProcessId: 580\r\nParentImage: -\r\nParentCommandLine: -\r\nParentUser: -\""},"eventdata":{"utcTime":"2022-09-15 10:40:52.570","processGuid":"{1d48d585-0134-6323-a800-000000002200}","processId":"3492","image":"C:\\\\Windows\\\\System32\\\\svchost.exe","fileVersion":"10.0.19041.1566 (WinBuild.160101.0800)","description":"Host Process for Windows Services","product":"Microsoft Windows Operating System","company":"Microsoft Corporation","originalFileName":"svchost.exe","commandLine":"C:\\\\Windows\\\\system32\\\\svchost.exe -k wusvcs -p","currentDirectory":"C:\\\\Windows\\\\system32\\\\","user":"NT AUTHORITY\\\\SYSTEM","logonGuid":"{1d48d585-001c-6323-e703-000000000000}","logonId":"0x3e7","terminalSessionId":"0","integrityLevel":"System","hashes":"SHA256=F3FEB95E7BCFB0766A694D93FCA29EDA7E2CA977C2395B4BE75242814EB6D881","parentProcessGuid":"{00000000-0000-0000-0000-000000000000}","parentProcessId":"580"}}},"location":"EventChannel"}
{"timestamp":"2022-09-15T03:40:55.496-0700","rule":{"level":3,"description":"Windows logon success.","id":"60106","mitre":{"id":["T1078"],"tactic":["Defense Evasion","Persistence","Privilege Escalation","Initial Access"],"technique":["Valid Accounts"]},"firedtimes":33,"mail":false,"groups":["windows","windows_security","authentication_success"],"gdpr":["IV_32.2"],"gpg13":["7.1","7.2"],"hipaa":["164.312.b"],"nist_800_53":["AC.7","AU.14"],"pci_dss":["10.2.5"],"tsc":["CC6.8","CC7.2","CC7.3"]},"agent":{"id":"003","name":"DESKTOP-0H8GJPO","ip":"192.168.1.13"},"manager":{"name":"zachary-VirtualBox"},"id":"1663238455.708816","decoder":{"name":"windows_eventchannel"},"data":{"win":{"system":{"providerName":"Microsoft-Windows-Security-Auditing","providerGuid":"{54849625-5478-4994-a5ba-3e3b0328c30d}","eventID":"4624","version":"2","level":"0","task":"12544","opcode":"0","keywords":"0x8020000000000000","systemTime":"2022-09-15T10:40:52.5639414Z","eventRecordID":"27137","processID":"588","threadID":"2784","channel":"Security","computer":"DESKTOP-0H8GJPO","severityValue":"AUDIT_SUCCESS","message":"\"An account was successfully logged on.\r\n\r\nSubject:\r\n\tSecurity ID:\t\tS-1-5-18\r\n\tAccount Name:\t\tDESKTOP-0H8GJPO$\r\n\tAccount Domain:\t\tWORKGROUP\r\n\tLogon ID:\t\t0x3E7\r\n\r\nLogon Information:\r\n\tLogon Type:\t\t5\r\n\tRestricted Admin Mode:\t-\r\n\tVirtual Account:\t\tNo\r\n\tElevated Token:\t\tYes\r\n\r\nImpersonation Level:\t\tImpersonation\r\n\r\nNew Logon:\r\n\tSecurity ID:\t\tS-1-5-18\r\n\tAccount Name:\t\tSYSTEM\r\n\tAccount Domain:\t\tNT AUTHORITY\r\n\tLogon ID:\t\t0x3E7\r\n\tLinked Logon ID:\t\t0x0\r\n\tNetwork Account Name:\t-\r\n\tNetwork Account Domain:\t-\r\n\tLogon GUID:\t\t{00000000-0000-0000-0000-000000000000}\r\n\r\nProcess Information:\r\n\tProcess ID:\t\t0x244\r\n\tProcess Name:\t\tC:\\Windows\\System32\\services.exe\r\n\r\nNetwork Information:\r\n\tWorkstation Name:\t-\r\n\tSource Network Address:\t-\r\n\tSource Port:\t\t-\r\n\r\nDetailed Authentication Information:\r\n\tLogon Process:\t\tAdvapi  \r\n\tAuthentication Package:\tNegotiate\r\n\tTransited Services:\t-\r\n\tPackage Name (NTLM only):\t-\r\n\tKey Length:\t\t0\r\n\r\nThis event is generated when a logon session is created. It is generated on the computer that was accessed.\r\n\r\nThe subject fields indicate the account on the local system which requested the logon. This is most commonly a service such as the Server service, or a local process such as Winlogon.exe or Services.exe.\r\n\r\nThe logon type field indicates the kind of logon that occurred. The most common types are 2 (interactive) and 3 (network).\r\n\r\nThe New Logon fields indicate the account for whom the new logon was created, i.e. the account that was logged on.\r\n\r\nThe network fields indicate where a remote logon request originated. Workstation name is not always available and may be left blank in some cases.\r\n\r\nThe impersonation level field indicates the extent to which a process in the logon session can impersonate.\r\n\r\nThe authentication information fields provide detailed information about this specific logon request.\r\n\t- Logon GUID is a unique identifier that can be used to correlate this event with a KDC event.\r\n\t- Transited services indicate which intermediate services have participated in this logon request.\r\n\t- Package name indicates which sub-protocol was used among the NTLM protocols.\r\n\t- Key length indicates the length of the generated session key. This will be 0 if no session key was requested.\""},"eventdata":{"subjectUserSid":"S-1-5-18","subjectUserName":"DESKTOP-0H8GJPO$","subjectDomainName":"WORKGROUP","subjectLogonId":"0x3e7","targetUserSid":"S-1-5-18","targetUserName":"SYSTEM","targetDomainName":"NT AUTHORITY","targetLogonId":"0x3e7","logonType":"5","logonProcessName":"Advapi","authenticationPackageName":"Negotiate","logonGuid":"{00000000-0000-0000-0000-000000000000}","keyLength":"0","processId":"0x244","processName":"C:\\\\Windows\\\\System32\\\\services.exe","impersonationLevel":"%%1833","virtualAccount":"%%1843","targetLinkedLogonId":"0x0","elevatedToken":"%%1842"}}},"location":"EventChannel"}
{"timestamp":"2022-09-15T03:40:57.256-0700","rule":{"level":12,"description":"Sysmon - Suspicious Process - taskhost.exe","id":"61634","mitre":{"id":["T1055"],"tactic":["Defense Evasion","Privilege Escalation"],"technique":["Process Injection"]},"firedtimes":21,"mail":true,"groups":["windows","sysmon","sysmon_process-anomalies"],"pci_dss":["10.6.1","11.4"],"gdpr":["IV_35.7.d"],"hipaa":["164.312.b"],"nist_800_53":["AU.6","SI.4"],"tsc":["CC7.2","CC7.3","CC6.1","CC6.8"]},"agent":{"id":"004","name":"DESKTOP-CKP652S","ip":"192.168.1.27"},"manager":{"name":"zachary-VirtualBox"},"id":"1663238457.716139","full_log":"{\"win\":{\"system\":{\"providerName\":\"Microsoft-Windows-Sysmon\",\"providerGuid\":\"{5770385f-c22a-43e0-bf4c-06f5698ffbd9}\",\"eventID\":\"1\",\"version\":\"5\",\"level\":\"4\",\"task\":\"1\",\"opcode\":\"0\",\"keywords\":\"0x8000000000000000\",\"systemTime\":\"2022-09-15T10:40:56.0004036Z\",\"eventRecordID\":\"16431\",\"processID\":\"2408\",\"threadID\":\"3104\",\"channel\":\"Microsoft-Windows-Sysmon/Operational\",\"computer\":\"DESKTOP-CKP652S\",\"severityValue\":\"INFORMATION\",\"message\":\"\\\"Process Create:\\r\\nRuleName: -\\r\\nUtcTime: 2022-09-15 10:40:55.694\\r\\nProcessGuid: {d4e08d2a-0137-6323-af00-000000003100}\\r\\nProcessId: 6040\\r\\nImage: C:\\\\Windows\\\\System32\\\\backgroundTaskHost.exe\\r\\nFileVersion: 10.0.19041.546 (WinBuild.160101.0800)\\r\\nDescription: Background Task Host\\r\\nProduct: Microsoft Windows Operating System\\r\\nCompany: Microsoft Corporation\\r\\nOriginalFileName: backgroundTaskHost.exe\\r\\nCommandLine: \\\"C:\\\\Windows\\\\system32\\\\backgroundTaskHost.exe\\\" -ServerName:ShellFeedsUI.AppXnj65k2d1a1rnztt2t2nng5ctmk3e76pn.mca\\r\\nCurrentDirectory: C:\\\\Windows\\\\SystemApps\\\\Microsoft.Windows.Search_cw5n1h2txyewy\\\\\\r\\nUser: DESKTOP-CKP652S\\\\mrpol\\r\\nLogonGuid: {d4e08d2a-fff3-6322-284e-040000000000}\\r\\nLogonId: 0x44E28\\r\\nTerminalSessionId: 1\\r\\nIntegrityLevel: AppContainer\\r\\nHashes: SHA256=20330D3CA71D58F4AEB432676CB6A3D5B97005954E45132FB083E90782EFDD50\\r\\nParentProcessGuid: {00000000-0000-0000-0000-000000000000}\\r\\nParentProcessId: 760\\r\\nParentImage: -\\r\\nParentCommandLine: -\\r\\nParentUser: -\\\"\"},\"eventdata\":{\"utcTime\":\"2022-09-15 10:40:55.694\",\"processGuid\":\"{d4e08d2a-0137-6323-af00-000000003100}\",\"processId\":\"6040\",\"image\":\"C:\\\\\\\\Windows\\\\\\\\System32\\\\\\\\backgroundTaskHost.exe\",\"fileVersion\":\"10.0.19041.546 (WinBuild.160101.0800)\",\"description\":\"Background Task Host\",\"product\":\"Microsoft Windows Operating System\",\"company\":\"Microsoft Corporation\",\"originalFileName\":\"backgroundTaskHost.exe\",\"commandLine\":\"\\\\\\\"C:\\\\\\\\Windows\\\\\\\\system32\\\\\\\\backgroundTaskHost.exe\\\\\\\" -ServerName:ShellFeedsUI.AppXnj65k2d1a1rnztt2t2nng5ctmk3e76pn.mca\",\"currentDirectory\":\"C:\\\\\\\\Windows\\\\\\\\SystemApps\\\\\\\\Microsoft.Windows.Search_cw5n1h2txyewy\\\\\\\\\",\"user\":\"DESKTOP-CKP652S\\\\\\\\mrpol\",\"logonGuid\":\"{d4e08d2a-fff3-6322-284e-040000000000}\",\"logonId\":\"0x44e28\",\"terminalSessionId\":\"1\",\"integrityLevel\":\"AppContainer\",\"hashes\":\"SHA256=20330D3CA71D58F4AEB432676CB6A3D5B97005954E45132FB083E90782EFDD50\",\"parentProcessGuid\":\"{00000000-0000-0000-0000-000000000000}\",\"parentProcessId\":\"760\"}}}","decoder":{"name":"windows_eventchannel"},"data":{"win":{"system":{"providerName":"Microsoft-Windows-Sysmon","providerGuid":"{5770385f-c22a-43e0-bf4c-06f5698ffbd9}","eventID":"1","version":"5","level":"4","task":"1","opcode":"0","keywords":"0x8000000000000000","systemTime":"2022-09-15T10:40:56.0004036Z","eventRecordID":"16431","processID":"2408","threadID":"3104","channel":"Microsoft-Windows-Sysmon/Operational","computer":"DESKTOP-CKP652S","severityValue":"INFORMATION","message":"\"Process Create:\r\nRuleName: -\r\nUtcTime: 2022-09-15 10:40:55.694\r\nProcessGuid: {d4e08d2a-0137-6323-af00-000000003100}\r\nProcessId: 6040\r\nImage: C:\\Windows\\System32\\backgroundTaskHost.exe\r\nFileVersion: 10.0.19041.546 (WinBuild.160101.0800)\r\nDescription: Background Task Host\r\nProduct: Microsoft Windows Operating System\r\nCompany: Microsoft Corporation\r\nOriginalFileName: backgroundTaskHost.exe\r\nCommandLine: \"C:\\Windows\\system32\\backgroundTaskHost.exe\" -ServerName:ShellFeedsUI.AppXnj65k2d1a1rnztt2t2nng5ctmk3e76pn.mca\r\nCurrentDirectory: C:\\Windows\\SystemApps\\Microsoft.Windows.Search_cw5n1h2txyewy\\\r\nUser: DESKTOP-CKP652S\\mrpol\r\nLogonGuid: {d4e08d2a-fff3-6322-284e-040000000000}\r\nLogonId: 0x44E28\r\nTerminalSessionId: 1\r\nIntegrityLevel: AppContainer\r\nHashes: SHA256=20330D3CA71D58F4AEB432676CB6A3D5B97005954E45132FB083E90782EFDD50\r\nParentProcessGuid: {00000000-0000-0000-0000-000000000000}\r\nParentProcessId: 760\r\nParentImage: -\r\nParentCommandLine: -\r\nParentUser: -\""},"eventdata":{"utcTime":"2022-09-15 10:40:55.694","processGuid":"{d4e08d2a-0137-6323-af00-000000003100}","processId":"6040","image":"C:\\\\Windows\\\\System32\\\\backgroundTaskHost.exe","fileVersion":"10.0.19041.546 (WinBuild.160101.0800)","description":"Background Task Host","product":"Microsoft Windows Operating System","company":"Microsoft Corporation","originalFileName":"backgroundTaskHost.exe","commandLine":"\\\"C:\\\\Windows\\\\system32\\\\backgroundTaskHost.exe\\\" -ServerName:ShellFeedsUI.AppXnj65k2d1a1rnztt2t2nng5ctmk3e76pn.mca","currentDirectory":"C:\\\\Windows\\\\SystemApps\\\\Microsoft.Windows.Search_cw5n1h2txyewy\\\\","user":"DESKTOP-CKP652S\\\\mrpol","logonGuid":"{d4e08d2a-fff3-6322-284e-040000000000}","logonId":"0x44e28","terminalSessionId":"1","integrityLevel":"AppContainer","hashes":"SHA256=20330D3CA71D58F4AEB432676CB6A3D5B97005954E45132FB083E90782EFDD50","parentProcessGuid":"{00000000-0000-0000-0000-000000000000}","parentProcessId":"760"}}},"location":"EventChannel"}
{"timestamp":"2022-09-15T03:40:57.369-0700","rule":{"level":12,"description":"Sysmon - Suspicious Process - taskhost.exe","id":"61634","mitre":{"id":["T1055"],"tactic":["Defense Evasion","Privilege Escalation"],"technique":["Process Injection"]},"firedtimes":22,"mail":true,"groups":["windows","sysmon","sysmon_process-anomalies"],"pci_dss":["10.6.1","11.4"],"gdpr":["IV_35.7.d"],"hipaa":["164.312.b"],"nist_800_53":["AU.6","SI.4"],"tsc":["CC7.2","CC7.3","CC6.1","CC6.8"]},"agent":{"id":"004","name":"DESKTOP-CKP652S","ip":"192.168.1.27"},"manager":{"name":"zachary-VirtualBox"},"id":"1663238457.721577","full_log":"{\"win\":{\"system\":{\"providerName\":\"Microsoft-Windows-Sysmon\",\"providerGuid\":\"{5770385f-c22a-43e0-bf4c-06f5698ffbd9}\",\"eventID\":\"1\",\"version\":\"5\",\"level\":\"4\",\"task\":\"1\",\"opcode\":\"0\",\"keywords\":\"0x8000000000000000\",\"systemTime\":\"2022-09-15T10:40:56.4215036Z\",\"eventRecordID\":\"16432\",\"processID\":\"2408\",\"threadID\":\"3104\",\"channel\":\"Microsoft-Windows-Sysmon/Operational\",\"computer\":\"DESKTOP-CKP652S\",\"severityValue\":\"INFORMATION\",\"message\":\"\\\"Process Create:\\r\\nRuleName: -\\r\\nUtcTime: 2022-09-15 10:40:56.074\\r\\nProcessGuid: {d4e08d2a-0138-6323-b000-000000003100}\\r\\nProcessId: 1280\\r\\nImage: C:\\\\Windows\\\\System32\\\\backgroundTaskHost.exe\\r\\nFileVersion: 10.0.19041.546 (WinBuild.160101.0800)\\r\\nDescription: Background Task Host\\r\\nProduct: Microsoft Windows Operating System\\r\\nCompany: Microsoft Corporation\\r\\nOriginalFileName: backgroundTaskHost.exe\\r\\nCommandLine: \\\"C:\\\\Windows\\\\system32\\\\backgroundTaskHost.exe\\\" -ServerName:App.AppXe9cvj1thv1hmcw0cs98xm3r97tyzy2xs.mca\\r\\nCurrentDirectory: C:\\\\Program Files\\\\WindowsApps\\\\Microsoft.WindowsStore_22207.1401.1.0_x64__8wekyb3d8bbwe\\\\\\r\\nUser: DESKTOP-CKP652S\\\\mrpol\\r\\nLogonGuid: {d4e08d2a-fff3-6322-284e-040000000000}\\r\\nLogonId: 0x44E28\\r\\nTerminalSessionId: 1\\r\\nIntegrityLevel: AppContainer\\r\\nHashes: SHA256=20330D3CA71D58F4AEB432676CB6A3D5B97005954E45132FB083E90782EFDD50\\r\\nParentProcessGuid: {00000000-0000-0000-0000-000000000000}\\r\\nParentProcessId: 760\\r\\nParentImage: -\\r\\nParentCommandLine: -\\r\\nParentUser: -\\\"\"},\"eventdata\":{\"utcTime\":\"2022-09-15 10:40:56.074\",\"processGuid\":\"{d4e08d2a-0138-6323-b000-000000003100}\",\"processId\":\"1280\",\"image\":\"C:\\\\\\\\Windows\\\\\\\\System32\\\\\\\\backgroundTaskHost.exe\",\"fileVersion\":\"10.0.19041.546 (WinBuild.160101.0800)\",\"description\":\"Background Task Host\",\"product\":\"Microsoft Windows Operating System\",\"company\":\"Microsoft Corporation\",\"originalFileName\":\"backgroundTaskHost.exe\",\"commandLine\":\"\\\\\\\"C:\\\\\\\\Windows\\\\\\\\system32\\\\\\\\backgroundTaskHost.exe\\\\\\\" -ServerName:App.AppXe9cvj1thv1hmcw0cs98xm3r97tyzy2xs.mca\",\"currentDirectory\":\"C:\\\\\\\\Program Files\\\\\\\\WindowsApps\\\\\\\\Microsoft.WindowsStore_22207.1401.1.0_x64__8wekyb3d8bbwe\\\\\\\\\",\"user\":\"DESKTOP-CKP652S\\\\\\\\mrpol\",\"logonGuid\":\"{d4e08d2a-fff3-6322-284e-040000000000}\",\"logonId\":\"0x44e28\",\"terminalSessionId\":\"1\",\"integrityLevel\":\"AppContainer\",\"hashes\":\"SHA256=20330D3CA71D58F4AEB432676CB6A3D5B97005954E45132FB083E90782EFDD50\",\"parentProcessGuid\":\"{00000000-0000-0000-0000-000000000000}\",\"parentProcessId\":\"760\"}}}","decoder":{"name":"windows_eventchannel"},"data":{"win":{"system":{"providerName":"Microsoft-Windows-Sysmon","providerGuid":"{5770385f-c22a-43e0-bf4c-06f5698ffbd9}","eventID":"1","version":"5","level":"4","task":"1","opcode":"0","keywords":"0x8000000000000000","systemTime":"2022-09-15T10:40:56.4215036Z","eventRecordID":"16432","processID":"2408","threadID":"3104","channel":"Microsoft-Windows-Sysmon/Operational","computer":"DESKTOP-CKP652S","severityValue":"INFORMATION","message":"\"Process Create:\r\nRuleName: -\r\nUtcTime: 2022-09-15 10:40:56.074\r\nProcessGuid: {d4e08d2a-0138-6323-b000-000000003100}\r\nProcessId: 1280\r\nImage: C:\\Windows\\System32\\backgroundTaskHost.exe\r\nFileVersion: 10.0.19041.546 (WinBuild.160101.0800)\r\nDescription: Background Task Host\r\nProduct: Microsoft Windows Operating System\r\nCompany: Microsoft Corporation\r\nOriginalFileName: backgroundTaskHost.exe\r\nCommandLine: \"C:\\Windows\\system32\\backgroundTaskHost.exe\" -ServerName:App.AppXe9cvj1thv1hmcw0cs98xm3r97tyzy2xs.mca\r\nCurrentDirectory: C:\\Program Files\\WindowsApps\\Microsoft.WindowsStore_22207.1401.1.0_x64__8wekyb3d8bbwe\\\r\nUser: DESKTOP-CKP652S\\mrpol\r\nLogonGuid: {d4e08d2a-fff3-6322-284e-040000000000}\r\nLogonId: 0x44E28\r\nTerminalSessionId: 1\r\nIntegrityLevel: AppContainer\r\nHashes: SHA256=20330D3CA71D58F4AEB432676CB6A3D5B97005954E45132FB083E90782EFDD50\r\nParentProcessGuid: {00000000-0000-0000-0000-000000000000}\r\nParentProcessId: 760\r\nParentImage: -\r\nParentCommandLine: -\r\nParentUser: -\""},"eventdata":{"utcTime":"2022-09-15 10:40:56.074","processGuid":"{d4e08d2a-0138-6323-b000-000000003100}","processId":"1280","image":"C:\\\\Windows\\\\System32\\\\backgroundTaskHost.exe","fileVersion":"10.0.19041.546 (WinBuild.160101.0800)","description":"Background Task Host","product":"Microsoft Windows Operating System","company":"Microsoft Corporation","originalFileName":"backgroundTaskHost.exe","commandLine":"\\\"C:\\\\Windows\\\\system32\\\\backgroundTaskHost.exe\\\" -ServerName:App.AppXe9cvj1thv1hmcw0cs98xm3r97tyzy2xs.mca","currentDirectory":"C:\\\\Program Files\\\\WindowsApps\\\\Microsoft.WindowsStore_22207.1401.1.0_x64__8wekyb3d8bbwe\\\\","user":"DESKTOP-CKP652S\\\\mrpol","logonGuid":"{d4e08d2a-fff3-6322-284e-040000000000}","logonId":"0x44e28","terminalSessionId":"1","integrityLevel":"AppContainer","hashes":"SHA256=20330D3CA71D58F4AEB432676CB6A3D5B97005954E45132FB083E90782EFDD50","parentProcessGuid":"{00000000-0000-0000-0000-000000000000}","parentProcessId":"760"}}},"location":"EventChannel"}
{"timestamp":"2022-09-15T03:41:05.008-0700","rule":{"level":12,"description":"Sysmon - Suspicious Process - svchost.exe","id":"61618","mitre":{"id":["T1055"],"tactic":["Defense Evasion","Privilege Escalation"],"technique":["Process Injection"]},"firedtimes":20,"mail":true,"groups":["windows","sysmon","sysmon_process-anomalies"],"pci_dss":["10.6.1","11.4"],"gdpr":["IV_35.7.d"],"hipaa":["164.312.b"],"nist_800_53":["AU.6","SI.4"],"tsc":["CC7.2","CC7.3","CC6.1","CC6.8"]},"agent":{"id":"003","name":"DESKTOP-0H8GJPO","ip":"192.168.1.13"},"manager":{"name":"zachary-VirtualBox"},"id":"1663238465.727079","full_log":"{\"win\":{\"system\":{\"providerName\":\"Microsoft-Windows-Sysmon\",\"providerGuid\":\"{5770385f-c22a-43e0-bf4c-06f5698ffbd9}\",\"eventID\":\"1\",\"version\":\"5\",\"level\":\"4\",\"task\":\"1\",\"opcode\":\"0\",\"keywords\":\"0x8000000000000000\",\"systemTime\":\"2022-09-15T10:41:02.7447944Z\",\"eventRecordID\":\"10820\",\"processID\":\"2256\",\"threadID\":\"2280\",\"channel\":\"Microsoft-Windows-Sysmon/Operational\",\"computer\":\"DESKTOP-0H8GJPO\",\"severityValue\":\"INFORMATION\",\"message\":\"\\\"Process Create:\\r\\nRuleName: -\\r\\nUtcTime: 2022-09-15 10:41:02.736\\r\\nProcessGuid: {1d48d585-013e-6323-a900-000000002200}\\r\\nProcessId: 2932\\r\\nImage: C:\\\\Windows\\\\System32\\\\svchost.exe\\r\\nFileVersion: 10.0.19041.1566 (WinBuild.160101.0800)\\r\\nDescription: Host Process for Windows Services\\r\\nProduct: Microsoft Windows Operating System\\r\\nCompany: Microsoft Corporation\\r\\nOriginalFileName: svchost.exe\\r\\nCommandLine: C:\\\\Windows\\\\System32\\\\svchost.exe -k LocalServiceNetworkRestricted -p\\r\\nCurrentDirectory: C:\\\\Windows\\\\system32\\\\\\r\\nUser: NT AUTHORITY\\\\LOCAL SERVICE\\r\\nLogonGuid: {1d48d585-001e-6323-e503-000000000000}\\r\\nLogonId: 0x3E5\\r\\nTerminalSessionId: 0\\r\\nIntegrityLevel: System\\r\\nHashes: SHA256=F3FEB95E7BCFB0766A694D93FCA29EDA7E2CA977C2395B4BE75242814EB6D881\\r\\nParentProcessGuid: {00000000-0000-0000-0000-000000000000}\\r\\nParentProcessId: 580\\r\\nParentImage: -\\r\\nParentCommandLine: -\\r\\nParentUser: -\\\"\"},\"eventdata\":{\"utcTime\":\"2022-09-15 10:41:02.736\",\"processGuid\":\"{1d48d585-013e-6323-a900-000000002200}\",\"processId\":\"2932\",\"image\":\"C:\\\\\\\\Windows\\\\\\\\System32\\\\\\\\svchost.exe\",\"fileVersion\":\"10.0.19041.1566 (WinBuild.160101.0800)\",\"description\":\"Host Process for Windows Services\",\"product\":\"Microsoft Windows Operating System\",\"company\":\"Microsoft Corporation\",\"originalFileName\":\"svchost.exe\",\"commandLine\":\"C:\\\\\\\\Windows\\\\\\\\System32\\\\\\\\svchost.exe -k LocalServiceNetworkRestricted -p\",\"currentDirectory\":\"C:\\\\\\\\Windows\\\\\\\\system32\\\\\\\\\",\"user\":\"NT AUTHORITY\\\\\\\\LOCAL SERVICE\",\"logonGuid\":\"{1d48d585-001e-6323-e503-000000000000}\",\"logonId\":\"0x3e5\",\"terminalSessionId\":\"0\",\"integrityLevel\":\"System\",\"hashes\":\"SHA256=F3FEB95E7BCFB0766A694D93FCA29EDA7E2CA977C2395B4BE75242814EB6D881\",\"parentProcessGuid\":\"{00000000-0000-0000-0000-000000000000}\",\"parentProcessId\":\"580\"}}}","decoder":{"name":"windows_eventchannel"},"data":{"win":{"system":{"providerName":"Microsoft-Windows-Sysmon","providerGuid":"{5770385f-c22a-43e0-bf4c-06f5698ffbd9}","eventID":"1","version":"5","level":"4","task":"1","opcode":"0","keywords":"0x8000000000000000","systemTime":"2022-09-15T10:41:02.7447944Z","eventRecordID":"10820","processID":"2256","threadID":"2280","channel":"Microsoft-Windows-Sysmon/Operational","computer":"DESKTOP-0H8GJPO","severityValue":"INFORMATION","message":"\"Process Create:\r\nRuleName: -\r\nUtcTime: 2022-09-15 10:41:02.736\r\nProcessGuid: {1d48d585-013e-6323-a900-000000002200}\r\nProcessId: 2932\r\nImage: C:\\Windows\\System32\\svchost.exe\r\nFileVersion: 10.0.19041.1566 (WinBuild.160101.0800)\r\nDescription: Host Process for Windows Services\r\nProduct: Microsoft Windows Operating System\r\nCompany: Microsoft Corporation\r\nOriginalFileName: svchost.exe\r\nCommandLine: C:\\Windows\\System32\\svchost.exe -k LocalServiceNetworkRestricted -p\r\nCurrentDirectory: C:\\Windows\\system32\\\r\nUser: NT AUTHORITY\\LOCAL SERVICE\r\nLogonGuid: {1d48d585-001e-6323-e503-000000000000}\r\nLogonId: 0x3E5\r\nTerminalSessionId: 0\r\nIntegrityLevel: System\r\nHashes: SHA256=F3FEB95E7BCFB0766A694D93FCA29EDA7E2CA977C2395B4BE75242814EB6D881\r\nParentProcessGuid: {00000000-0000-0000-0000-000000000000}\r\nParentProcessId: 580\r\nParentImage: -\r\nParentCommandLine: -\r\nParentUser: -\""},"eventdata":{"utcTime":"2022-09-15 10:41:02.736","processGuid":"{1d48d585-013e-6323-a900-000000002200}","processId":"2932","image":"C:\\\\Windows\\\\System32\\\\svchost.exe","fileVersion":"10.0.19041.1566 (WinBuild.160101.0800)","description":"Host Process for Windows Services","product":"Microsoft Windows Operating System","company":"Microsoft Corporation","originalFileName":"svchost.exe","commandLine":"C:\\\\Windows\\\\System32\\\\svchost.exe -k LocalServiceNetworkRestricted -p","currentDirectory":"C:\\\\Windows\\\\system32\\\\","user":"NT AUTHORITY\\\\LOCAL SERVICE","logonGuid":"{1d48d585-001e-6323-e503-000000000000}","logonId":"0x3e5","terminalSessionId":"0","integrityLevel":"System","hashes":"SHA256=F3FEB95E7BCFB0766A694D93FCA29EDA7E2CA977C2395B4BE75242814EB6D881","parentProcessGuid":"{00000000-0000-0000-0000-000000000000}","parentProcessId":"580"}}},"location":"EventChannel"}
{"timestamp":"2022-09-15T03:41:15.619-0700","rule":{"level":3,"description":"Software protection service scheduled successfully.","id":"60642","firedtimes":3,"mail":false,"groups":["windows","windows_application"]},"agent":{"id":"004","name":"DESKTOP-CKP652S","ip":"192.168.1.27"},"manager":{"name":"zachary-VirtualBox"},"id":"1663238475.732121","decoder":{"name":"windows_eventchannel"},"data":{"win":{"system":{"providerName":"Microsoft-Windows-Security-SPP","providerGuid":"{E23B33B0-C8C9-472C-A5F9-F2BDFEA0F156}","eventSourceName":"Software Protection Platform Service","eventID":"16384","version":"0","level":"4","task":"0","opcode":"0","keywords":"0x80000000000000","systemTime":"2022-09-15T10:41:15.4183091Z","eventRecordID":"2682","processID":"0","threadID":"0","channel":"Application","computer":"DESKTOP-CKP652S","severityValue":"INFORMATION","message":"\"Successfully scheduled Software Protection service for re-start at 2122-08-22T10:41:15Z. Reason: RulesEngine.\""},"eventdata":{"data":"2122-08-22T10:41:15Z, RulesEngine"}}},"location":"EventChannel"}
{"timestamp":"2022-09-15T03:41:21.490-0700","rule":{"level":5,"description":"System time changed.","id":"60132","firedtimes":3,"mail":false,"groups":["windows","windows_security","time_changed"],"gdpr":["IV_35.7.d"],"gpg13":["1.3","4.13"],"hipaa":["164.312.b"],"nist_800_53":["AU.6"],"pci_dss":["10.6.1"],"tsc":["CC7.2","CC7.3"]},"agent":{"id":"003","name":"DESKTOP-0H8GJPO","ip":"192.168.1.13"},"manager":{"name":"zachary-VirtualBox"},"id":"1663238481.733715","decoder":{"name":"windows_eventchannel"},"data":{"win":{"system":{"providerName":"Microsoft-Windows-Security-Auditing","providerGuid":"{54849625-5478-4994-a5ba-3e3b0328c30d}","eventID":"4616","version":"1","level":"0","task":"12288","opcode":"0","keywords":"0x8020000000000000","systemTime":"2022-09-15T10:41:20.4589745Z","eventRecordID":"27143","processID":"4","threadID":"104","channel":"Security","computer":"DESKTOP-0H8GJPO","severityValue":"AUDIT_SUCCESS","message":"\"The system time was changed.\r\n\r\nSubject:\r\n\tSecurity ID:\t\tS-1-5-19\r\n\tAccount Name:\t\tLOCAL SERVICE\r\n\tAccount Domain:\t\tNT AUTHORITY\r\n\tLogon ID:\t\t0x3E5\r\n\r\nProcess Information:\r\n\tProcess ID:\t0x179c\r\n\tName:\t\tC:\\Windows\\System32\\svchost.exe\r\n\r\nPrevious Time:\t\t2022-09-15T10:41:18.722840200Z\r\nNew Time:\t\t2022-09-15T10:41:20.452218100Z\r\n\r\nThis event is generated when the system time is changed. It is normal for the Windows Time Service, which runs with System privilege, to change the system time on a regular basis. Other system time changes may be indicative of attempts to tamper with the computer.\""},"eventdata":{"subjectUserSid":"S-1-5-19","subjectUserName":"LOCAL SERVICE","subjectDomainName":"NT AUTHORITY","subjectLogonId":"0x3e5","previousTime":"2022-09-15T10:41:18.7228402Z","newTime":"2022-09-15T10:41:20.4522181Z","processId":"0x179c","processName":"C:\\\\Windows\\\\System32\\\\svchost.exe"}}},"location":"EventChannel"}
{"timestamp":"2022-09-15T03:41:21.536-0700","rule":{"level":5,"description":"System time changed.","id":"60132","firedtimes":4,"mail":false,"groups":["windows","windows_security","time_changed"],"gdpr":["IV_35.7.d"],"gpg13":["1.3","4.13"],"hipaa":["164.312.b"],"nist_800_53":["AU.6"],"pci_dss":["10.6.1"],"tsc":["CC7.2","CC7.3"]},"agent":{"id":"003","name":"DESKTOP-0H8GJPO","ip":"192.168.1.13"},"manager":{"name":"zachary-VirtualBox"},"id":"1663238481.736937","decoder":{"name":"windows_eventchannel"},"data":{"win":{"system":{"providerName":"Microsoft-Windows-Security-Auditing","providerGuid":"{54849625-5478-4994-a5ba-3e3b0328c30d}","eventID":"4616","version":"1","level":"0","task":"12288","opcode":"0","keywords":"0x8020000000000000","systemTime":"2022-09-15T10:41:20.4776634Z","eventRecordID":"27144","processID":"4","threadID":"104","channel":"Security","computer":"DESKTOP-0H8GJPO","severityValue":"AUDIT_SUCCESS","message":"\"The system time was changed.\r\n\r\nSubject:\r\n\tSecurity ID:\t\tS-1-5-19\r\n\tAccount Name:\t\tLOCAL SERVICE\r\n\tAccount Domain:\t\tNT AUTHORITY\r\n\tLogon ID:\t\t0x3E5\r\n\r\nProcess Information:\r\n\tProcess ID:\t0x179c\r\n\tName:\t\tC:\\Windows\\System32\\svchost.exe\r\n\r\nPrevious Time:\t\t2022-09-15T10:41:20.471483600Z\r\nNew Time:\t\t2022-09-15T10:41:20.473317400Z\r\n\r\nThis event is generated when the system time is changed. It is normal for the Windows Time Service, which runs with System privilege, to change the system time on a regular basis. Other system time changes may be indicative of attempts to tamper with the computer.\""},"eventdata":{"subjectUserSid":"S-1-5-19","subjectUserName":"LOCAL SERVICE","subjectDomainName":"NT AUTHORITY","subjectLogonId":"0x3e5","previousTime":"2022-09-15T10:41:20.4714836Z","newTime":"2022-09-15T10:41:20.4733174Z","processId":"0x179c","processName":"C:\\\\Windows\\\\System32\\\\svchost.exe"}}},"location":"EventChannel"}
{"timestamp":"2022-09-15T03:41:52.714-0700","rule":{"level":12,"description":"Sysmon - Suspicious Process - dllhost.exe","id":"61638","mitre":{"id":["T1055"],"tactic":["Defense Evasion","Privilege Escalation"],"technique":["Process Injection"]},"firedtimes":13,"mail":true,"groups":["windows","sysmon","sysmon_process-anomalies"],"pci_dss":["10.6.1","11.4"],"gdpr":["IV_35.7.d"],"hipaa":["164.312.b"],"nist_800_53":["AU.6","SI.4"],"tsc":["CC7.2","CC7.3","CC6.1","CC6.8"]},"agent":{"id":"002","name":"DESKTOP-D403BQC","ip":"192.168.1.112"},"manager":{"name":"zachary-VirtualBox"},"id":"1663238512.740159","full_log":"{\"win\":{\"system\":{\"providerName\":\"Microsoft-Windows-Sysmon\",\"providerGuid\":\"{5770385f-c22a-43e0-bf4c-06f5698ffbd9}\",\"eventID\":\"1\",\"version\":\"5\",\"level\":\"4\",\"task\":\"1\",\"opcode\":\"0\",\"keywords\":\"0x8000000000000000\",\"systemTime\":\"2022-09-15T10:41:50.4581046Z\",\"eventRecordID\":\"22624\",\"processID\":\"1092\",\"threadID\":\"2988\",\"channel\":\"Microsoft-Windows-Sysmon/Operational\",\"computer\":\"DESKTOP-D403BQC\",\"severityValue\":\"INFORMATION\",\"message\":\"\\\"Process Create:\\r\\nRuleName: -\\r\\nUtcTime: 2022-09-15 10:41:50.379\\r\\nProcessGuid: {1674318e-016e-6323-aa00-000000003a00}\\r\\nProcessId: 5780\\r\\nImage: C:\\\\Windows\\\\System32\\\\dllhost.exe\\r\\nFileVersion: 10.0.19041.546 (WinBuild.160101.0800)\\r\\nDescription: COM Surrogate\\r\\nProduct: Microsoft Windows Operating System\\r\\nCompany: Microsoft Corporation\\r\\nOriginalFileName: dllhost.exe\\r\\nCommandLine: C:\\\\Windows\\\\system32\\\\DllHost.exe /Processid:{AB8902B4-09CA-4BB6-B78D-A8F59079A8D5}\\r\\nCurrentDirectory: C:\\\\Windows\\\\system32\\\\\\r\\nUser: DESKTOP-D403BQC\\\\Sam\\r\\nLogonGuid: {1674318e-005d-6323-7b6b-030000000000}\\r\\nLogonId: 0x36B7B\\r\\nTerminalSessionId: 1\\r\\nIntegrityLevel: Medium\\r\\nHashes: SHA256=E7FC40B41AA8B83841A0B96D169EAF0800AA784733E636935374D56536253F10\\r\\nParentProcessGuid: {00000000-0000-0000-0000-000000000000}\\r\\nParentProcessId: 752\\r\\nParentImage: -\\r\\nParentCommandLine: -\\r\\nParentUser: -\\\"\"},\"eventdata\":{\"utcTime\":\"2022-09-15 10:41:50.379\",\"processGuid\":\"{1674318e-016e-6323-aa00-000000003a00}\",\"processId\":\"5780\",\"image\":\"C:\\\\\\\\Windows\\\\\\\\System32\\\\\\\\dllhost.exe\",\"fileVersion\":\"10.0.19041.546 (WinBuild.160101.0800)\",\"description\":\"COM Surrogate\",\"product\":\"Microsoft Windows Operating System\",\"company\":\"Microsoft Corporation\",\"originalFileName\":\"dllhost.exe\",\"commandLine\":\"C:\\\\\\\\Windows\\\\\\\\system32\\\\\\\\DllHost.exe /Processid:{AB8902B4-09CA-4BB6-B78D-A8F59079A8D5}\",\"currentDirectory\":\"C:\\\\\\\\Windows\\\\\\\\system32\\\\\\\\\",\"user\":\"DESKTOP-D403BQC\\\\\\\\Sam\",\"logonGuid\":\"{1674318e-005d-6323-7b6b-030000000000}\",\"logonId\":\"0x36b7b\",\"terminalSessionId\":\"1\",\"integrityLevel\":\"Medium\",\"hashes\":\"SHA256=E7FC40B41AA8B83841A0B96D169EAF0800AA784733E636935374D56536253F10\",\"parentProcessGuid\":\"{00000000-0000-0000-0000-000000000000}\",\"parentProcessId\":\"752\"}}}","decoder":{"name":"windows_eventchannel"},"data":{"win":{"system":{"providerName":"Microsoft-Windows-Sysmon","providerGuid":"{5770385f-c22a-43e0-bf4c-06f5698ffbd9}","eventID":"1","version":"5","level":"4","task":"1","opcode":"0","keywords":"0x8000000000000000","systemTime":"2022-09-15T10:41:50.4581046Z","eventRecordID":"22624","processID":"1092","threadID":"2988","channel":"Microsoft-Windows-Sysmon/Operational","computer":"DESKTOP-D403BQC","severityValue":"INFORMATION","message":"\"Process Create:\r\nRuleName: -\r\nUtcTime: 2022-09-15 10:41:50.379\r\nProcessGuid: {1674318e-016e-6323-aa00-000000003a00}\r\nProcessId: 5780\r\nImage: C:\\Windows\\System32\\dllhost.exe\r\nFileVersion: 10.0.19041.546 (WinBuild.160101.0800)\r\nDescription: COM Surrogate\r\nProduct: Microsoft Windows Operating System\r\nCompany: Microsoft Corporation\r\nOriginalFileName: dllhost.exe\r\nCommandLine: C:\\Windows\\system32\\DllHost.exe /Processid:{AB8902B4-09CA-4BB6-B78D-A8F59079A8D5}\r\nCurrentDirectory: C:\\Windows\\system32\\\r\nUser: DESKTOP-D403BQC\\Sam\r\nLogonGuid: {1674318e-005d-6323-7b6b-030000000000}\r\nLogonId: 0x36B7B\r\nTerminalSessionId: 1\r\nIntegrityLevel: Medium\r\nHashes: SHA256=E7FC40B41AA8B83841A0B96D169EAF0800AA784733E636935374D56536253F10\r\nParentProcessGuid: {00000000-0000-0000-0000-000000000000}\r\nParentProcessId: 752\r\nParentImage: -\r\nParentCommandLine: -\r\nParentUser: -\""},"eventdata":{"utcTime":"2022-09-15 10:41:50.379","processGuid":"{1674318e-016e-6323-aa00-000000003a00}","processId":"5780","image":"C:\\\\Windows\\\\System32\\\\dllhost.exe","fileVersion":"10.0.19041.546 (WinBuild.160101.0800)","description":"COM Surrogate","product":"Microsoft Windows Operating System","company":"Microsoft Corporation","originalFileName":"dllhost.exe","commandLine":"C:\\\\Windows\\\\system32\\\\DllHost.exe /Processid:{AB8902B4-09CA-4BB6-B78D-A8F59079A8D5}","currentDirectory":"C:\\\\Windows\\\\system32\\\\","user":"DESKTOP-D403BQC\\\\Sam","logonGuid":"{1674318e-005d-6323-7b6b-030000000000}","logonId":"0x36b7b","terminalSessionId":"1","integrityLevel":"Medium","hashes":"SHA256=E7FC40B41AA8B83841A0B96D169EAF0800AA784733E636935374D56536253F10","parentProcessGuid":"{00000000-0000-0000-0000-000000000000}","parentProcessId":"752"}}},"location":"EventChannel"}
{"timestamp":"2022-09-15T03:42:08.650-0700","rule":{"level":12,"description":"Sysmon - Suspicious Process - taskhost.exe","id":"61634","mitre":{"id":["T1055"],"tactic":["Defense Evasion","Privilege Escalation"],"technique":["Process Injection"]},"firedtimes":23,"mail":true,"groups":["windows","sysmon","sysmon_process-anomalies"],"pci_dss":["10.6.1","11.4"],"gdpr":["IV_35.7.d"],"hipaa":["164.312.b"],"nist_800_53":["AU.6","SI.4"],"tsc":["CC7.2","CC7.3","CC6.1","CC6.8"]},"agent":{"id":"003","name":"DESKTOP-0H8GJPO","ip":"192.168.1.13"},"manager":{"name":"zachary-VirtualBox"},"id":"1663238528.745153","full_log":"{\"win\":{\"system\":{\"providerName\":\"Microsoft-Windows-Sysmon\",\"providerGuid\":\"{5770385f-c22a-43e0-bf4c-06f5698ffbd9}\",\"eventID\":\"1\",\"version\":\"5\",\"level\":\"4\",\"task\":\"1\",\"opcode\":\"0\",\"keywords\":\"0x8000000000000000\",\"systemTime\":\"2022-09-15T10:42:07.7857050Z\",\"eventRecordID\":\"10831\",\"processID\":\"2256\",\"threadID\":\"2280\",\"channel\":\"Microsoft-Windows-Sysmon/Operational\",\"computer\":\"DESKTOP-0H8GJPO\",\"severityValue\":\"INFORMATION\",\"message\":\"\\\"Process Create:\\r\\nRuleName: -\\r\\nUtcTime: 2022-09-15 10:42:07.667\\r\\nProcessGuid: {1d48d585-017f-6323-af00-000000002200}\\r\\nProcessId: 512\\r\\nImage: C:\\\\Windows\\\\System32\\\\backgroundTaskHost.exe\\r\\nFileVersion: 10.0.19041.546 (WinBuild.160101.0800)\\r\\nDescription: Background Task Host\\r\\nProduct: Microsoft Windows Operating System\\r\\nCompany: Microsoft Corporation\\r\\nOriginalFileName: backgroundTaskHost.exe\\r\\nCommandLine: \\\"C:\\\\Windows\\\\system32\\\\backgroundTaskHost.exe\\\" -ServerName:App.AppXfkd8mejksk4ancwf4vtyhmkvtzn1jcbs.mca\\r\\nCurrentDirectory: C:\\\\Program Files\\\\WindowsApps\\\\Microsoft.YourPhone_1.22062.543.0_x64__8wekyb3d8bbwe\\\\\\r\\nUser: DESKTOP-0H8GJPO\\\\mrpol\\r\\nLogonGuid: {1d48d585-003f-6323-9c20-040000000000}\\r\\nLogonId: 0x4209C\\r\\nTerminalSessionId: 1\\r\\nIntegrityLevel: AppContainer\\r\\nHashes: SHA256=20330D3CA71D58F4AEB432676CB6A3D5B97005954E45132FB083E90782EFDD50\\r\\nParentProcessGuid: {00000000-0000-0000-0000-000000000000}\\r\\nParentProcessId: 748\\r\\nParentImage: -\\r\\nParentCommandLine: -\\r\\nParentUser: -\\\"\"},\"eventdata\":{\"utcTime\":\"2022-09-15 10:42:07.667\",\"processGuid\":\"{1d48d585-017f-6323-af00-000000002200}\",\"processId\":\"512\",\"image\":\"C:\\\\\\\\Windows\\\\\\\\System32\\\\\\\\backgroundTaskHost.exe\",\"fileVersion\":\"10.0.19041.546 (WinBuild.160101.0800)\",\"description\":\"Background Task Host\",\"product\":\"Microsoft Windows Operating System\",\"company\":\"Microsoft Corporation\",\"originalFileName\":\"backgroundTaskHost.exe\",\"commandLine\":\"\\\\\\\"C:\\\\\\\\Windows\\\\\\\\system32\\\\\\\\backgroundTaskHost.exe\\\\\\\" -ServerName:App.AppXfkd8mejksk4ancwf4vtyhmkvtzn1jcbs.mca\",\"currentDirectory\":\"C:\\\\\\\\Program Files\\\\\\\\WindowsApps\\\\\\\\Microsoft.YourPhone_1.22062.543.0_x64__8wekyb3d8bbwe\\\\\\\\\",\"user\":\"DESKTOP-0H8GJPO\\\\\\\\mrpol\",\"logonGuid\":\"{1d48d585-003f-6323-9c20-040000000000}\",\"logonId\":\"0x4209c\",\"terminalSessionId\":\"1\",\"integrityLevel\":\"AppContainer\",\"hashes\":\"SHA256=20330D3CA71D58F4AEB432676CB6A3D5B97005954E45132FB083E90782EFDD50\",\"parentProcessGuid\":\"{00000000-0000-0000-0000-000000000000}\",\"parentProcessId\":\"748\"}}}","decoder":{"name":"windows_eventchannel"},"data":{"win":{"system":{"providerName":"Microsoft-Windows-Sysmon","providerGuid":"{5770385f-c22a-43e0-bf4c-06f5698ffbd9}","eventID":"1","version":"5","level":"4","task":"1","opcode":"0","keywords":"0x8000000000000000","systemTime":"2022-09-15T10:42:07.7857050Z","eventRecordID":"10831","processID":"2256","threadID":"2280","channel":"Microsoft-Windows-Sysmon/Operational","computer":"DESKTOP-0H8GJPO","severityValue":"INFORMATION","message":"\"Process Create:\r\nRuleName: -\r\nUtcTime: 2022-09-15 10:42:07.667\r\nProcessGuid: {1d48d585-017f-6323-af00-000000002200}\r\nProcessId: 512\r\nImage: C:\\Windows\\System32\\backgroundTaskHost.exe\r\nFileVersion: 10.0.19041.546 (WinBuild.160101.0800)\r\nDescription: Background Task Host\r\nProduct: Microsoft Windows Operating System\r\nCompany: Microsoft Corporation\r\nOriginalFileName: backgroundTaskHost.exe\r\nCommandLine: \"C:\\Windows\\system32\\backgroundTaskHost.exe\" -ServerName:App.AppXfkd8mejksk4ancwf4vtyhmkvtzn1jcbs.mca\r\nCurrentDirectory: C:\\Program Files\\WindowsApps\\Microsoft.YourPhone_1.22062.543.0_x64__8wekyb3d8bbwe\\\r\nUser: DESKTOP-0H8GJPO\\mrpol\r\nLogonGuid: {1d48d585-003f-6323-9c20-040000000000}\r\nLogonId: 0x4209C\r\nTerminalSessionId: 1\r\nIntegrityLevel: AppContainer\r\nHashes: SHA256=20330D3CA71D58F4AEB432676CB6A3D5B97005954E45132FB083E90782EFDD50\r\nParentProcessGuid: {00000000-0000-0000-0000-000000000000}\r\nParentProcessId: 748\r\nParentImage: -\r\nParentCommandLine: -\r\nParentUser: -\""},"eventdata":{"utcTime":"2022-09-15 10:42:07.667","processGuid":"{1d48d585-017f-6323-af00-000000002200}","processId":"512","image":"C:\\\\Windows\\\\System32\\\\backgroundTaskHost.exe","fileVersion":"10.0.19041.546 (WinBuild.160101.0800)","description":"Background Task Host","product":"Microsoft Windows Operating System","company":"Microsoft Corporation","originalFileName":"backgroundTaskHost.exe","commandLine":"\\\"C:\\\\Windows\\\\system32\\\\backgroundTaskHost.exe\\\" -ServerName:App.AppXfkd8mejksk4ancwf4vtyhmkvtzn1jcbs.mca","currentDirectory":"C:\\\\Program Files\\\\WindowsApps\\\\Microsoft.YourPhone_1.22062.543.0_x64__8wekyb3d8bbwe\\\\","user":"DESKTOP-0H8GJPO\\\\mrpol","logonGuid":"{1d48d585-003f-6323-9c20-040000000000}","logonId":"0x4209c","terminalSessionId":"1","integrityLevel":"AppContainer","hashes":"SHA256=20330D3CA71D58F4AEB432676CB6A3D5B97005954E45132FB083E90782EFDD50","parentProcessGuid":"{00000000-0000-0000-0000-000000000000}","parentProcessId":"748"}}},"location":"EventChannel"}
