{"timestamp":"2022-09-15T03:37:40.718-0700","rule":{"level":12,"description":"Sysmon - Suspicious Process - dllhost.exe","id":"61638","mitre":{"id":["T1055"],"tactic":["Defense Evasion","Privilege Escalation"],"technique":["Process Injection"]},"firedtimes":3,"mail":true,"groups":["windows","sysmon","sysmon_process-anomalies"],"pci_dss":["10.6.1","11.4"],"gdpr":["IV_35.7.d"],"hipaa":["164.312.b"],"nist_800_53":["AU.6","SI.4"],"tsc":["CC7.2","CC7.3","CC6.1","CC6.8"]},"agent":{"id":"004","name":"DESKTOP-CKP652S","ip":"192.168.1.27"},"manager":{"name":"zachary-VirtualBox"},"id":"1663238260.365048","full_log":"{\"win\":{\"system\":{\"providerName\":\"Microsoft-Windows-Sysmon\",\"providerGuid\":\"{5770385f-c22a-43e0-bf4c-06f5698ffbd9}\",\"eventID\":\"1\",\"version\":\"5\",\"level\":\"4\",\"task\":\"1\",\"opcode\":\"0\",\"keywords\":\"0x8000000000000000\",\"systemTime\":\"2022-09-15T10:37:38.1319077Z\",\"eventRecordID\":\"16376\",\"processID\":\"2408\",\"threadID\":\"3104\",\"channel\":\"Microsoft-Windows-Sysmon/Operational\",\"computer\":\"DESKTOP-CKP652S\",\"severityValue\":\"INFORMATION\",\"message\":\"\\\"Process Create:\\r\\nRuleName: -\\r\\nUtcTime: 2022-09-15 10:37:37.824\\r\\nProcessGuid: {d4e08d2a-0071-6323-9300-000000003100}\\r\\nProcessId: 1332\\r\\nImage: C:\\\\Windows\\\\System32\\\\dllhost.exe\\r\\nFileVersion: 10.0.19041.546 (WinBuild.160101.0800)\\r\\nDescription: COM Surrogate\\r\\nProduct: Microsoft Windows Operating System\\r\\nCompany: Microsoft Corporation\\r\\nOriginalFileName: dllhost.exe\\r\\nCommandLine: C:\\\\Windows\\\\system32\\\\DllHost.exe /Processid:{AB8902B4-09CA-4BB6-B78D-A8F59079A8D5}\\r\\nCurrentDirectory: C:\\\\Windows\\\\system32\\\\\\r\\nUser: DESKTOP-CKP652S\\\\mrpol\\r\\nLogonGuid: {d4e08d2a-fff3-6322-284e-040000000000}\\r\\nLogonId: 0x44E28\\r\\nTerminalSessionId: 1\\r\\nIntegrityLevel: Medium\\r\\nHashes: SHA256=E7FC40B41AA8B83841A0B96D169EAF0800AA784733E636935374D56536253F10\\r\\nParentProcessGuid: {00000000-0000-0000-0000-000000000000}\\r\\nParentProcessId: 760\\r\\nParentImage: -\\r\\nParentCommandLine: -\\r\\nParentUser: -\\\"\"},\"eventdata\":{\"utcTime\":\"2022-09-15 10:37:37.824\",\"processGuid\":\"{d4e08d2a-0071-6323-9300-000000003100}\",\"processId\":\"1332\",\"image\":\"C:\\\\\\\\Windows\\\\\\\\System32\\\\\\\\dllhost.exe\",\"fileVersion\":\"10.0.19041.546 (WinBuild.160101.0800)\",\"description\":\"COM Surrogate\",\"product\":\"Microsoft Windows Operating System\",\"company\":\"Microsoft Corporation\",\"originalFileName\":\"dllhost.exe\",\"commandLine\":\"C:\\\\\\\\Windows\\\\\\\\system32\\\\\\\\DllHost.exe /Processid:{AB8902B4-09CA-4BB6-B78D-A8F59079A8D5}\",\"currentDirectory\":\"C:\\\\\\\\Windows\\\\\\\\system32\\\\\\\\\",\"user\":\"DESKTOP-CKP652S\\\\\\\\mrpol\",\"logonGuid\":\"{d4e08d2a-fff3-6322-284e-040000000000}\",\"logonId\":\"0x44e28\",\"terminalSessionId\":\"1\",\"integrityLevel\":\"Medium\",\"hashes\":\"SHA256=E7FC40B41AA8B83841A0B96D169EAF0800AA784733E636935374D56536253F10\",\"parentProcessGuid\":\"{00000000-0000-0000-0000-000000000000}\",\"parentProcessId\":\"760\"}}}","decoder":{"name":"windows_eventchannel"},"data":{"win":{"system":{"providerName":"Microsoft-Windows-Sysmon","providerGuid":"{5770385f-c22a-43e0-bf4c-06f5698ffbd9}","eventID":"1","version":"5","level":"4","task":"1","opcode":"0","keywords":"0x8000000000000000","systemTime":"2022-09-15T10:37:38.1319077Z","eventRecordID":"16376","processID":"2408","threadID":"3104","channel":"Microsoft-Windows-Sysmon/Operational","computer":"DESKTOP-CKP652S","severityValue":"INFORMATION","message":"\"Process Create:\r\nRuleName: -\r\nUtcTime: 2022-09-15 10:37:37.824\r\nProcessGuid: {d4e08d2a-0071-6323-9300-000000003100}\r\nProcessId: 1332\r\nImage: C:\\Windows\\System32\\dllhost.exe\r\nFileVersion: 10.0.19041.546 (WinBuild.160101.0800)\r\nDescription: COM Surrogate\r\nProduct: Microsoft Windows Operating System\r\nCompany: Microsoft Corporation\r\nOriginalFileName: dllhost.exe\r\nCommandLine: C:\\Windows\\system32\\DllHost.exe /Processid:{AB8902B4-09CA-4BB6-B78D-A8F59079A8D5}\r\nCurrentDirectory: C:\\Windows\\system32\\\r\nUser: DESKTOP-CKP652S\\mrpol\r\nLogonGuid: {d4e08d2a-fff3-6322-284e-040000000000}\r\nLogonId: 0x44E28\r\nTerminalSessionId: 1\r\nIntegrityLevel: Medium\r\nHashes: SHA256=E7FC40B41AA8B83841A0B96D169EAF0800AA784733E636935374D56536253F10\r\nParentProcessGuid: {00000000-0000-0000-0000-000000000000}\r\nParentProcessId: 760\r\nParentImage: -\r\nParentCommandLine: -\r\nParentUser: -\""},"eventdata":{"utcTime":"2022-09-15 10:37:37.824","processGuid":"{d4e08d2a-0071-6323-9300-000000003100}","processId":"1332","image":"C:\\\\Windows\\\\System32\\\\dllhost.exe","fileVersion":"10.0.19041.546 (WinBuild.160101.0800)","description":"COM Surrogate","product":"Microsoft Windows Operating System","company":"Microsoft Corporation","originalFileName":"dllhost.exe","commandLine":"C:\\\\Windows\\\\system32\\\\DllHost.exe /Processid:{AB8902B4-09CA-4BB6-B78D-A8F59079A8D5}","currentDirectory":"C:\\\\Windows\\\\system32\\\\","user":"DESKTOP-CKP652S\\\\mrpol","logonGuid":"{d4e08d2a-fff3-6322-284e-040000000000}","logonId":"0x44e28","terminalSessionId":"1","integrityLevel":"Medium","hashes":"SHA256=E7FC40B41AA8B83841A0B96D169EAF0800AA784733E636935374D56536253F10","parentProcessGuid":"{00000000-0000-0000-0000-000000000000}","parentProcessId":"760"}}},"location":"EventChannel"}
{"timestamp":"2022-09-15T03:37:45.955-0700","rule":{"level":12,"description":"Sysmon - Suspicious Process - svchost.exe","id":"61618","mitre":{"id":["T1055"],"tactic":["Defense Evasion","Privilege Escalation"],"technique":["Process Injection"]},"firedtimes":6,"mail":true,"groups":["windows","sysmon","sysmon_process-anomalies"],"pci_dss":["10.6.1","11.4"],"gdpr":["IV_35.7.d"],"hipaa":["164.312.b"],"nist_800_53":["AU.6","SI.4"],"tsc":["CC7.2","CC7.3","CC6.1","CC6.8"]},"agent":{"id":"004","name":"DESKTOP-CKP652S","ip":"192.168.1.27"},"manager":{"name":"zachary-VirtualBox"},"id":"1663238265.370050","full_log":"{\"win\":{\"system\":{\"providerName\":\"Microsoft-Windows-Sysmon\",\"providerGuid\":\"{5770385f-c22a-43e0-bf4c-06f5698ffbd9}\",\"eventID\":\"1\",\"version\":\"5\",\"level\":\"4\",\"task\":\"1\",\"opcode\":\"0\",\"keywords\":\"0x8000000000000000\",\"systemTime\":\"2022-09-15T10:37:43.0758176Z\",\"eventRecordID\":\"16382\",\"processID\":\"2408\",\"threadID\":\"3104\",\"channel\":\"Microsoft-Windows-Sysmon/Operational\",\"computer\":\"DESKTOP-CKP652S\",\"severityValue\":\"INFORMATION\",\"message\":\"\\\"Process Create:\\r\\nRuleName: -\\r\\nUtcTime: 2022-09-15 10:37:42.884\\r\\nProcessGuid: {d4e08d2a-0076-6323-9500-000000003100}\\r\\nProcessId: 2452\\r\\nImage: C:\\\\Windows\\\\System32\\\\svchost.exe\\r\\nFileVersion: 10.0.19041.1566 (WinBuild.160101.0800)\\r\\nDescription: Host Process for Windows Services\\r\\nProduct: Microsoft Windows Operating System\\r\\nCompany: Microsoft Corporation\\r\\nOriginalFileName: svchost.exe\\r\\nCommandLine: C:\\\\Windows\\\\System32\\\\svchost.exe -k NetworkService -p\\r\\nCurrentDirectory: C:\\\\Windows\\\\system32\\\\\\r\\nUser: NT AUTHORITY\\\\NETWORK SERVICE\\r\\nLogonGuid: {d4e08d2a-ffd2-6322-e403-000000000000}\\r\\nLogonId: 0x3E4\\r\\nTerminalSessionId: 0\\r\\nIntegrityLevel: System\\r\\nHashes: SHA256=F3FEB95E7BCFB0766A694D93FCA29EDA7E2CA977C2395B4BE75242814EB6D881\\r\\nParentProcessGuid: {00000000-0000-0000-0000-000000000000}\\r\\nParentProcessId: 588\\r\\nParentImage: -\\r\\nParentCommandLine: -\\r\\nParentUser: -\\\"\"},\"eventdata\":{\"utcTime\":\"2022-09-15 10:37:42.884\",\"processGuid\":\"{d4e08d2a-0076-6323-9500-000000003100}\",\"processId\":\"2452\",\"image\":\"C:\\\\\\\\Windows\\\\\\\\System32\\\\\\\\svchost.exe\",\"fileVersion\":\"10.0.19041.1566 (WinBuild.160101.0800)\",\"description\":\"Host Process for Windows Services\",\"product\":\"Microsoft Windows Operating System\",\"company\":\"Microsoft Corporation\",\"originalFileName\":\"svchost.exe\",\"commandLine\":\"C:\\\\\\\\Windows\\\\\\\\System32\\\\\\\\svchost.exe -k NetworkService -p\",\"currentDirectory\":\"C:\\\\\\\\Windows\\\\\\\\system32\\\\\\\\\",\"user\":\"NT AUTHORITY\\\\\\\\NETWORK SERVICE\",\"logonGuid\":\"{d4e08d2a-ffd2-6322-e403-000000000000}\",\"logonId\":\"0x3e4\",\"terminalSessionId\":\"0\",\"integrityLevel\":\"System\",\"hashes\":\"SHA256=F3FEB95E7BCFB0766A694D93FCA29EDA7E2CA977C2395B4BE75242814EB6D881\",\"parentProcessGuid\":\"{00000000-0000-0000-0000-000000000000}\",\"parentProcessId\":\"588\"}}}","decoder":{"name":"windows_eventchannel"},"data":{"win":{"system":{"providerName":"Microsoft-Windows-Sysmon","providerGuid":"{5770385f-c22a-43e0-bf4c-06f5698ffbd9}","eventID":"1","version":"5","level":"4","task":"1","opcode":"0","keywords":"0x8000000000000000","systemTime":"2022-09-15T10:37:43.0758176Z","eventRecordID":"16382","processID":"2408","threadID":"3104","channel":"Microsoft-Windows-Sysmon/Operational","computer":"DESKTOP-CKP652S","severityValue":"INFORMATION","message":"\"Process Create:\r\nRuleName: -\r\nUtcTime: 2022-09-15 10:37:42.884\r\nProcessGuid: {d4e08d2a-0076-6323-9500-000000003100}\r\nProcessId: 2452\r\nImage: C:\\Windows\\System32\\svchost.exe\r\nFileVersion: 10.0.19041.1566 (WinBuild.160101.0800)\r\nDescription: Host Process for Windows Services\r\nProduct: Microsoft Windows Operating System\r\nCompany: Microsoft Corporation\r\nOriginalFileName: svchost.exe\r\nCommandLine: C:\\Windows\\System32\\svchost.exe -k NetworkService -p\r\nCurrentDirectory: C:\\Windows\\system32\\\r\nUser: NT AUTHORITY\\NETWORK SERVICE\r\nLogonGuid: {d4e08d2a-ffd2-6322-e403-000000000000}\r\nLogonId: 0x3E4\r\nTerminalSessionId: 0\r\nIntegrityLevel: System\r\nHashes: SHA256=F3FEB95E7BCFB0766A694D93FCA29EDA7E2CA977C2395B4BE75242814EB6D881\r\nParentProcessGuid: {00000000-0000-0000-0000-000000000000}\r\nParentProcessId: 588\r\nParentImage: -\r\nParentCommandLine: -\r\nParentUser: -\""},"eventdata":{"utcTime":"2022-09-15 10:37:42.884","processGuid":"{d4e08d2a-0076-6323-9500-000000003100}","processId":"2452","image":"C:\\\\Windows\\\\System32\\\\svchost.exe","fileVersion":"10.0.19041.1566 (WinBuild.160101.0800)","description":"Host Process for Windows Services","product":"Microsoft Windows Operating System","company":"Microsoft Corporation","originalFileName":"svchost.exe","commandLine":"C:\\\\Windows\\\\System32\\\\svchost.exe -k NetworkService -p","currentDirectory":"C:\\\\Windows\\\\system32\\\\","user":"NT AUTHORITY\\\\NETWORK SERVICE","logonGuid":"{d4e08d2a-ffd2-6322-e403-000000000000}","logonId":"0x3e4","terminalSessionId":"0","integrityLevel":"System","hashes":"SHA256=F3FEB95E7BCFB0766A694D93FCA29EDA7E2CA977C2395B4BE75242814EB6D881","parentProcessGuid":"{00000000-0000-0000-0000-000000000000}","parentProcessId":"588"}}},"location":"EventChannel"}
{"timestamp":"2022-09-15T03:37:45.988-0700","rule":{"level":3,"description":"Windows logon success.","id":"60106","mitre":{"id":["T1078"],"tactic":["Defense Evasion","Persistence","Privilege Escalation","Initial Access"],"technique":["Valid Accounts"]},"firedtimes":20,"mail":false,"groups":["windows","windows_security","authentication_success"],"gdpr":["IV_32.2"],"gpg13":["7.1","7.2"],"hipaa":["164.312.b"],"nist_800_53":["AC.7","AU.14"],"pci_dss":["10.2.5"],"tsc":["CC6.8","CC7.2","CC7.3"]},"agent":{"id":"003","name":"DESKTOP-0H8GJPO","ip":"192.168.1.13"},"manager":{"name":"zachary-VirtualBox"},"id":"1663238265.375040","decoder":{"name":"windows_eventchannel"},"data":{"win":{"system":{"providerName":"Microsoft-Windows-Security-Auditing","providerGuid":"{54849625-5478-4994-a5ba-3e3b0328c30d}","eventID":"4624","version":"2","level":"0","task":"12544","opcode":"0","keywords":"0x8020000000000000","systemTime":"2022-09-15T10:37:43.1639371Z","eventRecordID":"26992","processID":"588","threadID":"2784","channel":"Security","computer":"DESKTOP-0H8GJPO","severityValue":"AUDIT_SUCCESS","message":"\"An account was successfully logged on.\r\n\r\nSubject:\r\n\tSecurity ID:\t\tS-1-5-18\r\n\tAccount Name:\t\tDESKTOP-0H8GJPO$\r\n\tAccount Domain:\t\tWORKGROUP\r\n\tLogon ID:\t\t0x3E7\r\n\r\nLogon Information:\r\n\tLogon Type:\t\t5\r\n\tRestricted Admin Mode:\t-\r\n\tVirtual Account:\t\tNo\r\n\tElevated Token:\t\tYes\r\n\r\nImpersonation Level:\t\tImpersonation\r\n\r\nNew Logon:\r\n\tSecurity ID:\t\tS-1-5-18\r\n\tAccount Name:\t\tSYSTEM\r\n\tAccount Domain:\t\tNT AUTHORITY\r\n\tLogon ID:\t\t0x3E7\r\n\tLinked Logon ID:\t\t0x0\r\n\tNetwork Account Name:\t-\r\n\tNetwork Account Domain:\t-\r\n\tLogon GUID:\t\t{00000000-0000-0000-0000-000000000000}\r\n\r\nProcess Information:\r\n\tProcess ID:\t\t0x244\r\n\tProcess Name:\t\tC:\\Windows\\System32\\services.exe\r\n\r\nNetwork Information:\r\n\tWorkstation Name:\t-\r\n\tSource Network Address:\t-\r\n\tSource Port:\t\t-\r\n\r\nDetailed Authentication Information:\r\n\tLogon Process:\t\tAdvapi  \r\n\tAuthentication Package:\tNegotiate\r\n\tTransited Services:\t-\r\n\tPackage Name (NTLM only):\t-\r\n\tKey Length:\t\t0\r\n\r\nThis event is generated when a logon session is created. It is generated on the computer that was accessed.\r\n\r\nThe subject fields indicate the account on the local system which requested the logon. This is most commonly a service such as the Server service, or a local process such as Winlogon.exe or Services.exe.\r\n\r\nThe logon type field indicates the kind of logon that occurred. The most common types are 2 (interactive) and 3 (network).\r\n\r\nThe New Logon fields indicate the account for whom the new logon was created, i.e. the account that was logged on.\r\n\r\nThe network fields indicate where a remote logon request originated. Workstation name is not always available and may be left blank in some cases.\r\n\r\nThe impersonation level field indicates the extent to which a process in the logon session can impersonate.\r\n\r\nThe authentication information fields provide detailed information about this specific logon request.\r\n\t- Logon GUID is a unique identifier that can be used to correlate this event with a KDC event.\r\n\t- Transited services indicate which intermediate services have participated in this logon request.\r\n\t- Package name indicates which sub-protocol was used among the NTLM protocols.\r\n\t- Key length indicates the length of the generated session key. This will be 0 if no session key was requested.\""},"eventdata":{"subjectUserSid":"S-1-5-18","subjectUserName":"DESKTOP-0H8GJPO$","subjectDomainName":"WORKGROUP","subjectLogonId":"0x3e7","targetUserSid":"S-1-5-18","targetUserName":"SYSTEM","targetDomainName":"NT AUTHORITY","targetLogonId":"0x3e7","logonType":"5","logonProcessName":"Advapi","authenticationPackageName":"Negotiate","logonGuid":"{00000000-0000-0000-0000-000000000000}","keyLength":"0","processId":"0x244","processName":"C:\\\\Windows\\\\System32\\\\services.exe","impersonationLevel":"%%1833","virtualAccount":"%%1843","targetLinkedLogonId":"0x0","elevatedToken":"%%1842"}}},"location":"EventChannel"}
{"timestamp":"2022-09-15T03:37:57.533-0700","rule":{"level":3,"description":"Windows logon success.","id":"60106","mitre":{"id":["T1078"],"tactic":["Defense Evasion","Persistence","Privilege Escalation","Initial Access"],"technique":["Valid Accounts"]},"firedtimes":21,"mail":false,"groups":["windows","windows_security","authentication_success"],"gdpr":["IV_32.2"],"gpg13":["7.1","7.2"],"hipaa":["164.312.b"],"nist_800_53":["AC.7","AU.14"],"pci_dss":["10.2.5"],"tsc":["CC6.8","CC7.2","CC7.3"]},"agent":{"id":"002","name":"DESKTOP-D403BQC","ip":"192.168.1.112"},"manager":{"name":"zachary-VirtualBox"},"id":"1663238277.382363","decoder":{"name":"windows_eventchannel"},"data":{"win":{"system":{"providerName":"Microsoft-Windows-Security-Auditing","providerGuid":"{54849625-5478-4994-a5ba-3e3b0328c30d}","eventID":"4624","version":"2","level":"0","task":"12544","opcode":"0","keywords":"0x8020000000000000","systemTime":"2022-09-15T10:37:54.6622070Z","eventRecordID":"39817","processID":"592","threadID":"656","channel":"Security","computer":"DESKTOP-D403BQC","severityValue":"AUDIT_SUCCESS","message":"\"An account was successfully logged on.\r\n\r\nSubject:\r\n\tSecurity ID:\t\tS-1-5-18\r\n\tAccount Name:\t\tDESKTOP-D403BQC$\r\n\tAccount Domain:\t\tWORKGROUP\r\n\tLogon ID:\t\t0x3E7\r\n\r\nLogon Information:\r\n\tLogon Type:\t\t5\r\n\tRestricted Admin Mode:\t-\r\n\tVirtual Account:\t\tNo\r\n\tElevated Token:\t\tYes\r\n\r\nImpersonation Level:\t\tImpersonation\r\n\r\nNew Logon:\r\n\tSecurity ID:\t\tS-1-5-18\r\n\tAccount Name:\t\tSYSTEM\r\n\tAccount Domain:\t\tNT AUTHORITY\r\n\tLogon ID:\t\t0x3E7\r\n\tLinked Logon ID:\t\t0x0\r\n\tNetwork Account Name:\t-\r\n\tNetwork Account Domain:\t-\r\n\tLogon GUID:\t\t{00000000-0000-0000-0000-000000000000}\r\n\r\nProcess Information:\r\n\tProcess ID:\t\t0x248\r\n\tProcess Name:\t\tC:\\Windows\\System32\\services.exe\r\n\r\nNetwork Information:\r\n\tWorkstation Name:\t-\r\n\tSource Network Address:\t-\r\n\tSource Port:\t\t-\r\n\r\nDetailed Authentication Information:\r\n\tLogon Process:\t\tAdvapi  \r\n\tAuthentication Package:\tNegotiate\r\n\tTransited Services:\t-\r\n\tPackage Name (NTLM only):\t-\r\n\tKey Length:\t\t0\r\n\r\nThis event is generated when a logon session is created. It is generated on the computer that was accessed.\r\n\r\nThe subject fields indicate the account on the local system which requested the logon. This is most commonly a service such as the Server service, or a local process such as Winlogon.exe or Services.exe.\r\n\r\nThe logon type field indicates the kind of logon that occurred. The most common types are 2 (interactive) and 3 (network).\r\n\r\nThe New Logon fields indicate the account for whom the new logon was created, i.e. the account that was logged on.\r\n\r\nThe network fields indicate where a remote logon request originated. Workstation name is not always available and may be left blank in some cases.\r\n\r\nThe impersonation level field indicates the extent to which a process in the logon session can impersonate.\r\n\r\nThe authentication information fields provide detailed information about this specific logon request.\r\n\t- Logon GUID is a unique identifier that can be used to correlate this event with a KDC event.\r\n\t- Transited services indicate which intermediate services have participated in this logon request.\r\n\t- Package name indicates which sub-protocol was used among the NTLM protocols.\r\n\t- Key length indicates the length of the generated session key. This will be 0 if no session key was requested.\""},"eventdata":{"subjectUserSid":"S-1-5-18","subjectUserName":"DESKTOP-D403BQC$","subjectDomainName":"WORKGROUP","subjectLogonId":"0x3e7","targetUserSid":"S-1-5-18","targetUserName":"SYSTEM","targetDomainName":"NT AUTHORITY","targetLogonId":"0x3e7","logonType":"5","logonProcessName":"Advapi","authenticationPackageName":"Negotiate","logonGuid":"{00000000-0000-0000-0000-000000000000}","keyLength":"0","processId":"0x248","processName":"C:\\\\Windows\\\\System32\\\\services.exe","impersonationLevel":"%%1833","virtualAccount":"%%1843","targetLinkedLogonId":"0x0","elevatedToken":"%%1842"}}},"location":"EventChannel"}
{"timestamp":"2022-09-15T03:38:01.680-0700","rule":{"level":3,"description":"The database engine is starting a new instance.","id":"60805","firedtimes":3,"mail":false,"groups":["windows","windows_application"]},"agent":{"id":"002","name":"DESKTOP-D403BQC","ip":"192.168.1.112"},"manager":{"name":"zachary-VirtualBox"},"id":"1663238281.389684","decoder":{"name":"windows_eventchannel"},"data":{"win":{"system":{"providerName":"ESENT","eventID":"102","version":"0","level":"4","task":"1","opcode":"0","keywords":"0x80000000000000","systemTime":"2022-09-15T10:37:59.7463820Z","eventRecordID":"2955","processID":"0","threadID":"0","channel":"Application","computer":"DESKTOP-D403BQC","severityValue":"INFORMATION","message":"\"SearchIndexer (3080,P,98) Windows: The database engine (10.00.19044.0000) is starting a new instance (0).\""},"eventdata":{"data":"SearchIndexer, 3080,P,98, Windows:, 0, 10, 00, 19044, 0000"}}},"location":"EventChannel"}
{"timestamp":"2022-09-15T03:38:01.825-0700","rule":{"level":3,"description":"The database engine is initiating recovery steps.","id":"60807","firedtimes":3,"mail":false,"groups":["windows","windows_application"]},"agent":{"id":"002","name":"DESKTOP-D403BQC","ip":"192.168.1.112"},"manager":{"name":"zachary-VirtualBox"},"id":"1663238281.391020","decoder":{"name":"windows_eventchannel"},"data":{"win":{"system":{"providerName":"ESENT","eventID":"300","version":"0","level":"4","task":"3","opcode":"0","keywords":"0x80000000000000","systemTime":"2022-09-15T10:38:00.5734008Z","eventRecordID":"2956","processID":"0","threadID":"0","channel":"Application","computer":"DESKTOP-D403BQC","severityValue":"INFORMATION","message":"\"SearchIndexer (3080,R,98) Windows: The database engine is initiating recovery steps.\""},"eventdata":{"data":"SearchIndexer, 3080,R,98, Windows:"}}},"location":"EventChannel"}
{"timestamp":"2022-09-15T03:38:03.055-0700","rule":{"level":12,"description":"Sysmon - Suspicious Process - dllhost.exe","id":"61638","mitre":{"id":["T1055"],"tactic":["Defense Evasion","Privilege Escalation"],"technique":["Process Injection"]},"firedtimes":4,"mail":true,"groups":["windows","sysmon","sysmon_process-anomalies"],"pci_dss":["10.6.1","11.4"],"gdpr":["IV_35.7.d"],"hipaa":["164.312.b"],"nist_800_53":["AU.6","SI.4"],"tsc":["CC7.2","CC7.3","CC6.1","CC6.8"]},"agent":{"id":"004","name":"DESKTOP-CKP652S","ip":"192.168.1.27"},"manager":{"name":"zachary-VirtualBox"},"id":"1663238283.392268","full_log":"{\"win\":{\"system\":{\"providerName\":\"Microsoft-Windows-Sysmon\",\"providerGuid\":\"{5770385f-c22a-43e0-bf4c-06f5698ffbd9}\",\"eventID\":\"1\",\"version\":\"5\",\"level\":\"4\",\"task\":\"1\",\"opcode\":\"0\",\"keywords\":\"0x8000000000000000\",\"systemTime\":\"2022-09-15T10:38:00.6327807Z\",\"eventRecordID\":\"16390\",\"processID\":\"2408\",\"threadID\":\"3104\",\"channel\":\"Microsoft-Windows-Sysmon/Operational\",\"computer\":\"DESKTOP-CKP652S\",\"severityValue\":\"INFORMATION\",\"message\":\"\\\"Process Create:\\r\\nRuleName: -\\r\\nUtcTime: 2022-09-15 10:38:00.167\\r\\nProcessGuid: {d4e08d2a-0088-6323-9800-000000003100}\\r\\nProcessId: 4908\\r\\nImage: C:\\\\Windows\\\\System32\\\\dllhost.exe\\r\\nFileVersion: 10.0.19041.546 (WinBuild.160101.0800)\\r\\nDescription: COM Surrogate\\r\\nProduct: Microsoft Windows Operating System\\r\\nCompany: Microsoft Corporation\\r\\nOriginalFileName: dllhost.exe\\r\\nCommandLine: C:\\\\Windows\\\\system32\\\\DllHost.exe /Processid:{AB8902B4-09CA-4BB6-B78D-A8F59079A8D5}\\r\\nCurrentDirectory: C:\\\\Windows\\\\system32\\\\\\r\\nUser: DESKTOP-CKP652S\\\\mrpol\\r\\nLogonGuid: {d4e08d2a-fff3-6322-284e-040000000000}\\r\\nLogonId: 0x44E28\\r\\nTerminalSessionId: 1\\r\\nIntegrityLevel: Medium\\r\\nHashes: SHA256=E7FC40B41AA8B83841A0B96D169EAF0800AA784733E636935374D56536253F10\\r\\nParentProcessGuid: {00000000-0000-0000-0000-000000000000}\\r\\nParentProcessId: 760\\r\\nParentImage: -\\r\\nParentCommandLine: -\\r\\nParentUser: -\\\"\"},\"eventdata\":{\"utcTime\":\"2022-09-15 10:38:00.167\",\"processGuid\":\"{d4e08d2a-0088-6323-9800-000000003100}\",\"processId\":\"4908\",\"image\":\"C:\\\\\\\\Windows\\\\\\\\System32\\\\\\\\dllhost.exe\",\"fileVersion\":\"10.0.19041.546 (WinBuild.160101.0800)\",\"description\":\"COM Surrogate\",\"product\":\"Microsoft Windows Operating System\",\"company\":\"Microsoft Corporation\",\"originalFileName\":\"dllhost.exe\",\"commandLine\":\"C:\\\\\\\\Windows\\\\\\\\system32\\\\\\\\DllHost.exe /Processid:{AB8902B4-09CA-4BB6-B78D-A8F59079A8D5}\",\"currentDirectory\":\"C:\\\\\\\\Windows\\\\\\\\system32\\\\\\\\\",\"user\":\"DESKTOP-CKP652S\\\\\\\\mrpol\",\"logonGuid\":\"{d4e08d2a-fff3-6322-284e-040000000000}\",\"logonId\":\"0x44e28\",\"terminalSessionId\":\"1\",\"integrityLevel\":\"Medium\",\"hashes\":\"SHA256=E7FC40B41AA8B83841A0B96D169EAF0800AA784733E636935374D56536253F10\",\"parentProcessGuid\":\"{00000000-0000-0000-0000-000000000000}\",\"parentProcessId\":\"760\"}}}","decoder":{"name":"windows_eventchannel"},"data":{"win":{"system":{"providerName":"Microsoft-Windows-Sysmon","providerGuid":"{5770385f-c22a-43e0-bf4c-06f5698ffbd9}","eventID":"1","version":"5","level":"4","task":"1","opcode":"0","keywords":"0x8000000000000000","systemTime":"2022-09-15T10:38:00.6327807Z","eventRecordID":"16390","processID":"2408","threadID":"3104","channel":"Microsoft-Windows-Sysmon/Operational","computer":"DESKTOP-CKP652S","severityValue":"INFORMATION","message":"\"Process Create:\r\nRuleName: -\r\nUtcTime: 2022-09-15 10:38:00.167\r\nProcessGuid: {d4e08d2a-0088-6323-9800-000000003100}\r\nProcessId: 4908\r\nImage: C:\\Windows\\System32\\dllhost.exe\r\nFileVersion: 10.0.19041.546 (WinBuild.160101.0800)\r\nDescription: COM Surrogate\r\nProduct: Microsoft Windows Operating System\r\nCompany: Microsoft Corporation\r\nOriginalFileName: dllhost.exe\r\nCommandLine: C:\\Windows\\system32\\DllHost.exe /Processid:{AB8902B4-09CA-4BB6-B78D-A8F59079A8D5}\r\nCurrentDirectory: C:\\Windows\\system32\\\r\nUser: DESKTOP-CKP652S\\mrpol\r\nLogonGuid: {d4e08d2a-fff3-6322-284e-040000000000}\r\nLogonId: 0x44E28\r\nTerminalSessionId: 1\r\nIntegrityLevel: Medium\r\nHashes: SHA256=E7FC40B41AA8B83841A0B96D169EAF0800AA784733E636935374D56536253F10\r\nParentProcessGuid: {00000000-0000-0000-0000-000000000000}\r\nParentProcessId: 760\r\nParentImage: -\r\nParentCommandLine: -\r\nParentUser: -\""},"eventdata":{"utcTime":"2022-09-15 10:38:00.167","processGuid":"{d4e08d2a-0088-6323-9800-000000003100}","processId":"4908","image":"C:\\\\Windows\\\\System32\\\\dllhost.exe","fileVersion":"10.0.19041.546 (WinBuild.160101.0800)","description":"COM Surrogate","product":"Microsoft Windows Operating System","company":"Microsoft Corporation","originalFileName":"dllhost.exe","commandLine":"C:\\\\Windows\\\\system32\\\\DllHost.exe /Processid:{AB8902B4-09CA-4BB6-B78D-A8F59079A8D5}","currentDirectory":"C:\\\\Windows\\\\system32\\\\","user":"DESKTOP-CKP652S\\\\mrpol","logonGuid":"{d4e08d2a-fff3-6322-284e-040000000000}","logonId":"0x44e28","terminalSessionId":"1","integrityLevel":"Medium","hashes":"SHA256=E7FC40B41AA8B83841A0B96D169EAF0800AA784733E636935374D56536253F10","parentProcessGuid":"{00000000-0000-0000-0000-000000000000}","parentProcessId":"760"}}},"location":"EventChannel"}
{"timestamp":"2022-09-15T03:38:03.135-0700","rule":{"level":3,"description":"The database engine is replaying log file C:\\Winnt\\system32\\wins\\j50.log.","id":"60808","firedtimes":4,"mail":false,"groups":["windows","windows_application"]},"agent":{"id":"002","name":"DESKTOP-D403BQC","ip":"192.168.1.112"},"manager":{"name":"zachary-VirtualBox"},"id":"1663238283.397270","decoder":{"name":"windows_eventchannel"},"data":{"win":{"system":{"providerName":"ESENT","eventID":"301","version":"0","level":"4","task":"3","opcode":"0","keywords":"0x80000000000000","systemTime":"2022-09-15T10:38:01.8546867Z","eventRecordID":"2957","processID":"0","threadID":"0","channel":"Application","computer":"DESKTOP-D403BQC","severityValue":"INFORMATION","message":"\"SearchIndexer (3080,R,98) Windows: The database engine has finished replaying logfile C:\\ProgramData\\Microsoft\\Search\\Data\\Applications\\Windows\\edb000DD.jtx. \r\n \r\nProcessing Stats: \n[1] 0.910779 -0.002756 (59) CM -0.853136 (7) WT +J(CM:59, PgRf:3297, Rd:57/57, Dy:0/0, Lg:1027652/12800) +M(C:0K, Fs:717, WS:2828K # 2828K, PF:2260K # 2256K, P:2260K). \r\nLog record of type 'Insert   ' was seen most frequently (3157 times)\""},"eventdata":{"data":"SearchIndexer, 3080,R,98, Windows:, C:\\\\ProgramData\\\\Microsoft\\\\Search\\\\Data\\\\Applications\\\\Windows\\\\edb000DD.jtx,  [1] 0.910779 -0.002756 (59) CM -0.853136 (7) WT +J(CM:59, PgRf:3297, Rd:57/57, Dy:0/0, Lg:1027652/12800) +M(C:0K, Fs:717, WS:2828K # 2828K, PF:2260K # 2256K, P:2260K)., Insert, 3157"}}},"location":"EventChannel"}
{"timestamp":"2022-09-15T03:38:04.771-0700","rule":{"level":3,"description":"The database engine is replaying log file C:\\Winnt\\system32\\wins\\j50.log.","id":"60808","firedtimes":5,"mail":false,"groups":["windows","windows_application"]},"agent":{"id":"002","name":"DESKTOP-D403BQC","ip":"192.168.1.112"},"manager":{"name":"zachary-VirtualBox"},"id":"1663238284.399768","decoder":{"name":"windows_eventchannel"},"data":{"win":{"system":{"providerName":"ESENT","eventID":"301","version":"0","level":"4","task":"3","opcode":"0","keywords":"0x80000000000000","systemTime":"2022-09-15T10:38:03.2450957Z","eventRecordID":"2958","processID":"0","threadID":"0","channel":"Application","computer":"DESKTOP-D403BQC","severityValue":"INFORMATION","message":"\"SearchIndexer (3080,R,98) Windows: The database engine has finished replaying logfile C:\\ProgramData\\Microsoft\\Search\\Data\\Applications\\Windows\\edb000DE.jtx. \r\n \r\nProcessing Stats: \n[1] 1.225985 -0.135022 (116) CM -0.828376 (24) WT +J(CM:116, PgRf:8150, Rd:59/108, Dy:100/12694, Lg:1028420/32463) +M(C:0K, Fs:1117, WS:4428K # 4428K, PF:1960K # 1960K, P:1960K). \r\nLog record of type 'Commit   ' was seen most frequently (8102 times)\""},"eventdata":{"data":"SearchIndexer, 3080,R,98, Windows:, C:\\\\ProgramData\\\\Microsoft\\\\Search\\\\Data\\\\Applications\\\\Windows\\\\edb000DE.jtx,  [1] 1.225985 -0.135022 (116) CM -0.828376 (24) WT +J(CM:116, PgRf:8150, Rd:59/108, Dy:100/12694, Lg:1028420/32463) +M(C:0K, Fs:1117, WS:4428K # 4428K, PF:1960K # 1960K, P:1960K)., Commit, 8102"}}},"location":"EventChannel"}
{"timestamp":"2022-09-15T03:38:05.301-0700","rule":{"level":3,"description":"The database engine is replaying log file C:\\Winnt\\system32\\wins\\j50.log.","id":"60808","firedtimes":6,"mail":false,"groups":["windows","windows_application"]},"agent":{"id":"002","name":"DESKTOP-D403BQC","ip":"192.168.1.112"},"manager":{"name":"zachary-VirtualBox"},"id":"1663238285.402310","decoder":{"name":"windows_eventchannel"},"data":{"win":{"system":{"providerName":"ESENT","eventID":"301","version":"0","level":"4","task":"3","opcode":"0","keywords":"0x80000000000000","systemTime":"2022-09-15T10:38:03.9012882Z","eventRecordID":"2959","processID":"0","threadID":"0","channel":"Application","computer":"DESKTOP-D403BQC","severityValue":"INFORMATION","message":"\"SearchIndexer (3080,R,98) Windows: The database engine has finished replaying logfile C:\\ProgramData\\Microsoft\\Search\\Data\\Applications\\Windows\\edb.jtx. \r\n \r\nProcessing Stats: \n[1] 0.635251 -0.000845 (17) CM -0.602377 (6) WT +J(CM:17, PgRf:1655, Rd:0/13, Dy:14/3296, Lg:162013/6621) +M(C:0K, Fs:200, WS:768K # 732K, PF:8K # 32K, P:8K). \r\nLog record of type 'Commit   ' was seen most frequently (1667 times)\""},"eventdata":{"data":"SearchIndexer, 3080,R,98, Windows:, C:\\\\ProgramData\\\\Microsoft\\\\Search\\\\Data\\\\Applications\\\\Windows\\\\edb.jtx,  [1] 0.635251 -0.000845 (17) CM -0.602377 (6) WT +J(CM:17, PgRf:1655, Rd:0/13, Dy:14/3296, Lg:162013/6621) +M(C:0K, Fs:200, WS:768K # 732K, PF:8K # 32K, P:8K)., Commit, 1667"}}},"location":"EventChannel"}
{"timestamp":"2022-09-15T03:38:07.992-0700","rule":{"level":3,"description":"The database engine has completed recovery steps.","id":"60809","firedtimes":3,"mail":false,"groups":["windows","windows_application"]},"agent":{"id":"002","name":"DESKTOP-D403BQC","ip":"192.168.1.112"},"manager":{"name":"zachary-VirtualBox"},"id":"1663238287.404752","decoder":{"name":"windows_eventchannel"},"data":{"win":{"system":{"providerName":"ESENT","eventID":"302","version":"0","level":"4","task":"3","opcode":"0","keywords":"0x80000000000000","systemTime":"2022-09-15T10:38:05.2453066Z","eventRecordID":"2960","processID":"0","threadID":"0","channel":"Application","computer":"DESKTOP-D403BQC","severityValue":"INFORMATION","message":"\"SearchIndexer (3080,U,98) Windows: The database engine has successfully completed recovery steps.\""},"eventdata":{"data":"SearchIndexer, 3080,U,98, Windows:"}}},"location":"EventChannel"}
{"timestamp":"2022-09-15T03:38:08.874-0700","rule":{"level":3,"description":"The database engine attached a database.","id":"60798","firedtimes":3,"mail":false,"groups":["windows","windows_application"]},"agent":{"id":"002","name":"DESKTOP-D403BQC","ip":"192.168.1.112"},"manager":{"name":"zachary-VirtualBox"},"id":"1663238288.406026","decoder":{"name":"windows_eventchannel"},"data":{"win":{"system":{"providerName":"ESENT","eventID":"326","version":"0","level":"4","task":"1","opcode":"0","keywords":"0x80000000000000","systemTime":"2022-09-15T10:38:07.6985074Z","eventRecordID":"2962","processID":"0","threadID":"0","channel":"Application","computer":"DESKTOP-D403BQC","severityValue":"INFORMATION","message":"\"SearchIndexer (3080,D,50) Windows: The database engine attached a database (1, C:\\ProgramData\\Microsoft\\Search\\Data\\Applications\\Windows\\Windows.edb). (Time=0 seconds) \r\n \r\nSaved Cache: 0 0 \r\nAdditional Data: lgposAttach = 000000DF:002B:0268,\ndbv = 1568.110.240 \r\n \r\nInternal Timing Sequence: \n[1] 0.000008 +J(0)\n[2] 0.000809 -0.000001 (1) WT +J(0) +M(C:0K, Fs:24, WS:32K # 0K, PF:32K # 0K, P:32K)\n[3] 0.117871 -0.110480 (6) WT +J(CM:0, PgRf:0, Rd:0/0, Dy:0/0, Lg:3480/2) +M(C:0K, Fs:16, WS:32K # 0K, PF:20K # 0K, P:20K)\n[4] 0.000337 +J(0)\n[5] -\n[6] -\n[7] -\n[8] 0.004752 -0.002404 (2) CM +J(CM:2, PgRf:2, Rd:14/2, Dy:0/0, Lg:54/1) +M(C:0K, Fs:20, WS:76K # 0K, PF:536K # 0K, P:536K)\n[9] 0.337178 -0.000860 (5) CM -0.335643 (3) WT +J(CM:5, PgRf:23, Rd:0/5, Dy:0/0, Lg:0/0) +M(C:0K, Fs:55, WS:220K # 0K, PF:224K # 0K, P:224K)\n[10] 0.001827 -0.001578 (1) CM +J(CM:1, PgRf:40, Rd:0/1, Dy:0/0, Lg:0/0) +M(C:0K, Fs:9, WS:36K # 0K, PF:32K # 0K, P:32K)\n[11] 0.000096 +J(CM:0, PgRf:1, Rd:0/0, Dy:0/0, Lg:0/0) +M(C:0K, Fs:2, WS:8K # 0K, PF:0K # 0K, P:0K)\n[12] 0.000070 +J(CM:0, PgRf:42, Rd:0/0, Dy:0/0, Lg:0/0) +M(C:0K, Fs:3, WS:12K # 0K, PF:0K # 0K, P:0K)\n[13] 0.000001 +J(0)\n[14] 0.0 +J(0)\n[15] 0.000006 +J(CM:0, PgRf:1, Rd:0/0, Dy:0/0, Lg:0/0).\""},"eventdata":{"data":"SearchIndexer, 3080,D,50, Windows:, 1, C:\\\\ProgramData\\\\Microsoft\\\\Search\\\\Data\\\\Applications\\\\Windows\\\\Windows.edb, 0,  [1] 0.000008 +J(0) [2] 0.000809 -0.000001 (1) WT +J(0) +M(C:0K, Fs:24, WS:32K # 0K, PF:32K # 0K, P:32K) [3] 0.117871 -0.110480 (6) WT +J(CM:0, PgRf:0, Rd:0/0, Dy:0/0, Lg:3480/2) +M(C:0K, Fs:16, WS:32K # 0K, PF:20K # 0K, P:20K) [4] 0.000337 +J(0) [5] - [6] - [7] - [8] 0.004752 -0.002404 (2) CM +J(CM:2, PgRf:2, Rd:14/2, Dy:0/0, Lg:54/1) +M(C:0K, Fs:20, WS:76K # 0K, PF:536K # 0K, P:536K) [9] 0.337178 -0.000860 (5) CM -0.335643 (3) WT +J(CM:5, PgRf:23, Rd:0/5, Dy:0/0, Lg:0/0) +M(C:0K, Fs:55, WS:220K # 0K, PF:224K # 0K, P:224K) [10] 0.001827 -0.001578 (1) CM +J(CM:1, PgRf:40, Rd:0/1, Dy:0/0, Lg:0/0) +M(C:0K, Fs:9, WS:36K # 0K, PF:32K # 0K, P:32K) [11] 0.000096 +J(CM:0, PgRf:1, Rd:0/0, Dy:0/0, Lg:0/0) +M(C:0K, Fs:2, WS:8K # 0K, PF:0K # 0K, P:0K) [12] 0.000070 +J(CM:0, PgRf:42, Rd:0/0, Dy:0/0, Lg:0/0) +M(C:0K, Fs:3, WS:12K # 0K, PF:0K # 0K, P:0K) [13] 0.000001 +J(0) [14] 0.0 +J(0) [15] 0.000006 +J(CM:0, PgRf:1, Rd:0/0, Dy:0/0, Lg:0/0)., 0 0, lgposAttach = 000000DF:002B:0268, dbv = 1568.110.240"}}},"location":"EventChannel"}
{"timestamp":"2022-09-15T03:38:10.574-0700","rule":{"level":3,"description":"The Windows search service started.","id":"60668","firedtimes":3,"mail":false,"groups":["windows","windows_application"]},"agent":{"id":"002","name":"DESKTOP-D403BQC","ip":"192.168.1.112"},"manager":{"name":"zachary-VirtualBox"},"id":"1663238290.411792","decoder":{"name":"windows_eventchannel"},"data":{"win":{"system":{"providerName":"Microsoft-Windows-Search","providerGuid":"{CA4E628D-8567-4896-AB6B-835B221F373F}","eventSourceName":"Windows Search Service","eventID":"1003","version":"0","level":"4","task":"1","opcode":"0","keywords":"0x80000000000000","systemTime":"2022-09-15T10:38:09.2453427Z","eventRecordID":"2963","processID":"0","threadID":"0","channel":"Application","computer":"DESKTOP-D403BQC","severityValue":"INFORMATION","message":"\"The Windows Search Service started.\n\""},"eventdata":{"extraInfo":" "}}},"location":"EventChannel"}
{"timestamp":"2022-09-15T03:38:12.817-0700","rule":{"level":12,"description":"Sysmon - Suspicious Process - svchost.exe","id":"61618","mitre":{"id":["T1055"],"tactic":["Defense Evasion","Privilege Escalation"],"technique":["Process Injection"]},"firedtimes":7,"mail":true,"groups":["windows","sysmon","sysmon_process-anomalies"],"pci_dss":["10.6.1","11.4"],"gdpr":["IV_35.7.d"],"hipaa":["164.312.b"],"nist_800_53":["AU.6","SI.4"],"tsc":["CC7.2","CC7.3","CC6.1","CC6.8"]},"agent":{"id":"003","name":"DESKTOP-0H8GJPO","ip":"192.168.1.13"},"manager":{"name":"zachary-VirtualBox"},"id":"1663238292.413129","full_log":"{\"win\":{\"system\":{\"providerName\":\"Microsoft-Windows-Sysmon\",\"providerGuid\":\"{5770385f-c22a-43e0-bf4c-06f5698ffbd9}\",\"eventID\":\"1\",\"version\":\"5\",\"level\":\"4\",\"task\":\"1\",\"opcode\":\"0\",\"keywords\":\"0x8000000000000000\",\"systemTime\":\"2022-09-15T10:38:09.9406171Z\",\"eventRecordID\":\"10719\",\"processID\":\"2256\",\"threadID\":\"2280\",\"channel\":\"Microsoft-Windows-Sysmon/Operational\",\"computer\":\"DESKTOP-0H8GJPO\",\"severityValue\":\"INFORMATION\",\"message\":\"\\\"Process Create:\\r\\nRuleName: -\\r\\nUtcTime: 2022-09-15 10:38:09.892\\r\\nProcessGuid: {1d48d585-0091-6323-6c00-000000002200}\\r\\nProcessId: 4616\\r\\nImage: C:\\\\Windows\\\\System32\\\\svchost.exe\\r\\nFileVersion: 10.0.19041.1566 (WinBuild.160101.0800)\\r\\nDescription: Host Process for Windows Services\\r\\nProduct: Microsoft Windows Operating System\\r\\nCompany: Microsoft Corporation\\r\\nOriginalFileName: svchost.exe\\r\\nCommandLine: C:\\\\Windows\\\\System32\\\\svchost.exe -k NetworkService -p\\r\\nCurrentDirectory: C:\\\\Windows\\\\system32\\\\\\r\\nUser: NT AUTHORITY\\\\NETWORK SERVICE\\r\\nLogonGuid: {1d48d585-001d-6323-e403-000000000000}\\r\\nLogonId: 0x3E4\\r\\nTerminalSessionId: 0\\r\\nIntegrityLevel: System\\r\\nHashes: SHA256=F3FEB95E7BCFB0766A694D93FCA29EDA7E2CA977C2395B4BE75242814EB6D881\\r\\nParentProcessGuid: {00000000-0000-0000-0000-000000000000}\\r\\nParentProcessId: 580\\r\\nParentImage: -\\r\\nParentCommandLine: -\\r\\nParentUser: -\\\"\"},\"eventdata\":{\"utcTime\":\"2022-09-15 10:38:09.892\",\"processGuid\":\"{1d48d585-0091-6323-6c00-000000002200}\",\"processId\":\"4616\",\"image\":\"C:\\\\\\\\Windows\\\\\\\\System32\\\\\\\\svchost.exe\",\"fileVersion\":\"10.0.19041.1566 (WinBuild.160101.0800)\",\"description\":\"Host Process for Windows Services\",\"product\":\"Microsoft Windows Operating System\",\"company\":\"Microsoft Corporation\",\"originalFileName\":\"svchost.exe\",\"commandLine\":\"C:\\\\\\\\Windows\\\\\\\\System32\\\\\\\\svchost.exe -k NetworkService -p\",\"currentDirectory\":\"C:\\\\\\\\Windows\\\\\\\\system32\\\\\\\\\",\"user\":\"NT AUTHORITY\\\\\\\\NETWORK SERVICE\",\"logonGuid\":\"{1d48d585-001d-6323-e403-000000000000}\",\"logonId\":\"0x3e4\",\"terminalSessionId\":\"0\",\"integrityLevel\":\"System\",\"hashes\":\"SHA256=F3FEB95E7BCFB0766A694D93FCA29EDA7E2CA977C2395B4BE75242814EB6D881\",\"parentProcessGuid\":\"{00000000-0000-0000-0000-000000000000}\",\"parentProcessId\":\"580\"}}}","decoder":{"name":"windows_eventchannel"},"data":{"win":{"system":{"providerName":"Microsoft-Windows-Sysmon","providerGuid":"{5770385f-c22a-43e0-bf4c-06f5698ffbd9}","eventID":"1","version":"5","level":"4","task":"1","opcode":"0","keywords":"0x8000000000000000","systemTime":"2022-09-15T10:38:09.9406171Z","eventRecordID":"10719","processID":"2256","threadID":"2280","channel":"Microsoft-Windows-Sysmon/Operational","computer":"DESKTOP-0H8GJPO","severityValue":"INFORMATION","message":"\"Process Create:\r\nRuleName: -\r\nUtcTime: 2022-09-15 10:38:09.892\r\nProcessGuid: {1d48d585-0091-6323-6c00-000000002200}\r\nProcessId: 4616\r\nImage: C:\\Windows\\System32\\svchost.exe\r\nFileVersion: 10.0.19041.1566 (WinBuild.160101.0800)\r\nDescription: Host Process for Windows Services\r\nProduct: Microsoft Windows Operating System\r\nCompany: Microsoft Corporation\r\nOriginalFileName: svchost.exe\r\nCommandLine: C:\\Windows\\System32\\svchost.exe -k NetworkService -p\r\nCurrentDirectory: C:\\Windows\\system32\\\r\nUser: NT AUTHORITY\\NETWORK SERVICE\r\nLogonGuid: {1d48d585-001d-6323-e403-000000000000}\r\nLogonId: 0x3E4\r\nTerminalSessionId: 0\r\nIntegrityLevel: System\r\nHashes: SHA256=F3FEB95E7BCFB0766A694D93FCA29EDA7E2CA977C2395B4BE75242814EB6D881\r\nParentProcessGuid: {00000000-0000-0000-0000-000000000000}\r\nParentProcessId: 580\r\nParentImage: -\r\nParentCommandLine: -\r\nParentUser: -\""},"eventdata":{"utcTime":"2022-09-15 10:38:09.892","processGuid":"{1d48d585-0091-6323-6c00-000000002200}","processId":"4616","image":"C:\\\\Windows\\\\System32\\\\svchost.exe","fileVersion":"10.0.19041.1566 (WinBuild.160101.0800)","description":"Host Process for Windows Services","product":"Microsoft Windows Operating System","company":"Microsoft Corporation","originalFileName":"svchost.exe","commandLine":"C:\\\\Windows\\\\System32\\\\svchost.exe -k NetworkService -p","currentDirectory":"C:\\\\Windows\\\\system32\\\\","user":"NT AUTHORITY\\\\NETWORK SERVICE","logonGuid":"{1d48d585-001d-6323-e403-000000000000}","logonId":"0x3e4","terminalSessionId":"0","integrityLevel":"System","hashes":"SHA256=F3FEB95E7BCFB0766A694D93FCA29EDA7E2CA977C2395B4BE75242814EB6D881","parentProcessGuid":"{00000000-0000-0000-0000-000000000000}","parentProcessId":"580"}}},"location":"EventChannel"}
{"timestamp":"2022-09-15T03:38:15.491-0700","rule":{"level":12,"description":"Sysmon - Suspicious Process - dllhost.exe","id":"61638","mitre":{"id":["T1055"],"tactic":["Defense Evasion","Privilege Escalation"],"technique":["Process Injection"]},"firedtimes":5,"mail":true,"groups":["windows","sysmon","sysmon_process-anomalies"],"pci_dss":["10.6.1","11.4"],"gdpr":["IV_35.7.d"],"hipaa":["164.312.b"],"nist_800_53":["AU.6","SI.4"],"tsc":["CC7.2","CC7.3","CC6.1","CC6.8"]},"agent":{"id":"003","name":"DESKTOP-0H8GJPO","ip":"192.168.1.13"},"manager":{"name":"zachary-VirtualBox"},"id":"1663238295.418119","full_log":"{\"win\":{\"system\":{\"providerName\":\"Microsoft-Windows-Sysmon\",\"providerGuid\":\"{5770385f-c22a-43e0-bf4c-06f5698ffbd9}\",\"eventID\":\"1\",\"version\":\"5\",\"level\":\"4\",\"task\":\"1\",\"opcode\":\"0\",\"keywords\":\"0x8000000000000000\",\"systemTime\":\"2022-09-15T10:38:12.6954174Z\",\"eventRecordID\":\"10721\",\"processID\":\"2256\",\"threadID\":\"2280\",\"channel\":\"Microsoft-Windows-Sysmon/Operational\",\"computer\":\"DESKTOP-0H8GJPO\",\"severityValue\":\"INFORMATION\",\"message\":\"\\\"Process Create:\\r\\nRuleName: -\\r\\nUtcTime: 2022-09-15 10:38:12.370\\r\\nProcessGuid: {1d48d585-0094-6323-6e00-000000002200}\\r\\nProcessId: 4692\\r\\nImage: C:\\\\Windows\\\\System32\\\\dllhost.exe\\r\\nFileVersion: 10.0.19041.546 (WinBuild.160101.0800)\\r\\nDescription: COM Surrogate\\r\\nProduct: Microsoft Windows Operating System\\r\\nCompany: Microsoft Corporation\\r\\nOriginalFileName: dllhost.exe\\r\\nCommandLine: C:\\\\Windows\\\\system32\\\\DllHost.exe /Processid:{338B40F9-9D68-4B53-A793-6B9AA0C5F63B}\\r\\nCurrentDirectory: C:\\\\Windows\\\\system32\\\\\\r\\nUser: DESKTOP-0H8GJPO\\\\mrpol\\r\\nLogonGuid: {1d48d585-003f-6323-9c20-040000000000}\\r\\nLogonId: 0x4209C\\r\\nTerminalSessionId: 1\\r\\nIntegrityLevel: Medium\\r\\nHashes: SHA256=E7FC40B41AA8B83841A0B96D169EAF0800AA784733E636935374D56536253F10\\r\\nParentProcessGuid: {00000000-0000-0000-0000-000000000000}\\r\\nParentProcessId: 748\\r\\nParentImage: -\\r\\nParentCommandLine: -\\r\\nParentUser: -\\\"\"},\"eventdata\":{\"utcTime\":\"2022-09-15 10:38:12.370\",\"processGuid\":\"{1d48d585-0094-6323-6e00-000000002200}\",\"processId\":\"4692\",\"image\":\"C:\\\\\\\\Windows\\\\\\\\System32\\\\\\\\dllhost.exe\",\"fileVersion\":\"10.0.19041.546 (WinBuild.160101.0800)\",\"description\":\"COM Surrogate\",\"product\":\"Microsoft Windows Operating System\",\"company\":\"Microsoft Corporation\",\"originalFileName\":\"dllhost.exe\",\"commandLine\":\"C:\\\\\\\\Windows\\\\\\\\system32\\\\\\\\DllHost.exe /Processid:{338B40F9-9D68-4B53-A793-6B9AA0C5F63B}\",\"currentDirectory\":\"C:\\\\\\\\Windows\\\\\\\\system32\\\\\\\\\",\"user\":\"DESKTOP-0H8GJPO\\\\\\\\mrpol\",\"logonGuid\":\"{1d48d585-003f-6323-9c20-040000000000}\",\"logonId\":\"0x4209c\",\"terminalSessionId\":\"1\",\"integrityLevel\":\"Medium\",\"hashes\":\"SHA256=E7FC40B41AA8B83841A0B96D169EAF0800AA784733E636935374D56536253F10\",\"parentProcessGuid\":\"{00000000-0000-0000-0000-000000000000}\",\"parentProcessId\":\"748\"}}}","decoder":{"name":"windows_eventchannel"},"data":{"win":{"system":{"providerName":"Microsoft-Windows-Sysmon","providerGuid":"{5770385f-c22a-43e0-bf4c-06f5698ffbd9}","eventID":"1","version":"5","level":"4","task":"1","opcode":"0","keywords":"0x8000000000000000","systemTime":"2022-09-15T10:38:12.6954174Z","eventRecordID":"10721","processID":"2256","threadID":"2280","channel":"Microsoft-Windows-Sysmon/Operational","computer":"DESKTOP-0H8GJPO","severityValue":"INFORMATION","message":"\"Process Create:\r\nRuleName: -\r\nUtcTime: 2022-09-15 10:38:12.370\r\nProcessGuid: {1d48d585-0094-6323-6e00-000000002200}\r\nProcessId: 4692\r\nImage: C:\\Windows\\System32\\dllhost.exe\r\nFileVersion: 10.0.19041.546 (WinBuild.160101.0800)\r\nDescription: COM Surrogate\r\nProduct: Microsoft Windows Operating System\r\nCompany: Microsoft Corporation\r\nOriginalFileName: dllhost.exe\r\nCommandLine: C:\\Windows\\system32\\DllHost.exe /Processid:{338B40F9-9D68-4B53-A793-6B9AA0C5F63B}\r\nCurrentDirectory: C:\\Windows\\system32\\\r\nUser: DESKTOP-0H8GJPO\\mrpol\r\nLogonGuid: {1d48d585-003f-6323-9c20-040000000000}\r\nLogonId: 0x4209C\r\nTerminalSessionId: 1\r\nIntegrityLevel: Medium\r\nHashes: SHA256=E7FC40B41AA8B83841A0B96D169EAF0800AA784733E636935374D56536253F10\r\nParentProcessGuid: {00000000-0000-0000-0000-000000000000}\r\nParentProcessId: 748\r\nParentImage: -\r\nParentCommandLine: -\r\nParentUser: -\""},"eventdata":{"utcTime":"2022-09-15 10:38:12.370","processGuid":"{1d48d585-0094-6323-6e00-000000002200}","processId":"4692","image":"C:\\\\Windows\\\\System32\\\\dllhost.exe","fileVersion":"10.0.19041.546 (WinBuild.160101.0800)","description":"COM Surrogate","product":"Microsoft Windows Operating System","company":"Microsoft Corporation","originalFileName":"dllhost.exe","commandLine":"C:\\\\Windows\\\\system32\\\\DllHost.exe /Processid:{338B40F9-9D68-4B53-A793-6B9AA0C5F63B}","currentDirectory":"C:\\\\Windows\\\\system32\\\\","user":"DESKTOP-0H8GJPO\\\\mrpol","logonGuid":"{1d48d585-003f-6323-9c20-040000000000}","logonId":"0x4209c","terminalSessionId":"1","integrityLevel":"Medium","hashes":"SHA256=E7FC40B41AA8B83841A0B96D169EAF0800AA784733E636935374D56536253F10","parentProcessGuid":"{00000000-0000-0000-0000-000000000000}","parentProcessId":"748"}}},"location":"EventChannel"}
